[2020-10-19 오전 9:24:40] Program Load
[2020-10-19 오전 9:24:40] Job List Display Completed!
[2020-10-19 오전 9:25:40] Job Load in C-Editor Completed!
[2020-10-19 오전 9:27:27] Job Load in C-Editor Completed!
[2020-10-19 오전 9:27:49] OK버튼찾기 시작
[2020-10-19 오전 9:29:49] OK버튼찾기 완료
[2020-10-19 오전 9:29:58] S:\SPI Job\huawei job\5.mdb_ Job Convert Success
[2020-10-19 오전 9:30:49] Job Load in C-Editor Completed!
[2020-10-19 오전 9:30:51] OK버튼찾기 시작
[2020-10-19 오전 9:32:52] OK버튼찾기 완료
[2020-10-19 오전 9:32:54] S:\SPI Job\SPI_bosch_Suzhou\3332A10012_R2.mdb_ Job Convert Success
[2020-10-19 오전 9:33:16] Job Load in C-Editor Completed!
[2020-10-19 오전 9:33:18] OK버튼찾기 시작
[2020-10-19 오전 9:35:19] OK버튼찾기 완료
[2020-10-19 오전 9:35:22] S:\SPI Job\SPI_bosch_Suzhou\3332A10048_R2.mdb_ Job Convert Success
[2020-10-19 오전 9:35:44] Job Load in C-Editor Completed!
[2020-10-19 오전 9:35:46] OK버튼찾기 시작
[2020-10-19 오전 9:37:47] OK버튼찾기 완료
[2020-10-19 오전 9:37:51] S:\SPI Job\SPI_bosch_Suzhou\3332A10121_R2.mdb_ Job Convert Success
[2020-10-19 오전 9:38:13] Job Load in C-Editor Completed!
[2020-10-19 오전 9:38:16] OK버튼찾기 시작
[2020-10-19 오전 9:40:16] OK버튼찾기 완료
[2020-10-19 오전 9:40:21] S:\SPI Job\SPI_bosch_Suzhou\3332AJ0030_R2.mdb_ Job Convert Success
[2020-10-19 오전 9:40:42] Job Load in C-Editor Completed!
[2020-10-19 오전 9:41:00] Job Load in C-Editor Completed!
[2020-10-19 오전 9:41:03] OK버튼찾기 시작
[2020-10-19 오전 9:43:03] OK버튼찾기 완료
[2020-10-19 오전 9:43:05] S:\SPI Job\SPI_bosch_Suzhou\3332AJ0035_R2.mdb_ Job Convert Success
[2020-10-19 오전 9:43:27] Job Load in C-Editor Completed!
[2020-10-19 오전 9:43:45] Job Load in C-Editor Completed!
[2020-10-19 오전 9:43:47] OK버튼찾기 시작
[2020-10-19 오전 9:45:48] OK버튼찾기 완료
[2020-10-19 오전 9:45:50] S:\SPI Job\SPI_bosch_Suzhou\3332AJ0040_R2.mdb_ Job Convert Success
[2020-10-19 오전 9:46:10] Job Load in C-Editor Completed!
[2020-10-19 오전 9:46:12] OK버튼찾기 시작
[2020-10-19 오전 9:48:12] OK버튼찾기 완료
[2020-10-19 오전 9:48:15] S:\SPI Job\SPI_bosch_Suzhou\3332AJ0041_R2.mdb_ Job Convert Success
[2020-10-19 오전 9:48:35] Job Load in C-Editor Completed!
[2020-10-19 오전 9:48:37] OK버튼찾기 시작
[2020-10-19 오전 9:50:38] OK버튼찾기 완료
[2020-10-19 오전 9:50:41] S:\SPI Job\SPI_bosch_Suzhou\3332AJ0042_R2.mdb_ Job Convert Success
[2020-10-19 오전 9:51:02] Job Load in C-Editor Completed!
[2020-10-19 오전 9:51:04] OK버튼찾기 시작
[2020-10-19 오전 9:53:04] OK버튼찾기 완료
[2020-10-19 오전 9:53:07] S:\SPI Job\SPI_bosch_Suzhou\3332AJ0043_R2.mdb_ Job Convert Success
[2020-10-19 오전 9:53:28] Job Load in C-Editor Completed!
[2020-10-19 오전 9:53:30] OK버튼찾기 시작
[2020-10-19 오전 9:55:31] OK버튼찾기 완료
[2020-10-19 오전 9:55:34] S:\SPI Job\SPI_bosch_Suzhou\3332AJ0044_R2.mdb_ Job Convert Success
[2020-10-19 오전 9:55:55] Job Load in C-Editor Completed!
[2020-10-19 오전 9:55:57] OK버튼찾기 시작
[2020-10-19 오전 9:57:58] OK버튼찾기 완료
[2020-10-19 오전 9:58:00] S:\SPI Job\SPI_bosch_Suzhou\3332AJ0049_R2.mdb_ Job Convert Success
[2020-10-19 오전 9:58:24] Job Load in C-Editor Completed!
[2020-10-19 오전 9:58:26] OK버튼찾기 시작
[2020-10-19 오전 10:00:27] OK버튼찾기 완료
[2020-10-19 오전 10:00:31] S:\SPI Job\SPI_bosch_Suzhou\3332AJ0052_R2.mdb_ Job Convert Success
[2020-10-19 오전 10:00:54] Job Load in C-Editor Completed!
[2020-10-19 오전 10:01:12] Job Load in C-Editor Completed!
[2020-10-19 오전 10:01:15] OK버튼찾기 시작
[2020-10-19 오전 10:03:15] OK버튼찾기 완료
[2020-10-19 오전 10:03:18] S:\SPI Job\SPI_bosch_Suzhou\3338311239_R2.mdb_ Job Convert Success
[2020-10-19 오전 10:03:37] Job Load in C-Editor Completed!
[2020-10-19 오전 10:03:40] OK버튼찾기 시작
[2020-10-19 오전 10:05:40] OK버튼찾기 완료
[2020-10-19 오전 10:05:43] S:\SPI Job\SPI_bosch_Suzhou\3338311284_R2.mdb_ Job Convert Success
[2020-10-19 오전 10:06:03] Job Load in C-Editor Completed!
[2020-10-19 오전 10:06:06] OK버튼찾기 시작
[2020-10-19 오전 10:08:06] OK버튼찾기 완료
[2020-10-19 오전 10:08:08] S:\SPI Job\SPI_bosch_Suzhou\3338311285_R2.mdb_ Job Convert Success
[2020-10-19 오전 10:08:31] Job Load in C-Editor Completed!
[2020-10-19 오전 10:08:33] OK버튼찾기 시작
[2020-10-19 오전 10:10:34] OK버튼찾기 완료
[2020-10-19 오전 10:10:37] S:\SPI Job\SPI_bosch_Suzhou\3338311291_R2.mdb_ Job Convert Success
[2020-10-19 오전 10:10:57] Job Load in C-Editor Completed!
[2020-10-19 오전 10:11:00] OK버튼찾기 시작
[2020-10-19 오전 10:13:00] OK버튼찾기 완료
[2020-10-19 오전 10:13:03] S:\SPI Job\SPI_bosch_Suzhou\3338311301_R2.mdb_ Job Convert Success
[2020-10-19 오전 10:13:22] Job Load in C-Editor Completed!
[2020-10-19 오전 10:13:25] OK버튼찾기 시작
[2020-10-19 오전 10:15:25] OK버튼찾기 완료
[2020-10-19 오전 10:15:28] S:\SPI Job\SPI_bosch_Suzhou\3338311323_R2.mdb_ Job Convert Success
[2020-10-19 오전 10:15:47] Job Load in C-Editor Completed!
[2020-10-19 오전 10:15:50] OK버튼찾기 시작
[2020-10-19 오전 10:17:50] OK버튼찾기 완료
[2020-10-19 오전 10:17:53] S:\SPI Job\SPI_bosch_Suzhou\3338311324_R2.mdb_ Job Convert Success
[2020-10-19 오전 10:18:13] Job Load in C-Editor Completed!
[2020-10-19 오전 10:18:16] OK버튼찾기 시작
[2020-10-19 오전 10:20:16] OK버튼찾기 완료
[2020-10-19 오전 10:20:19] S:\SPI Job\SPI_bosch_Suzhou\3338311326_R2.mdb_ Job Convert Success
[2020-10-19 오전 10:20:42] Job Load in C-Editor Completed!
[2020-10-19 오전 10:21:01] Job Load in C-Editor Completed!
[2020-10-19 오전 10:21:04] OK버튼찾기 시작
[2020-10-19 오전 10:23:04] OK버튼찾기 완료
[2020-10-19 오전 10:23:06] S:\SPI Job\SPI_bosch_Suzhou\3338312040_R2.mdb_ Job Convert Success
[2020-10-19 오전 10:23:28] Job Load in C-Editor Completed!
[2020-10-19 오전 10:23:31] OK버튼찾기 시작
[2020-10-19 오전 10:25:31] OK버튼찾기 완료
[2020-10-19 오전 10:25:34] S:\SPI Job\SPI_bosch_Suzhou\3338312112_R2.mdb_ Job Convert Success
[2020-10-19 오전 10:25:54] Job Load in C-Editor Completed!
[2020-10-19 오전 10:25:57] OK버튼찾기 시작
[2020-10-19 오전 10:27:57] OK버튼찾기 완료
[2020-10-19 오전 10:28:00] S:\SPI Job\SPI_bosch_Suzhou\3338312255_R2.mdb_ Job Convert Success
[2020-10-19 오전 10:28:19] Job Load in C-Editor Completed!
[2020-10-19 오전 10:28:22] OK버튼찾기 시작
[2020-10-19 오전 10:28:25] OK버튼찾기 완료
[2020-10-19 오전 10:28:28] S:\SPI Job\SPI_bosch_Suzhou\3338313034_R2.mdb_ Job Convert Success
[2020-10-19 오전 10:28:47] Job Load in C-Editor Completed!
[2020-10-19 오전 10:28:50] OK버튼찾기 시작
[2020-10-19 오전 10:30:50] OK버튼찾기 완료
[2020-10-19 오전 10:30:53] S:\SPI Job\SPI_bosch_Suzhou\3338313076_R2.mdb_ Job Convert Success
[2020-10-19 오전 10:31:13] Job Load in C-Editor Completed!
[2020-10-19 오전 10:31:16] OK버튼찾기 시작
[2020-10-19 오전 10:33:16] OK버튼찾기 완료
[2020-10-19 오전 10:33:19] S:\SPI Job\SPI_bosch_Suzhou\3338313192_R2.mdb_ Job Convert Success
[2020-10-19 오전 10:33:41] Job Load in C-Editor Completed!
[2020-10-19 오전 10:33:44] OK버튼찾기 시작
[2020-10-19 오전 10:35:44] OK버튼찾기 완료
[2020-10-19 오전 10:35:48] S:\SPI Job\SPI_bosch_Suzhou\3338313251_R2.mdb_ Job Convert Success
[2020-10-19 오전 10:36:10] Job Load in C-Editor Completed!
[2020-10-19 오전 10:36:12] OK버튼찾기 시작
[2020-10-19 오전 10:38:12] OK버튼찾기 완료
[2020-10-19 오전 10:38:14] S:\SPI Job\SPI_bosch_Suzhou\3338315080_R2.mdb_ Job Convert Success
[2020-10-19 오전 10:38:36] Job Load in C-Editor Completed!
[2020-10-19 오전 10:38:38] OK버튼찾기 시작
[2020-10-19 오전 10:40:38] OK버튼찾기 완료
[2020-10-19 오전 10:40:42] S:\SPI Job\SPI_bosch_Suzhou\3338316080_R2.mdb_ Job Convert Success
[2020-10-19 오전 10:41:04] Job Load in C-Editor Completed!
[2020-10-19 오전 10:41:29] Job Load in C-Editor Completed!
[2020-10-19 오전 10:41:54] Job Load in C-Editor Completed!
[2020-10-19 오전 10:43:08] Ranorex.RanorexException: WaitForAttributeEqual failed. The attribute 'Value' did not equal the specified value '29700' before the timeout of 1m. The last value found was '28800'. Associated repository item: 'JobLoading_Repository.EditComponentID.ProgressBar20WndClass'
   at Ranorex.Core.Repository.RepoItemInfo.WaitForAttributeInternal(Duration waitTimeout, String name, Object value, WaitForAction action)
   at Ranorex.Core.Repository.RepoItemInfo.WaitForAttributeEqual(Duration waitTimeout, String name, Object value)
   at Automation_JobLoading.MainForm.CEditor_JobConvert() in S:\Automation\Automation_JobLoading\Automation_JobLoading\MainForm.cs:line 123
[2020-10-19 오전 10:43:17] Popup창 Closed
[2020-10-19 오전 10:44:20] Ranorex.ElementNotFoundException: Failed to find item 'JobLoading_Repository.SPIGUI.LatestOpenJob.ButtonNo'. ---> Ranorex.ElementNotFoundException: No element found for path '/form[@title~'Open Job.*']/?/?/container[@instance='2']' within 1m.
   --- End of inner exception stack trace ---
   at Ranorex.Core.Repository.RepoItemInfo.FindInternal[T](Boolean findSingle, Boolean throwException, Duration effectiveTimeoutOverride)
   at Ranorex.Core.Repository.RepoItemInfo.<>c__DisplayClass75_0`1.<Find>b__0()
   at Ranorex.Core.Testing.Services.NoMaintenanceModeService.HandleElementNotFound[T](Func`1 action, RepoItemInfo entry)
   at Ranorex.Core.Repository.RepoItemInfo.Find[T](Boolean findSingle, Boolean throwException, Duration effectiveTimeoutOverride)
   at Ranorex.Core.Repository.RepoItemInfo.CreateAdapter[T](Boolean throwException, Duration waitTimeout)
   at Ranorex.Core.Repository.RepoItemInfo.CreateAdapter[T](Boolean throwException)
   at Automation_JobLoading.JobLoading_RepositoryFolders.LatestOpenJobAppFolder.get_ButtonNo() in S:\Automation\Automation_JobLoading\Automation_JobLoading\JobLoading_Repository.cs:line 1513
   at Automation_JobLoading.Class.Common.SPIGUION() in S:\Automation\Automation_JobLoading\Automation_JobLoading\Class\Common.cs:line 52
[2020-10-19 오전 10:45:21] Ranorex.ElementNotFoundException: Failed to find item 'JobLoading_Repository.SPIGUI.LoadJobFile.NormalLane2'. ---> Ranorex.ElementNotFoundException: No element found for path '/form[@title='Load Dual Lane JOB file']/?/?/element[@controlid='18']/radiobutton[@accessiblename='Normal']' within 1m.
   --- End of inner exception stack trace ---
   at Ranorex.Core.Repository.RepoItemInfo.FindInternal[T](Boolean findSingle, Boolean throwException, Duration effectiveTimeoutOverride)
   at Ranorex.Core.Repository.RepoItemInfo.<>c__DisplayClass75_0`1.<Find>b__0()
   at Ranorex.Core.Testing.Services.NoMaintenanceModeService.HandleElementNotFound[T](Func`1 action, RepoItemInfo entry)
   at Ranorex.Core.Repository.RepoItemInfo.Find[T](Boolean findSingle, Boolean throwException, Duration effectiveTimeoutOverride)
   at Ranorex.Core.Repository.RepoItemInfo.CreateAdapter[T](Boolean throwException, Duration waitTimeout)
   at Ranorex.Core.Repository.RepoItemInfo.CreateAdapter[T](Boolean throwException)
   at Automation_JobLoading.JobLoading_RepositoryFolders.LoadJobFileAppFolder.get_NormalLane2() in S:\Automation\Automation_JobLoading\Automation_JobLoading\JobLoading_Repository.cs:line 1715
   at Automation_JobLoading.MainForm.SPIGUI_JobLoading() in S:\Automation\Automation_JobLoading\Automation_JobLoading\MainForm.cs:line 177
[2020-10-19 오후 3:38:07] Program Load
[2020-10-19 오후 3:38:07] Job List Display Completed!
[2020-10-19 오후 3:38:34] S:\SPI Job\SPI_Jabil_GDL\4525796_0501 TEST\4525796_0501 TEST.mdb_Job Load in C-Editor Completed!
[2020-10-19 오후 3:38:53] S:\SPI Job\SPI_Jabil_GDL\4525796_0501 TEST\4525796_0501 TEST.mdb_Job Load in C-Editor Completed!
[2020-10-19 오후 3:38:53] System.ArgumentOutOfRangeException: InvalidArgument=Value of '1' is not valid for 'index'.
Parameter name: index
   at System.Windows.Forms.ListView.ListViewItemCollection.get_Item(Int32 index)
   at Automation_JobLoading.MainForm.CEditor_JobConvert() in S:\Automation\Automation_JobLoading\Automation_JobLoading\MainForm.cs:line 170
[2020-10-19 오후 3:41:08] Program Load
[2020-10-19 오후 3:41:08] Job List Display Completed!
[2020-10-19 오후 3:42:31] Program Load
[2020-10-19 오후 3:45:26] Job List Display Completed!
[2020-10-19 오후 3:45:48] Program Load
[2020-10-19 오후 3:45:48] Job List Display Completed!
[2020-10-19 오후 3:46:31] Program Load
[2020-10-19 오후 3:46:31] Job List Display Completed!
[2020-10-19 오후 3:47:42] Program Load
[2020-10-19 오후 3:47:42] Job List Display Completed!
[2020-10-19 오후 3:48:12] Program Load
[2020-10-19 오후 3:48:12] Job List Display Completed!
[2020-10-19 오후 3:49:14] Program Load
[2020-10-19 오후 3:49:14] Job List Display Completed!
[2020-10-19 오후 3:50:14] Program Load
[2020-10-19 오후 3:51:58] Program Load
[2020-10-19 오후 3:51:58] Job List Display Completed!
[2020-10-19 오후 3:53:37] Program Load
[2020-10-19 오후 3:54:10] Job List Display Completed!
[2020-10-19 오후 3:59:10] Program Load
[2020-10-19 오후 3:59:10] Job List Display Completed!
[2020-10-19 오후 3:59:32] Program Load
[2020-10-19 오후 3:59:32] Job List Display Completed!
[2020-10-19 오후 3:59:55] S:\SPI Job\SPI_Jabil_GDL\4525796_0501 TEST\4525796_0501 TEST.mdb_Job Load in C-Editor Completed!
[2020-10-19 오후 4:00:46] Program Load
[2020-10-19 오후 4:00:46] Job List Display Completed!
[2020-10-19 오후 4:14:12] Program Load
[2020-10-19 오후 4:14:12] Job List Display Completed!
[2020-10-19 오후 4:17:27] Program Load
[2020-10-19 오후 4:17:27] Job List Display Completed!
[2020-10-19 오후 4:18:15] S:\SPI Job\Amkor\0859586GBA_2.mdb_Job Load in C-Editor Completed!
[2020-10-19 오후 4:19:42] S:\SPI Job\huawei job\5.mdb_Job Load in C-Editor Completed!
[2020-10-19 오후 4:20:05] S:\SPI Job\SPI_bosch_Suzhou\3332A10012_R2.mdb_Job Load in C-Editor Completed!
[2020-10-19 오후 4:20:26] S:\SPI Job\SPI_bosch_Suzhou\3332A10048_R2.mdb_Job Load in C-Editor Completed!
[2020-10-19 오후 4:20:46] S:\SPI Job\SPI_bosch_Suzhou\3332A10121_R2.mdb_Job Load in C-Editor Completed!
[2020-10-19 오후 4:21:07] S:\SPI Job\SPI_bosch_Suzhou\3332AJ0030_R2.mdb_Job Load in C-Editor Completed!
[2020-10-19 오후 4:21:28] S:\SPI Job\SPI_bosch_Suzhou\3332AJ0031_R2.mdb_Job Load in C-Editor Completed!
[2020-10-19 오후 4:21:48] S:\SPI Job\SPI_bosch_Suzhou\3332AJ0035_R2.mdb_Job Load in C-Editor Completed!
[2020-10-19 오후 4:22:08] S:\SPI Job\SPI_bosch_Suzhou\3332AJ0038_R2.mdb_Job Load in C-Editor Completed!
[2020-10-19 오후 4:22:29] S:\SPI Job\SPI_bosch_Suzhou\3332AJ0040_R2.mdb_Job Load in C-Editor Completed!
[2020-10-19 오후 4:22:49] S:\SPI Job\SPI_bosch_Suzhou\3332AJ0041_R2.mdb_Job Load in C-Editor Completed!
[2020-10-19 오후 4:23:09] S:\SPI Job\SPI_bosch_Suzhou\3332AJ0042_R2.mdb_Job Load in C-Editor Completed!
[2020-10-19 오후 4:23:30] S:\SPI Job\SPI_bosch_Suzhou\3332AJ0043_R2.mdb_Job Load in C-Editor Completed!
[2020-10-19 오후 4:23:50] S:\SPI Job\SPI_bosch_Suzhou\3332AJ0044_R2.mdb_Job Load in C-Editor Completed!
[2020-10-19 오후 4:24:10] S:\SPI Job\SPI_bosch_Suzhou\3332AJ0049_R2.mdb_Job Load in C-Editor Completed!
[2020-10-19 오후 4:24:30] S:\SPI Job\SPI_bosch_Suzhou\3332AJ0052_R2.mdb_Job Load in C-Editor Completed!
[2020-10-19 오후 4:24:52] S:\SPI Job\SPI_bosch_Suzhou\3332AJ0053_R2.mdb_Job Load in C-Editor Completed!
[2020-10-19 오후 4:25:12] S:\SPI Job\SPI_bosch_Suzhou\3338311239_R2.mdb_Job Load in C-Editor Completed!
[2020-10-19 오후 4:25:32] S:\SPI Job\SPI_bosch_Suzhou\3338311284_R2.mdb_Job Load in C-Editor Completed!
[2020-10-19 오후 4:25:53] S:\SPI Job\SPI_bosch_Suzhou\3338311285_R2.mdb_Job Load in C-Editor Completed!
[2020-10-19 오후 4:26:13] S:\SPI Job\SPI_bosch_Suzhou\3338311291_R2.mdb_Job Load in C-Editor Completed!
[2020-10-19 오후 4:26:33] S:\SPI Job\SPI_bosch_Suzhou\3338311301_R2.mdb_Job Load in C-Editor Completed!
[2020-10-19 오후 4:26:54] S:\SPI Job\SPI_bosch_Suzhou\3338311323_R2.mdb_Job Load in C-Editor Completed!
[2020-10-19 오후 4:27:14] S:\SPI Job\SPI_bosch_Suzhou\3338311324_R2.mdb_Job Load in C-Editor Completed!
[2020-10-19 오후 4:27:35] S:\SPI Job\SPI_bosch_Suzhou\3338311326_R2.mdb_Job Load in C-Editor Completed!
[2020-10-19 오후 4:27:55] S:\SPI Job\SPI_bosch_Suzhou\3338311327_R2.mdb_Job Load in C-Editor Completed!
[2020-10-19 오후 4:28:16] S:\SPI Job\SPI_bosch_Suzhou\3338312040_R2.mdb_Job Load in C-Editor Completed!
[2020-10-19 오후 4:28:36] S:\SPI Job\SPI_bosch_Suzhou\3338312112_R2.mdb_Job Load in C-Editor Completed!
[2020-10-19 오후 4:28:56] S:\SPI Job\SPI_bosch_Suzhou\3338312255_R2.mdb_Job Load in C-Editor Completed!
[2020-10-19 오후 4:29:17] S:\SPI Job\SPI_bosch_Suzhou\3338313034_R2.mdb_Job Load in C-Editor Completed!
[2020-10-19 오후 4:29:37] S:\SPI Job\SPI_bosch_Suzhou\3338313076_R2.mdb_Job Load in C-Editor Completed!
[2020-10-19 오후 4:29:57] S:\SPI Job\SPI_bosch_Suzhou\3338313192_R2.mdb_Job Load in C-Editor Completed!
[2020-10-19 오후 4:30:18] S:\SPI Job\SPI_bosch_Suzhou\3338313251_R2.mdb_Job Load in C-Editor Completed!
[2020-10-19 오후 4:30:38] S:\SPI Job\SPI_bosch_Suzhou\3338315080_R2.mdb_Job Load in C-Editor Completed!
[2020-10-19 오후 4:30:59] S:\SPI Job\SPI_bosch_Suzhou\3338316080_R2.mdb_Job Load in C-Editor Completed!
[2020-10-19 오후 4:31:20] S:\SPI Job\SPI_Compal Kunshan\AT_S-ZFX50-LAB141P-01.mdb_Job Load in C-Editor Completed!
[2020-10-19 오후 4:31:46] S:\SPI Job\SPI_Continental_periferico_VW MIB 9 in A2C13005801\Bottom\VW MIB 9 in A2C13005801 Bottom.mdb_Job Load in C-Editor Completed!
[2020-10-19 오후 4:32:12] S:\SPI Job\SPI_Continental_periferico_VW MIB 9 in A2C13005801\Top\VW MIB 9 in A2C13005801 Top.mdb_Job Load in C-Editor Completed!
[2020-10-19 오후 4:32:31] S:\SPI Job\SPI_Jabil_GDL\4525796_0501 TEST\4525796_0501 TEST.mdb_Job Load in C-Editor Completed!
[2020-10-19 오후 4:32:52] S:\SPI Job\SPI_jinnan_guangzhou\AG-1504041-A1.mdb_Job Load in C-Editor Completed!
[2020-10-19 오후 4:33:13] S:\SPI Job\SPI_jinnan_guangzhou\SVL430A30-V0.1-WP.mdb_Job Load in C-Editor Completed!
[2020-10-19 오후 4:33:34] S:\SPI Job\SPI_jinnan_guangzhou\SVL490A43-SH705-V0.2.mdb_Job Load in C-Editor Completed!
[2020-10-19 오후 4:33:55] S:\SPI Job\SPI_jinnan_guangzhou\SVL490A43-V0.1-WS.mdb_Job Load in C-Editor Completed!
[2020-10-19 오후 4:34:18] S:\SPI Job\SPI_Luxshare_Kunshan\H07 MLB BOT.mdb_Job Load in C-Editor Completed!
[2020-10-19 오후 4:34:41] S:\SPI Job\SPI_S&T Motiv_Yangsan\180823 Alpha_Bottom_Test.mdb_Job Load in C-Editor Completed!
[2020-10-19 오후 4:34:44] OK버튼찾기 시작
[2020-10-19 오후 4:36:44] OK버튼찾기 완료
[2020-10-19 오후 4:36:50] S:\SPI Job\SPI_S&T Motiv_Yangsan\180823 Alpha_Bottom_Test.mdb_ Job Convert Success
[2020-10-19 오후 4:37:14] S:\SPI Job\SPI_S&T Motiv_Yangsan\180823 Alpha_Bottom_Test_Ver 1.0.mdb_Job Load in C-Editor Completed!
[2020-10-19 오후 4:37:17] OK버튼찾기 시작
[2020-10-19 오후 4:39:17] OK버튼찾기 완료
[2020-10-19 오후 4:39:23] S:\SPI Job\SPI_S&T Motiv_Yangsan\180823 Alpha_Bottom_Test_Ver 1.0.mdb_ Job Convert Success
[2020-10-19 오후 4:39:44] S:\SPI Job\SPI_S&T Motiv_Yangsan\180823 Alpha_TOP_Test.mdb_Job Load in C-Editor Completed!
[2020-10-19 오후 4:40:07] S:\SPI Job\SPI_S&T Motiv_Yangsan\180823 Beta_Bottom_Test.mdb_Job Load in C-Editor Completed!
[2020-10-19 오후 4:40:29] S:\SPI Job\SPI_S&T Motiv_Yangsan\180823 Beta_TOP_Test.mdb_Job Load in C-Editor Completed!
[2020-10-19 오후 4:40:52] S:\SPI Job\SPI_S&T Motiv_Yangsan\180823 Gamma_Bottom_Test.mdb_Job Load in C-Editor Completed!
[2020-10-19 오후 4:41:13] S:\SPI Job\SPI_S&T Motiv_Yangsan\180823 Gamma_TOP_Test.mdb_Job Load in C-Editor Completed!
[2020-10-19 오후 4:41:38] S:\SPI Job\SPI_Samsung\Samsung_SPI_test02.mdb_Job Load in C-Editor Completed!
[2020-10-19 오후 4:42:06] S:\SPI Job\SPI_Skyworks\741987SD0A_SKYWORKS.mdb_Job Load in C-Editor Completed!
[2020-10-19 오후 4:42:31] S:\SPI Job\SPI_Skyworks\742223SD0A_SKYWORKS.mdb_Job Load in C-Editor Completed!
[2020-10-19 오후 4:43:01] S:\SPI Job\SPI_Skyworks\800756SD0A_SKYWORKS.mdb_Job Load in C-Editor Completed!
[2020-10-19 오후 4:43:42] S:\SPI Job\SPI_Unclassified Data\0851305SD0A_JEJU4.mdb_Job Load in C-Editor Completed!
[2020-10-19 오후 4:44:03] S:\SPI Job\SPI_Unclassified Data\309000120764B3 MOON-MLB.mdb_Job Load in C-Editor Completed!
[2020-10-19 오후 4:44:30] S:\SPI Job\SPI_Unclassified Data\309000120766T5-7-MOON-MLB.mdb_Job Load in C-Editor Completed!
[2020-10-19 오후 4:44:54] S:\SPI Job\SPI_Unclassified Data\309000319296R1T0  Greedo-R-FLEX - 짼창쩍쨘횏짰 - 쨌횜쩔챵짼창횎횚.mdb_Job Load in C-Editor Completed!
[2020-10-19 오후 4:45:18] S:\SPI Job\SPI_Unclassified Data\309000319296R1T0  Greedo-R-FLEX - 짼창쩍쨘횏짰.mdb_Job Load in C-Editor Completed!
[2020-10-19 오후 4:45:40] S:\SPI Job\SPI_Unclassified Data\309000500379B7-Jupiter-R.mdb_Job Load in C-Editor Completed!
[2020-10-19 오후 4:46:02] S:\SPI Job\SPI_Unclassified Data\309000500379T10 Jupiter-R.mdb_Job Load in C-Editor Completed!
[2020-10-19 오후 4:46:24] S:\SPI Job\SPI_Unclassified Data\309000500379T11 Jupiter-Right.mdb_Job Load in C-Editor Completed!
[2020-10-19 오후 4:46:45] S:\SPI Job\SPI_Unclassified Data\742223GB0B_.mdb_Job Load in C-Editor Completed!
[2020-10-19 오후 4:47:56] S:\SPI Job\SPI_Unclassified Data\780514GB0A.mdb_Job Load in C-Editor Completed!
[2020-10-19 오후 4:48:46] S:\SPI Job\SPI_Unclassified Data\800689GB0A_F+_final_segmentation.mdb_Job Load in C-Editor Completed!
[2020-10-19 오후 4:49:40] S:\SPI Job\SPI_Unclassified Data\808508SD0A_JEDI_F.mdb_Job Load in C-Editor Completed!
[2020-10-19 오후 4:51:08] S:\SPI Job\SPI_Unclassified Data\ACFM-W223-AK_SL.mdb_Job Load in C-Editor Completed!
[2020-10-19 오후 4:52:37] S:\SPI Job\SPI_Unclassified Data\AFEM-8086-A.mdb_Job Load in C-Editor Completed!
[2020-10-19 오후 4:54:13] Ranorex.RanorexException: WaitForAttributeEqual failed. The attribute 'Value' did not equal the specified value '29700' before the timeout of 1m. The last value found was '24600'. Associated repository item: 'JobLoading_Repository.EditComponentID.ProgressBar20WndClass'
   at Ranorex.Core.Repository.RepoItemInfo.WaitForAttributeInternal(Duration waitTimeout, String name, Object value, WaitForAction action)
   at Ranorex.Core.Repository.RepoItemInfo.WaitForAttributeEqual(Duration waitTimeout, String name, Object value)
   at Automation_JobLoading.MainForm.CEditor_JobConvert(StreamWriter sw) in S:\Automation\Automation_JobLoading\Automation_JobLoading\MainForm.cs:line 136
[2020-10-19 오후 4:58:39] Ranorex.RanorexException: WaitForAttributeEqual failed. The attribute 'Value' did not equal the specified value '29700' before the timeout of 1m. The last value found was '25500'. Associated repository item: 'JobLoading_Repository.EditComponentID.ProgressBar20WndClass'
   at Ranorex.Core.Repository.RepoItemInfo.WaitForAttributeInternal(Duration waitTimeout, String name, Object value, WaitForAction action)
   at Ranorex.Core.Repository.RepoItemInfo.WaitForAttributeEqual(Duration waitTimeout, String name, Object value)
   at Automation_JobLoading.MainForm.CEditor_JobConvert(StreamWriter sw) in S:\Automation\Automation_JobLoading\Automation_JobLoading\MainForm.cs:line 136
[2020-10-19 오후 5:00:06] Ranorex.ElementNotFoundException: Failed to find item 'JobLoading_Repository.EditComponentID.LoadJob'. ---> Ranorex.ElementNotFoundException: No element found for path 'toolbar[@class='Toolbar20WndClass']/?/?/button[@commandid='101']' within 30s.
   --- End of inner exception stack trace ---
   at Ranorex.Core.Repository.RepoItemInfo.FindInternal[T](Boolean findSingle, Boolean throwException, Duration effectiveTimeoutOverride)
   at Ranorex.Core.Repository.RepoItemInfo.<>c__DisplayClass75_0`1.<Find>b__0()
   at Ranorex.Core.Testing.Services.NoMaintenanceModeService.HandleElementNotFound[T](Func`1 action, RepoItemInfo entry)
   at Ranorex.Core.Repository.RepoItemInfo.Find[T](Boolean findSingle, Boolean throwException, Duration effectiveTimeoutOverride)
   at Ranorex.Core.Repository.RepoItemInfo.CreateAdapter[T](Boolean throwException, Duration waitTimeout)
   at Ranorex.Core.Repository.RepoItemInfo.CreateAdapter[T](Boolean throwException)
   at Automation_JobLoading.JobLoading_RepositoryFolders.EditComponentIDAppFolder.get_LoadJob() in S:\Automation\Automation_JobLoading\Automation_JobLoading\JobLoading_Repository.cs:line 680
   at Automation_JobLoading.MainForm.CEditor_JobConvert(StreamWriter sw) in S:\Automation\Automation_JobLoading\Automation_JobLoading\MainForm.cs:line 120
[2020-10-19 오후 5:00:56] Ranorex.ElementNotFoundException: Failed to find item 'JobLoading_Repository.EditComponentID.LoadJob'. ---> Ranorex.ElementNotFoundException: No element found for path 'toolbar[@class='Toolbar20WndClass']/?/?/button[@commandid='101']' within 30s.
   --- End of inner exception stack trace ---
   at Ranorex.Core.Repository.RepoItemInfo.FindInternal[T](Boolean findSingle, Boolean throwException, Duration effectiveTimeoutOverride)
   at Ranorex.Core.Repository.RepoItemInfo.<>c__DisplayClass75_0`1.<Find>b__0()
   at Ranorex.Core.Testing.Services.NoMaintenanceModeService.HandleElementNotFound[T](Func`1 action, RepoItemInfo entry)
   at Ranorex.Core.Repository.RepoItemInfo.Find[T](Boolean findSingle, Boolean throwException, Duration effectiveTimeoutOverride)
   at Ranorex.Core.Repository.RepoItemInfo.CreateAdapter[T](Boolean throwException, Duration waitTimeout)
   at Ranorex.Core.Repository.RepoItemInfo.CreateAdapter[T](Boolean throwException)
   at Automation_JobLoading.JobLoading_RepositoryFolders.EditComponentIDAppFolder.get_LoadJob() in S:\Automation\Automation_JobLoading\Automation_JobLoading\JobLoading_Repository.cs:line 680
   at Automation_JobLoading.MainForm.CEditor_JobConvert(StreamWriter sw) in S:\Automation\Automation_JobLoading\Automation_JobLoading\MainForm.cs:line 120
[2020-10-19 오후 5:10:31] Ranorex.ElementNotFoundException: Failed to find item 'JobLoading_Repository.EditComponentID.LoadJob'. ---> Ranorex.ElementNotFoundException: No element found for path 'toolbar[@class='Toolbar20WndClass']/?/?/button[@commandid='101']' within 30s.
   --- End of inner exception stack trace ---
   at Ranorex.Core.Repository.RepoItemInfo.FindInternal[T](Boolean findSingle, Boolean throwException, Duration effectiveTimeoutOverride)
   at Ranorex.Core.Repository.RepoItemInfo.<>c__DisplayClass75_0`1.<Find>b__0()
   at Ranorex.Core.Testing.Services.NoMaintenanceModeService.HandleElementNotFound[T](Func`1 action, RepoItemInfo entry)
   at Ranorex.Core.Repository.RepoItemInfo.Find[T](Boolean findSingle, Boolean throwException, Duration effectiveTimeoutOverride)
   at Ranorex.Core.Repository.RepoItemInfo.CreateAdapter[T](Boolean throwException, Duration waitTimeout)
   at Ranorex.Core.Repository.RepoItemInfo.CreateAdapter[T](Boolean throwException)
   at Automation_JobLoading.JobLoading_RepositoryFolders.EditComponentIDAppFolder.get_LoadJob() in S:\Automation\Automation_JobLoading\Automation_JobLoading\JobLoading_Repository.cs:line 680
   at Automation_JobLoading.MainForm.CEditor_JobConvert(StreamWriter sw) in S:\Automation\Automation_JobLoading\Automation_JobLoading\MainForm.cs:line 120
[2020-10-19 오후 5:12:05] Ranorex.RanorexException: WaitForAttributeEqual failed. The attribute 'Value' did not equal the specified value '29700' before the timeout of 1m. The last value found was '0'. Associated repository item: 'JobLoading_Repository.EditComponentID.ProgressBar20WndClass'
   at Ranorex.Core.Repository.RepoItemInfo.WaitForAttributeInternal(Duration waitTimeout, String name, Object value, WaitForAction action)
   at Ranorex.Core.Repository.RepoItemInfo.WaitForAttributeEqual(Duration waitTimeout, String name, Object value)
   at Automation_JobLoading.MainForm.CEditor_JobConvert(StreamWriter sw) in S:\Automation\Automation_JobLoading\Automation_JobLoading\MainForm.cs:line 136
[2020-10-19 오후 5:14:51] Ranorex.ElementNotFoundException: Failed to find item 'JobLoading_Repository.EditComponentID.LoadJob'. ---> Ranorex.ElementNotFoundException: No element found for path 'toolbar[@class='Toolbar20WndClass']/?/?/button[@commandid='101']' within 30s.
   --- End of inner exception stack trace ---
   at Ranorex.Core.Repository.RepoItemInfo.FindInternal[T](Boolean findSingle, Boolean throwException, Duration effectiveTimeoutOverride)
   at Ranorex.Core.Repository.RepoItemInfo.<>c__DisplayClass75_0`1.<Find>b__0()
   at Ranorex.Core.Testing.Services.NoMaintenanceModeService.HandleElementNotFound[T](Func`1 action, RepoItemInfo entry)
   at Ranorex.Core.Repository.RepoItemInfo.Find[T](Boolean findSingle, Boolean throwException, Duration effectiveTimeoutOverride)
   at Ranorex.Core.Repository.RepoItemInfo.CreateAdapter[T](Boolean throwException, Duration waitTimeout)
   at Ranorex.Core.Repository.RepoItemInfo.CreateAdapter[T](Boolean throwException)
   at Automation_JobLoading.JobLoading_RepositoryFolders.EditComponentIDAppFolder.get_LoadJob() in S:\Automation\Automation_JobLoading\Automation_JobLoading\JobLoading_Repository.cs:line 680
   at Automation_JobLoading.MainForm.CEditor_JobConvert(StreamWriter sw) in S:\Automation\Automation_JobLoading\Automation_JobLoading\MainForm.cs:line 120
[2020-10-19 오후 5:15:13] S:\SPI Job\SPI_Unclassified Data\OFF1652-F04305SD19090018.mdb_Job Load in C-Editor Completed!
[2020-10-19 오후 5:15:34] S:\SPI Job\SPI_Unclassified Data\OJP1155-B-A0.mdb_Job Load in C-Editor Completed!
[2020-10-19 오후 5:16:16] S:\SPI Job\SPI_Unclassified Data\SWB-E43 R03A TOP _201810-024 L1.mdb_Job Load in C-Editor Completed!
[2020-10-19 오후 5:16:18] OK버튼찾기 시작
[2020-10-19 오후 5:18:18] OK버튼찾기 완료
[2020-10-19 오후 5:18:27] S:\SPI Job\SPI_Unclassified Data\SWB-E43 R03A TOP _201810-024 L1.mdb_ Job Convert Success
[2020-10-19 오후 5:19:56] S:\SPI Job\SPI_Unclassified Data\SWB-E43 R03A TOP _201810-024 L2.mdb_Job Load in C-Editor Completed!
[2020-10-19 오후 5:19:58] OK버튼찾기 시작
[2020-10-19 오후 5:21:58] OK버튼찾기 완료
[2020-10-19 오후 5:22:37] S:\SPI Job\SPI_Unclassified Data\SWB-E43 R03A TOP _201810-024 L2.mdb_ Job Convert Success
[2020-10-19 오후 5:23:35] S:\SPI Job\SPI_Unclassified Data\SWB-E43 R03A TOP _201810-024 L2_Test.mdb_Job Load in C-Editor Completed!
[2020-10-19 오후 5:24:17] S:\SPI Job\SPI_Unclassified Data\TW61-D725-001.mdb_Job Load in C-Editor Completed!
[2020-10-19 오후 5:24:39] S:\SPI Job\SPI_Unclassified Data\TW61-D725-001_2 pad only_20191205.mdb_Job Load in C-Editor Completed!
[2020-10-19 오후 5:25:06] S:\SPI Job\SPI_Unclassified Data\TW61-D725-001_20PERCENT.mdb_Job Load in C-Editor Completed!
[2020-10-19 오후 5:25:27] S:\SPI Job\SPI_Unclassified Data\VIPER 2L #10-J63545.mdb_Job Load in C-Editor Completed!
[2020-10-19 오후 5:25:49] S:\SPI Job\SPI_Unclassified Data\VIPER 2XL #23-J64132_1.mdb_Job Load in C-Editor Completed!
[2020-10-19 오후 5:26:11] S:\SPI Job\SPI_Unclassified Data\XK06560_another_120um 90_v1.mdb_Job Load in C-Editor Completed!
[2020-10-19 오후 5:26:13] OK버튼찾기 시작
[2020-10-19 오후 5:28:13] OK버튼찾기 완료
[2020-10-19 오후 5:28:19] S:\SPI Job\SPI_Unclassified Data\XK06560_another_120um 90_v1.mdb_ Job Convert Success
[2020-10-19 오후 5:29:59] Ranorex.RanorexException: WaitForAttributeContains failed. The attribute 'Text' did not contain the specified value 'KY-3030' before the timeout of 1m. The last value found was 'KSmart connection disconnected'. Associated repository item: 'JobLoading_Repository.SPIGUI.BASEPopup.BASEPopupTitle'
   at Ranorex.Core.Repository.RepoItemInfo.WaitForAttributeInternal(Duration waitTimeout, String name, Object value, WaitForAction action)
   at Ranorex.Core.Repository.RepoItemInfo.WaitForAttributeContains(Duration waitTimeout, String name, Object value)
   at Automation_JobLoading.Class.Common.SPIGUION() in S:\Automation\Automation_JobLoading\Automation_JobLoading\Class\Common.cs:line 47
[2020-10-19 오후 5:30:59] Ranorex.ElementNotFoundException: Failed to find item 'JobLoading_Repository.SPIGUI.LoadJobFile.NormalLane2'. ---> Ranorex.ElementNotFoundException: No element found for path '/form[@title='Load Dual Lane JOB file']/?/?/element[@controlid='18']/radiobutton[@accessiblename='Normal']' within 1m.
   --- End of inner exception stack trace ---
   at Ranorex.Core.Repository.RepoItemInfo.FindInternal[T](Boolean findSingle, Boolean throwException, Duration effectiveTimeoutOverride)
   at Ranorex.Core.Repository.RepoItemInfo.<>c__DisplayClass75_0`1.<Find>b__0()
   at Ranorex.Core.Testing.Services.NoMaintenanceModeService.HandleElementNotFound[T](Func`1 action, RepoItemInfo entry)
   at Ranorex.Core.Repository.RepoItemInfo.Find[T](Boolean findSingle, Boolean throwException, Duration effectiveTimeoutOverride)
   at Ranorex.Core.Repository.RepoItemInfo.CreateAdapter[T](Boolean throwException, Duration waitTimeout)
   at Ranorex.Core.Repository.RepoItemInfo.CreateAdapter[T](Boolean throwException)
   at Automation_JobLoading.JobLoading_RepositoryFolders.LoadJobFileAppFolder.get_NormalLane2() in S:\Automation\Automation_JobLoading\Automation_JobLoading\JobLoading_Repository.cs:line 1767
   at Automation_JobLoading.MainForm.SPIGUI_JobLoading(StreamWriter sw) in S:\Automation\Automation_JobLoading\Automation_JobLoading\MainForm.cs:line 202
