[2020-10-27 오전 10:00:55] Program Load
[2020-10-27 오전 10:00:55] Job List Display Completed!
[2020-10-27 오전 10:02:34] S:\SPI Job\Amkor\0859586GBA_2.mdb_Job Load in C-Editor Completed!
[2020-10-27 오전 10:05:00] S:\SPI Job\huawei job\5.mdb_Job Load in C-Editor Completed!
[2020-10-27 오전 10:05:03] OK버튼찾기 시작
[2020-10-27 오전 10:08:03] OK버튼찾기 완료
[2020-10-27 오전 10:08:13] S:\SPI Job\huawei job\5.mdb_ Job Convert Success
[2020-10-27 오전 10:10:07] S:\SPI Job\SPI_bosch_Suzhou\3332A10012_R2.mdb_Job Load in C-Editor Completed!
[2020-10-27 오전 10:10:10] OK버튼찾기 시작
[2020-10-27 오전 10:13:10] OK버튼찾기 완료
[2020-10-27 오전 10:13:16] S:\SPI Job\SPI_bosch_Suzhou\3332A10012_R2.mdb_ Job Convert Success
[2020-10-27 오전 10:14:37] S:\SPI Job\SPI_bosch_Suzhou\3332A10048_R2.mdb_Job Load in C-Editor Completed!
[2020-10-27 오전 10:14:39] OK버튼찾기 시작
[2020-10-27 오전 10:17:39] OK버튼찾기 완료
[2020-10-27 오전 10:17:46] S:\SPI Job\SPI_bosch_Suzhou\3332A10048_R2.mdb_ Job Convert Success
[2020-10-27 오전 10:19:07] S:\SPI Job\SPI_bosch_Suzhou\3332A10121_R2.mdb_Job Load in C-Editor Completed!
[2020-10-27 오전 10:19:09] OK버튼찾기 시작
[2020-10-27 오전 10:22:09] OK버튼찾기 완료
[2020-10-27 오전 10:22:16] S:\SPI Job\SPI_bosch_Suzhou\3332A10121_R2.mdb_ Job Convert Success
[2020-10-27 오전 10:23:36] S:\SPI Job\SPI_bosch_Suzhou\3332AJ0030_R2.mdb_Job Load in C-Editor Completed!
[2020-10-27 오전 10:23:38] OK버튼찾기 시작
[2020-10-27 오전 10:26:38] OK버튼찾기 완료
[2020-10-27 오전 10:26:46] S:\SPI Job\SPI_bosch_Suzhou\3332AJ0030_R2.mdb_ Job Convert Success
[2020-10-27 오전 10:28:07] S:\SPI Job\SPI_bosch_Suzhou\3332AJ0031_R2.mdb_Job Load in C-Editor Completed!
[2020-10-27 오전 10:29:27] S:\SPI Job\SPI_bosch_Suzhou\3332AJ0035_R2.mdb_Job Load in C-Editor Completed!
[2020-10-27 오전 10:29:29] OK버튼찾기 시작
[2020-10-27 오전 10:32:30] OK버튼찾기 완료
[2020-10-27 오전 10:32:35] S:\SPI Job\SPI_bosch_Suzhou\3332AJ0035_R2.mdb_ Job Convert Success
[2020-10-27 오전 10:33:56] S:\SPI Job\SPI_bosch_Suzhou\3332AJ0038_R2.mdb_Job Load in C-Editor Completed!
[2020-10-27 오전 10:35:16] S:\SPI Job\SPI_bosch_Suzhou\3332AJ0040_R2.mdb_Job Load in C-Editor Completed!
[2020-10-27 오전 10:35:18] OK버튼찾기 시작
[2020-10-27 오전 10:38:19] OK버튼찾기 완료
[2020-10-27 오전 10:38:24] S:\SPI Job\SPI_bosch_Suzhou\3332AJ0040_R2.mdb_ Job Convert Success
[2020-10-27 오전 10:39:45] S:\SPI Job\SPI_bosch_Suzhou\3332AJ0041_R2.mdb_Job Load in C-Editor Completed!
[2020-10-27 오전 10:39:47] OK버튼찾기 시작
[2020-10-27 오전 10:42:47] OK버튼찾기 완료
[2020-10-27 오전 10:42:53] S:\SPI Job\SPI_bosch_Suzhou\3332AJ0041_R2.mdb_ Job Convert Success
[2020-10-27 오전 10:44:13] S:\SPI Job\SPI_bosch_Suzhou\3332AJ0042_R2.mdb_Job Load in C-Editor Completed!
[2020-10-27 오전 10:44:16] OK버튼찾기 시작
[2020-10-27 오전 10:47:16] OK버튼찾기 완료
[2020-10-27 오전 10:47:21] S:\SPI Job\SPI_bosch_Suzhou\3332AJ0042_R2.mdb_ Job Convert Success
[2020-10-27 오전 10:48:42] S:\SPI Job\SPI_bosch_Suzhou\3332AJ0043_R2.mdb_Job Load in C-Editor Completed!
[2020-10-27 오전 10:48:44] OK버튼찾기 시작
[2020-10-27 오전 10:51:45] OK버튼찾기 완료
[2020-10-27 오전 10:51:50] S:\SPI Job\SPI_bosch_Suzhou\3332AJ0043_R2.mdb_ Job Convert Success
[2020-10-27 오전 10:53:11] S:\SPI Job\SPI_bosch_Suzhou\3332AJ0044_R2.mdb_Job Load in C-Editor Completed!
[2020-10-27 오전 10:53:13] OK버튼찾기 시작
[2020-10-27 오전 10:56:14] OK버튼찾기 완료
[2020-10-27 오전 10:56:19] S:\SPI Job\SPI_bosch_Suzhou\3332AJ0044_R2.mdb_ Job Convert Success
[2020-10-27 오전 10:57:40] S:\SPI Job\SPI_bosch_Suzhou\3332AJ0049_R2.mdb_Job Load in C-Editor Completed!
[2020-10-27 오전 10:57:42] OK버튼찾기 시작
[2020-10-27 오전 11:00:43] OK버튼찾기 완료
[2020-10-27 오전 11:00:48] S:\SPI Job\SPI_bosch_Suzhou\3332AJ0049_R2.mdb_ Job Convert Success
[2020-10-27 오전 11:02:09] S:\SPI Job\SPI_bosch_Suzhou\3332AJ0052_R2.mdb_Job Load in C-Editor Completed!
[2020-10-27 오전 11:02:11] OK버튼찾기 시작
[2020-10-27 오전 11:05:11] OK버튼찾기 완료
[2020-10-27 오전 11:05:18] S:\SPI Job\SPI_bosch_Suzhou\3332AJ0052_R2.mdb_ Job Convert Success
[2020-10-27 오전 11:06:39] S:\SPI Job\SPI_bosch_Suzhou\3332AJ0053_R2.mdb_Job Load in C-Editor Completed!
[2020-10-27 오전 11:07:59] S:\SPI Job\SPI_bosch_Suzhou\3338311239_R2.mdb_Job Load in C-Editor Completed!
[2020-10-27 오전 11:08:01] OK버튼찾기 시작
[2020-10-27 오전 11:11:01] OK버튼찾기 완료
[2020-10-27 오전 11:11:07] S:\SPI Job\SPI_bosch_Suzhou\3338311239_R2.mdb_ Job Convert Success
[2020-10-27 오전 11:12:28] S:\SPI Job\SPI_bosch_Suzhou\3338311284_R2.mdb_Job Load in C-Editor Completed!
[2020-10-27 오전 11:12:30] OK버튼찾기 시작
[2020-10-27 오전 11:15:30] OK버튼찾기 완료
[2020-10-27 오전 11:15:36] S:\SPI Job\SPI_bosch_Suzhou\3338311284_R2.mdb_ Job Convert Success
[2020-10-27 오전 11:16:56] S:\SPI Job\SPI_bosch_Suzhou\3338311285_R2.mdb_Job Load in C-Editor Completed!
[2020-10-27 오전 11:16:59] OK버튼찾기 시작
[2020-10-27 오전 11:19:59] OK버튼찾기 완료
[2020-10-27 오전 11:20:05] S:\SPI Job\SPI_bosch_Suzhou\3338311285_R2.mdb_ Job Convert Success
[2020-10-27 오전 11:21:25] S:\SPI Job\SPI_bosch_Suzhou\3338311291_R2.mdb_Job Load in C-Editor Completed!
[2020-10-27 오전 11:21:27] OK버튼찾기 시작
[2020-10-27 오전 11:24:28] OK버튼찾기 완료
[2020-10-27 오전 11:24:35] S:\SPI Job\SPI_bosch_Suzhou\3338311291_R2.mdb_ Job Convert Success
[2020-10-27 오전 11:25:55] S:\SPI Job\SPI_bosch_Suzhou\3338311301_R2.mdb_Job Load in C-Editor Completed!
[2020-10-27 오전 11:25:58] OK버튼찾기 시작
[2020-10-27 오전 11:28:58] OK버튼찾기 완료
[2020-10-27 오전 11:29:04] S:\SPI Job\SPI_bosch_Suzhou\3338311301_R2.mdb_ Job Convert Success
[2020-10-27 오전 11:30:24] S:\SPI Job\SPI_bosch_Suzhou\3338311323_R2.mdb_Job Load in C-Editor Completed!
[2020-10-27 오전 11:30:26] OK버튼찾기 시작
[2020-10-27 오전 11:33:27] OK버튼찾기 완료
[2020-10-27 오전 11:33:32] S:\SPI Job\SPI_bosch_Suzhou\3338311323_R2.mdb_ Job Convert Success
[2020-10-27 오전 11:34:53] S:\SPI Job\SPI_bosch_Suzhou\3338311324_R2.mdb_Job Load in C-Editor Completed!
[2020-10-27 오전 11:34:55] OK버튼찾기 시작
[2020-10-27 오전 11:37:55] OK버튼찾기 완료
[2020-10-27 오전 11:38:01] S:\SPI Job\SPI_bosch_Suzhou\3338311324_R2.mdb_ Job Convert Success
[2020-10-27 오전 11:39:22] S:\SPI Job\SPI_bosch_Suzhou\3338311326_R2.mdb_Job Load in C-Editor Completed!
[2020-10-27 오전 11:39:24] OK버튼찾기 시작
[2020-10-27 오전 11:42:25] OK버튼찾기 완료
[2020-10-27 오전 11:42:31] S:\SPI Job\SPI_bosch_Suzhou\3338311326_R2.mdb_ Job Convert Success
[2020-10-27 오전 11:43:52] S:\SPI Job\SPI_bosch_Suzhou\3338311327_R2.mdb_Job Load in C-Editor Completed!
[2020-10-27 오전 11:45:13] S:\SPI Job\SPI_bosch_Suzhou\3338312040_R2.mdb_Job Load in C-Editor Completed!
[2020-10-27 오전 11:45:15] OK버튼찾기 시작
[2020-10-27 오전 11:48:15] OK버튼찾기 완료
[2020-10-27 오전 11:48:21] S:\SPI Job\SPI_bosch_Suzhou\3338312040_R2.mdb_ Job Convert Success
[2020-10-27 오전 11:49:42] S:\SPI Job\SPI_bosch_Suzhou\3338312112_R2.mdb_Job Load in C-Editor Completed!
[2020-10-27 오전 11:49:44] OK버튼찾기 시작
[2020-10-27 오전 11:52:44] OK버튼찾기 완료
[2020-10-27 오전 11:52:50] S:\SPI Job\SPI_bosch_Suzhou\3338312112_R2.mdb_ Job Convert Success
[2020-10-27 오전 11:54:10] S:\SPI Job\SPI_bosch_Suzhou\3338312255_R2.mdb_Job Load in C-Editor Completed!
[2020-10-27 오전 11:54:13] OK버튼찾기 시작
[2020-10-27 오전 11:57:13] OK버튼찾기 완료
[2020-10-27 오전 11:57:19] S:\SPI Job\SPI_bosch_Suzhou\3338312255_R2.mdb_ Job Convert Success
[2020-10-27 오전 11:58:39] S:\SPI Job\SPI_bosch_Suzhou\3338313034_R2.mdb_Job Load in C-Editor Completed!
[2020-10-27 오전 11:58:42] OK버튼찾기 시작
[2020-10-27 오후 12:01:42] OK버튼찾기 완료
[2020-10-27 오후 12:01:47] S:\SPI Job\SPI_bosch_Suzhou\3338313034_R2.mdb_ Job Convert Success
[2020-10-27 오후 12:03:08] S:\SPI Job\SPI_bosch_Suzhou\3338313076_R2.mdb_Job Load in C-Editor Completed!
[2020-10-27 오후 12:03:10] OK버튼찾기 시작
[2020-10-27 오후 12:06:10] OK버튼찾기 완료
[2020-10-27 오후 12:06:16] S:\SPI Job\SPI_bosch_Suzhou\3338313076_R2.mdb_ Job Convert Success
[2020-10-27 오후 12:07:36] S:\SPI Job\SPI_bosch_Suzhou\3338313192_R2.mdb_Job Load in C-Editor Completed!
[2020-10-27 오후 12:07:39] OK버튼찾기 시작
[2020-10-27 오후 12:10:39] OK버튼찾기 완료
[2020-10-27 오후 12:10:45] S:\SPI Job\SPI_bosch_Suzhou\3338313192_R2.mdb_ Job Convert Success
[2020-10-27 오후 12:12:05] S:\SPI Job\SPI_bosch_Suzhou\3338313251_R2.mdb_Job Load in C-Editor Completed!
[2020-10-27 오후 12:12:07] OK버튼찾기 시작
[2020-10-27 오후 12:15:08] OK버튼찾기 완료
[2020-10-27 오후 12:15:16] S:\SPI Job\SPI_bosch_Suzhou\3338313251_R2.mdb_ Job Convert Success
[2020-10-27 오후 12:16:36] S:\SPI Job\SPI_bosch_Suzhou\3338315080_R2.mdb_Job Load in C-Editor Completed!
[2020-10-27 오후 12:16:39] OK버튼찾기 시작
[2020-10-27 오후 12:19:39] OK버튼찾기 완료
[2020-10-27 오후 12:19:45] S:\SPI Job\SPI_bosch_Suzhou\3338315080_R2.mdb_ Job Convert Success
[2020-10-27 오후 12:21:05] S:\SPI Job\SPI_bosch_Suzhou\3338316080_R2.mdb_Job Load in C-Editor Completed!
[2020-10-27 오후 12:21:08] OK버튼찾기 시작
[2020-10-27 오후 12:24:08] OK버튼찾기 완료
[2020-10-27 오후 12:24:13] S:\SPI Job\SPI_bosch_Suzhou\3338316080_R2.mdb_ Job Convert Success
[2020-10-27 오후 12:25:35] S:\SPI Job\SPI_Compal Kunshan\AT_S-ZFX50-LAB141P-01.mdb_Job Load in C-Editor Completed!
[2020-10-27 오후 12:27:02] S:\SPI Job\SPI_Continental_periferico_VW MIB 9 in A2C13005801\Bottom\VW MIB 9 in A2C13005801 Bottom.mdb_Job Load in C-Editor Completed!
[2020-10-27 오후 12:28:27] S:\SPI Job\SPI_Continental_periferico_VW MIB 9 in A2C13005801\Top\VW MIB 9 in A2C13005801 Top.mdb_Job Load in C-Editor Completed!
[2020-10-27 오후 12:29:47] S:\SPI Job\SPI_Jabil_GDL\4525796_0501 TEST\4525796_0501 TEST.mdb_Job Load in C-Editor Completed!
[2020-10-27 오후 12:31:07] S:\SPI Job\SPI_jinnan_guangzhou\AG-1504041-A1.mdb_Job Load in C-Editor Completed!
[2020-10-27 오후 12:32:28] S:\SPI Job\SPI_jinnan_guangzhou\SVL430A30-V0.1-WP.mdb_Job Load in C-Editor Completed!
[2020-10-27 오후 12:33:50] S:\SPI Job\SPI_jinnan_guangzhou\SVL490A43-SH705-V0.2.mdb_Job Load in C-Editor Completed!
[2020-10-27 오후 12:35:11] S:\SPI Job\SPI_jinnan_guangzhou\SVL490A43-V0.1-WS.mdb_Job Load in C-Editor Completed!
[2020-10-27 오후 12:36:32] S:\SPI Job\SPI_Luxshare_Kunshan\H07 MLB BOT.mdb_Job Load in C-Editor Completed!
[2020-10-27 오후 12:37:54] S:\SPI Job\SPI_S&T Motiv_Yangsan\180823 Alpha_Bottom_Test.mdb_Job Load in C-Editor Completed!
[2020-10-27 오후 12:37:57] OK버튼찾기 시작
[2020-10-27 오후 12:40:57] OK버튼찾기 완료
[2020-10-27 오후 12:41:04] S:\SPI Job\SPI_S&T Motiv_Yangsan\180823 Alpha_Bottom_Test.mdb_ Job Convert Success
[2020-10-27 오후 12:42:27] S:\SPI Job\SPI_S&T Motiv_Yangsan\180823 Alpha_Bottom_Test_Ver 1.0.mdb_Job Load in C-Editor Completed!
[2020-10-27 오후 12:42:29] OK버튼찾기 시작
[2020-10-27 오후 12:45:29] OK버튼찾기 완료
[2020-10-27 오후 12:45:37] S:\SPI Job\SPI_S&T Motiv_Yangsan\180823 Alpha_Bottom_Test_Ver 1.0.mdb_ Job Convert Success
[2020-10-27 오후 12:46:59] S:\SPI Job\SPI_S&T Motiv_Yangsan\180823 Alpha_TOP_Test.mdb_Job Load in C-Editor Completed!
[2020-10-27 오후 12:48:20] S:\SPI Job\SPI_S&T Motiv_Yangsan\180823 Beta_Bottom_Test.mdb_Job Load in C-Editor Completed!
[2020-10-27 오후 12:49:42] S:\SPI Job\SPI_S&T Motiv_Yangsan\180823 Beta_TOP_Test.mdb_Job Load in C-Editor Completed!
[2020-10-27 오후 12:51:04] S:\SPI Job\SPI_S&T Motiv_Yangsan\180823 Gamma_Bottom_Test.mdb_Job Load in C-Editor Completed!
[2020-10-27 오후 12:52:27] S:\SPI Job\SPI_S&T Motiv_Yangsan\180823 Gamma_TOP_Test.mdb_Job Load in C-Editor Completed!
[2020-10-27 오후 12:53:47] S:\SPI Job\SPI_Samsung\Samsung_SPI_test02.mdb_Job Load in C-Editor Completed!
[2020-10-27 오후 12:55:08] S:\SPI Job\SPI_Skyworks\741987SD0A_SKYWORKS.mdb_Job Load in C-Editor Completed!
[2020-10-27 오후 12:56:29] S:\SPI Job\SPI_Skyworks\742223SD0A_SKYWORKS.mdb_Job Load in C-Editor Completed!
[2020-10-27 오후 12:56:46] job path 입력 오류로 job load 재수행
[2020-10-27 오후 12:58:07] S:\SPI Job\SPI_Skyworks\800756SD0A_SKYWORKS.mdb_Job Load in C-Editor Completed!
[2020-10-27 오후 12:59:28] S:\SPI Job\SPI_Unclassified Data\0851305SD0A_JEJU4.mdb_Job Load in C-Editor Completed!
[2020-10-27 오후 1:00:50] S:\SPI Job\SPI_Unclassified Data\309000120764B3 MOON-MLB.mdb_Job Load in C-Editor Completed!
[2020-10-27 오후 1:02:13] S:\SPI Job\SPI_Unclassified Data\309000120766T5-7-MOON-MLB.mdb_Job Load in C-Editor Completed!
[2020-10-27 오후 1:03:37] S:\SPI Job\SPI_Unclassified Data\309000319296R1T0  Greedo-R-FLEX - 짼창쩍쨘횏짰 - 쨌횜쩔챵짼창횎횚.mdb_Job Load in C-Editor Completed!
[2020-10-27 오후 1:05:02] S:\SPI Job\SPI_Unclassified Data\309000319296R1T0  Greedo-R-FLEX - 짼창쩍쨘횏짰.mdb_Job Load in C-Editor Completed!
[2020-10-27 오후 1:06:24] S:\SPI Job\SPI_Unclassified Data\309000500379B7-Jupiter-R.mdb_Job Load in C-Editor Completed!
[2020-10-27 오후 1:07:46] S:\SPI Job\SPI_Unclassified Data\309000500379T10 Jupiter-R.mdb_Job Load in C-Editor Completed!
[2020-10-27 오후 1:09:08] S:\SPI Job\SPI_Unclassified Data\309000500379T11 Jupiter-Right.mdb_Job Load in C-Editor Completed!
[2020-10-27 오후 1:10:29] S:\SPI Job\SPI_Unclassified Data\742223GB0B_.mdb_Job Load in C-Editor Completed!
[2020-10-27 오후 1:11:49] S:\SPI Job\SPI_Unclassified Data\780514GB0A.mdb_Job Load in C-Editor Completed!
[2020-10-27 오후 1:13:13] S:\SPI Job\SPI_Unclassified Data\800689GB0A_F+_final_segmentation.mdb_Job Load in C-Editor Completed!
[2020-10-27 오후 1:14:35] S:\SPI Job\SPI_Unclassified Data\808508SD0A_JEDI_F.mdb_Job Load in C-Editor Completed!
[2020-10-27 오후 1:15:56] S:\SPI Job\SPI_Unclassified Data\ACFM-W223-AK_SL.mdb_Job Load in C-Editor Completed!
[2020-10-27 오후 1:17:16] S:\SPI Job\SPI_Unclassified Data\AFEM-8086-A.mdb_Job Load in C-Editor Completed!
[2020-10-27 오후 1:25:52] Ranorex.RanorexException: WaitForAttributeEqual failed. The attribute 'Value' did not equal the specified value '29700' before the timeout of 5m. The last value found was '0'. Associated repository item: 'JobLoading_Repository.EditComponentID.ProgressBar20WndClass'
   at Ranorex.Core.Repository.RepoItemInfo.WaitForAttributeInternal(Duration waitTimeout, String name, Object value, WaitForAction action)
   at Ranorex.Core.Repository.RepoItemInfo.WaitForAttributeEqual(Duration waitTimeout, String name, Object value)
   at Automation_JobLoading.MainForm.CEditor_JobConvert(StreamWriter sw) in S:\Automation\Automation_JobLoading\Automation_JobLoading\MainForm.cs:line 153
[2020-10-27 오후 1:26:52] Ranorex.ElementNotFoundException: Failed to find item 'JobLoading_Repository.VisionAnalysisToolVersion273.SimulationApply'. ---> Ranorex.ElementNotFoundException: No element found for path '/form[@title~'^Vision\ Analysis\ Tool\ -\ Ve']/button[@text='Simulation Apply']' within 1m.
   --- End of inner exception stack trace ---
   at Ranorex.Core.Repository.RepoItemInfo.FindInternal[T](Boolean findSingle, Boolean throwException, Duration effectiveTimeoutOverride)
   at Ranorex.Core.Repository.RepoItemInfo.<>c__DisplayClass75_0`1.<Find>b__0()
   at Ranorex.Core.Testing.Services.NoMaintenanceModeService.HandleElementNotFound[T](Func`1 action, RepoItemInfo entry)
   at Ranorex.Core.Repository.RepoItemInfo.Find[T](Boolean findSingle, Boolean throwException, Duration effectiveTimeoutOverride)
   at Ranorex.Core.Repository.RepoItemInfo.CreateAdapter[T](Boolean throwException, Duration waitTimeout)
   at Ranorex.Core.Repository.RepoItemInfo.CreateAdapter[T](Boolean throwException)
   at Automation_JobLoading.JobLoading_RepositoryFolders.VisionAnalysisToolVersion273AppFolder.get_SimulationApply() in S:\Automation\Automation_JobLoading\Automation_JobLoading\JobLoading_Repository.cs:line 1228
   at Automation_JobLoading.Class.Common.SPIGUION() in S:\Automation\Automation_JobLoading\Automation_JobLoading\Class\Common.cs:line 41
[2020-10-27 오후 1:27:53] Ranorex.ElementNotFoundException: Failed to find item 'JobLoading_Repository.SPIGUI.LoadJobFile.NormalLane2'. ---> Ranorex.ElementNotFoundException: No element found for path '/form[@title='Load Dual Lane JOB file']/?/?/element[@controlid='18']/radiobutton[@accessiblename='Normal']' within 1m.
   --- End of inner exception stack trace ---
   at Ranorex.Core.Repository.RepoItemInfo.FindInternal[T](Boolean findSingle, Boolean throwException, Duration effectiveTimeoutOverride)
   at Ranorex.Core.Repository.RepoItemInfo.<>c__DisplayClass75_0`1.<Find>b__0()
   at Ranorex.Core.Testing.Services.NoMaintenanceModeService.HandleElementNotFound[T](Func`1 action, RepoItemInfo entry)
   at Ranorex.Core.Repository.RepoItemInfo.Find[T](Boolean findSingle, Boolean throwException, Duration effectiveTimeoutOverride)
   at Ranorex.Core.Repository.RepoItemInfo.CreateAdapter[T](Boolean throwException, Duration waitTimeout)
   at Ranorex.Core.Repository.RepoItemInfo.CreateAdapter[T](Boolean throwException)
   at Automation_JobLoading.JobLoading_RepositoryFolders.LoadJobFileAppFolder.get_NormalLane2() in S:\Automation\Automation_JobLoading\Automation_JobLoading\JobLoading_Repository.cs:line 1793
   at Automation_JobLoading.MainForm.SPIGUI_JobLoading(StreamWriter sw) in S:\Automation\Automation_JobLoading\Automation_JobLoading\MainForm.cs:line 212
