[2020-11-09 오전 9:23:32] Program Load
[2020-11-09 오전 9:23:32] Job List Display Completed!
[2020-11-09 오전 9:28:30] Program Load
[2020-11-09 오전 9:28:30] Job List Display Completed!
[2020-11-09 오전 9:29:46] S:\SPI Job\Amkor\0859586GBA_2.mdb_Job Load in C-Editor Completed!
[2020-11-09 오전 9:30:22] Program Load
[2020-11-09 오전 9:30:22] Job List Display Completed!
[2020-11-09 오전 9:31:54] S:\SPI Job\Amkor\0859586GBA_2.mdb_Job Load in C-Editor Completed!
[2020-11-09 오전 9:33:10] S:\SPI Job\huawei job\5.mdb_Job Load in C-Editor Completed!
[2020-11-09 오전 9:34:25] S:\SPI Job\SPI_bosch_Suzhou\3332A10012_R2.mdb_Job Load in C-Editor Completed!
[2020-11-09 오전 9:35:41] S:\SPI Job\SPI_bosch_Suzhou\3332A10048_R2.mdb_Job Load in C-Editor Completed!
[2020-11-09 오전 9:36:57] S:\SPI Job\SPI_bosch_Suzhou\3332A10121_R2.mdb_Job Load in C-Editor Completed!
[2020-11-09 오전 9:38:13] S:\SPI Job\SPI_bosch_Suzhou\3332AJ0030_R2.mdb_Job Load in C-Editor Completed!
[2020-11-09 오전 9:39:28] S:\SPI Job\SPI_bosch_Suzhou\3332AJ0031_R2.mdb_Job Load in C-Editor Completed!
[2020-11-09 오전 9:40:44] S:\SPI Job\SPI_bosch_Suzhou\3332AJ0035_R2.mdb_Job Load in C-Editor Completed!
[2020-11-09 오전 9:42:00] S:\SPI Job\SPI_bosch_Suzhou\3332AJ0038_R2.mdb_Job Load in C-Editor Completed!
[2020-11-09 오전 9:43:16] S:\SPI Job\SPI_bosch_Suzhou\3332AJ0040_R2.mdb_Job Load in C-Editor Completed!
[2020-11-09 오전 9:44:32] S:\SPI Job\SPI_bosch_Suzhou\3332AJ0041_R2.mdb_Job Load in C-Editor Completed!
[2020-11-09 오전 9:45:47] S:\SPI Job\SPI_bosch_Suzhou\3332AJ0042_R2.mdb_Job Load in C-Editor Completed!
[2020-11-09 오전 9:47:03] S:\SPI Job\SPI_bosch_Suzhou\3332AJ0043_R2.mdb_Job Load in C-Editor Completed!
[2020-11-09 오전 9:48:19] S:\SPI Job\SPI_bosch_Suzhou\3332AJ0044_R2.mdb_Job Load in C-Editor Completed!
[2020-11-09 오전 9:49:35] S:\SPI Job\SPI_bosch_Suzhou\3332AJ0049_R2.mdb_Job Load in C-Editor Completed!
[2020-11-09 오전 9:50:50] S:\SPI Job\SPI_bosch_Suzhou\3332AJ0052_R2.mdb_Job Load in C-Editor Completed!
[2020-11-09 오전 9:52:06] S:\SPI Job\SPI_bosch_Suzhou\3332AJ0053_R2.mdb_Job Load in C-Editor Completed!
[2020-11-09 오전 9:53:22] S:\SPI Job\SPI_bosch_Suzhou\3338311239_R2.mdb_Job Load in C-Editor Completed!
[2020-11-09 오전 9:54:37] S:\SPI Job\SPI_bosch_Suzhou\3338311284_R2.mdb_Job Load in C-Editor Completed!
[2020-11-09 오전 9:55:53] S:\SPI Job\SPI_bosch_Suzhou\3338311285_R2.mdb_Job Load in C-Editor Completed!
[2020-11-09 오전 9:57:09] S:\SPI Job\SPI_bosch_Suzhou\3338311291_R2.mdb_Job Load in C-Editor Completed!
[2020-11-09 오전 9:58:25] S:\SPI Job\SPI_bosch_Suzhou\3338311301_R2.mdb_Job Load in C-Editor Completed!
[2020-11-09 오전 9:59:40] S:\SPI Job\SPI_bosch_Suzhou\3338311323_R2.mdb_Job Load in C-Editor Completed!
[2020-11-09 오전 10:00:56] S:\SPI Job\SPI_bosch_Suzhou\3338311324_R2.mdb_Job Load in C-Editor Completed!
[2020-11-09 오전 10:02:12] S:\SPI Job\SPI_bosch_Suzhou\3338311326_R2.mdb_Job Load in C-Editor Completed!
[2020-11-09 오전 10:03:28] S:\SPI Job\SPI_bosch_Suzhou\3338311327_R2.mdb_Job Load in C-Editor Completed!
[2020-11-09 오전 10:04:43] S:\SPI Job\SPI_bosch_Suzhou\3338312040_R2.mdb_Job Load in C-Editor Completed!
[2020-11-09 오전 10:05:59] S:\SPI Job\SPI_bosch_Suzhou\3338312112_R2.mdb_Job Load in C-Editor Completed!
[2020-11-09 오전 10:07:15] S:\SPI Job\SPI_bosch_Suzhou\3338312255_R2.mdb_Job Load in C-Editor Completed!
[2020-11-09 오전 10:08:31] S:\SPI Job\SPI_bosch_Suzhou\3338313034_R2.mdb_Job Load in C-Editor Completed!
[2020-11-09 오전 10:09:46] S:\SPI Job\SPI_bosch_Suzhou\3338313076_R2.mdb_Job Load in C-Editor Completed!
[2020-11-09 오전 10:11:02] S:\SPI Job\SPI_bosch_Suzhou\3338313192_R2.mdb_Job Load in C-Editor Completed!
[2020-11-09 오전 10:12:17] S:\SPI Job\SPI_bosch_Suzhou\3338313251_R2.mdb_Job Load in C-Editor Completed!
[2020-11-09 오전 10:13:33] S:\SPI Job\SPI_bosch_Suzhou\3338315080_R2.mdb_Job Load in C-Editor Completed!
[2020-11-09 오전 10:14:49] S:\SPI Job\SPI_bosch_Suzhou\3338316080_R2.mdb_Job Load in C-Editor Completed!
[2020-11-09 오전 10:16:04] S:\SPI Job\SPI_Compal Kunshan\AT_S-ZFX50-LAB141P-01.mdb_Job Load in C-Editor Completed!
[2020-11-09 오전 10:17:20] S:\SPI Job\SPI_Continental_periferico_VW MIB 9 in A2C13005801\Bottom\VW MIB 9 in A2C13005801 Bottom.mdb_Job Load in C-Editor Completed!
[2020-11-09 오전 10:18:36] S:\SPI Job\SPI_Continental_periferico_VW MIB 9 in A2C13005801\Top\VW MIB 9 in A2C13005801 Top.mdb_Job Load in C-Editor Completed!
[2020-11-09 오전 10:19:49] S:\SPI Job\SPI_Jabil_GDL\4525796_0501 TEST\4525796_0501 TEST.mdb_Job Load in C-Editor Completed!
[2020-11-09 오전 10:21:04] S:\SPI Job\SPI_jinnan_guangzhou\AG-1504041-A1.mdb_Job Load in C-Editor Completed!
[2020-11-09 오전 10:22:20] S:\SPI Job\SPI_jinnan_guangzhou\SVL430A30-V0.1-WP.mdb_Job Load in C-Editor Completed!
[2020-11-09 오전 10:23:36] S:\SPI Job\SPI_jinnan_guangzhou\SVL490A43-SH705-V0.2.mdb_Job Load in C-Editor Completed!
[2020-11-09 오전 10:24:51] S:\SPI Job\SPI_jinnan_guangzhou\SVL490A43-V0.1-WS.mdb_Job Load in C-Editor Completed!
[2020-11-09 오전 10:26:07] S:\SPI Job\SPI_Luxshare_Kunshan\H07 MLB BOT.mdb_Job Load in C-Editor Completed!
[2020-11-09 오전 10:27:22] S:\SPI Job\SPI_S&T Motiv_Yangsan\180823 Alpha_Bottom_Test.mdb_Job Load in C-Editor Completed!
[2020-11-09 오전 10:28:38] S:\SPI Job\SPI_S&T Motiv_Yangsan\180823 Alpha_Bottom_Test_Ver 1.0.mdb_Job Load in C-Editor Completed!
[2020-11-09 오전 10:28:40] OK버튼찾기 시작
[2020-11-09 오전 10:28:42] OK버튼찾기 완료
[2020-11-09 오전 10:28:48] S:\SPI Job\SPI_S&T Motiv_Yangsan\180823 Alpha_Bottom_Test_Ver 1.0.mdb_ Job Convert Success
[2020-11-09 오전 10:29:49] Ranorex.ElementNotFoundException: Failed to find item 'JobLoading_Repository.ComponentID.TextBox'. ---> Ranorex.ElementNotFoundException: No element found for path '/form[@processname='CEditor' and @class='#32770']/?/?/text[@controlid='1148']' within 1m.
   --- End of inner exception stack trace ---
   at Ranorex.Core.Repository.RepoItemInfo.FindInternal[T](Boolean findSingle, Boolean throwException, Duration effectiveTimeoutOverride)
   at Ranorex.Core.Repository.RepoItemInfo.<>c__DisplayClass75_0`1.<Find>b__0()
   at Ranorex.Core.Testing.Services.NoMaintenanceModeService.HandleElementNotFound[T](Func`1 action, RepoItemInfo entry)
   at Ranorex.Core.Repository.RepoItemInfo.Find[T](Boolean findSingle, Boolean throwException, Duration effectiveTimeoutOverride)
   at Ranorex.Core.Repository.RepoItemInfo.CreateAdapter[T](Boolean throwException, Duration waitTimeout)
   at Ranorex.Core.Repository.RepoItemInfo.CreateAdapter[T](Boolean throwException)
   at Automation_JobLoading.JobLoading_RepositoryFolders.ComponentIDAppFolder.get_TextBox() in S:\Automation\Automation_JobLoading\Automation_JobLoading\JobLoading_Repository.cs:line 449
   at Automation_JobLoading.MainForm.CEditor_JobConvert(StreamWriter sw) in S:\Automation\Automation_JobLoading\Automation_JobLoading\MainForm.cs:line 155
[2020-11-09 오전 10:30:50] Ranorex.ElementNotFoundException: Failed to find item 'JobLoading_Repository.ComponentID.TextBox'. ---> Ranorex.ElementNotFoundException: No element found for path '/form[@processname='CEditor' and @class='#32770']/?/?/text[@controlid='1148']' within 1m.
   --- End of inner exception stack trace ---
   at Ranorex.Core.Repository.RepoItemInfo.FindInternal[T](Boolean findSingle, Boolean throwException, Duration effectiveTimeoutOverride)
   at Ranorex.Core.Repository.RepoItemInfo.<>c__DisplayClass75_0`1.<Find>b__0()
   at Ranorex.Core.Testing.Services.NoMaintenanceModeService.HandleElementNotFound[T](Func`1 action, RepoItemInfo entry)
   at Ranorex.Core.Repository.RepoItemInfo.Find[T](Boolean findSingle, Boolean throwException, Duration effectiveTimeoutOverride)
   at Ranorex.Core.Repository.RepoItemInfo.CreateAdapter[T](Boolean throwException, Duration waitTimeout)
   at Ranorex.Core.Repository.RepoItemInfo.CreateAdapter[T](Boolean throwException)
   at Automation_JobLoading.JobLoading_RepositoryFolders.ComponentIDAppFolder.get_TextBox() in S:\Automation\Automation_JobLoading\Automation_JobLoading\JobLoading_Repository.cs:line 449
   at Automation_JobLoading.MainForm.CEditor_JobConvert(StreamWriter sw) in S:\Automation\Automation_JobLoading\Automation_JobLoading\MainForm.cs:line 155
[2020-11-09 오전 10:31:51] Ranorex.ElementNotFoundException: Failed to find item 'JobLoading_Repository.ComponentID.TextBox'. ---> Ranorex.ElementNotFoundException: No element found for path '/form[@processname='CEditor' and @class='#32770']/?/?/text[@controlid='1148']' within 1m.
   --- End of inner exception stack trace ---
   at Ranorex.Core.Repository.RepoItemInfo.FindInternal[T](Boolean findSingle, Boolean throwException, Duration effectiveTimeoutOverride)
   at Ranorex.Core.Repository.RepoItemInfo.<>c__DisplayClass75_0`1.<Find>b__0()
   at Ranorex.Core.Testing.Services.NoMaintenanceModeService.HandleElementNotFound[T](Func`1 action, RepoItemInfo entry)
   at Ranorex.Core.Repository.RepoItemInfo.Find[T](Boolean findSingle, Boolean throwException, Duration effectiveTimeoutOverride)
   at Ranorex.Core.Repository.RepoItemInfo.CreateAdapter[T](Boolean throwException, Duration waitTimeout)
   at Ranorex.Core.Repository.RepoItemInfo.CreateAdapter[T](Boolean throwException)
   at Automation_JobLoading.JobLoading_RepositoryFolders.ComponentIDAppFolder.get_TextBox() in S:\Automation\Automation_JobLoading\Automation_JobLoading\JobLoading_Repository.cs:line 449
   at Automation_JobLoading.MainForm.CEditor_JobConvert(StreamWriter sw) in S:\Automation\Automation_JobLoading\Automation_JobLoading\MainForm.cs:line 155
[2020-11-09 오전 10:32:52] Ranorex.ElementNotFoundException: Failed to find item 'JobLoading_Repository.ComponentID.TextBox'. ---> Ranorex.ElementNotFoundException: No element found for path '/form[@processname='CEditor' and @class='#32770']/?/?/text[@controlid='1148']' within 1m.
   --- End of inner exception stack trace ---
   at Ranorex.Core.Repository.RepoItemInfo.FindInternal[T](Boolean findSingle, Boolean throwException, Duration effectiveTimeoutOverride)
   at Ranorex.Core.Repository.RepoItemInfo.<>c__DisplayClass75_0`1.<Find>b__0()
   at Ranorex.Core.Testing.Services.NoMaintenanceModeService.HandleElementNotFound[T](Func`1 action, RepoItemInfo entry)
   at Ranorex.Core.Repository.RepoItemInfo.Find[T](Boolean findSingle, Boolean throwException, Duration effectiveTimeoutOverride)
   at Ranorex.Core.Repository.RepoItemInfo.CreateAdapter[T](Boolean throwException, Duration waitTimeout)
   at Ranorex.Core.Repository.RepoItemInfo.CreateAdapter[T](Boolean throwException)
   at Automation_JobLoading.JobLoading_RepositoryFolders.ComponentIDAppFolder.get_TextBox() in S:\Automation\Automation_JobLoading\Automation_JobLoading\JobLoading_Repository.cs:line 449
   at Automation_JobLoading.MainForm.CEditor_JobConvert(StreamWriter sw) in S:\Automation\Automation_JobLoading\Automation_JobLoading\MainForm.cs:line 155
[2020-11-09 오전 10:33:53] Ranorex.ElementNotFoundException: Failed to find item 'JobLoading_Repository.ComponentID.TextBox'. ---> Ranorex.ElementNotFoundException: No element found for path '/form[@processname='CEditor' and @class='#32770']/?/?/text[@controlid='1148']' within 1m.
   --- End of inner exception stack trace ---
   at Ranorex.Core.Repository.RepoItemInfo.FindInternal[T](Boolean findSingle, Boolean throwException, Duration effectiveTimeoutOverride)
   at Ranorex.Core.Repository.RepoItemInfo.<>c__DisplayClass75_0`1.<Find>b__0()
   at Ranorex.Core.Testing.Services.NoMaintenanceModeService.HandleElementNotFound[T](Func`1 action, RepoItemInfo entry)
   at Ranorex.Core.Repository.RepoItemInfo.Find[T](Boolean findSingle, Boolean throwException, Duration effectiveTimeoutOverride)
   at Ranorex.Core.Repository.RepoItemInfo.CreateAdapter[T](Boolean throwException, Duration waitTimeout)
   at Ranorex.Core.Repository.RepoItemInfo.CreateAdapter[T](Boolean throwException)
   at Automation_JobLoading.JobLoading_RepositoryFolders.ComponentIDAppFolder.get_TextBox() in S:\Automation\Automation_JobLoading\Automation_JobLoading\JobLoading_Repository.cs:line 449
   at Automation_JobLoading.MainForm.CEditor_JobConvert(StreamWriter sw) in S:\Automation\Automation_JobLoading\Automation_JobLoading\MainForm.cs:line 155
[2020-11-09 오전 10:34:53] Ranorex.ElementNotFoundException: Failed to find item 'JobLoading_Repository.ComponentID.TextBox'. ---> Ranorex.ElementNotFoundException: No element found for path '/form[@processname='CEditor' and @class='#32770']/?/?/text[@controlid='1148']' within 1m.
   --- End of inner exception stack trace ---
   at Ranorex.Core.Repository.RepoItemInfo.FindInternal[T](Boolean findSingle, Boolean throwException, Duration effectiveTimeoutOverride)
   at Ranorex.Core.Repository.RepoItemInfo.<>c__DisplayClass75_0`1.<Find>b__0()
   at Ranorex.Core.Testing.Services.NoMaintenanceModeService.HandleElementNotFound[T](Func`1 action, RepoItemInfo entry)
   at Ranorex.Core.Repository.RepoItemInfo.Find[T](Boolean findSingle, Boolean throwException, Duration effectiveTimeoutOverride)
   at Ranorex.Core.Repository.RepoItemInfo.CreateAdapter[T](Boolean throwException, Duration waitTimeout)
   at Ranorex.Core.Repository.RepoItemInfo.CreateAdapter[T](Boolean throwException)
   at Automation_JobLoading.JobLoading_RepositoryFolders.ComponentIDAppFolder.get_TextBox() in S:\Automation\Automation_JobLoading\Automation_JobLoading\JobLoading_Repository.cs:line 449
   at Automation_JobLoading.MainForm.CEditor_JobConvert(StreamWriter sw) in S:\Automation\Automation_JobLoading\Automation_JobLoading\MainForm.cs:line 155
[2020-11-09 오전 10:35:54] Ranorex.ElementNotFoundException: Failed to find item 'JobLoading_Repository.ComponentID.TextBox'. ---> Ranorex.ElementNotFoundException: No element found for path '/form[@processname='CEditor' and @class='#32770']/?/?/text[@controlid='1148']' within 1m.
   --- End of inner exception stack trace ---
   at Ranorex.Core.Repository.RepoItemInfo.FindInternal[T](Boolean findSingle, Boolean throwException, Duration effectiveTimeoutOverride)
   at Ranorex.Core.Repository.RepoItemInfo.<>c__DisplayClass75_0`1.<Find>b__0()
   at Ranorex.Core.Testing.Services.NoMaintenanceModeService.HandleElementNotFound[T](Func`1 action, RepoItemInfo entry)
   at Ranorex.Core.Repository.RepoItemInfo.Find[T](Boolean findSingle, Boolean throwException, Duration effectiveTimeoutOverride)
   at Ranorex.Core.Repository.RepoItemInfo.CreateAdapter[T](Boolean throwException, Duration waitTimeout)
   at Ranorex.Core.Repository.RepoItemInfo.CreateAdapter[T](Boolean throwException)
   at Automation_JobLoading.JobLoading_RepositoryFolders.ComponentIDAppFolder.get_TextBox() in S:\Automation\Automation_JobLoading\Automation_JobLoading\JobLoading_Repository.cs:line 449
   at Automation_JobLoading.MainForm.CEditor_JobConvert(StreamWriter sw) in S:\Automation\Automation_JobLoading\Automation_JobLoading\MainForm.cs:line 155
[2020-11-09 오전 10:36:55] Ranorex.ElementNotFoundException: Failed to find item 'JobLoading_Repository.ComponentID.TextBox'. ---> Ranorex.ElementNotFoundException: No element found for path '/form[@processname='CEditor' and @class='#32770']/?/?/text[@controlid='1148']' within 1m.
   --- End of inner exception stack trace ---
   at Ranorex.Core.Repository.RepoItemInfo.FindInternal[T](Boolean findSingle, Boolean throwException, Duration effectiveTimeoutOverride)
   at Ranorex.Core.Repository.RepoItemInfo.<>c__DisplayClass75_0`1.<Find>b__0()
   at Ranorex.Core.Testing.Services.NoMaintenanceModeService.HandleElementNotFound[T](Func`1 action, RepoItemInfo entry)
   at Ranorex.Core.Repository.RepoItemInfo.Find[T](Boolean findSingle, Boolean throwException, Duration effectiveTimeoutOverride)
   at Ranorex.Core.Repository.RepoItemInfo.CreateAdapter[T](Boolean throwException, Duration waitTimeout)
   at Ranorex.Core.Repository.RepoItemInfo.CreateAdapter[T](Boolean throwException)
   at Automation_JobLoading.JobLoading_RepositoryFolders.ComponentIDAppFolder.get_TextBox() in S:\Automation\Automation_JobLoading\Automation_JobLoading\JobLoading_Repository.cs:line 449
   at Automation_JobLoading.MainForm.CEditor_JobConvert(StreamWriter sw) in S:\Automation\Automation_JobLoading\Automation_JobLoading\MainForm.cs:line 155
[2020-11-09 오전 10:37:56] Ranorex.ElementNotFoundException: Failed to find item 'JobLoading_Repository.ComponentID.TextBox'. ---> Ranorex.ElementNotFoundException: No element found for path '/form[@processname='CEditor' and @class='#32770']/?/?/text[@controlid='1148']' within 1m.
   --- End of inner exception stack trace ---
   at Ranorex.Core.Repository.RepoItemInfo.FindInternal[T](Boolean findSingle, Boolean throwException, Duration effectiveTimeoutOverride)
   at Ranorex.Core.Repository.RepoItemInfo.<>c__DisplayClass75_0`1.<Find>b__0()
   at Ranorex.Core.Testing.Services.NoMaintenanceModeService.HandleElementNotFound[T](Func`1 action, RepoItemInfo entry)
   at Ranorex.Core.Repository.RepoItemInfo.Find[T](Boolean findSingle, Boolean throwException, Duration effectiveTimeoutOverride)
   at Ranorex.Core.Repository.RepoItemInfo.CreateAdapter[T](Boolean throwException, Duration waitTimeout)
   at Ranorex.Core.Repository.RepoItemInfo.CreateAdapter[T](Boolean throwException)
   at Automation_JobLoading.JobLoading_RepositoryFolders.ComponentIDAppFolder.get_TextBox() in S:\Automation\Automation_JobLoading\Automation_JobLoading\JobLoading_Repository.cs:line 449
   at Automation_JobLoading.MainForm.CEditor_JobConvert(StreamWriter sw) in S:\Automation\Automation_JobLoading\Automation_JobLoading\MainForm.cs:line 155
[2020-11-09 오전 10:38:57] Ranorex.ElementNotFoundException: Failed to find item 'JobLoading_Repository.ComponentID.TextBox'. ---> Ranorex.ElementNotFoundException: No element found for path '/form[@processname='CEditor' and @class='#32770']/?/?/text[@controlid='1148']' within 1m.
   --- End of inner exception stack trace ---
   at Ranorex.Core.Repository.RepoItemInfo.FindInternal[T](Boolean findSingle, Boolean throwException, Duration effectiveTimeoutOverride)
   at Ranorex.Core.Repository.RepoItemInfo.<>c__DisplayClass75_0`1.<Find>b__0()
   at Ranorex.Core.Testing.Services.NoMaintenanceModeService.HandleElementNotFound[T](Func`1 action, RepoItemInfo entry)
   at Ranorex.Core.Repository.RepoItemInfo.Find[T](Boolean findSingle, Boolean throwException, Duration effectiveTimeoutOverride)
   at Ranorex.Core.Repository.RepoItemInfo.CreateAdapter[T](Boolean throwException, Duration waitTimeout)
   at Ranorex.Core.Repository.RepoItemInfo.CreateAdapter[T](Boolean throwException)
   at Automation_JobLoading.JobLoading_RepositoryFolders.ComponentIDAppFolder.get_TextBox() in S:\Automation\Automation_JobLoading\Automation_JobLoading\JobLoading_Repository.cs:line 449
   at Automation_JobLoading.MainForm.CEditor_JobConvert(StreamWriter sw) in S:\Automation\Automation_JobLoading\Automation_JobLoading\MainForm.cs:line 155
[2020-11-09 오전 10:39:58] Ranorex.ElementNotFoundException: Failed to find item 'JobLoading_Repository.ComponentID.TextBox'. ---> Ranorex.ElementNotFoundException: No element found for path '/form[@processname='CEditor' and @class='#32770']/?/?/text[@controlid='1148']' within 1m.
   --- End of inner exception stack trace ---
   at Ranorex.Core.Repository.RepoItemInfo.FindInternal[T](Boolean findSingle, Boolean throwException, Duration effectiveTimeoutOverride)
   at Ranorex.Core.Repository.RepoItemInfo.<>c__DisplayClass75_0`1.<Find>b__0()
   at Ranorex.Core.Testing.Services.NoMaintenanceModeService.HandleElementNotFound[T](Func`1 action, RepoItemInfo entry)
   at Ranorex.Core.Repository.RepoItemInfo.Find[T](Boolean findSingle, Boolean throwException, Duration effectiveTimeoutOverride)
   at Ranorex.Core.Repository.RepoItemInfo.CreateAdapter[T](Boolean throwException, Duration waitTimeout)
   at Ranorex.Core.Repository.RepoItemInfo.CreateAdapter[T](Boolean throwException)
   at Automation_JobLoading.JobLoading_RepositoryFolders.ComponentIDAppFolder.get_TextBox() in S:\Automation\Automation_JobLoading\Automation_JobLoading\JobLoading_Repository.cs:line 449
   at Automation_JobLoading.MainForm.CEditor_JobConvert(StreamWriter sw) in S:\Automation\Automation_JobLoading\Automation_JobLoading\MainForm.cs:line 155
[2020-11-09 오전 10:40:59] Ranorex.ElementNotFoundException: Failed to find item 'JobLoading_Repository.ComponentID.TextBox'. ---> Ranorex.ElementNotFoundException: No element found for path '/form[@processname='CEditor' and @class='#32770']/?/?/text[@controlid='1148']' within 1m.
   --- End of inner exception stack trace ---
   at Ranorex.Core.Repository.RepoItemInfo.FindInternal[T](Boolean findSingle, Boolean throwException, Duration effectiveTimeoutOverride)
   at Ranorex.Core.Repository.RepoItemInfo.<>c__DisplayClass75_0`1.<Find>b__0()
   at Ranorex.Core.Testing.Services.NoMaintenanceModeService.HandleElementNotFound[T](Func`1 action, RepoItemInfo entry)
   at Ranorex.Core.Repository.RepoItemInfo.Find[T](Boolean findSingle, Boolean throwException, Duration effectiveTimeoutOverride)
   at Ranorex.Core.Repository.RepoItemInfo.CreateAdapter[T](Boolean throwException, Duration waitTimeout)
   at Ranorex.Core.Repository.RepoItemInfo.CreateAdapter[T](Boolean throwException)
   at Automation_JobLoading.JobLoading_RepositoryFolders.ComponentIDAppFolder.get_TextBox() in S:\Automation\Automation_JobLoading\Automation_JobLoading\JobLoading_Repository.cs:line 449
   at Automation_JobLoading.MainForm.CEditor_JobConvert(StreamWriter sw) in S:\Automation\Automation_JobLoading\Automation_JobLoading\MainForm.cs:line 155
[2020-11-09 오전 10:42:00] Ranorex.ElementNotFoundException: Failed to find item 'JobLoading_Repository.ComponentID.TextBox'. ---> Ranorex.ElementNotFoundException: No element found for path '/form[@processname='CEditor' and @class='#32770']/?/?/text[@controlid='1148']' within 1m.
   --- End of inner exception stack trace ---
   at Ranorex.Core.Repository.RepoItemInfo.FindInternal[T](Boolean findSingle, Boolean throwException, Duration effectiveTimeoutOverride)
   at Ranorex.Core.Repository.RepoItemInfo.<>c__DisplayClass75_0`1.<Find>b__0()
   at Ranorex.Core.Testing.Services.NoMaintenanceModeService.HandleElementNotFound[T](Func`1 action, RepoItemInfo entry)
   at Ranorex.Core.Repository.RepoItemInfo.Find[T](Boolean findSingle, Boolean throwException, Duration effectiveTimeoutOverride)
   at Ranorex.Core.Repository.RepoItemInfo.CreateAdapter[T](Boolean throwException, Duration waitTimeout)
   at Ranorex.Core.Repository.RepoItemInfo.CreateAdapter[T](Boolean throwException)
   at Automation_JobLoading.JobLoading_RepositoryFolders.ComponentIDAppFolder.get_TextBox() in S:\Automation\Automation_JobLoading\Automation_JobLoading\JobLoading_Repository.cs:line 449
   at Automation_JobLoading.MainForm.CEditor_JobConvert(StreamWriter sw) in S:\Automation\Automation_JobLoading\Automation_JobLoading\MainForm.cs:line 155
[2020-11-09 오전 10:43:00] Ranorex.ElementNotFoundException: Failed to find item 'JobLoading_Repository.ComponentID.TextBox'. ---> Ranorex.ElementNotFoundException: No element found for path '/form[@processname='CEditor' and @class='#32770']/?/?/text[@controlid='1148']' within 1m.
   --- End of inner exception stack trace ---
   at Ranorex.Core.Repository.RepoItemInfo.FindInternal[T](Boolean findSingle, Boolean throwException, Duration effectiveTimeoutOverride)
   at Ranorex.Core.Repository.RepoItemInfo.<>c__DisplayClass75_0`1.<Find>b__0()
   at Ranorex.Core.Testing.Services.NoMaintenanceModeService.HandleElementNotFound[T](Func`1 action, RepoItemInfo entry)
   at Ranorex.Core.Repository.RepoItemInfo.Find[T](Boolean findSingle, Boolean throwException, Duration effectiveTimeoutOverride)
   at Ranorex.Core.Repository.RepoItemInfo.CreateAdapter[T](Boolean throwException, Duration waitTimeout)
   at Ranorex.Core.Repository.RepoItemInfo.CreateAdapter[T](Boolean throwException)
   at Automation_JobLoading.JobLoading_RepositoryFolders.ComponentIDAppFolder.get_TextBox() in S:\Automation\Automation_JobLoading\Automation_JobLoading\JobLoading_Repository.cs:line 449
   at Automation_JobLoading.MainForm.CEditor_JobConvert(StreamWriter sw) in S:\Automation\Automation_JobLoading\Automation_JobLoading\MainForm.cs:line 155
[2020-11-09 오전 10:44:01] Ranorex.ElementNotFoundException: Failed to find item 'JobLoading_Repository.ComponentID.TextBox'. ---> Ranorex.ElementNotFoundException: No element found for path '/form[@processname='CEditor' and @class='#32770']/?/?/text[@controlid='1148']' within 1m.
   --- End of inner exception stack trace ---
   at Ranorex.Core.Repository.RepoItemInfo.FindInternal[T](Boolean findSingle, Boolean throwException, Duration effectiveTimeoutOverride)
   at Ranorex.Core.Repository.RepoItemInfo.<>c__DisplayClass75_0`1.<Find>b__0()
   at Ranorex.Core.Testing.Services.NoMaintenanceModeService.HandleElementNotFound[T](Func`1 action, RepoItemInfo entry)
   at Ranorex.Core.Repository.RepoItemInfo.Find[T](Boolean findSingle, Boolean throwException, Duration effectiveTimeoutOverride)
   at Ranorex.Core.Repository.RepoItemInfo.CreateAdapter[T](Boolean throwException, Duration waitTimeout)
   at Ranorex.Core.Repository.RepoItemInfo.CreateAdapter[T](Boolean throwException)
   at Automation_JobLoading.JobLoading_RepositoryFolders.ComponentIDAppFolder.get_TextBox() in S:\Automation\Automation_JobLoading\Automation_JobLoading\JobLoading_Repository.cs:line 449
   at Automation_JobLoading.MainForm.CEditor_JobConvert(StreamWriter sw) in S:\Automation\Automation_JobLoading\Automation_JobLoading\MainForm.cs:line 155
[2020-11-09 오전 10:45:02] Ranorex.ElementNotFoundException: Failed to find item 'JobLoading_Repository.ComponentID.TextBox'. ---> Ranorex.ElementNotFoundException: No element found for path '/form[@processname='CEditor' and @class='#32770']/?/?/text[@controlid='1148']' within 1m.
   --- End of inner exception stack trace ---
   at Ranorex.Core.Repository.RepoItemInfo.FindInternal[T](Boolean findSingle, Boolean throwException, Duration effectiveTimeoutOverride)
   at Ranorex.Core.Repository.RepoItemInfo.<>c__DisplayClass75_0`1.<Find>b__0()
   at Ranorex.Core.Testing.Services.NoMaintenanceModeService.HandleElementNotFound[T](Func`1 action, RepoItemInfo entry)
   at Ranorex.Core.Repository.RepoItemInfo.Find[T](Boolean findSingle, Boolean throwException, Duration effectiveTimeoutOverride)
   at Ranorex.Core.Repository.RepoItemInfo.CreateAdapter[T](Boolean throwException, Duration waitTimeout)
   at Ranorex.Core.Repository.RepoItemInfo.CreateAdapter[T](Boolean throwException)
   at Automation_JobLoading.JobLoading_RepositoryFolders.ComponentIDAppFolder.get_TextBox() in S:\Automation\Automation_JobLoading\Automation_JobLoading\JobLoading_Repository.cs:line 449
   at Automation_JobLoading.MainForm.CEditor_JobConvert(StreamWriter sw) in S:\Automation\Automation_JobLoading\Automation_JobLoading\MainForm.cs:line 155
[2020-11-09 오전 10:46:03] Ranorex.ElementNotFoundException: Failed to find item 'JobLoading_Repository.ComponentID.TextBox'. ---> Ranorex.ElementNotFoundException: No element found for path '/form[@processname='CEditor' and @class='#32770']/?/?/text[@controlid='1148']' within 1m.
   --- End of inner exception stack trace ---
   at Ranorex.Core.Repository.RepoItemInfo.FindInternal[T](Boolean findSingle, Boolean throwException, Duration effectiveTimeoutOverride)
   at Ranorex.Core.Repository.RepoItemInfo.<>c__DisplayClass75_0`1.<Find>b__0()
   at Ranorex.Core.Testing.Services.NoMaintenanceModeService.HandleElementNotFound[T](Func`1 action, RepoItemInfo entry)
   at Ranorex.Core.Repository.RepoItemInfo.Find[T](Boolean findSingle, Boolean throwException, Duration effectiveTimeoutOverride)
   at Ranorex.Core.Repository.RepoItemInfo.CreateAdapter[T](Boolean throwException, Duration waitTimeout)
   at Ranorex.Core.Repository.RepoItemInfo.CreateAdapter[T](Boolean throwException)
   at Automation_JobLoading.JobLoading_RepositoryFolders.ComponentIDAppFolder.get_TextBox() in S:\Automation\Automation_JobLoading\Automation_JobLoading\JobLoading_Repository.cs:line 449
   at Automation_JobLoading.MainForm.CEditor_JobConvert(StreamWriter sw) in S:\Automation\Automation_JobLoading\Automation_JobLoading\MainForm.cs:line 155
[2020-11-09 오전 10:49:42] Program Load
[2020-11-09 오전 10:49:42] Job List Display Completed!
[2020-11-09 오전 10:51:16] S:\SPI Job\Amkor\0859586GBA_2.mdb_Job Load in C-Editor Completed!
[2020-11-09 오전 10:52:32] S:\SPI Job\huawei job\5.mdb_Job Load in C-Editor Completed!
[2020-11-09 오전 10:53:48] S:\SPI Job\SPI_bosch_Suzhou\3332A10012_R2.mdb_Job Load in C-Editor Completed!
[2020-11-09 오전 10:55:04] S:\SPI Job\SPI_bosch_Suzhou\3332A10048_R2.mdb_Job Load in C-Editor Completed!
[2020-11-09 오전 10:56:19] S:\SPI Job\SPI_bosch_Suzhou\3332A10121_R2.mdb_Job Load in C-Editor Completed!
[2020-11-09 오전 10:57:35] S:\SPI Job\SPI_bosch_Suzhou\3332AJ0030_R2.mdb_Job Load in C-Editor Completed!
[2020-11-09 오전 10:58:51] S:\SPI Job\SPI_bosch_Suzhou\3332AJ0031_R2.mdb_Job Load in C-Editor Completed!
[2020-11-09 오전 11:00:06] S:\SPI Job\SPI_bosch_Suzhou\3332AJ0035_R2.mdb_Job Load in C-Editor Completed!
[2020-11-09 오전 11:01:22] S:\SPI Job\SPI_bosch_Suzhou\3332AJ0038_R2.mdb_Job Load in C-Editor Completed!
[2020-11-09 오전 11:02:38] S:\SPI Job\SPI_bosch_Suzhou\3332AJ0040_R2.mdb_Job Load in C-Editor Completed!
[2020-11-09 오전 11:03:54] S:\SPI Job\SPI_bosch_Suzhou\3332AJ0041_R2.mdb_Job Load in C-Editor Completed!
[2020-11-09 오전 11:05:09] S:\SPI Job\SPI_bosch_Suzhou\3332AJ0042_R2.mdb_Job Load in C-Editor Completed!
[2020-11-09 오전 11:06:25] S:\SPI Job\SPI_bosch_Suzhou\3332AJ0043_R2.mdb_Job Load in C-Editor Completed!
[2020-11-09 오전 11:07:41] S:\SPI Job\SPI_bosch_Suzhou\3332AJ0044_R2.mdb_Job Load in C-Editor Completed!
[2020-11-09 오전 11:08:57] S:\SPI Job\SPI_bosch_Suzhou\3332AJ0049_R2.mdb_Job Load in C-Editor Completed!
[2020-11-09 오전 11:10:13] S:\SPI Job\SPI_bosch_Suzhou\3332AJ0052_R2.mdb_Job Load in C-Editor Completed!
[2020-11-09 오전 11:11:28] S:\SPI Job\SPI_bosch_Suzhou\3332AJ0053_R2.mdb_Job Load in C-Editor Completed!
[2020-11-09 오전 11:12:44] S:\SPI Job\SPI_bosch_Suzhou\3338311239_R2.mdb_Job Load in C-Editor Completed!
[2020-11-09 오전 11:14:00] S:\SPI Job\SPI_bosch_Suzhou\3338311284_R2.mdb_Job Load in C-Editor Completed!
[2020-11-09 오전 11:15:15] S:\SPI Job\SPI_bosch_Suzhou\3338311285_R2.mdb_Job Load in C-Editor Completed!
[2020-11-09 오전 11:16:31] S:\SPI Job\SPI_bosch_Suzhou\3338311291_R2.mdb_Job Load in C-Editor Completed!
[2020-11-09 오전 11:17:47] S:\SPI Job\SPI_bosch_Suzhou\3338311301_R2.mdb_Job Load in C-Editor Completed!
[2020-11-09 오전 11:19:03] S:\SPI Job\SPI_bosch_Suzhou\3338311323_R2.mdb_Job Load in C-Editor Completed!
[2020-11-09 오전 11:20:18] S:\SPI Job\SPI_bosch_Suzhou\3338311324_R2.mdb_Job Load in C-Editor Completed!
[2020-11-09 오전 11:21:34] S:\SPI Job\SPI_bosch_Suzhou\3338311326_R2.mdb_Job Load in C-Editor Completed!
[2020-11-09 오전 11:22:50] S:\SPI Job\SPI_bosch_Suzhou\3338311327_R2.mdb_Job Load in C-Editor Completed!
[2020-11-09 오전 11:24:05] S:\SPI Job\SPI_bosch_Suzhou\3338312040_R2.mdb_Job Load in C-Editor Completed!
[2020-11-09 오전 11:25:21] S:\SPI Job\SPI_bosch_Suzhou\3338312112_R2.mdb_Job Load in C-Editor Completed!
[2020-11-09 오전 11:26:37] S:\SPI Job\SPI_bosch_Suzhou\3338312255_R2.mdb_Job Load in C-Editor Completed!
[2020-11-09 오전 11:27:52] S:\SPI Job\SPI_bosch_Suzhou\3338313034_R2.mdb_Job Load in C-Editor Completed!
[2020-11-09 오전 11:29:08] S:\SPI Job\SPI_bosch_Suzhou\3338313076_R2.mdb_Job Load in C-Editor Completed!
[2020-11-09 오전 11:30:24] S:\SPI Job\SPI_bosch_Suzhou\3338313192_R2.mdb_Job Load in C-Editor Completed!
[2020-11-09 오전 11:31:39] S:\SPI Job\SPI_bosch_Suzhou\3338313251_R2.mdb_Job Load in C-Editor Completed!
[2020-11-09 오전 11:32:55] S:\SPI Job\SPI_bosch_Suzhou\3338315080_R2.mdb_Job Load in C-Editor Completed!
[2020-11-09 오전 11:34:11] S:\SPI Job\SPI_bosch_Suzhou\3338316080_R2.mdb_Job Load in C-Editor Completed!
[2020-11-09 오전 11:35:27] S:\SPI Job\SPI_Compal Kunshan\AT_S-ZFX50-LAB141P-01.mdb_Job Load in C-Editor Completed!
[2020-11-09 오전 11:36:42] S:\SPI Job\SPI_Continental_periferico_VW MIB 9 in A2C13005801\Bottom\VW MIB 9 in A2C13005801 Bottom.mdb_Job Load in C-Editor Completed!
[2020-11-09 오전 11:37:58] S:\SPI Job\SPI_Continental_periferico_VW MIB 9 in A2C13005801\Top\VW MIB 9 in A2C13005801 Top.mdb_Job Load in C-Editor Completed!
[2020-11-09 오전 11:39:11] S:\SPI Job\SPI_Jabil_GDL\4525796_0501 TEST\4525796_0501 TEST.mdb_Job Load in C-Editor Completed!
[2020-11-09 오전 11:40:26] S:\SPI Job\SPI_jinnan_guangzhou\AG-1504041-A1.mdb_Job Load in C-Editor Completed!
[2020-11-09 오전 11:41:42] S:\SPI Job\SPI_jinnan_guangzhou\SVL430A30-V0.1-WP.mdb_Job Load in C-Editor Completed!
[2020-11-09 오전 11:42:58] S:\SPI Job\SPI_jinnan_guangzhou\SVL490A43-SH705-V0.2.mdb_Job Load in C-Editor Completed!
[2020-11-09 오전 11:44:14] S:\SPI Job\SPI_jinnan_guangzhou\SVL490A43-V0.1-WS.mdb_Job Load in C-Editor Completed!
[2020-11-09 오전 11:45:29] S:\SPI Job\SPI_Luxshare_Kunshan\H07 MLB BOT.mdb_Job Load in C-Editor Completed!
[2020-11-09 오전 11:46:45] S:\SPI Job\SPI_S&T Motiv_Yangsan\180823 Alpha_Bottom_Test.mdb_Job Load in C-Editor Completed!
[2020-11-09 오전 11:48:01] S:\SPI Job\SPI_S&T Motiv_Yangsan\180823 Alpha_Bottom_Test_Ver 1.0.mdb_Job Load in C-Editor Completed!
[2020-11-09 오전 11:48:04] OK버튼찾기 시작
[2020-11-09 오전 11:48:06] OK버튼찾기 완료
[2020-11-09 오전 11:48:12] S:\SPI Job\SPI_S&T Motiv_Yangsan\180823 Alpha_Bottom_Test_Ver 1.0.mdb_ Job Convert Success
[2020-11-09 오전 11:49:28] S:\SPI Job\SPI_S&T Motiv_Yangsan\180823 Alpha_TOP_Test.mdb_Job Load in C-Editor Completed!
[2020-11-09 오전 11:50:43] S:\SPI Job\SPI_S&T Motiv_Yangsan\180823 Beta_Bottom_Test.mdb_Job Load in C-Editor Completed!
[2020-11-09 오전 11:51:59] S:\SPI Job\SPI_S&T Motiv_Yangsan\180823 Beta_TOP_Test.mdb_Job Load in C-Editor Completed!
[2020-11-09 오전 11:53:15] S:\SPI Job\SPI_S&T Motiv_Yangsan\180823 Gamma_Bottom_Test.mdb_Job Load in C-Editor Completed!
[2020-11-09 오전 11:54:31] S:\SPI Job\SPI_S&T Motiv_Yangsan\180823 Gamma_TOP_Test.mdb_Job Load in C-Editor Completed!
[2020-11-09 오전 11:55:46] S:\SPI Job\SPI_Samsung\Samsung_SPI_test02.mdb_Job Load in C-Editor Completed!
[2020-11-09 오전 11:57:03] S:\SPI Job\SPI_Skyworks\741987SD0A_SKYWORKS.mdb_Job Load in C-Editor Completed!
[2020-11-09 오전 11:58:18] S:\SPI Job\SPI_Skyworks\742223SD0A_SKYWORKS.mdb_Job Load in C-Editor Completed!
[2020-11-09 오전 11:59:34] S:\SPI Job\SPI_Skyworks\800756SD0A_SKYWORKS.mdb_Job Load in C-Editor Completed!
[2020-11-09 오후 12:00:50] S:\SPI Job\SPI_Unclassified Data\SWB-E43 R03A TOP _201810-024 L1.mdb_Job Load in C-Editor Completed!
[2020-11-09 오후 12:02:06] S:\SPI Job\SPI_Unclassified Data\SWB-E43 R03A TOP _201810-024 L2_Test.mdb_Job Load in C-Editor Completed!
[2020-11-09 오후 12:03:21] S:\SPI Job\SPI_Unclassified Data\TW61-D725-001.mdb_Job Load in C-Editor Completed!
[2020-11-09 오후 12:04:37] S:\SPI Job\SPI_Unclassified Data\TW61-D725-001_2 pad only_20191205.mdb_Job Load in C-Editor Completed!
[2020-11-09 오후 12:05:53] S:\SPI Job\SPI_Unclassified Data\TW61-D725-001_20PERCENT.mdb_Job Load in C-Editor Completed!
[2020-11-09 오후 12:07:08] S:\SPI Job\SPI_Unclassified Data\VIPER 2L #10-J63545.mdb_Job Load in C-Editor Completed!
[2020-11-09 오후 12:08:24] S:\SPI Job\SPI_Unclassified Data\VIPER 2XL #23-J64132_1.mdb_Job Load in C-Editor Completed!
[2020-11-09 오후 12:09:40] S:\SPI Job\SPI_Unclassified Data\XK06560_another_120um 90_v1.mdb_Job Load in C-Editor Completed!
[2020-11-09 오후 12:10:47] Ranorex.ElementNotFoundException: Failed to find item 'JobLoading_Repository.SPIGUI.LatestOpenJob.ButtonNo'. ---> Ranorex.ElementNotFoundException: No element found for path '/form[@title~'Open Job.*']/?/?/container[@instance='2']' within 1m.
   --- End of inner exception stack trace ---
   at Ranorex.Core.Repository.RepoItemInfo.FindInternal[T](Boolean findSingle, Boolean throwException, Duration effectiveTimeoutOverride)
   at Ranorex.Core.Repository.RepoItemInfo.<>c__DisplayClass75_0`1.<Find>b__0()
   at Ranorex.Core.Testing.Services.NoMaintenanceModeService.HandleElementNotFound[T](Func`1 action, RepoItemInfo entry)
   at Ranorex.Core.Repository.RepoItemInfo.Find[T](Boolean findSingle, Boolean throwException, Duration effectiveTimeoutOverride)
   at Ranorex.Core.Repository.RepoItemInfo.CreateAdapter[T](Boolean throwException, Duration waitTimeout)
   at Ranorex.Core.Repository.RepoItemInfo.CreateAdapter[T](Boolean throwException)
   at Automation_JobLoading.JobLoading_RepositoryFolders.LatestOpenJobAppFolder.get_ButtonNo() in S:\Automation\Automation_JobLoading\Automation_JobLoading\JobLoading_Repository.cs:line 1613
   at Automation_JobLoading.Class.Common.SPIGUION() in S:\Automation\Automation_JobLoading\Automation_JobLoading\Class\Common.cs:line 61
[2020-11-09 오후 12:12:51] Ranorex.ElementNotFoundException: Failed to find item 'JobLoading_Repository.SPIGUI.SPIGUI.OpenIcon'. ---> Ranorex.ElementNotFoundException: No element found for path '/form[@title~'^Solder\ Paste\ 3D\ Inspectio']/container[2]/container/picture[2]' within 1m.
   --- End of inner exception stack trace ---
   at Ranorex.Core.Repository.RepoItemInfo.FindInternal[T](Boolean findSingle, Boolean throwException, Duration effectiveTimeoutOverride)
   at Ranorex.Core.Repository.RepoItemInfo.<>c__DisplayClass75_0`1.<Find>b__0()
   at Ranorex.Core.Testing.Services.NoMaintenanceModeService.HandleElementNotFound[T](Func`1 action, RepoItemInfo entry)
   at Ranorex.Core.Repository.RepoItemInfo.Find[T](Boolean findSingle, Boolean throwException, Duration effectiveTimeoutOverride)
   at Ranorex.Core.Repository.RepoItemInfo.CreateAdapter[T](Boolean throwException, Duration waitTimeout)
   at Ranorex.Core.Repository.RepoItemInfo.CreateAdapter[T](Boolean throwException)
   at Automation_JobLoading.JobLoading_RepositoryFolders.SPIGUIAppFolder.get_OpenIcon() in S:\Automation\Automation_JobLoading\Automation_JobLoading\JobLoading_Repository.cs:line 2077
   at Automation_JobLoading.MainForm.SPIGUI_JobLoading(StreamWriter sw) in S:\Automation\Automation_JobLoading\Automation_JobLoading\MainForm.cs:line 284
[2020-11-09 오후 12:12:51] _Job Loading Fail
[2020-11-09 오후 12:14:54] Ranorex.ElementNotFoundException: Failed to find item 'JobLoading_Repository.SPIGUI.SPIGUI.OpenIcon'. ---> Ranorex.ElementNotFoundException: No element found for path '/form[@title~'^Solder\ Paste\ 3D\ Inspectio']/container[2]/container/picture[2]' within 1m.
   --- End of inner exception stack trace ---
   at Ranorex.Core.Repository.RepoItemInfo.FindInternal[T](Boolean findSingle, Boolean throwException, Duration effectiveTimeoutOverride)
   at Ranorex.Core.Repository.RepoItemInfo.<>c__DisplayClass75_0`1.<Find>b__0()
   at Ranorex.Core.Testing.Services.NoMaintenanceModeService.HandleElementNotFound[T](Func`1 action, RepoItemInfo entry)
   at Ranorex.Core.Repository.RepoItemInfo.Find[T](Boolean findSingle, Boolean throwException, Duration effectiveTimeoutOverride)
   at Ranorex.Core.Repository.RepoItemInfo.CreateAdapter[T](Boolean throwException, Duration waitTimeout)
   at Ranorex.Core.Repository.RepoItemInfo.CreateAdapter[T](Boolean throwException)
   at Automation_JobLoading.JobLoading_RepositoryFolders.SPIGUIAppFolder.get_OpenIcon() in S:\Automation\Automation_JobLoading\Automation_JobLoading\JobLoading_Repository.cs:line 2077
   at Automation_JobLoading.MainForm.SPIGUI_JobLoading(StreamWriter sw) in S:\Automation\Automation_JobLoading\Automation_JobLoading\MainForm.cs:line 284
[2020-11-09 오후 12:14:54] _Job Loading Fail
[2020-11-09 오후 12:16:58] Ranorex.ElementNotFoundException: Failed to find item 'JobLoading_Repository.SPIGUI.SPIGUI.OpenIcon'. ---> Ranorex.ElementNotFoundException: No element found for path '/form[@title~'^Solder\ Paste\ 3D\ Inspectio']/container[2]/container/picture[2]' within 1m.
   --- End of inner exception stack trace ---
   at Ranorex.Core.Repository.RepoItemInfo.FindInternal[T](Boolean findSingle, Boolean throwException, Duration effectiveTimeoutOverride)
   at Ranorex.Core.Repository.RepoItemInfo.<>c__DisplayClass75_0`1.<Find>b__0()
   at Ranorex.Core.Testing.Services.NoMaintenanceModeService.HandleElementNotFound[T](Func`1 action, RepoItemInfo entry)
   at Ranorex.Core.Repository.RepoItemInfo.Find[T](Boolean findSingle, Boolean throwException, Duration effectiveTimeoutOverride)
   at Ranorex.Core.Repository.RepoItemInfo.CreateAdapter[T](Boolean throwException, Duration waitTimeout)
   at Ranorex.Core.Repository.RepoItemInfo.CreateAdapter[T](Boolean throwException)
   at Automation_JobLoading.JobLoading_RepositoryFolders.SPIGUIAppFolder.get_OpenIcon() in S:\Automation\Automation_JobLoading\Automation_JobLoading\JobLoading_Repository.cs:line 2077
   at Automation_JobLoading.MainForm.SPIGUI_JobLoading(StreamWriter sw) in S:\Automation\Automation_JobLoading\Automation_JobLoading\MainForm.cs:line 284
[2020-11-09 오후 12:16:58] _Job Loading Fail
[2020-11-09 오후 12:19:01] Ranorex.ElementNotFoundException: Failed to find item 'JobLoading_Repository.SPIGUI.SPIGUI.OpenIcon'. ---> Ranorex.ElementNotFoundException: No element found for path '/form[@title~'^Solder\ Paste\ 3D\ Inspectio']/container[2]/container/picture[2]' within 1m.
   --- End of inner exception stack trace ---
   at Ranorex.Core.Repository.RepoItemInfo.FindInternal[T](Boolean findSingle, Boolean throwException, Duration effectiveTimeoutOverride)
   at Ranorex.Core.Repository.RepoItemInfo.<>c__DisplayClass75_0`1.<Find>b__0()
   at Ranorex.Core.Testing.Services.NoMaintenanceModeService.HandleElementNotFound[T](Func`1 action, RepoItemInfo entry)
   at Ranorex.Core.Repository.RepoItemInfo.Find[T](Boolean findSingle, Boolean throwException, Duration effectiveTimeoutOverride)
   at Ranorex.Core.Repository.RepoItemInfo.CreateAdapter[T](Boolean throwException, Duration waitTimeout)
   at Ranorex.Core.Repository.RepoItemInfo.CreateAdapter[T](Boolean throwException)
   at Automation_JobLoading.JobLoading_RepositoryFolders.SPIGUIAppFolder.get_OpenIcon() in S:\Automation\Automation_JobLoading\Automation_JobLoading\JobLoading_Repository.cs:line 2077
   at Automation_JobLoading.MainForm.SPIGUI_JobLoading(StreamWriter sw) in S:\Automation\Automation_JobLoading\Automation_JobLoading\MainForm.cs:line 284
[2020-11-09 오후 12:19:01] _Job Loading Fail
[2020-11-09 오후 12:21:04] Ranorex.ElementNotFoundException: Failed to find item 'JobLoading_Repository.SPIGUI.SPIGUI.OpenIcon'. ---> Ranorex.ElementNotFoundException: No element found for path '/form[@title~'^Solder\ Paste\ 3D\ Inspectio']/container[2]/container/picture[2]' within 1m.
   --- End of inner exception stack trace ---
   at Ranorex.Core.Repository.RepoItemInfo.FindInternal[T](Boolean findSingle, Boolean throwException, Duration effectiveTimeoutOverride)
   at Ranorex.Core.Repository.RepoItemInfo.<>c__DisplayClass75_0`1.<Find>b__0()
   at Ranorex.Core.Testing.Services.NoMaintenanceModeService.HandleElementNotFound[T](Func`1 action, RepoItemInfo entry)
   at Ranorex.Core.Repository.RepoItemInfo.Find[T](Boolean findSingle, Boolean throwException, Duration effectiveTimeoutOverride)
   at Ranorex.Core.Repository.RepoItemInfo.CreateAdapter[T](Boolean throwException, Duration waitTimeout)
   at Ranorex.Core.Repository.RepoItemInfo.CreateAdapter[T](Boolean throwException)
   at Automation_JobLoading.JobLoading_RepositoryFolders.SPIGUIAppFolder.get_OpenIcon() in S:\Automation\Automation_JobLoading\Automation_JobLoading\JobLoading_Repository.cs:line 2077
   at Automation_JobLoading.MainForm.SPIGUI_JobLoading(StreamWriter sw) in S:\Automation\Automation_JobLoading\Automation_JobLoading\MainForm.cs:line 284
[2020-11-09 오후 12:21:04] _Job Loading Fail
[2020-11-09 오후 12:23:08] Ranorex.ElementNotFoundException: Failed to find item 'JobLoading_Repository.SPIGUI.SPIGUI.OpenIcon'. ---> Ranorex.ElementNotFoundException: No element found for path '/form[@title~'^Solder\ Paste\ 3D\ Inspectio']/container[2]/container/picture[2]' within 1m.
   --- End of inner exception stack trace ---
   at Ranorex.Core.Repository.RepoItemInfo.FindInternal[T](Boolean findSingle, Boolean throwException, Duration effectiveTimeoutOverride)
   at Ranorex.Core.Repository.RepoItemInfo.<>c__DisplayClass75_0`1.<Find>b__0()
   at Ranorex.Core.Testing.Services.NoMaintenanceModeService.HandleElementNotFound[T](Func`1 action, RepoItemInfo entry)
   at Ranorex.Core.Repository.RepoItemInfo.Find[T](Boolean findSingle, Boolean throwException, Duration effectiveTimeoutOverride)
   at Ranorex.Core.Repository.RepoItemInfo.CreateAdapter[T](Boolean throwException, Duration waitTimeout)
   at Ranorex.Core.Repository.RepoItemInfo.CreateAdapter[T](Boolean throwException)
   at Automation_JobLoading.JobLoading_RepositoryFolders.SPIGUIAppFolder.get_OpenIcon() in S:\Automation\Automation_JobLoading\Automation_JobLoading\JobLoading_Repository.cs:line 2077
   at Automation_JobLoading.MainForm.SPIGUI_JobLoading(StreamWriter sw) in S:\Automation\Automation_JobLoading\Automation_JobLoading\MainForm.cs:line 284
[2020-11-09 오후 12:23:08] _Job Loading Fail
[2020-11-09 오후 12:25:11] Ranorex.ElementNotFoundException: Failed to find item 'JobLoading_Repository.SPIGUI.SPIGUI.OpenIcon'. ---> Ranorex.ElementNotFoundException: No element found for path '/form[@title~'^Solder\ Paste\ 3D\ Inspectio']/container[2]/container/picture[2]' within 1m.
   --- End of inner exception stack trace ---
   at Ranorex.Core.Repository.RepoItemInfo.FindInternal[T](Boolean findSingle, Boolean throwException, Duration effectiveTimeoutOverride)
   at Ranorex.Core.Repository.RepoItemInfo.<>c__DisplayClass75_0`1.<Find>b__0()
   at Ranorex.Core.Testing.Services.NoMaintenanceModeService.HandleElementNotFound[T](Func`1 action, RepoItemInfo entry)
   at Ranorex.Core.Repository.RepoItemInfo.Find[T](Boolean findSingle, Boolean throwException, Duration effectiveTimeoutOverride)
   at Ranorex.Core.Repository.RepoItemInfo.CreateAdapter[T](Boolean throwException, Duration waitTimeout)
   at Ranorex.Core.Repository.RepoItemInfo.CreateAdapter[T](Boolean throwException)
   at Automation_JobLoading.JobLoading_RepositoryFolders.SPIGUIAppFolder.get_OpenIcon() in S:\Automation\Automation_JobLoading\Automation_JobLoading\JobLoading_Repository.cs:line 2077
   at Automation_JobLoading.MainForm.SPIGUI_JobLoading(StreamWriter sw) in S:\Automation\Automation_JobLoading\Automation_JobLoading\MainForm.cs:line 284
[2020-11-09 오후 12:25:11] _Job Loading Fail
[2020-11-09 오후 12:27:15] Ranorex.ElementNotFoundException: Failed to find item 'JobLoading_Repository.SPIGUI.SPIGUI.OpenIcon'. ---> Ranorex.ElementNotFoundException: No element found for path '/form[@title~'^Solder\ Paste\ 3D\ Inspectio']/container[2]/container/picture[2]' within 1m.
   --- End of inner exception stack trace ---
   at Ranorex.Core.Repository.RepoItemInfo.FindInternal[T](Boolean findSingle, Boolean throwException, Duration effectiveTimeoutOverride)
   at Ranorex.Core.Repository.RepoItemInfo.<>c__DisplayClass75_0`1.<Find>b__0()
   at Ranorex.Core.Testing.Services.NoMaintenanceModeService.HandleElementNotFound[T](Func`1 action, RepoItemInfo entry)
   at Ranorex.Core.Repository.RepoItemInfo.Find[T](Boolean findSingle, Boolean throwException, Duration effectiveTimeoutOverride)
   at Ranorex.Core.Repository.RepoItemInfo.CreateAdapter[T](Boolean throwException, Duration waitTimeout)
   at Ranorex.Core.Repository.RepoItemInfo.CreateAdapter[T](Boolean throwException)
   at Automation_JobLoading.JobLoading_RepositoryFolders.SPIGUIAppFolder.get_OpenIcon() in S:\Automation\Automation_JobLoading\Automation_JobLoading\JobLoading_Repository.cs:line 2077
   at Automation_JobLoading.MainForm.SPIGUI_JobLoading(StreamWriter sw) in S:\Automation\Automation_JobLoading\Automation_JobLoading\MainForm.cs:line 284
[2020-11-09 오후 12:27:15] _Job Loading Fail
[2020-11-09 오후 12:29:18] Ranorex.ElementNotFoundException: Failed to find item 'JobLoading_Repository.SPIGUI.SPIGUI.OpenIcon'. ---> Ranorex.ElementNotFoundException: No element found for path '/form[@title~'^Solder\ Paste\ 3D\ Inspectio']/container[2]/container/picture[2]' within 1m.
   --- End of inner exception stack trace ---
   at Ranorex.Core.Repository.RepoItemInfo.FindInternal[T](Boolean findSingle, Boolean throwException, Duration effectiveTimeoutOverride)
   at Ranorex.Core.Repository.RepoItemInfo.<>c__DisplayClass75_0`1.<Find>b__0()
   at Ranorex.Core.Testing.Services.NoMaintenanceModeService.HandleElementNotFound[T](Func`1 action, RepoItemInfo entry)
   at Ranorex.Core.Repository.RepoItemInfo.Find[T](Boolean findSingle, Boolean throwException, Duration effectiveTimeoutOverride)
   at Ranorex.Core.Repository.RepoItemInfo.CreateAdapter[T](Boolean throwException, Duration waitTimeout)
   at Ranorex.Core.Repository.RepoItemInfo.CreateAdapter[T](Boolean throwException)
   at Automation_JobLoading.JobLoading_RepositoryFolders.SPIGUIAppFolder.get_OpenIcon() in S:\Automation\Automation_JobLoading\Automation_JobLoading\JobLoading_Repository.cs:line 2077
   at Automation_JobLoading.MainForm.SPIGUI_JobLoading(StreamWriter sw) in S:\Automation\Automation_JobLoading\Automation_JobLoading\MainForm.cs:line 284
[2020-11-09 오후 12:29:18] _Job Loading Fail
[2020-11-09 오후 12:31:21] Ranorex.ElementNotFoundException: Failed to find item 'JobLoading_Repository.SPIGUI.SPIGUI.OpenIcon'. ---> Ranorex.ElementNotFoundException: No element found for path '/form[@title~'^Solder\ Paste\ 3D\ Inspectio']/container[2]/container/picture[2]' within 1m.
   --- End of inner exception stack trace ---
   at Ranorex.Core.Repository.RepoItemInfo.FindInternal[T](Boolean findSingle, Boolean throwException, Duration effectiveTimeoutOverride)
   at Ranorex.Core.Repository.RepoItemInfo.<>c__DisplayClass75_0`1.<Find>b__0()
   at Ranorex.Core.Testing.Services.NoMaintenanceModeService.HandleElementNotFound[T](Func`1 action, RepoItemInfo entry)
   at Ranorex.Core.Repository.RepoItemInfo.Find[T](Boolean findSingle, Boolean throwException, Duration effectiveTimeoutOverride)
   at Ranorex.Core.Repository.RepoItemInfo.CreateAdapter[T](Boolean throwException, Duration waitTimeout)
   at Ranorex.Core.Repository.RepoItemInfo.CreateAdapter[T](Boolean throwException)
   at Automation_JobLoading.JobLoading_RepositoryFolders.SPIGUIAppFolder.get_OpenIcon() in S:\Automation\Automation_JobLoading\Automation_JobLoading\JobLoading_Repository.cs:line 2077
   at Automation_JobLoading.MainForm.SPIGUI_JobLoading(StreamWriter sw) in S:\Automation\Automation_JobLoading\Automation_JobLoading\MainForm.cs:line 284
[2020-11-09 오후 12:31:21] _Job Loading Fail
[2020-11-09 오후 12:33:25] Ranorex.ElementNotFoundException: Failed to find item 'JobLoading_Repository.SPIGUI.SPIGUI.OpenIcon'. ---> Ranorex.ElementNotFoundException: No element found for path '/form[@title~'^Solder\ Paste\ 3D\ Inspectio']/container[2]/container/picture[2]' within 1m.
   --- End of inner exception stack trace ---
   at Ranorex.Core.Repository.RepoItemInfo.FindInternal[T](Boolean findSingle, Boolean throwException, Duration effectiveTimeoutOverride)
   at Ranorex.Core.Repository.RepoItemInfo.<>c__DisplayClass75_0`1.<Find>b__0()
   at Ranorex.Core.Testing.Services.NoMaintenanceModeService.HandleElementNotFound[T](Func`1 action, RepoItemInfo entry)
   at Ranorex.Core.Repository.RepoItemInfo.Find[T](Boolean findSingle, Boolean throwException, Duration effectiveTimeoutOverride)
   at Ranorex.Core.Repository.RepoItemInfo.CreateAdapter[T](Boolean throwException, Duration waitTimeout)
   at Ranorex.Core.Repository.RepoItemInfo.CreateAdapter[T](Boolean throwException)
   at Automation_JobLoading.JobLoading_RepositoryFolders.SPIGUIAppFolder.get_OpenIcon() in S:\Automation\Automation_JobLoading\Automation_JobLoading\JobLoading_Repository.cs:line 2077
   at Automation_JobLoading.MainForm.SPIGUI_JobLoading(StreamWriter sw) in S:\Automation\Automation_JobLoading\Automation_JobLoading\MainForm.cs:line 284
[2020-11-09 오후 12:33:25] _Job Loading Fail
[2020-11-09 오후 12:35:28] Ranorex.ElementNotFoundException: Failed to find item 'JobLoading_Repository.SPIGUI.SPIGUI.OpenIcon'. ---> Ranorex.ElementNotFoundException: No element found for path '/form[@title~'^Solder\ Paste\ 3D\ Inspectio']/container[2]/container/picture[2]' within 1m.
   --- End of inner exception stack trace ---
   at Ranorex.Core.Repository.RepoItemInfo.FindInternal[T](Boolean findSingle, Boolean throwException, Duration effectiveTimeoutOverride)
   at Ranorex.Core.Repository.RepoItemInfo.<>c__DisplayClass75_0`1.<Find>b__0()
   at Ranorex.Core.Testing.Services.NoMaintenanceModeService.HandleElementNotFound[T](Func`1 action, RepoItemInfo entry)
   at Ranorex.Core.Repository.RepoItemInfo.Find[T](Boolean findSingle, Boolean throwException, Duration effectiveTimeoutOverride)
   at Ranorex.Core.Repository.RepoItemInfo.CreateAdapter[T](Boolean throwException, Duration waitTimeout)
   at Ranorex.Core.Repository.RepoItemInfo.CreateAdapter[T](Boolean throwException)
   at Automation_JobLoading.JobLoading_RepositoryFolders.SPIGUIAppFolder.get_OpenIcon() in S:\Automation\Automation_JobLoading\Automation_JobLoading\JobLoading_Repository.cs:line 2077
   at Automation_JobLoading.MainForm.SPIGUI_JobLoading(StreamWriter sw) in S:\Automation\Automation_JobLoading\Automation_JobLoading\MainForm.cs:line 284
[2020-11-09 오후 12:35:28] _Job Loading Fail
[2020-11-09 오후 12:37:31] Ranorex.ElementNotFoundException: Failed to find item 'JobLoading_Repository.SPIGUI.SPIGUI.OpenIcon'. ---> Ranorex.ElementNotFoundException: No element found for path '/form[@title~'^Solder\ Paste\ 3D\ Inspectio']/container[2]/container/picture[2]' within 1m.
   --- End of inner exception stack trace ---
   at Ranorex.Core.Repository.RepoItemInfo.FindInternal[T](Boolean findSingle, Boolean throwException, Duration effectiveTimeoutOverride)
   at Ranorex.Core.Repository.RepoItemInfo.<>c__DisplayClass75_0`1.<Find>b__0()
   at Ranorex.Core.Testing.Services.NoMaintenanceModeService.HandleElementNotFound[T](Func`1 action, RepoItemInfo entry)
   at Ranorex.Core.Repository.RepoItemInfo.Find[T](Boolean findSingle, Boolean throwException, Duration effectiveTimeoutOverride)
   at Ranorex.Core.Repository.RepoItemInfo.CreateAdapter[T](Boolean throwException, Duration waitTimeout)
   at Ranorex.Core.Repository.RepoItemInfo.CreateAdapter[T](Boolean throwException)
   at Automation_JobLoading.JobLoading_RepositoryFolders.SPIGUIAppFolder.get_OpenIcon() in S:\Automation\Automation_JobLoading\Automation_JobLoading\JobLoading_Repository.cs:line 2077
   at Automation_JobLoading.MainForm.SPIGUI_JobLoading(StreamWriter sw) in S:\Automation\Automation_JobLoading\Automation_JobLoading\MainForm.cs:line 284
[2020-11-09 오후 12:37:31] _Job Loading Fail
[2020-11-09 오후 12:54:37] Program Load
[2020-11-09 오후 12:54:37] Job List Display Completed!
