[2020-10-15 오후 5:01:44] 3332A10048_R2_Job Loading Succcess
[2020-10-15 오후 5:02:32] 3332A10121_R2_Job Loading Succcess
[2020-10-15 오후 5:03:52] 3332AJ0030_R2_Job Loading Succcess
[2020-10-15 오후 5:04:28] watcher3
[2020-10-15 오후 5:04:28] Return4
[2020-10-15 오후 5:04:47] watcher3
[2020-10-15 오후 5:04:47] Return4
[2020-10-15 오후 5:05:05] watcher3
[2020-10-15 오후 5:05:05] Return4
[2020-10-15 오후 5:05:10] watcher3
[2020-10-15 오후 5:05:10] Return4
[2020-10-15 오후 5:05:14] watcher3
[2020-10-15 오후 5:05:14] Return4
[2020-10-15 오후 5:05:19] watcher3
[2020-10-15 오후 5:05:19] Return4
[2020-10-15 오후 5:05:23] watcher3
[2020-10-15 오후 5:05:23] Return4
[2020-10-15 오후 5:05:57] 3332AJ0031_R2_Job Loading Succcess
[2020-10-15 오후 5:06:27] watcher3
[2020-10-15 오후 5:06:27] Return4
[2020-10-15 오후 5:06:50] watcher3
[2020-10-15 오후 5:06:50] Return4
[2020-10-15 오후 5:07:01] 3332AJ0035_R2_Job Loading Succcess
[2020-10-15 오후 5:07:41] watcher3
[2020-10-15 오후 5:07:41] Return4
[2020-10-15 오후 5:08:00] watcher3
[2020-10-15 오후 5:08:00] Return4
[2020-10-15 오후 5:08:05] watcher3
[2020-10-15 오후 5:08:05] Return4
[2020-10-15 오후 5:08:09] watcher3
[2020-10-15 오후 5:08:09] Return4
[2020-10-15 오후 5:08:27] watcher3
[2020-10-15 오후 5:08:27] Return4
[2020-10-15 오후 5:08:32] watcher3
[2020-10-15 오후 5:08:32] Return4
[2020-10-15 오후 5:08:32] 3332AJ0038_R2_Job Loading Succcess
[2020-10-15 오후 5:08:58] watcher3
[2020-10-15 오후 5:08:58] Return4
[2020-10-15 오후 5:09:20] watcher3
[2020-10-15 오후 5:09:20] Return4
[2020-10-15 오후 5:09:30] 3332AJ0040_R2_Job Loading Succcess
[2020-10-15 오후 5:10:06] 3332AJ0041_R2_Job Loading Succcess
[2020-10-15 오후 5:10:42] 3332AJ0042_R2_Job Loading Succcess
[2020-10-15 오후 5:11:20] 3332AJ0043_R2_Job Loading Succcess
[2020-10-15 오후 5:11:59] 3332AJ0044_R2_Job Loading Succcess
[2020-10-15 오후 5:12:33] 3332AJ0049_R2_Job Loading Succcess
[2020-10-15 오후 5:13:09] 3332AJ0052_R2_Job Loading Succcess
[2020-10-15 오후 5:13:47] watcher3
[2020-10-15 오후 5:13:47] Return4
[2020-10-15 오후 5:14:08] watcher3
[2020-10-15 오후 5:14:08] Return4
[2020-10-15 오후 5:14:12] watcher3
[2020-10-15 오후 5:14:12] Return4
[2020-10-15 오후 5:14:16] watcher3
[2020-10-15 오후 5:14:16] Return4
[2020-10-15 오후 5:14:34] watcher3
[2020-10-15 오후 5:14:34] Return4
[2020-10-15 오후 5:14:39] watcher3
[2020-10-15 오후 5:14:39] Return4
[2020-10-15 오후 5:14:43] watcher3
[2020-10-15 오후 5:14:43] Return4
[2020-10-15 오후 5:14:47] watcher3
[2020-10-15 오후 5:14:47] Return4
[2020-10-15 오후 5:14:52] watcher3
[2020-10-15 오후 5:14:52] Return4
[2020-10-15 오후 5:14:56] watcher3
[2020-10-15 오후 5:14:56] Return4
[2020-10-15 오후 5:15:00] watcher3
[2020-10-15 오후 5:15:00] Return4
[2020-10-15 오후 5:15:05] watcher3
[2020-10-15 오후 5:15:05] Return4
[2020-10-15 오후 5:15:09] watcher3
[2020-10-15 오후 5:15:09] Return4
[2020-10-15 오후 5:15:13] watcher3
[2020-10-15 오후 5:15:13] Return4
[2020-10-15 오후 5:15:18] watcher3
[2020-10-15 오후 5:15:18] Return4
[2020-10-15 오후 5:15:22] watcher3
[2020-10-15 오후 5:15:22] Return4
[2020-10-15 오후 5:15:23] 3332AJ0053_R2_Job Loading Succcess
[2020-10-15 오후 5:15:52] watcher3
[2020-10-15 오후 5:15:52] Return4
[2020-10-15 오후 5:16:15] watcher3
[2020-10-15 오후 5:16:15] Return4
[2020-10-15 오후 5:16:25] 3338311239_R2_Job Loading Succcess
[2020-10-15 오후 5:17:01] 3338311284_R2_Job Loading Succcess
[2020-10-15 오후 5:17:39] 3338311285_R2_Job Loading Succcess
[2020-10-15 오후 5:18:15] 3338311291_R2_Job Loading Succcess
[2020-10-15 오후 5:18:54] 3338311301_R2_Job Loading Succcess
[2020-10-15 오후 5:19:29] 3338311323_R2_Job Loading Succcess
[2020-10-15 오후 5:20:03] 3338311324_R2_Job Loading Succcess
[2020-10-15 오후 5:20:40] 3338311326_R2_Job Loading Succcess
[2020-10-15 오후 5:21:17] watcher3
[2020-10-15 오후 5:21:17] Return4
[2020-10-15 오후 5:21:36] watcher3
[2020-10-15 오후 5:21:36] Return4
[2020-10-15 오후 5:21:41] watcher3
[2020-10-15 오후 5:21:41] Return4
[2020-10-15 오후 5:21:59] watcher3
[2020-10-15 오후 5:21:59] Return4
[2020-10-15 오후 5:22:03] watcher3
[2020-10-15 오후 5:22:03] Return4
[2020-10-15 오후 5:22:08] watcher3
[2020-10-15 오후 5:22:08] Return4
[2020-10-15 오후 5:22:12] watcher3
[2020-10-15 오후 5:22:12] Return4
[2020-10-15 오후 5:22:17] watcher3
[2020-10-15 오후 5:22:17] Return4
[2020-10-15 오후 5:22:17] 3338311327_R2_Job Loading Succcess
[2020-10-15 오후 5:22:46] watcher3
[2020-10-15 오후 5:22:46] Return4
[2020-10-15 오후 5:23:06] watcher3
[2020-10-15 오후 5:23:06] Return4
[2020-10-15 오후 5:23:17] 3338312040_R2_Job Loading Succcess
[2020-10-15 오후 5:23:57] 3338312112_R2_Job Loading Succcess
[2020-10-15 오후 5:24:33] 3338312255_R2_Job Loading Succcess
[2020-10-15 오후 5:25:10] 3338313034_R2_Job Loading Succcess
[2020-10-15 오후 5:25:46] 3338313076_R2_Job Loading Succcess
[2020-10-15 오후 5:26:23] 3338313192_R2_Job Loading Succcess
[2020-10-15 오후 5:27:00] 3338313251_R2_Job Loading Succcess
[2020-10-15 오후 5:27:40] 3338315080_R2_Job Loading Succcess
[2020-10-15 오후 5:28:12] 3338316080_R2_Job Loading Succcess
[2020-10-15 오후 5:28:45] watcher3
[2020-10-15 오후 5:28:45] Return4
[2020-10-15 오후 5:28:53] System.ArgumentOutOfRangeException: InvalidArgument=Value of '33' is not valid for 'index'.
Parameter name: index
   at System.Windows.Forms.ListView.ListViewItemCollection.get_Item(Int32 index)
   at Automation_JobLoading.MainForm.SPIGUI_JobLoading() in S:\Automation\Automation_JobLoading\Automation_JobLoading\MainForm.cs:line 191
[2020-10-15 오후 5:29:05] watcher3
[2020-10-15 오후 5:29:05] Return4
[2020-10-15 오후 5:29:23] watcher3
[2020-10-15 오후 5:29:23] Return4
[2020-10-15 오후 5:29:28] watcher3
[2020-10-15 오후 5:29:28] Return4
