[2020-11-06 오전 9:39:19] --Job File Loading Start--
[2020-11-06 오전 9:40:13] Save Error Image Completed!
[2020-11-06 오전 9:40:17] Save Error Image Completed!
[2020-11-06 오전 9:40:23] Save Error Image Completed!
[2020-11-06 오전 9:40:23] _Job Loading Succcess
[2020-11-06 오전 9:40:24] quantity창 종료버튼 클릭
[2020-11-06 오전 9:40:49] --Job File Loading Start--
[2020-11-06 오전 9:41:38] Save Error Image Completed!
[2020-11-06 오전 9:41:43] Save Error Image Completed!
[2020-11-06 오전 9:41:48] Save Error Image Completed!
[2020-11-06 오전 9:41:49] _Job Loading Succcess
[2020-11-06 오전 9:41:50] quantity창 종료버튼 클릭
[2020-11-06 오전 9:42:14] --Job File Loading Start--
[2020-11-06 오전 9:43:42] _Job Loading Succcess
[2020-11-06 오전 9:43:43] quantity창 종료버튼 클릭
[2020-11-06 오전 9:44:04] --Job File Loading Start--
[2020-11-06 오전 9:44:29] Ranorex.RanorexException: Failed to wait for item to exist. ---> Ranorex.ApplicationNotRespondingException: Exception of type 'Ranorex.ApplicationNotRespondingException' was thrown.
   at Ranorex.Core.FunctionExecuteWithTimeout.TryExecute[T](Func`1 func, TimeSpan timeout)
   at Ranorex.Core.FunctionExecuteWithTimeout.WithTimeout[T](Func`1 func, Nullable`1 timeout)
   at Ranorex.Plugin.WpfRootRule.AddWpfNative(GlueRuleExecutionState state)
   at Ranorex.Plugin.WpfRootRule.Execute(GlueRuleExecutionState state)
   at Ranorex.Core.ElementEngine.ApplyGlueRules(Element element, GlueRuleExecutionStateImpl state, Boolean includeRemotes)
   at Ranorex.Core.ElementEngine.ApplyReplaceGlueRulesOnSingleRecentlyInsertedElement(Element parentElement, GlueRuleExecutionStateImpl state, GlueRuleExecutionStateImpl replaceState, Element recentlyInsertedElement)
   at Ranorex.Core.ElementEngine.ApplyReplaceGlueRulesOnRecentlyInserted(Element element, GlueRuleExecutionStateImpl state)
   at Ranorex.Core.ElementEngine.ApplyGlueRules(Element element, GlueRuleExecutionStateImpl state, Boolean includeRemotes)
   at Ranorex.Core.ElementEngine.ApplyGlueRules(Element element, Boolean includeRemotes)
   at Ranorex.Core.Element.GetChildren(CacheSession session)
   at Ranorex.Core.Element.get_Children()
   at Ranorex.Core.RxPath.collectAxis(LocationStep step, Axis optimizedAxis, Element self, IList`1 elements, Boolean quitOnFirstGoodNode)
   at Ranorex.Core.RxPath.ApplyInternal(RxPath path, Element startElement, Duration timeout, Boolean findSingle, CacheSession& usedCacheSession)
   at Ranorex.Core.RxPath.Apply(Element startElement, Duration timeout, Boolean findSingle, CacheSession& usedCacheSession)
   at Ranorex.Core.Element.TryFindInternal(RxPath path, Duration timeout, Boolean findSingle, IList`1& foundElements, CacheSession& usedCacheSession)
   at Ranorex.Core.Repository.RepoItemInfo.FindInternal[T](Boolean findSingle, Boolean throwException, Duration effectiveTimeoutOverride)
   at Ranorex.Core.Repository.RepoItemInfo.<>c__DisplayClass75_0`1.<Find>b__0()
   at Ranorex.Core.Testing.Services.NoMaintenanceModeService.HandleElementNotFound[T](Func`1 action, RepoItemInfo entry)
   at Ranorex.Core.Repository.RepoItemInfo.Find[T](Boolean findSingle, Boolean throwException, Duration effectiveTimeoutOverride)
   at Ranorex.Core.Repository.RepoItemInfo.WaitForExists(Duration waitTimeout)
   --- End of inner exception stack trace ---
   at Ranorex.Core.Repository.RepoItemInfo.WaitForExists(Duration waitTimeout)
   at Automation_JobLoading.MainForm.SPIGUI_JobLoading(StreamWriter sw) in S:\Automation\Automation_JobLoading\Automation_JobLoading\MainForm.cs:line 316
[2020-11-06 오전 9:44:29] _Job Loading Fail
[2020-11-06 오전 9:44:58] --Job File Loading Start--
[2020-11-06 오전 9:45:01] _Job Loading Succcess
[2020-11-06 오전 9:45:02] quantity창 종료버튼 클릭
[2020-11-06 오전 9:45:22] --Job File Loading Start--
[2020-11-06 오전 9:45:28] _Job Loading Succcess
[2020-11-06 오전 9:45:29] quantity창 종료버튼 클릭
[2020-11-06 오전 9:54:58] Program Load
[2020-11-06 오전 9:54:58] Job List Display Completed!
[2020-11-06 오전 9:55:27] --Job File Loading Start--
[2020-11-06 오전 9:56:15] Save Error Image Completed!
[2020-11-06 오전 9:56:20] Save Error Image Completed!
[2020-11-06 오전 9:56:25] Save Error Image Completed!
[2020-11-06 오전 9:56:26] _Job Loading Succcess
[2020-11-06 오전 9:56:27] quantity창 종료버튼 클릭
[2020-11-06 오전 9:57:19] --Job File Loading Start--
[2020-11-06 오전 9:58:08] Save Error Image Completed!
[2020-11-06 오전 9:58:14] Save Error Image Completed!
[2020-11-06 오전 9:58:19] Save Error Image Completed!
[2020-11-06 오전 9:58:19] _Job Loading Succcess
[2020-11-06 오전 9:58:20] quantity창 종료버튼 클릭
[2020-11-06 오전 9:59:12] --Job File Loading Start--
[2020-11-06 오전 10:00:41] _Job Loading Succcess
[2020-11-06 오전 10:00:42] quantity창 종료버튼 클릭
[2020-11-06 오전 10:01:31] --Job File Loading Start--
[2020-11-06 오전 10:02:27] _Job Loading Succcess
[2020-11-06 오전 10:02:28] quantity창 종료버튼 클릭
[2020-11-06 오전 10:03:43] --Job File Loading Start--
[2020-11-06 오전 10:04:05] _Job Loading Succcess
[2020-11-06 오전 10:04:05] quantity창 종료버튼 클릭
[2020-11-06 오전 10:04:54] --Job File Loading Start--
[2020-11-06 오전 10:05:50] _Job Loading Succcess
[2020-11-06 오전 10:05:50] quantity창 종료버튼 클릭
[2020-11-06 오전 10:06:05] --Job File Loading Start--
[2020-11-06 오전 10:25:08] Program Load
[2020-11-06 오전 10:25:08] Job List Display Completed!
[2020-11-06 오전 10:32:58] --Job File Loading Start--
[2020-11-06 오전 10:33:48] Save Error Image Completed!
[2020-11-06 오전 10:33:53] Save Error Image Completed!
[2020-11-06 오전 10:33:58] Save Error Image Completed!
[2020-11-06 오전 10:33:59] _Job Loading Succcess
[2020-11-06 오전 10:34:00] quantity창 종료버튼 클릭
[2020-11-06 오전 10:34:52] --Job File Loading Start--
[2020-11-06 오전 10:35:37] _Job Loading Succcess
[2020-11-06 오전 10:35:37] quantity창 종료버튼 클릭
[2020-11-06 오전 10:36:30] --Job File Loading Start--
[2020-11-06 오전 10:38:03] _Job Loading Succcess
[2020-11-06 오전 10:38:03] quantity창 종료버튼 클릭
[2020-11-06 오전 10:38:53] --Job File Loading Start--
[2020-11-06 오전 10:39:44] _Job Loading Succcess
[2020-11-06 오전 10:39:45] quantity창 종료버튼 클릭
[2020-11-06 오전 10:41:01] --Job File Loading Start--
[2020-11-06 오전 10:41:22] _Job Loading Succcess
[2020-11-06 오전 10:41:22] quantity창 종료버튼 클릭
[2020-11-06 오전 10:42:13] --Job File Loading Start--
[2020-11-06 오전 10:43:06] _Job Loading Succcess
[2020-11-06 오전 10:43:07] quantity창 종료버튼 클릭
[2020-11-06 오전 10:43:21] --Job File Loading Start--
[2020-11-06 오전 10:48:52] Program Load
[2020-11-06 오전 10:48:52] Job List Display Completed!
[2020-11-06 오전 10:49:52] Save Error Image Completed!
[2020-11-06 오전 10:49:57] Save Error Image Completed!
[2020-11-06 오전 10:50:01] Save Error Image Completed!
[2020-11-06 오전 10:56:36] Program Load
[2020-11-06 오전 10:56:36] Job List Display Completed!
[2020-11-06 오전 10:57:10] Program Load
[2020-11-06 오전 10:57:10] Job List Display Completed!
[2020-11-06 오전 10:57:23] --Job File Loading Start--
[2020-11-06 오전 10:57:29] _Job Loading Succcess
[2020-11-06 오전 10:57:30] quantity창 종료버튼 클릭
[2020-11-06 오전 10:58:26] Program Load
[2020-11-06 오전 10:58:26] Job List Display Completed!
[2020-11-06 오전 10:58:54] --Job File Loading Start--
[2020-11-06 오전 10:59:01] _Job Loading Succcess
[2020-11-06 오전 10:59:02] quantity창 종료버튼 클릭
[2020-11-06 오전 10:59:22] --Job File Loading Start--
[2020-11-06 오전 11:01:14] Program Load
[2020-11-06 오전 11:01:14] Job List Display Completed!
[2020-11-06 오전 11:02:44] Program Load
[2020-11-06 오전 11:02:44] Job List Display Completed!
[2020-11-06 오전 11:02:59] --Job File Loading Start--
[2020-11-06 오전 11:03:04] _Job Loading Succcess
[2020-11-06 오전 11:03:05] quantity창 종료버튼 클릭
[2020-11-06 오전 11:04:22] Program Load
[2020-11-06 오전 11:04:22] Job List Display Completed!
[2020-11-06 오전 11:04:37] --Job File Loading Start--
[2020-11-06 오전 11:04:42] _Job Loading Succcess
[2020-11-06 오전 11:04:43] quantity창 종료버튼 클릭
[2020-11-06 오전 11:09:16] Program Load
[2020-11-06 오전 11:09:16] Job List Display Completed!
[2020-11-06 오전 11:09:49] Program Load
[2020-11-06 오전 11:09:49] Job List Display Completed!
[2020-11-06 오전 11:11:15] Program Load
[2020-11-06 오전 11:11:15] Job List Display Completed!
[2020-11-06 오전 11:12:33] Program Load
[2020-11-06 오전 11:12:33] Job List Display Completed!
[2020-11-06 오후 12:47:14] --Job File Loading Start--
[2020-11-06 오후 12:47:19] _Job Loading Succcess
[2020-11-06 오후 12:47:20] quantity창 종료버튼 클릭
[2020-11-06 오후 12:48:45] --Job File Loading Start--
[2020-11-06 오후 12:48:51] _Job Loading Succcess
[2020-11-06 오후 12:48:51] quantity창 종료버튼 클릭
[2020-11-06 오후 12:50:18] --Job File Loading Start--
[2020-11-06 오후 12:50:25] _Job Loading Succcess
[2020-11-06 오후 12:50:26] quantity창 종료버튼 클릭
[2020-11-06 오후 1:19:09] Program Load
[2020-11-06 오후 1:19:09] Job List Display Completed!
[2020-11-06 오후 1:19:56] --Job File Loading Start--
[2020-11-06 오후 1:21:41] 0859586GBA_2_Job Loading Succcess
[2020-11-06 오후 1:21:41] quantity창 종료버튼 클릭
[2020-11-06 오후 1:23:07] --Job File Loading Start--
[2020-11-06 오후 1:26:29] Ranorex.RanorexException: Failed to wait for item to exist. ---> Ranorex.ApplicationNotRespondingException: Exception of type 'Ranorex.ApplicationNotRespondingException' was thrown.
   at Ranorex.Core.FunctionExecuteWithTimeout.TryExecute[T](Func`1 func, TimeSpan timeout)
   at Ranorex.Core.FunctionExecuteWithTimeout.WithTimeout[T](Func`1 func, Nullable`1 timeout)
   at Ranorex.Plugin.WpfRootRule.AddWpfNative(GlueRuleExecutionState state)
   at Ranorex.Plugin.WpfRootRule.Execute(GlueRuleExecutionState state)
   at Ranorex.Core.ElementEngine.ApplyGlueRules(Element element, GlueRuleExecutionStateImpl state, Boolean includeRemotes)
   at Ranorex.Core.ElementEngine.ApplyReplaceGlueRulesOnSingleRecentlyInsertedElement(Element parentElement, GlueRuleExecutionStateImpl state, GlueRuleExecutionStateImpl replaceState, Element recentlyInsertedElement)
   at Ranorex.Core.ElementEngine.ApplyReplaceGlueRulesOnRecentlyInserted(Element element, GlueRuleExecutionStateImpl state)
   at Ranorex.Core.ElementEngine.ApplyGlueRules(Element element, GlueRuleExecutionStateImpl state, Boolean includeRemotes)
   at Ranorex.Core.ElementEngine.ApplyGlueRules(Element element, Boolean includeRemotes)
   at Ranorex.Core.Element.GetChildren(CacheSession session)
   at Ranorex.Core.Element.get_Children()
   at Ranorex.Core.RxPath.collectAxis(LocationStep step, Axis optimizedAxis, Element self, IList`1 elements, Boolean quitOnFirstGoodNode)
   at Ranorex.Core.RxPath.ApplyInternal(RxPath path, Element startElement, Duration timeout, Boolean findSingle, CacheSession& usedCacheSession)
   at Ranorex.Core.RxPath.Apply(Element startElement, Duration timeout, Boolean findSingle, CacheSession& usedCacheSession)
   at Ranorex.Core.Element.TryFindInternal(RxPath path, Duration timeout, Boolean findSingle, IList`1& foundElements, CacheSession& usedCacheSession)
   at Ranorex.Core.Repository.RepoItemInfo.FindInternal[T](Boolean findSingle, Boolean throwException, Duration effectiveTimeoutOverride)
   at Ranorex.Core.Repository.RepoItemInfo.<>c__DisplayClass75_0`1.<Find>b__0()
   at Ranorex.Core.Testing.Services.NoMaintenanceModeService.HandleElementNotFound[T](Func`1 action, RepoItemInfo entry)
   at Ranorex.Core.Repository.RepoItemInfo.Find[T](Boolean findSingle, Boolean throwException, Duration effectiveTimeoutOverride)
   at Ranorex.Core.Repository.RepoItemInfo.WaitForExists(Duration waitTimeout)
   --- End of inner exception stack trace ---
   at Ranorex.Core.Repository.RepoItemInfo.WaitForExists(Duration waitTimeout)
   at Automation_JobLoading.MainForm.SPIGUI_JobLoading(StreamWriter sw) in S:\Automation\Automation_JobLoading\Automation_JobLoading\MainForm.cs:line 316
[2020-11-06 오후 1:26:29] 0859586GBA_2_Job Loading Fail
[2020-11-06 오후 1:27:09] Ranorex.ElementNotFoundException: Failed to find item 'JobLoading_Repository.SPIGUI.LoadJobFile.NormalLane2'. ---> Ranorex.ElementNotFoundException: No element found for path '?/?/element[@controlid='18']/radiobutton[@accessiblename='Normal']' within 30s.
   --- End of inner exception stack trace ---
   at Ranorex.Core.Repository.RepoItemInfo.FindInternal[T](Boolean findSingle, Boolean throwException, Duration effectiveTimeoutOverride)
   at Ranorex.Core.Repository.RepoItemInfo.<>c__DisplayClass75_0`1.<Find>b__0()
   at Ranorex.Core.Testing.Services.NoMaintenanceModeService.HandleElementNotFound[T](Func`1 action, RepoItemInfo entry)
   at Ranorex.Core.Repository.RepoItemInfo.Find[T](Boolean findSingle, Boolean throwException, Duration effectiveTimeoutOverride)
   at Ranorex.Core.Repository.RepoItemInfo.CreateAdapter[T](Boolean throwException, Duration waitTimeout)
   at Ranorex.Core.Repository.RepoItemInfo.CreateAdapter[T](Boolean throwException)
   at Automation_JobLoading.JobLoading_RepositoryFolders.LoadJobFileAppFolder.get_NormalLane2() in S:\Automation\Automation_JobLoading\Automation_JobLoading\JobLoading_Repository.cs:line 1817
   at Automation_JobLoading.MainForm.SPIGUI_JobLoading(StreamWriter sw) in S:\Automation\Automation_JobLoading\Automation_JobLoading\MainForm.cs:line 286
[2020-11-06 오후 1:27:09] 0859586GBA_2_Job Loading Fail
[2020-11-06 오후 1:27:25] --Job File Loading Start--
[2020-11-06 오후 1:27:28] 3332A10048_R2_Job Loading Succcess
[2020-11-06 오후 1:27:29] quantity창 종료버튼 클릭
[2020-11-06 오후 1:28:51] --Job File Loading Start--
[2020-11-06 오후 1:29:07] Ranorex.RanorexException: Failed to wait for item to exist. ---> Ranorex.ApplicationNotRespondingException: Exception of type 'Ranorex.ApplicationNotRespondingException' was thrown.
   at Ranorex.Core.FunctionExecuteWithTimeout.TryExecute[T](Func`1 func, TimeSpan timeout)
   at Ranorex.Core.FunctionExecuteWithTimeout.WithTimeout[T](Func`1 func, Nullable`1 timeout)
   at Ranorex.Plugin.WpfRootRule.AddWpfNative(GlueRuleExecutionState state)
   at Ranorex.Plugin.WpfRootRule.Execute(GlueRuleExecutionState state)
   at Ranorex.Core.ElementEngine.ApplyGlueRules(Element element, GlueRuleExecutionStateImpl state, Boolean includeRemotes)
   at Ranorex.Core.ElementEngine.ApplyReplaceGlueRulesOnSingleRecentlyInsertedElement(Element parentElement, GlueRuleExecutionStateImpl state, GlueRuleExecutionStateImpl replaceState, Element recentlyInsertedElement)
   at Ranorex.Core.ElementEngine.ApplyReplaceGlueRulesOnRecentlyInserted(Element element, GlueRuleExecutionStateImpl state)
   at Ranorex.Core.ElementEngine.ApplyGlueRules(Element element, GlueRuleExecutionStateImpl state, Boolean includeRemotes)
   at Ranorex.Core.ElementEngine.ApplyGlueRules(Element element, Boolean includeRemotes)
   at Ranorex.Core.Element.GetChildren(CacheSession session)
   at Ranorex.Core.Element.get_Children()
   at Ranorex.Core.RxPath.collectAxis(LocationStep step, Axis optimizedAxis, Element self, IList`1 elements, Boolean quitOnFirstGoodNode)
   at Ranorex.Core.RxPath.ApplyInternal(RxPath path, Element startElement, Duration timeout, Boolean findSingle, CacheSession& usedCacheSession)
   at Ranorex.Core.RxPath.Apply(Element startElement, Duration timeout, Boolean findSingle, CacheSession& usedCacheSession)
   at Ranorex.Core.Element.TryFindInternal(RxPath path, Duration timeout, Boolean findSingle, IList`1& foundElements, CacheSession& usedCacheSession)
   at Ranorex.Core.Repository.RepoItemInfo.FindInternal[T](Boolean findSingle, Boolean throwException, Duration effectiveTimeoutOverride)
   at Ranorex.Core.Repository.RepoItemInfo.<>c__DisplayClass75_0`1.<Find>b__0()
   at Ranorex.Core.Testing.Services.NoMaintenanceModeService.HandleElementNotFound[T](Func`1 action, RepoItemInfo entry)
   at Ranorex.Core.Repository.RepoItemInfo.Find[T](Boolean findSingle, Boolean throwException, Duration effectiveTimeoutOverride)
   at Ranorex.Core.Repository.RepoItemInfo.WaitForExists(Duration waitTimeout)
   --- End of inner exception stack trace ---
   at Ranorex.Core.Repository.RepoItemInfo.WaitForExists(Duration waitTimeout)
   at Automation_JobLoading.MainForm.SPIGUI_JobLoading(StreamWriter sw) in S:\Automation\Automation_JobLoading\Automation_JobLoading\MainForm.cs:line 316
[2020-11-06 오후 1:29:07] 3332A10048_R2_Job Loading Fail
[2020-11-06 오후 1:30:12] Ranorex.ElementNotFoundException: Failed to find item 'JobLoading_Repository.SPIGUI.SPIGUI.OpenIcon'. ---> Ranorex.ElementNotFoundException: No element found for path 'container[2]/container/picture[2]' within 30s.
   --- End of inner exception stack trace ---
   at Ranorex.Core.Repository.RepoItemInfo.FindInternal[T](Boolean findSingle, Boolean throwException, Duration effectiveTimeoutOverride)
   at Ranorex.Core.Repository.RepoItemInfo.<>c__DisplayClass75_0`1.<Find>b__0()
   at Ranorex.Core.Testing.Services.NoMaintenanceModeService.HandleElementNotFound[T](Func`1 action, RepoItemInfo entry)
   at Ranorex.Core.Repository.RepoItemInfo.Find[T](Boolean findSingle, Boolean throwException, Duration effectiveTimeoutOverride)
   at Ranorex.Core.Repository.RepoItemInfo.CreateAdapter[T](Boolean throwException, Duration waitTimeout)
   at Ranorex.Core.Repository.RepoItemInfo.CreateAdapter[T](Boolean throwException)
   at Automation_JobLoading.JobLoading_RepositoryFolders.SPIGUIAppFolder.get_OpenIcon() in S:\Automation\Automation_JobLoading\Automation_JobLoading\JobLoading_Repository.cs:line 2077
   at Automation_JobLoading.MainForm.SPIGUI_JobLoading(StreamWriter sw) in S:\Automation\Automation_JobLoading\Automation_JobLoading\MainForm.cs:line 282
[2020-11-06 오후 1:30:12] 3332A10048_R2_Job Loading Fail
[2020-11-06 오후 1:30:55] --Job File Loading Start--
[2020-11-06 오후 1:30:58] 3332AJ0031_R2_Job Loading Succcess
[2020-11-06 오후 1:30:59] quantity창 종료버튼 클릭
[2020-11-06 오후 1:32:18] --Job File Loading Start--
[2020-11-06 오후 1:32:42] 3332AJ0035_R2_Job Loading Succcess
[2020-11-06 오후 1:32:43] quantity창 종료버튼 클릭
[2020-11-06 오후 1:34:14] --Job File Loading Start--
[2020-11-06 오후 1:34:37] 3332AJ0038_R2_Job Loading Succcess
[2020-11-06 오후 1:34:38] quantity창 종료버튼 클릭
[2020-11-06 오후 1:35:56] --Job File Loading Start--
[2020-11-06 오후 1:36:10] 3332AJ0040_R2_Job Loading Succcess
[2020-11-06 오후 1:36:11] quantity창 종료버튼 클릭
[2020-11-06 오후 1:37:29] --Job File Loading Start--
[2020-11-06 오후 1:37:41] 3332AJ0041_R2_Job Loading Succcess
[2020-11-06 오후 1:37:42] quantity창 종료버튼 클릭
[2020-11-06 오후 1:39:00] --Job File Loading Start--
[2020-11-06 오후 1:39:18] 3332AJ0042_R2_Job Loading Succcess
[2020-11-06 오후 1:39:19] quantity창 종료버튼 클릭
[2020-11-06 오후 1:40:37] --Job File Loading Start--
[2020-11-06 오후 1:40:57] 3332AJ0043_R2_Job Loading Succcess
[2020-11-06 오후 1:40:58] quantity창 종료버튼 클릭
[2020-11-06 오후 1:42:16] --Job File Loading Start--
[2020-11-06 오후 1:42:36] 3332AJ0044_R2_Job Loading Succcess
[2020-11-06 오후 1:42:37] quantity창 종료버튼 클릭
[2020-11-06 오후 1:43:55] --Job File Loading Start--
[2020-11-06 오후 1:44:13] 3332AJ0049_R2_Job Loading Succcess
[2020-11-06 오후 1:44:14] quantity창 종료버튼 클릭
[2020-11-06 오후 1:45:44] --Job File Loading Start--
[2020-11-06 오후 1:46:12] 3332AJ0052_R2_Job Loading Succcess
[2020-11-06 오후 1:46:13] quantity창 종료버튼 클릭
[2020-11-06 오후 1:47:31] --Job File Loading Start--
[2020-11-06 오후 1:47:52] 3332AJ0053_R2_Job Loading Succcess
[2020-11-06 오후 1:47:53] quantity창 종료버튼 클릭
[2020-11-06 오후 1:49:11] --Job File Loading Start--
[2020-11-06 오후 1:49:37] 3338311239_R2_Job Loading Succcess
[2020-11-06 오후 1:49:38] quantity창 종료버튼 클릭
[2020-11-06 오후 1:50:56] --Job File Loading Start--
[2020-11-06 오후 1:51:12] 3338311284_R2_Job Loading Succcess
[2020-11-06 오후 1:51:12] quantity창 종료버튼 클릭
[2020-11-06 오후 1:52:30] --Job File Loading Start--
[2020-11-06 오후 1:52:51] 3338311285_R2_Job Loading Succcess
[2020-11-06 오후 1:52:52] quantity창 종료버튼 클릭
[2020-11-06 오후 1:54:10] --Job File Loading Start--
[2020-11-06 오후 1:54:29] 3338311291_R2_Job Loading Succcess
[2020-11-06 오후 1:54:30] quantity창 종료버튼 클릭
[2020-11-06 오후 1:55:48] --Job File Loading Start--
[2020-11-06 오후 1:56:13] 3338311301_R2_Job Loading Succcess
[2020-11-06 오후 1:56:14] quantity창 종료버튼 클릭
[2020-11-06 오후 1:57:32] --Job File Loading Start--
[2020-11-06 오후 1:57:49] 3338311323_R2_Job Loading Succcess
[2020-11-06 오후 1:57:49] quantity창 종료버튼 클릭
[2020-11-06 오후 1:59:08] --Job File Loading Start--
[2020-11-06 오후 1:59:20] 3338311324_R2_Job Loading Succcess
[2020-11-06 오후 1:59:21] quantity창 종료버튼 클릭
[2020-11-06 오후 2:00:39] --Job File Loading Start--
[2020-11-06 오후 2:00:54] 3338311326_R2_Job Loading Succcess
[2020-11-06 오후 2:00:55] quantity창 종료버튼 클릭
[2020-11-06 오후 2:02:12] --Job File Loading Start--
[2020-11-06 오후 2:02:38] 3338311327_R2_Job Loading Succcess
[2020-11-06 오후 2:02:39] quantity창 종료버튼 클릭
[2020-11-06 오후 2:03:57] --Job File Loading Start--
[2020-11-06 오후 2:04:15] 3338312040_R2_Job Loading Succcess
[2020-11-06 오후 2:04:16] quantity창 종료버튼 클릭
[2020-11-06 오후 2:05:34] --Job File Loading Start--
[2020-11-06 오후 2:05:58] 3338312112_R2_Job Loading Succcess
[2020-11-06 오후 2:05:59] quantity창 종료버튼 클릭
[2020-11-06 오후 2:07:29] --Job File Loading Start--
[2020-11-06 오후 2:07:44] 3338312255_R2_Job Loading Succcess
[2020-11-06 오후 2:07:45] quantity창 종료버튼 클릭
[2020-11-06 오후 2:09:03] --Job File Loading Start--
[2020-11-06 오후 2:09:17] 3338313034_R2_Job Loading Succcess
[2020-11-06 오후 2:09:18] quantity창 종료버튼 클릭
[2020-11-06 오후 2:10:36] --Job File Loading Start--
[2020-11-06 오후 2:10:52] 3338313076_R2_Job Loading Succcess
[2020-11-06 오후 2:10:53] quantity창 종료버튼 클릭
[2020-11-06 오후 2:12:11] --Job File Loading Start--
[2020-11-06 오후 2:12:29] 3338313192_R2_Job Loading Succcess
[2020-11-06 오후 2:12:30] quantity창 종료버튼 클릭
[2020-11-06 오후 2:13:48] --Job File Loading Start--
[2020-11-06 오후 2:14:10] 3338313251_R2_Job Loading Succcess
[2020-11-06 오후 2:14:11] quantity창 종료버튼 클릭
[2020-11-06 오후 2:15:29] --Job File Loading Start--
[2020-11-06 오후 2:15:56] 3338315080_R2_Job Loading Succcess
[2020-11-06 오후 2:15:56] quantity창 종료버튼 클릭
[2020-11-06 오후 2:17:15] --Job File Loading Start--
[2020-11-06 오후 2:17:25] 3338316080_R2_Job Loading Succcess
[2020-11-06 오후 2:17:26] quantity창 종료버튼 클릭
[2020-11-06 오후 2:18:44] --Job File Loading Start--
[2020-11-06 오후 2:18:59] AT_S-ZFX50-LAB141P-01_Job Loading Succcess
[2020-11-06 오후 2:19:00] quantity창 종료버튼 클릭
[2020-11-06 오후 2:20:18] --Job File Loading Start--
[2020-11-06 오후 2:20:30] VW MIB 9 in A2C13005801 Bottom_Job Loading Succcess
[2020-11-06 오후 2:20:31] quantity창 종료버튼 클릭
[2020-11-06 오후 2:21:49] --Job File Loading Start--
[2020-11-06 오후 2:22:01] VW MIB 9 in A2C13005801 Top_Job Loading Succcess
[2020-11-06 오후 2:22:02] quantity창 종료버튼 클릭
[2020-11-06 오후 2:23:19] --Job File Loading Start--
[2020-11-06 오후 2:23:31] 4525796_0501 TEST_Job Loading Succcess
[2020-11-06 오후 2:23:32] quantity창 종료버튼 클릭
[2020-11-06 오후 2:24:48] --Job File Loading Start--
[2020-11-06 오후 2:24:58] AG-1504041-A1_Job Loading Succcess
[2020-11-06 오후 2:24:59] quantity창 종료버튼 클릭
[2020-11-06 오후 2:26:17] --Job File Loading Start--
[2020-11-06 오후 2:26:28] SVL430A30-V0.1-WP_Job Loading Succcess
[2020-11-06 오후 2:26:29] quantity창 종료버튼 클릭
[2020-11-06 오후 2:27:46] --Job File Loading Start--
[2020-11-06 오후 2:27:57] SVL490A43-SH705-V0.2_Job Loading Succcess
[2020-11-06 오후 2:27:58] quantity창 종료버튼 클릭
[2020-11-06 오후 2:29:27] --Job File Loading Start--
[2020-11-06 오후 2:29:36] SVL490A43-V0.1-WS_Job Loading Succcess
[2020-11-06 오후 2:29:37] quantity창 종료버튼 클릭
[2020-11-06 오후 2:30:55] --Job File Loading Start--
[2020-11-06 오후 2:31:18] H07 MLB BOT_Job Loading Succcess
[2020-11-06 오후 2:31:19] quantity창 종료버튼 클릭
[2020-11-06 오후 2:32:37] --Job File Loading Start--
[2020-11-06 오후 2:33:12] 180823 Alpha_Bottom_Test_Job Loading Succcess
[2020-11-06 오후 2:33:13] quantity창 종료버튼 클릭
[2020-11-06 오후 2:34:31] --Job File Loading Start--
[2020-11-06 오후 2:34:42] 180823 Alpha_Bottom_Test_Ver 1.0_Job Loading Succcess
[2020-11-06 오후 2:34:43] quantity창 종료버튼 클릭
[2020-11-06 오후 2:36:01] --Job File Loading Start--
[2020-11-06 오후 2:36:09] 180823 Alpha_TOP_Test_Job Loading Succcess
[2020-11-06 오후 2:36:10] quantity창 종료버튼 클릭
[2020-11-06 오후 2:37:27] --Job File Loading Start--
[2020-11-06 오후 2:37:36] 180823 Beta_Bottom_Test_Job Loading Succcess
[2020-11-06 오후 2:37:37] quantity창 종료버튼 클릭
[2020-11-06 오후 2:38:55] --Job File Loading Start--
[2020-11-06 오후 2:39:04] 180823 Beta_TOP_Test_Job Loading Succcess
[2020-11-06 오후 2:39:04] quantity창 종료버튼 클릭
[2020-11-06 오후 2:40:22] --Job File Loading Start--
[2020-11-06 오후 2:40:30] 180823 Gamma_Bottom_Test_Job Loading Succcess
[2020-11-06 오후 2:40:31] quantity창 종료버튼 클릭
[2020-11-06 오후 2:41:49] --Job File Loading Start--
[2020-11-06 오후 2:41:57] 180823 Gamma_TOP_Test_Job Loading Succcess
[2020-11-06 오후 2:41:58] quantity창 종료버튼 클릭
[2020-11-06 오후 2:43:16] --Job File Loading Start--
[2020-11-06 오후 2:43:49] Samsung_SPI_test02_Job Loading Succcess
[2020-11-06 오후 2:43:50] quantity창 종료버튼 클릭
[2020-11-06 오후 2:45:09] --Job File Loading Start--
[2020-11-06 오후 2:46:06] Ranorex.RanorexException: Failed to wait for item to exist. ---> Ranorex.ApplicationNotRespondingException: Exception of type 'Ranorex.ApplicationNotRespondingException' was thrown.
   at Ranorex.Core.FunctionExecuteWithTimeout.TryExecute[T](Func`1 func, TimeSpan timeout)
   at Ranorex.Core.FunctionExecuteWithTimeout.WithTimeout[T](Func`1 func, Nullable`1 timeout)
   at Ranorex.Plugin.WpfRootRule.AddWpfNative(GlueRuleExecutionState state)
   at Ranorex.Plugin.WpfRootRule.Execute(GlueRuleExecutionState state)
   at Ranorex.Core.ElementEngine.ApplyGlueRules(Element element, GlueRuleExecutionStateImpl state, Boolean includeRemotes)
   at Ranorex.Core.ElementEngine.ApplyReplaceGlueRulesOnSingleRecentlyInsertedElement(Element parentElement, GlueRuleExecutionStateImpl state, GlueRuleExecutionStateImpl replaceState, Element recentlyInsertedElement)
   at Ranorex.Core.ElementEngine.ApplyReplaceGlueRulesOnRecentlyInserted(Element element, GlueRuleExecutionStateImpl state)
   at Ranorex.Core.ElementEngine.ApplyGlueRules(Element element, GlueRuleExecutionStateImpl state, Boolean includeRemotes)
   at Ranorex.Core.ElementEngine.ApplyGlueRules(Element element, Boolean includeRemotes)
   at Ranorex.Core.Element.GetChildren(CacheSession session)
   at Ranorex.Core.Element.get_Children()
   at Ranorex.Core.RxPath.collectAxis(LocationStep step, Axis optimizedAxis, Element self, IList`1 elements, Boolean quitOnFirstGoodNode)
   at Ranorex.Core.RxPath.ApplyInternal(RxPath path, Element startElement, Duration timeout, Boolean findSingle, CacheSession& usedCacheSession)
   at Ranorex.Core.RxPath.Apply(Element startElement, Duration timeout, Boolean findSingle, CacheSession& usedCacheSession)
   at Ranorex.Core.Element.TryFindInternal(RxPath path, Duration timeout, Boolean findSingle, IList`1& foundElements, CacheSession& usedCacheSession)
   at Ranorex.Core.Repository.RepoItemInfo.FindInternal[T](Boolean findSingle, Boolean throwException, Duration effectiveTimeoutOverride)
   at Ranorex.Core.Repository.RepoItemInfo.<>c__DisplayClass75_0`1.<Find>b__0()
   at Ranorex.Core.Testing.Services.NoMaintenanceModeService.HandleElementNotFound[T](Func`1 action, RepoItemInfo entry)
   at Ranorex.Core.Repository.RepoItemInfo.Find[T](Boolean findSingle, Boolean throwException, Duration effectiveTimeoutOverride)
   at Ranorex.Core.Repository.RepoItemInfo.WaitForExists(Duration waitTimeout)
   --- End of inner exception stack trace ---
   at Ranorex.Core.Repository.RepoItemInfo.WaitForExists(Duration waitTimeout)
   at Automation_JobLoading.MainForm.SPIGUI_JobLoading(StreamWriter sw) in S:\Automation\Automation_JobLoading\Automation_JobLoading\MainForm.cs:line 316
[2020-11-06 오후 2:46:06] Samsung_SPI_test02_Job Loading Fail
[2020-11-06 오후 2:46:31] --Job File Loading Start--
[2020-11-06 오후 2:46:34] 742223SD0A_SKYWORKS_Job Loading Succcess
[2020-11-06 오후 2:46:35] quantity창 종료버튼 클릭
[2020-11-06 오후 2:47:55] --Job File Loading Start--
[2020-11-06 오후 2:48:49] 800756SD0A_SKYWORKS_Job Loading Succcess
[2020-11-06 오후 2:48:50] quantity창 종료버튼 클릭
[2020-11-06 오후 2:50:09] --Job File Loading Start--
[2020-11-06 오후 3:40:17] Program Load
[2020-11-06 오후 3:40:17] Job List Display Completed!
