[2020-11-30 오전 10:12:59] ---Automation Program Load---
[2020-11-30 오전 10:13:20] Job List Display Completed!
[2020-11-30 오전 10:13:22] ---SPI Job Loading Automation Run Start!!!!!---
[2020-11-30 오전 10:13:22] ---SPI Job Convert Start!!!!!---
[2020-11-30 오전 10:14:42] ---D:\Automation\SPI Job\SPI_Compal Kunshan\AT_S-ZFX50-LAB141P-01.mdb_Job Load in C-Editor Completed!---
[2020-11-30 오전 10:25:21] ---Automation Program Load---
[2020-11-30 오전 10:25:31] Job List Display Completed!
[2020-11-30 오전 10:25:33] ---SPI Job Loading Automation Run Start!!!!!---
[2020-11-30 오전 10:25:33] ---SPI Job Convert Start!!!!!---
[2020-11-30 오전 10:34:18] ---Automation Program Load---
[2020-11-30 오전 10:34:27] Job List Display Completed!
[2020-11-30 오전 10:34:32] ---SPI Job Loading Automation Run Start!!!!!---
[2020-11-30 오전 10:34:32] ---SPI Job Convert Start!!!!!---
[2020-11-30 오전 10:35:23] ---D:\Automation\SPI Job\SPI_Compal Kunshan\AT_S-ZFX50-LAB141P-01.mdb_Job Load in C-Editor Completed!---
[2020-11-30 오전 10:36:13] ---D:\Automation\SPI Job\SPI_Continental_periferico_VW MIB 9 in A2C13005801\Bottom\VW MIB 9 in A2C13005801 Bottom.mdb_Job Load in C-Editor Completed!---
[2020-11-30 오전 10:37:04] ---D:\Automation\SPI Job\SPI_Continental_periferico_VW MIB 9 in A2C13005801\Top\VW MIB 9 in A2C13005801 Top.mdb_Job Load in C-Editor Completed!---
[2020-11-30 오전 10:37:04] ----SPI GUI Job Loading Start!!!----
[2020-11-30 오전 10:37:04] ----SPIGUI ON----
[2020-11-30 오전 11:10:46] ---Automation Program Load---
[2020-11-30 오전 11:11:00] Job List Display Completed!
[2020-11-30 오전 11:11:01] ---SPI Job Loading Automation Run Start!!!!!---
[2020-11-30 오전 11:11:01] ---SPI Job Convert Start!!!!!---
[2020-11-30 오전 11:11:16] ---D:\Automation\SPI Job\SPI_Compal Kunshan\AT_S-ZFX50-LAB141P-01.mdb_Job Load in C-Editor Completed!---
[2020-11-30 오전 11:11:32] ---D:\Automation\SPI Job\SPI_Continental_periferico_VW MIB 9 in A2C13005801\Bottom\VW MIB 9 in A2C13005801 Bottom.mdb_Job Load in C-Editor Completed!---
[2020-11-30 오전 11:11:48] ---D:\Automation\SPI Job\SPI_Continental_periferico_VW MIB 9 in A2C13005801\Top\VW MIB 9 in A2C13005801 Top.mdb_Job Load in C-Editor Completed!---
[2020-11-30 오전 11:11:48] ----SPI GUI Job Loading Start!!!----
[2020-11-30 오전 11:11:48] ----SPIGUI ON----
[2020-11-30 오전 11:13:11] ---Automation Program Load---
[2020-11-30 오전 11:13:24] Job List Display Completed!
[2020-11-30 오전 11:13:25] ---SPI Job Loading Automation Run Start!!!!!---
[2020-11-30 오전 11:13:25] ---SPI Job Convert Start!!!!!---
[2020-11-30 오전 11:13:41] ---D:\Automation\SPI Job\SPI_Compal Kunshan\AT_S-ZFX50-LAB141P-01.mdb_Job Load in C-Editor Completed!---
[2020-11-30 오전 11:14:35] ---Automation Program Load---
[2020-11-30 오전 11:14:49] Job List Display Completed!
[2020-11-30 오전 11:14:50] ---SPI Job Loading Automation Run Start!!!!!---
[2020-11-30 오전 11:14:50] ---SPI Job Convert Start!!!!!---
[2020-11-30 오전 11:15:05] ---D:\Automation\SPI Job\SPI_Compal Kunshan\AT_S-ZFX50-LAB141P-01.mdb_Job Load in C-Editor Completed!---
[2020-11-30 오전 11:17:35] ---Automation Program Load---
[2020-11-30 오전 11:18:18] ---Automation Program Load---
[2020-11-30 오전 11:18:23] Job List Display Completed!
[2020-11-30 오전 11:18:24] ---SPI Job Loading Automation Run Start!!!!!---
[2020-11-30 오전 11:18:24] ---SPI Job Convert Start!!!!!---
[2020-11-30 오전 11:21:15] ---Automation Program Load---
[2020-11-30 오전 11:21:25] Job List Display Completed!
[2020-11-30 오전 11:21:26] ---SPI Job Loading Automation Run Start!!!!!---
[2020-11-30 오전 11:21:26] ---SPI Job Convert Start!!!!!---
[2020-11-30 오전 11:24:45] ---Automation Program Load---
[2020-11-30 오전 11:27:47] ---Automation Program Load---
[2020-11-30 오전 11:28:21] ---Automation Program Load---
[2020-11-30 오전 11:28:27] Job List Display Completed!
[2020-11-30 오전 11:28:28] ---SPI Job Loading Automation Run Start!!!!!---
[2020-11-30 오전 11:28:28] ---SPI Job Convert Start!!!!!---
[2020-11-30 오전 11:31:18] ---Automation Program Load---
[2020-11-30 오전 11:31:25] Job List Display Completed!
[2020-11-30 오전 11:31:26] ---SPI Job Loading Automation Run Start!!!!!---
[2020-11-30 오전 11:31:26] ---SPI Job Convert Start!!!!!---
[2020-11-30 오전 11:34:49] ---Automation Program Load---
[2020-11-30 오전 11:35:03] Job List Display Completed!
[2020-11-30 오전 11:35:04] ---SPI Job Loading Automation Run Start!!!!!---
[2020-11-30 오전 11:35:04] ---SPI Job Convert Start!!!!!---
[2020-11-30 오전 11:35:19] ---Automation Program Load---
[2020-11-30 오전 11:35:23] Job List Display Completed!
[2020-11-30 오전 11:35:24] ---SPI Job Loading Automation Run Start!!!!!---
[2020-11-30 오전 11:35:24] ---SPI Job Convert Start!!!!!---
[2020-11-30 오전 11:37:24] job path 입력 오류로 job load 재수행
[2020-11-30 오전 11:38:13] ---Automation Program Load---
[2020-11-30 오전 11:38:20] Job List Display Completed!
[2020-11-30 오전 11:38:21] ---SPI Job Loading Automation Run Start!!!!!---
[2020-11-30 오전 11:38:21] ---SPI Job Convert Start!!!!!---
[2020-11-30 오전 11:38:38] job path 입력 오류로 job load 재수행
[2020-11-30 오전 11:39:50] Ranorex.ElementNotFoundException: Failed to find item 'JobLoading_Repository.ComponentID.ComponentID'. ---> Ranorex.ElementNotFoundException: No element found for path '/form[@processname='CEditor' and @class='#32770']/titlebar[@accessiblerole='TitleBar']' within 1m.
   --- 내부 예외 스택 추적의 끝 ---
   위치: Ranorex.Core.Repository.RepoItemInfo.FindInternal[T](Boolean findSingle, Boolean throwException, Duration effectiveTimeoutOverride)
   위치: Ranorex.Core.Repository.RepoItemInfo.<>c__DisplayClass75_0`1.<Find>b__0()
   위치: Ranorex.Core.Testing.Services.NoMaintenanceModeService.HandleElementNotFound[T](Func`1 action, RepoItemInfo entry)
   위치: Ranorex.Core.Repository.RepoItemInfo.Find[T](Boolean findSingle, Boolean throwException, Duration effectiveTimeoutOverride)
   위치: Ranorex.Core.Repository.RepoItemInfo.CreateAdapter[T](Boolean throwException, Duration waitTimeout)
   위치: Ranorex.Core.Repository.RepoItemInfo.CreateAdapter[T](Boolean throwException)
   위치: Automation_JobLoading.JobLoading_RepositoryFolders.ComponentIDAppFolder.get_ComponentID() 파일 D:\Automation_JobLoading\Automation_JobLoading\JobLoading_Repository.cs:줄 532
   위치: Automation_JobLoading.MainForm.CEditor_JobConvert(StreamWriter sw) 파일 D:\Automation_JobLoading\Automation_JobLoading\MainForm.cs:줄 177
[2020-11-30 오전 11:44:56] ---Automation Program Load---
[2020-11-30 오전 11:45:01] Job List Display Completed!
[2020-11-30 오전 11:45:04] ---SPI Job Loading Automation Run Start!!!!!---
[2020-11-30 오전 11:45:04] ---SPI Job Convert Start!!!!!---
[2020-11-30 오전 11:46:29] ---Automation Program Load---
[2020-11-30 오전 11:46:39] Job List Display Completed!
[2020-11-30 오전 11:46:40] ---SPI Job Loading Automation Run Start!!!!!---
[2020-11-30 오전 11:46:40] ---SPI Job Convert Start!!!!!---
[2020-11-30 오전 11:49:57] ---Automation Program Load---
[2020-11-30 오전 11:50:18] ---Automation Program Load---
[2020-11-30 오전 11:50:23] Job List Display Completed!
[2020-11-30 오전 11:50:24] ---SPI Job Loading Automation Run Start!!!!!---
[2020-11-30 오전 11:50:24] ---SPI Job Convert Start!!!!!---
[2020-11-30 오전 11:50:37] Ranorex.RxPathException: Invalid RxPath '{/ form[@processname = 'CEditor' and @class = '#32770'] / titlebar[@accessiblerole = 'TitleBar']}'. ---> Ranorex.RxPathException: Invalid character at character position 96.
   위치: Ranorex.Core.RxPath.TryInit(String path)
   --- 내부 예외 스택 추적의 끝 ---
   위치: Ranorex.Core.RxPath..ctor(String path)
   위치: Ranorex.Core.RxPath.op_Implicit(String path)
   위치: Automation_JobLoading.MainForm.CEditor_JobConvert(StreamWriter sw) 파일 D:\Automation_JobLoading\Automation_JobLoading\MainForm.cs:줄 176
[2020-11-30 오전 11:51:14] ---Automation Program Load---
[2020-11-30 오전 11:51:21] Job List Display Completed!
[2020-11-30 오전 11:51:22] ---SPI Job Loading Automation Run Start!!!!!---
[2020-11-30 오전 11:51:22] ---SPI Job Convert Start!!!!!---
[2020-11-30 오전 11:51:34] Ranorex.RxPathException: Invalid RxPath '{/ form[@processname = 'CEditor' and @class = '#32770'] / titlebar[@accessiblerole = 'TitleBar']}'. ---> Ranorex.RxPathException: Invalid character at character position 96.
   위치: Ranorex.Core.RxPath.TryInit(String path)
   --- 내부 예외 스택 추적의 끝 ---
   위치: Ranorex.Core.RxPath..ctor(String path)
   위치: Ranorex.Core.RxPath.op_Implicit(String path)
   위치: Automation_JobLoading.MainForm.CEditor_JobConvert(StreamWriter sw) 파일 D:\Automation_JobLoading\Automation_JobLoading\MainForm.cs:줄 176
[2020-11-30 오전 11:55:13] ---Automation Program Load---
[2020-11-30 오전 11:55:26] Job List Display Completed!
[2020-11-30 오전 11:55:27] ---SPI Job Loading Automation Run Start!!!!!---
[2020-11-30 오전 11:55:27] ---SPI Job Convert Start!!!!!---
[2020-11-30 오전 11:59:51] ---Automation Program Load---
[2020-11-30 오전 11:59:55] Job List Display Completed!
[2020-11-30 오후 12:00:11] ---SPI Job Loading Automation Run Start!!!!!---
[2020-11-30 오후 12:00:11] ---SPI Job Convert Start!!!!!---
[2020-11-30 오후 12:00:40] job path 입력 오류로 job load 재수행
[2020-11-30 오후 12:01:08] ---D:\Automation\SPI Job\SPI_Compal Kunshan\AT_S-ZFX50-LAB141P-01.mdb_Job Load in C-Editor Completed!---
[2020-11-30 오후 12:01:29] ---D:\Automation\SPI Job\SPI_Continental_periferico_VW MIB 9 in A2C13005801\Bottom\VW MIB 9 in A2C13005801 Bottom.mdb_Job Load in C-Editor Completed!---
[2020-11-30 오후 12:01:49] ---D:\Automation\SPI Job\SPI_Continental_periferico_VW MIB 9 in A2C13005801\Top\VW MIB 9 in A2C13005801 Top.mdb_Job Load in C-Editor Completed!---
