[2020-11-05 오후 2:16:42] Program Load
[2020-11-05 오후 2:16:42] Job List Display Completed!
[2020-11-05 오후 2:17:20] --Job File Loading Start--
[2020-11-05 오후 2:17:26] 첫번째대기
[2020-11-05 오후 2:17:31] 두번째대기
[2020-11-05 오후 2:18:01] 세번째대기
[2020-11-05 오후 2:18:04] 대기끝
[2020-11-05 오후 2:18:26] _Job Loading Succcess
[2020-11-05 오후 2:18:35] Save Error Image Completed!
[2020-11-05 오후 2:42:12] Program Load
[2020-11-05 오후 2:42:12] Job List Display Completed!
[2020-11-05 오후 2:42:38] --Job File Loading Start--
[2020-11-05 오후 2:42:44] 첫번째대기
[2020-11-05 오후 2:42:49] 두번째대기
[2020-11-05 오후 2:43:19] 세번째대기
[2020-11-05 오후 2:43:29] 대기끝
[2020-11-05 오후 2:43:31] _Job Loading Succcess
[2020-11-05 오후 2:43:34] Save Error Image Completed!
[2020-11-05 오후 2:43:50] --Job File Loading Start--
[2020-11-05 오후 2:43:53] 첫번째대기
[2020-11-05 오후 2:46:14] Program Load
[2020-11-05 오후 2:46:14] Job List Display Completed!
[2020-11-05 오후 2:47:48] --Job File Loading Start--
[2020-11-05 오후 2:47:55] 첫번째대기
[2020-11-05 오후 2:47:59] 두번째대기
[2020-11-05 오후 2:50:14] Save Error Image Completed!
[2020-11-05 오후 2:50:19] Save Error Image Completed!
[2020-11-05 오후 2:50:24] Save Error Image Completed!
[2020-11-05 오후 2:50:35] 세번째대기
[2020-11-05 오후 2:50:45] 대기끝
[2020-11-05 오후 2:50:56] _Job Loading Succcess
[2020-11-05 오후 2:51:16] --Job File Loading Start--
[2020-11-05 오후 2:51:22] 첫번째대기
[2020-11-05 오후 2:51:31] 두번째대기
[2020-11-05 오후 2:56:57] Program Load
[2020-11-05 오후 2:56:57] Job List Display Completed!
[2020-11-05 오후 2:57:18] --Job File Loading Start--
[2020-11-05 오후 2:57:23] 첫번째대기
[2020-11-05 오후 2:57:35] 두번째대기
[2020-11-05 오후 2:58:17] Save Error Image Completed!
[2020-11-05 오후 2:58:22] Save Error Image Completed!
[2020-11-05 오후 2:58:27] Save Error Image Completed!
[2020-11-05 오후 2:58:42] 세번째대기
[2020-11-05 오후 2:58:52] 대기끝
[2020-11-05 오후 2:59:14] _Job Loading Succcess
[2020-11-05 오후 3:02:15] Program Load
[2020-11-05 오후 3:02:15] Job List Display Completed!
[2020-11-05 오후 3:03:41] --Job File Loading Start--
[2020-11-05 오후 3:03:47] 첫번째대기
[2020-11-05 오후 3:03:55] 두번째대기
[2020-11-05 오후 3:04:38] Save Error Image Completed!
[2020-11-05 오후 3:04:43] Save Error Image Completed!
[2020-11-05 오후 3:04:48] Save Error Image Completed!
[2020-11-05 오후 3:04:50] quantity창 종료버튼 클릭
[2020-11-05 오후 3:05:55] 세번째대기
[2020-11-05 오후 3:06:05] 대기끝
[2020-11-05 오후 3:06:07] _Job Loading Succcess
[2020-11-05 오후 3:08:10] Program Load
[2020-11-05 오후 3:08:10] Job List Display Completed!
[2020-11-05 오후 3:08:34] --Job File Loading Start--
[2020-11-05 오후 3:08:40] 첫번째대기
[2020-11-05 오후 3:08:49] 두번째대기
[2020-11-05 오후 3:09:24] Save Error Image Completed!
[2020-11-05 오후 3:09:29] Save Error Image Completed!
[2020-11-05 오후 3:09:34] Save Error Image Completed!
[2020-11-05 오후 3:09:37] quantity창 종료버튼 클릭
[2020-11-05 오후 3:09:45] 세번째대기
[2020-11-05 오후 3:09:55] 대기끝
[2020-11-05 오후 3:09:57] _Job Loading Succcess
[2020-11-05 오후 3:10:17] --Job File Loading Start--
[2020-11-05 오후 3:10:22] 첫번째대기
[2020-11-05 오후 3:10:30] 두번째대기
[2020-11-05 오후 3:11:05] Save Error Image Completed!
[2020-11-05 오후 3:11:10] Save Error Image Completed!
[2020-11-05 오후 3:11:15] Save Error Image Completed!
[2020-11-05 오후 3:11:17] quantity창 종료버튼 클릭
[2020-11-05 오후 3:11:25] 세번째대기
[2020-11-05 오후 3:11:35] 대기끝
[2020-11-05 오후 3:11:37] _Job Loading Succcess
[2020-11-05 오후 3:11:52] --Job File Loading Start--
[2020-11-05 오후 3:11:56] 첫번째대기
[2020-11-05 오후 3:11:59] 두번째대기
[2020-11-05 오후 3:22:29] Ranorex.RanorexException: Failed to wait for item to not exist. Item 'JobLoading_Repository.SPIGUI.LoadJobFile.LoadDualLaneJOBFile' still exists after the specified timeout of 10m.
   at Ranorex.Core.Repository.RepoItemInfo.WaitForNotExists(Duration waitTimeout)
   at Automation_JobLoading.MainForm.SPIGUI_JobLoading(StreamWriter sw) in S:\Automation\Automation_JobLoading\Automation_JobLoading\MainForm.cs:line 328
[2020-11-05 오후 3:22:29] _Job Loading Fail
[2020-11-05 오후 3:36:08] Program Load
[2020-11-05 오후 3:36:08] Job List Display Completed!
