[2020-11-05 오전 11:12:14] Program Load
[2020-11-05 오전 11:12:14] Job List Display Completed!
[2020-11-05 오전 11:13:23] Program Load
[2020-11-05 오전 11:13:23] Job List Display Completed!
[2020-11-05 오전 11:16:35] Save Error Image Completed!
[2020-11-05 오전 11:18:07] Program Load
[2020-11-05 오전 11:18:07] Job List Display Completed!
[2020-11-05 오전 11:19:50] Save Error Image Completed!
[2020-11-05 오전 11:22:18] Program Load
[2020-11-05 오전 11:22:18] Job List Display Completed!
[2020-11-05 오전 11:24:21] Save Error Image Completed!
[2020-11-05 오전 11:27:50] Program Load
[2020-11-05 오전 11:27:50] Job List Display Completed!
[2020-11-05 오전 11:29:45] Save Error Image Completed!
[2020-11-05 오전 11:29:50] Save Error Image Completed!
[2020-11-05 오전 11:29:55] Save Error Image Completed!
[2020-11-05 오후 1:24:25] Program Load
[2020-11-05 오후 1:24:25] Job List Display Completed!
[2020-11-05 오후 1:49:37] Program Load
[2020-11-05 오후 1:49:37] Job List Display Completed!
[2020-11-05 오후 1:50:01] --Job File Loading Start--
[2020-11-05 오후 1:50:07] 첫번째대기
[2020-11-05 오후 1:50:12] 두번째대기
[2020-11-05 오후 1:50:42] 세번째대기
[2020-11-05 오후 1:50:45] 대기끝
[2020-11-05 오후 1:50:49] _Job Loading Succcess
[2020-11-05 오후 1:50:51] Save Error Image Completed!
[2020-11-05 오후 1:51:09] --Job File Loading Start--
[2020-11-05 오후 1:52:50] Program Load
[2020-11-05 오후 1:52:50] Job List Display Completed!
[2020-11-05 오후 1:53:25] Program Load
[2020-11-05 오후 1:53:25] Job List Display Completed!
[2020-11-05 오후 1:53:51] --Job File Loading Start--
[2020-11-05 오후 1:53:58] 첫번째대기
[2020-11-05 오후 1:54:06] 두번째대기
[2020-11-05 오후 1:54:41] Save Error Image Completed!
[2020-11-05 오후 1:54:46] Save Error Image Completed!
[2020-11-05 오후 1:54:50] Save Error Image Completed!
[2020-11-05 오후 1:55:27] 세번째대기
[2020-11-05 오후 1:55:30] 대기끝
[2020-11-05 오후 1:55:32] _Job Loading Succcess
[2020-11-05 오후 1:56:58] Program Load
[2020-11-05 오후 1:56:58] Job List Display Completed!
[2020-11-05 오후 1:57:37] --Job File Loading Start--
[2020-11-05 오후 1:57:43] 첫번째대기
[2020-11-05 오후 1:57:48] 두번째대기
[2020-11-05 오후 1:58:19] 세번째대기
[2020-11-05 오후 1:58:22] 대기끝
[2020-11-05 오후 1:58:24] _Job Loading Succcess
[2020-11-05 오후 1:58:34] Save Error Image Completed!
[2020-11-05 오후 1:58:45] --Job File Loading Start--
[2020-11-05 오후 1:58:49] 첫번째대기
[2020-11-05 오후 1:58:52] 두번째대기
[2020-11-05 오후 1:59:22] 세번째대기
[2020-11-05 오후 1:59:25] 대기끝
[2020-11-05 오후 1:59:27] _Job Loading Succcess
[2020-11-05 오후 1:59:42] --Job File Loading Start--
[2020-11-05 오후 1:59:46] 첫번째대기
[2020-11-05 오후 1:59:49] 두번째대기
[2020-11-05 오후 2:00:31] Program Load
[2020-11-05 오후 2:00:31] Job List Display Completed!
[2020-11-05 오후 2:00:53] --Job File Loading Start--
[2020-11-05 오후 2:00:59] 첫번째대기
[2020-11-05 오후 2:01:06] 두번째대기
[2020-11-05 오후 2:01:41] Save Error Image Completed!
[2020-11-05 오후 2:01:46] Save Error Image Completed!
[2020-11-05 오후 2:01:50] Save Error Image Completed!
[2020-11-05 오후 2:02:01] 세번째대기
[2020-11-05 오후 2:02:04] 대기끝
[2020-11-05 오후 2:02:06] _Job Loading Succcess
[2020-11-05 오후 2:02:31] --Job File Loading Start--
[2020-11-05 오후 2:02:37] 첫번째대기
[2020-11-05 오후 2:02:45] 두번째대기
[2020-11-05 오후 2:03:21] Save Error Image Completed!
[2020-11-05 오후 2:03:26] Save Error Image Completed!
[2020-11-05 오후 2:03:31] Save Error Image Completed!
[2020-11-05 오후 2:03:41] 세번째대기
[2020-11-05 오후 2:03:44] 대기끝
[2020-11-05 오후 2:03:46] _Job Loading Succcess
[2020-11-05 오후 2:04:21] --Job File Loading Start--
[2020-11-05 오후 2:04:31] 첫번째대기
[2020-11-05 오후 2:04:34] 두번째대기
[2020-11-05 오후 2:05:04] 세번째대기
[2020-11-05 오후 2:05:07] 대기끝
[2020-11-05 오후 2:05:58] _Job Loading Succcess
[2020-11-05 오후 2:06:53] --Job File Loading Start--
[2020-11-05 오후 2:06:56] 첫번째대기
[2020-11-05 오후 2:06:59] 두번째대기
[2020-11-05 오후 2:08:25] Program Load
[2020-11-05 오후 2:08:25] Job List Display Completed!
[2020-11-05 오후 2:08:51] --Job File Loading Start--
[2020-11-05 오후 2:08:58] 첫번째대기
[2020-11-05 오후 2:09:05] 두번째대기
[2020-11-05 오후 2:09:35] 세번째대기
[2020-11-05 오후 2:09:38] 대기끝
[2020-11-05 오후 2:10:10] _Job Loading Succcess
[2020-11-05 오후 2:10:14] Save Error Image Completed!
[2020-11-05 오후 2:10:29] --Job File Loading Start--
[2020-11-05 오후 2:10:32] 첫번째대기
[2020-11-05 오후 2:11:47] 두번째대기
[2020-11-05 오후 2:12:17] 세번째대기
[2020-11-05 오후 2:12:20] 대기끝
[2020-11-05 오후 2:12:21] _Job Loading Succcess
[2020-11-05 오후 2:12:38] --Job File Loading Start--
[2020-11-05 오후 2:13:28] Program Load
[2020-11-05 오후 2:13:28] Job List Display Completed!
[2020-11-05 오후 2:13:49] --Job File Loading Start--
[2020-11-05 오후 2:13:56] 첫번째대기
[2020-11-05 오후 2:14:01] 두번째대기
[2020-11-05 오후 2:14:31] 세번째대기
[2020-11-05 오후 2:14:34] 대기끝
[2020-11-05 오후 2:14:37] _Job Loading Succcess
[2020-11-05 오후 2:14:40] Save Error Image Completed!
[2020-11-05 오후 2:14:55] --Job File Loading Start--
