[2020-11-16 오전 9:43:45] ---Automation Program Load---
[2020-11-16 오전 9:43:45] Job List Display Completed!
[2020-11-16 오전 9:44:13] ---SPI Job Loading Automation Run Start!!!!!---
[2020-11-16 오전 9:44:13] ---SPI Job Convert Start!!!!!---
[2020-11-16 오전 9:45:30] ---S:\Test\AFEM-8086-A.mdb_Job Load in C-Editor Completed!---
[2020-11-16 오전 9:48:22] ---S:\Test\AFEM-8086-A.mdb_ Job Convert Success!---
[2020-11-16 오전 9:49:23] Ranorex.ElementNotFoundException: Failed to find item 'JobLoading_Repository.ComponentID.TextBox'. ---> Ranorex.ElementNotFoundException: No element found for path '/form[@processname='CEditor' and @class='#32770']/?/?/text[@controlid='1148']' within 1m.
   --- End of inner exception stack trace ---
   at Ranorex.Core.Repository.RepoItemInfo.FindInternal[T](Boolean findSingle, Boolean throwException, Duration effectiveTimeoutOverride)
   at Ranorex.Core.Repository.RepoItemInfo.<>c__DisplayClass75_0`1.<Find>b__0()
   at Ranorex.Core.Testing.Services.NoMaintenanceModeService.HandleElementNotFound[T](Func`1 action, RepoItemInfo entry)
   at Ranorex.Core.Repository.RepoItemInfo.Find[T](Boolean findSingle, Boolean throwException, Duration effectiveTimeoutOverride)
   at Ranorex.Core.Repository.RepoItemInfo.CreateAdapter[T](Boolean throwException, Duration waitTimeout)
   at Ranorex.Core.Repository.RepoItemInfo.CreateAdapter[T](Boolean throwException)
   at Automation_JobLoading.JobLoading_RepositoryFolders.ComponentIDAppFolder.get_TextBox() in S:\Automation\Automation_JobLoading\Automation_JobLoading\JobLoading_Repository.cs:line 460
   at Automation_JobLoading.MainForm.CEditor_JobConvert(StreamWriter sw) in S:\Automation\Automation_JobLoading\Automation_JobLoading\MainForm.cs:line 154
[2020-11-16 오전 10:59:20] ---Automation Program Load---
[2020-11-16 오전 10:59:20] Job List Display Completed!
[2020-11-16 오전 11:00:33] ---SPI Job Loading Automation Run Start!!!!!---
[2020-11-16 오전 11:00:33] ---SPI Job Convert Start!!!!!---
[2020-11-16 오전 11:01:49] ---S:\Test\AFEM-8086-A.mdb_Job Load in C-Editor Completed!---
[2020-11-16 오전 11:03:55] ---Automation Program Load---
[2020-11-16 오전 11:03:55] Job List Display Completed!
[2020-11-16 오전 11:07:42] ---SPI Job Loading Automation Run Start!!!!!---
[2020-11-16 오전 11:07:42] ---SPI Job Convert Start!!!!!---
[2020-11-16 오전 11:08:59] ---S:\Test\AFEM-8086-A.mdb_Job Load in C-Editor Completed!---
[2020-11-16 오후 12:58:00] ---Automation Program Load---
[2020-11-16 오후 12:58:00] Job List Display Completed!
[2020-11-16 오후 1:04:11] ---Automation Program Load---
[2020-11-16 오후 1:04:47] ---Automation Program Load---
[2020-11-16 오후 1:05:24] ---Automation Program Load---
[2020-11-16 오후 1:06:33] ---Automation Program Load---
[2020-11-16 오후 1:06:47] Job List Display Completed!
[2020-11-16 오후 1:11:16] ---Automation Program Load---
[2020-11-16 오후 1:11:18] ---SPI Job Loading Automation Run Start!!!!!---
[2020-11-16 오후 1:11:18] ---SPI Job Convert Start!!!!!---
[2020-11-16 오후 1:13:10] ---Automation Program Load---
[2020-11-16 오후 1:13:11] ---SPI Job Loading Automation Run Start!!!!!---
[2020-11-16 오후 1:13:11] ---SPI Job Convert Start!!!!!---
[2020-11-16 오후 1:13:29] ---Automation Program Load---
[2020-11-16 오후 1:13:31] ---SPI Job Loading Automation Run Start!!!!!---
[2020-11-16 오후 1:15:30] ---Automation Program Load---
[2020-11-16 오후 1:19:58] ---Automation Program Load---
[2020-11-16 오후 1:20:03] Job List Display Completed!
[2020-11-16 오후 1:20:12] ---SPI Job Loading Automation Run Start!!!!!---
[2020-11-16 오후 1:20:12] ---SPI Job Convert Start!!!!!---
[2020-11-16 오후 1:21:28] ---S:\Test\AFEM-8086-A.mdb_Job Load in C-Editor Completed!---
[2020-11-16 오후 1:23:48] ---S:\Test\BG_107_R_140.mdb_Job Load in C-Editor Completed!---
[2020-11-16 오후 1:26:52] ---S:\Test\BSM-J260F$8DS_BM_QE1808OFA014-018_REV0.5.mdb_Job Load in C-Editor Completed!---
[2020-11-16 오후 1:28:08] ---S:\Test\BSM-J260F$8DS_TM_QE1808OFA077-081_REV0.5.mdb_Job Load in C-Editor Completed!---
[2020-11-16 오후 1:29:24] ---S:\Test\D241_RS.mdb_Job Load in C-Editor Completed!---
[2020-11-16 오후 1:29:24] ----SPI GUI Job Loading Start!!!----
