[2021-01-05 오전 11:08:21] ---Automation Program Load---
[2021-01-05 오전 11:08:36] ---Automation Program Load---
[2021-01-05 오전 11:13:23] Job List Display Completed!
[2021-01-05 오전 11:13:26] ---SPI Job Loading Automation Run Start!!!!!---
[2021-01-05 오전 11:13:26] ---SPI Job Convert Start!!!!!---
[2021-01-05 오전 11:19:10] ---Automation Program Load---
[2021-01-05 오전 11:19:14] ---Automation Program Load---
[2021-01-05 오전 11:19:22] Job List Display Completed!
[2021-01-05 오전 11:19:24] ---SPI Job Loading Automation Run Start!!!!!---
[2021-01-05 오전 11:19:24] ---SPI Job Convert Start!!!!!---
[2021-01-05 오전 11:19:48] ---D:\test\3332AJ0041_R2.mdb_Job Load in C-Editor Completed!---
[2021-01-05 오전 11:20:09] ---D:\test\3332AJ0042_R2.mdb_Job Load in C-Editor Completed!---
[2021-01-05 오전 11:20:29] ---D:\test\3332AJ0043_R2.mdb_Job Load in C-Editor Completed!---
[2021-01-05 오전 11:20:50] ---D:\test\3332AJ0044_R2.mdb_Job Load in C-Editor Completed!---
[2021-01-05 오전 11:20:50] ----SPI GUI Job Loading Start!!!----
[2021-01-05 오전 11:20:50] ----SPIGUI ON----
[2021-01-05 오전 11:21:15] Save Vision Error Image Completed!
[2021-01-05 오전 11:21:32] ---User Login Completed---
[2021-01-05 오전 11:24:32] ---Automation Program Load---
[2021-01-05 오전 11:24:38] Job List Display Completed!
[2021-01-05 오전 11:24:39] ---SPI Job Loading Automation Run Start!!!!!---
[2021-01-05 오전 11:24:39] ---SPI Job Convert Start!!!!!---
[2021-01-05 오전 11:25:03] ---D:\test\3332AJ0041_R2.mdb_Job Load in C-Editor Completed!---
[2021-01-05 오전 11:25:24] ---D:\test\3332AJ0042_R2.mdb_Job Load in C-Editor Completed!---
[2021-01-05 오전 11:25:44] ---D:\test\3332AJ0043_R2.mdb_Job Load in C-Editor Completed!---
[2021-01-05 오전 11:26:04] ---D:\test\3332AJ0044_R2.mdb_Job Load in C-Editor Completed!---
[2021-01-05 오전 11:26:05] ----SPI GUI Job Loading Start!!!----
[2021-01-05 오전 11:26:05] ----SPIGUI ON----
[2021-01-05 오전 11:26:43] ---User Login Completed---
[2021-01-05 오전 11:26:50] --Job File Loading Start-- 3332AJ0041_R2
[2021-01-05 오전 11:27:06] Save Vision Error Image Completed!
[2021-01-05 오전 11:28:57] ---3332AJ0041_R2_Job Loading Succcess!!!---
[2021-01-05 오전 11:29:00] ----SPI GUI Job Loading Start!!!----
[2021-01-05 오전 11:29:06] --Job File Loading Start-- 3332AJ0042_R2
[2021-01-05 오전 11:30:26] ---3332AJ0042_R2_Job Loading Succcess!!!---
[2021-01-05 오전 11:30:29] ----SPI GUI Job Loading Start!!!----
[2021-01-05 오전 11:30:35] --Job File Loading Start-- 3332AJ0043_R2
[2021-01-05 오전 11:31:56] ---3332AJ0043_R2_Job Loading Succcess!!!---
[2021-01-05 오전 11:31:59] ----SPI GUI Job Loading Start!!!----
[2021-01-05 오전 11:32:05] --Job File Loading Start-- 3332AJ0044_R2
[2021-01-05 오전 11:33:25] ---3332AJ0044_R2_Job Loading Succcess!!!---
[2021-01-05 오후 12:33:32] ---Automation Program Load---
[2021-01-05 오후 12:33:46] Job List Display Completed!
[2021-01-05 오후 12:33:50] ---SPI Job Loading Automation Run Start!!!!!---
[2021-01-05 오후 12:33:50] ---SPI Job Convert Start!!!!!---
[2021-01-05 오후 12:34:14] ---D:\test\3332AJ0041_R2.mdb_Job Load in C-Editor Completed!---
[2021-01-05 오후 12:34:35] ---D:\test\3332AJ0042_R2.mdb_Job Load in C-Editor Completed!---
[2021-01-05 오후 12:34:55] ---D:\test\3332AJ0043_R2.mdb_Job Load in C-Editor Completed!---
[2021-01-05 오후 12:35:15] ---D:\test\3332AJ0044_R2.mdb_Job Load in C-Editor Completed!---
[2021-01-05 오후 12:35:15] ----SPI GUI Job Loading Start!!!----
[2021-01-05 오후 12:35:15] ----SPIGUI ON----
[2021-01-05 오후 12:35:52] ---User Login Completed---
[2021-01-05 오후 12:36:00] --Job File Loading Start-- 3332AJ0041_R2
[2021-01-05 오후 12:36:16] Save Vision Error Image Completed!
[2021-01-05 오후 12:37:41] ---3332AJ0041_R2_Job Loading Succcess!!!---
[2021-01-05 오후 12:37:44] ----SPI GUI Job Loading Start!!!----
[2021-01-05 오후 12:37:50] --Job File Loading Start-- 3332AJ0042_R2
[2021-01-05 오후 12:39:10] ---3332AJ0042_R2_Job Loading Succcess!!!---
[2021-01-05 오후 12:39:13] ----SPI GUI Job Loading Start!!!----
[2021-01-05 오후 12:39:20] --Job File Loading Start-- 3332AJ0043_R2
[2021-01-05 오후 12:40:40] ---3332AJ0043_R2_Job Loading Succcess!!!---
[2021-01-05 오후 12:40:43] ----SPI GUI Job Loading Start!!!----
[2021-01-05 오후 12:40:49] --Job File Loading Start-- 3332AJ0044_R2
[2021-01-05 오후 12:42:09] ---3332AJ0044_R2_Job Loading Succcess!!!---
[2021-01-05 오후 2:29:58] ---Automation Program Load---
[2021-01-05 오후 2:33:25] Job List Display Completed!
[2021-01-05 오후 5:59:16] Ranorex.ElementNotFoundException: Failed to find item 'JobLoading_Repository.SPIGUI.VisionErrorPopup.ButtonOK'. ---> Ranorex.ElementNotFoundException: No element found for path '?/?/container[@instance='1']' within 30s.
   --- 내부 예외 스택 추적의 끝 ---
   위치: Ranorex.Core.Repository.RepoItemInfo.FindInternal[T](Boolean findSingle, Boolean throwException, Duration effectiveTimeoutOverride)
   위치: Ranorex.Core.Repository.RepoItemInfo.<>c__DisplayClass75_0`1.<Find>b__0()
   위치: Ranorex.Core.Testing.Services.NoMaintenanceModeService.HandleElementNotFound[T](Func`1 action, RepoItemInfo entry)
   위치: Ranorex.Core.Repository.RepoItemInfo.Find[T](Boolean findSingle, Boolean throwException, Duration effectiveTimeoutOverride)
   위치: Automation_JobLoading.JobLoading_RepositoryFolders.VisionErrorPopupAppFolder.get_ButtonOK()
   위치: Automation_JobLoading.Module.VisionErrorWatch.Init(RxPath myPath)
[2021-01-05 오후 5:59:16] Save Vision Error Image Completed!
