[2020-11-16 오후 6:09:43] ---Automation Program Load---
[2020-11-16 오후 6:10:07] Job List Display Completed!
[2020-11-16 오후 6:10:09] ---SPI Job Loading Automation Run Start!!!!!---
[2020-11-16 오후 6:10:09] ---SPI Job Convert Start!!!!!---
[2020-11-16 오후 6:11:27] ---S:\SPI Job\Amkor\0859586GBA_2.mdb_Job Load in C-Editor Completed!---
[2020-11-16 오후 6:12:43] ---S:\SPI Job\huawei job\1T11SBCB-C-B.mdb_Job Load in C-Editor Completed!---
[2020-11-16 오후 6:13:58] ---S:\SPI Job\SPI_bosch_Suzhou\3332A10012_R2.mdb_Job Load in C-Editor Completed!---
[2020-11-16 오후 6:14:32] ---S:\SPI Job\SPI_bosch_Suzhou\3332A10012_R2.mdb_ Job Convert Success!---
[2020-11-16 오후 6:15:49] ---S:\SPI Job\SPI_bosch_Suzhou\3332A10048_R2.mdb_Job Load in C-Editor Completed!---
[2020-11-16 오후 6:16:23] ---S:\SPI Job\SPI_bosch_Suzhou\3332A10048_R2.mdb_ Job Convert Success!---
[2020-11-16 오후 6:17:40] ---S:\SPI Job\SPI_bosch_Suzhou\3332A10121_R2.mdb_Job Load in C-Editor Completed!---
[2020-11-16 오후 6:18:15] ---S:\SPI Job\SPI_bosch_Suzhou\3332A10121_R2.mdb_ Job Convert Success!---
[2020-11-16 오후 6:19:31] ---S:\SPI Job\SPI_bosch_Suzhou\3332AJ0030_R2.mdb_Job Load in C-Editor Completed!---
[2020-11-16 오후 6:20:06] ---S:\SPI Job\SPI_bosch_Suzhou\3332AJ0030_R2.mdb_ Job Convert Success!---
[2020-11-16 오후 6:21:23] ---S:\SPI Job\SPI_bosch_Suzhou\3332AJ0031_R2.mdb_Job Load in C-Editor Completed!---
[2020-11-16 오후 6:22:38] ---S:\SPI Job\SPI_bosch_Suzhou\3332AJ0035_R2.mdb_Job Load in C-Editor Completed!---
[2020-11-16 오후 6:23:13] ---S:\SPI Job\SPI_bosch_Suzhou\3332AJ0035_R2.mdb_ Job Convert Success!---
[2020-11-16 오후 6:24:29] ---S:\SPI Job\SPI_bosch_Suzhou\3332AJ0038_R2.mdb_Job Load in C-Editor Completed!---
[2020-11-16 오후 6:25:44] ---S:\SPI Job\SPI_bosch_Suzhou\3332AJ0040_R2.mdb_Job Load in C-Editor Completed!---
[2020-11-16 오후 6:25:51] ---S:\SPI Job\SPI_bosch_Suzhou\3332AJ0040_R2.mdb_ Job Convert Success!---
[2020-11-16 오후 6:27:07] ---S:\SPI Job\SPI_bosch_Suzhou\3332AJ0041_R2.mdb_Job Load in C-Editor Completed!---
[2020-11-16 오후 6:27:41] ---S:\SPI Job\SPI_bosch_Suzhou\3332AJ0041_R2.mdb_ Job Convert Success!---
[2020-11-16 오후 6:28:57] ---S:\SPI Job\SPI_bosch_Suzhou\3332AJ0042_R2.mdb_Job Load in C-Editor Completed!---
[2020-11-16 오후 6:29:31] ---S:\SPI Job\SPI_bosch_Suzhou\3332AJ0042_R2.mdb_ Job Convert Success!---
[2020-11-16 오후 6:30:48] ---S:\SPI Job\SPI_bosch_Suzhou\3332AJ0043_R2.mdb_Job Load in C-Editor Completed!---
[2020-11-16 오후 6:30:53] ---S:\SPI Job\SPI_bosch_Suzhou\3332AJ0043_R2.mdb_ Job Convert Success!---
[2020-11-16 오후 6:32:10] ---S:\SPI Job\SPI_bosch_Suzhou\3332AJ0044_R2.mdb_Job Load in C-Editor Completed!---
[2020-11-16 오후 6:32:45] ---S:\SPI Job\SPI_bosch_Suzhou\3332AJ0044_R2.mdb_ Job Convert Success!---
[2020-11-16 오후 6:34:01] ---S:\SPI Job\SPI_bosch_Suzhou\3332AJ0049_R2.mdb_Job Load in C-Editor Completed!---
[2020-11-16 오후 6:34:36] ---S:\SPI Job\SPI_bosch_Suzhou\3332AJ0049_R2.mdb_ Job Convert Success!---
[2020-11-16 오후 6:35:52] ---S:\SPI Job\SPI_bosch_Suzhou\3332AJ0052_R2.mdb_Job Load in C-Editor Completed!---
[2020-11-16 오후 6:36:27] ---S:\SPI Job\SPI_bosch_Suzhou\3332AJ0052_R2.mdb_ Job Convert Success!---
[2020-11-16 오후 6:37:44] ---S:\SPI Job\SPI_bosch_Suzhou\3332AJ0053_R2.mdb_Job Load in C-Editor Completed!---
[2020-11-16 오후 6:38:59] ---S:\SPI Job\SPI_bosch_Suzhou\3338311239_R2.mdb_Job Load in C-Editor Completed!---
[2020-11-16 오후 6:39:06] ---S:\SPI Job\SPI_bosch_Suzhou\3338311239_R2.mdb_ Job Convert Success!---
[2020-11-16 오후 6:40:21] ---S:\SPI Job\SPI_bosch_Suzhou\3338311284_R2.mdb_Job Load in C-Editor Completed!---
[2020-11-16 오후 6:40:56] ---S:\SPI Job\SPI_bosch_Suzhou\3338311284_R2.mdb_ Job Convert Success!---
[2020-11-16 오후 6:42:12] ---S:\SPI Job\SPI_bosch_Suzhou\3338311285_R2.mdb_Job Load in C-Editor Completed!---
[2020-11-16 오후 6:42:46] ---S:\SPI Job\SPI_bosch_Suzhou\3338311285_R2.mdb_ Job Convert Success!---
[2020-11-16 오후 6:44:02] ---S:\SPI Job\SPI_bosch_Suzhou\3338311291_R2.mdb_Job Load in C-Editor Completed!---
[2020-11-16 오후 6:44:37] ---S:\SPI Job\SPI_bosch_Suzhou\3338311291_R2.mdb_ Job Convert Success!---
[2020-11-16 오후 6:45:54] ---S:\SPI Job\SPI_bosch_Suzhou\3338311301_R2.mdb_Job Load in C-Editor Completed!---
[2020-11-16 오후 6:46:28] ---S:\SPI Job\SPI_bosch_Suzhou\3338311301_R2.mdb_ Job Convert Success!---
[2020-11-16 오후 6:47:44] ---S:\SPI Job\SPI_bosch_Suzhou\3338311323_R2.mdb_Job Load in C-Editor Completed!---
[2020-11-16 오후 6:48:18] ---S:\SPI Job\SPI_bosch_Suzhou\3338311323_R2.mdb_ Job Convert Success!---
[2020-11-16 오후 6:49:34] ---S:\SPI Job\SPI_bosch_Suzhou\3338311324_R2.mdb_Job Load in C-Editor Completed!---
[2020-11-16 오후 6:49:41] ---S:\SPI Job\SPI_bosch_Suzhou\3338311324_R2.mdb_ Job Convert Success!---
[2020-11-16 오후 6:50:57] ---S:\SPI Job\SPI_bosch_Suzhou\3338311326_R2.mdb_Job Load in C-Editor Completed!---
[2020-11-16 오후 6:51:31] ---S:\SPI Job\SPI_bosch_Suzhou\3338311326_R2.mdb_ Job Convert Success!---
[2020-11-16 오후 6:52:48] ---S:\SPI Job\SPI_bosch_Suzhou\3338311327_R2.mdb_Job Load in C-Editor Completed!---
[2020-11-16 오후 6:54:03] ---S:\SPI Job\SPI_bosch_Suzhou\3338312040_R2.mdb_Job Load in C-Editor Completed!---
[2020-11-16 오후 6:54:38] ---S:\SPI Job\SPI_bosch_Suzhou\3338312040_R2.mdb_ Job Convert Success!---
[2020-11-16 오후 6:55:54] ---S:\SPI Job\SPI_bosch_Suzhou\3338312112_R2.mdb_Job Load in C-Editor Completed!---
[2020-11-16 오후 6:56:01] ---S:\SPI Job\SPI_bosch_Suzhou\3338312112_R2.mdb_ Job Convert Success!---
[2020-11-16 오후 6:57:18] ---S:\SPI Job\SPI_bosch_Suzhou\3338312255_R2.mdb_Job Load in C-Editor Completed!---
[2020-11-16 오후 6:57:24] ---S:\SPI Job\SPI_bosch_Suzhou\3338312255_R2.mdb_ Job Convert Success!---
[2020-11-16 오후 6:58:40] ---S:\SPI Job\SPI_bosch_Suzhou\3338313034_R2.mdb_Job Load in C-Editor Completed!---
[2020-11-16 오후 6:59:14] ---S:\SPI Job\SPI_bosch_Suzhou\3338313034_R2.mdb_ Job Convert Success!---
[2020-11-16 오후 7:00:30] ---S:\SPI Job\SPI_bosch_Suzhou\3338313076_R2.mdb_Job Load in C-Editor Completed!---
[2020-11-16 오후 7:01:05] ---S:\SPI Job\SPI_bosch_Suzhou\3338313076_R2.mdb_ Job Convert Success!---
[2020-11-16 오후 7:02:21] ---S:\SPI Job\SPI_bosch_Suzhou\3338313192_R2.mdb_Job Load in C-Editor Completed!---
[2020-11-16 오후 7:02:56] ---S:\SPI Job\SPI_bosch_Suzhou\3338313192_R2.mdb_ Job Convert Success!---
[2020-11-16 오후 7:04:12] ---S:\SPI Job\SPI_bosch_Suzhou\3338313251_R2.mdb_Job Load in C-Editor Completed!---
[2020-11-16 오후 7:04:20] ---S:\SPI Job\SPI_bosch_Suzhou\3338313251_R2.mdb_ Job Convert Success!---
[2020-11-16 오후 7:05:37] ---S:\SPI Job\SPI_bosch_Suzhou\3338315080_R2.mdb_Job Load in C-Editor Completed!---
[2020-11-16 오후 7:05:44] ---S:\SPI Job\SPI_bosch_Suzhou\3338315080_R2.mdb_ Job Convert Success!---
[2020-11-16 오후 7:07:00] ---S:\SPI Job\SPI_bosch_Suzhou\3338316080_R2.mdb_Job Load in C-Editor Completed!---
[2020-11-16 오후 7:07:34] ---S:\SPI Job\SPI_bosch_Suzhou\3338316080_R2.mdb_ Job Convert Success!---
[2020-11-16 오후 7:08:51] ---S:\SPI Job\SPI_Compal Kunshan\AT_S-ZFX50-LAB141P-01.mdb_Job Load in C-Editor Completed!---
[2020-11-16 오후 7:10:06] ---S:\SPI Job\SPI_Continental_periferico_VW MIB 9 in A2C13005801\Bottom\VW MIB 9 in A2C13005801 Bottom.mdb_Job Load in C-Editor Completed!---
[2020-11-16 오후 7:11:22] ---S:\SPI Job\SPI_Continental_periferico_VW MIB 9 in A2C13005801\Top\VW MIB 9 in A2C13005801 Top.mdb_Job Load in C-Editor Completed!---
[2020-11-16 오후 7:12:34] ---S:\SPI Job\SPI_Jabil_GDL\4525796_0501 TEST\4525796_0501 TEST.mdb_Job Load in C-Editor Completed!---
[2020-11-16 오후 7:13:49] ---S:\SPI Job\SPI_jinnan_guangzhou\AG-1504041-A1.mdb_Job Load in C-Editor Completed!---
[2020-11-16 오후 7:15:05] ---S:\SPI Job\SPI_jinnan_guangzhou\SVL430A30-V0.1-WP.mdb_Job Load in C-Editor Completed!---
[2020-11-16 오후 7:16:20] ---S:\SPI Job\SPI_jinnan_guangzhou\SVL490A43-SH705-V0.2.mdb_Job Load in C-Editor Completed!---
[2020-11-16 오후 7:17:36] ---S:\SPI Job\SPI_jinnan_guangzhou\SVL490A43-V0.1-WS.mdb_Job Load in C-Editor Completed!---
[2020-11-16 오후 7:18:51] ---S:\SPI Job\SPI_Luxshare_Kunshan\H07 MLB BOT.mdb_Job Load in C-Editor Completed!---
[2020-11-16 오후 7:20:07] ---S:\SPI Job\SPI_S&T Motiv_Yangsan\180823 Alpha_Bottom_Test.mdb_Job Load in C-Editor Completed!---
[2020-11-16 오후 7:20:14] ---S:\SPI Job\SPI_S&T Motiv_Yangsan\180823 Alpha_Bottom_Test.mdb_ Job Convert Success!---
[2020-11-16 오후 7:21:30] ---S:\SPI Job\SPI_S&T Motiv_Yangsan\180823 Alpha_Bottom_Test_Ver 1.0.mdb_Job Load in C-Editor Completed!---
[2020-11-16 오후 7:22:06] ---S:\SPI Job\SPI_S&T Motiv_Yangsan\180823 Alpha_Bottom_Test_Ver 1.0.mdb_ Job Convert Success!---
[2020-11-16 오후 7:23:22] ---S:\SPI Job\SPI_S&T Motiv_Yangsan\180823 Alpha_TOP_Test.mdb_Job Load in C-Editor Completed!---
[2020-11-16 오후 7:24:38] ---S:\SPI Job\SPI_S&T Motiv_Yangsan\180823 Beta_Bottom_Test.mdb_Job Load in C-Editor Completed!---
[2020-11-16 오후 7:25:53] ---S:\SPI Job\SPI_S&T Motiv_Yangsan\180823 Beta_TOP_Test.mdb_Job Load in C-Editor Completed!---
[2020-11-16 오후 7:27:08] ---S:\SPI Job\SPI_S&T Motiv_Yangsan\180823 Gamma_Bottom_Test.mdb_Job Load in C-Editor Completed!---
[2020-11-16 오후 7:28:24] ---S:\SPI Job\SPI_S&T Motiv_Yangsan\180823 Gamma_TOP_Test.mdb_Job Load in C-Editor Completed!---
[2020-11-16 오후 7:29:39] ---S:\SPI Job\SPI_Samsung\Samsung_SPI_test02.mdb_Job Load in C-Editor Completed!---
[2020-11-16 오후 7:30:55] ---S:\SPI Job\SPI_Skyworks\741987SD0A_SKYWORKS.mdb_Job Load in C-Editor Completed!---
[2020-11-16 오후 7:32:10] ---S:\SPI Job\SPI_Skyworks\742223SD0A_SKYWORKS.mdb_Job Load in C-Editor Completed!---
[2020-11-16 오후 7:33:26] ---S:\SPI Job\SPI_Skyworks\800756SD0A_SKYWORKS.mdb_Job Load in C-Editor Completed!---
[2020-11-16 오후 7:34:41] ---S:\SPI Job\SPI_Unclassified Data\0851305SD0A_JEJU4.mdb_Job Load in C-Editor Completed!---
[2020-11-16 오후 7:35:57] ---S:\SPI Job\SPI_Unclassified Data\309000120764B3 MOON-MLB.mdb_Job Load in C-Editor Completed!---
[2020-11-16 오후 7:37:12] ---S:\SPI Job\SPI_Unclassified Data\309000120766T5-7-MOON-MLB.mdb_Job Load in C-Editor Completed!---
[2020-11-16 오후 7:38:28] ---S:\SPI Job\SPI_Unclassified Data\309000319296R1T0  Greedo-R-FLEX - 짼창쩍쨘횏짰 - 쨌횜쩔챵짼창횎횚.mdb_Job Load in C-Editor Completed!---
[2020-11-16 오후 7:39:43] ---S:\SPI Job\SPI_Unclassified Data\309000319296R1T0  Greedo-R-FLEX - 짼창쩍쨘횏짰.mdb_Job Load in C-Editor Completed!---
[2020-11-16 오후 7:40:58] ---S:\SPI Job\SPI_Unclassified Data\309000500379B7-Jupiter-R.mdb_Job Load in C-Editor Completed!---
[2020-11-16 오후 7:42:14] ---S:\SPI Job\SPI_Unclassified Data\309000500379T10 Jupiter-R.mdb_Job Load in C-Editor Completed!---
[2020-11-16 오후 7:43:29] ---S:\SPI Job\SPI_Unclassified Data\309000500379T11 Jupiter-Right.mdb_Job Load in C-Editor Completed!---
[2020-11-16 오후 7:44:45] ---S:\SPI Job\SPI_Unclassified Data\742223GB0B_.mdb_Job Load in C-Editor Completed!---
[2020-11-16 오후 7:46:00] ---S:\SPI Job\SPI_Unclassified Data\780514GB0A.mdb_Job Load in C-Editor Completed!---
[2020-11-16 오후 7:47:16] ---S:\SPI Job\SPI_Unclassified Data\800689GB0A_F+_final_segmentation.mdb_Job Load in C-Editor Completed!---
[2020-11-16 오후 7:48:31] ---S:\SPI Job\SPI_Unclassified Data\808508SD0A_JEDI_F.mdb_Job Load in C-Editor Completed!---
[2020-11-16 오후 7:49:45] ---S:\SPI Job\SPI_Unclassified Data\ACFM-W223-AK_SL.mdb_Job Load in C-Editor Completed!---
[2020-11-16 오후 7:51:00] ---S:\SPI Job\SPI_Unclassified Data\AFEM-8086-A.mdb_Job Load in C-Editor Completed!---
[2020-11-16 오후 7:53:17] ---S:\SPI Job\SPI_Unclassified Data\BG_107_R_140.mdb_Job Load in C-Editor Completed!---
[2020-11-16 오후 8:41:54] ---S:\SPI Job\SPI_Unclassified Data\BG_107_R_140_original.mdb_Job Load in C-Editor Completed!---
[2020-11-16 오후 8:44:57] ---S:\SPI Job\SPI_Unclassified Data\BSM-J260F$8DS_BM_QE1808OFA014-018_REV0.5.mdb_Job Load in C-Editor Completed!---
[2020-11-16 오후 8:46:13] ---S:\SPI Job\SPI_Unclassified Data\BSM-J260F$8DS_TM_QE1808OFA077-081_REV0.5.mdb_Job Load in C-Editor Completed!---
[2020-11-16 오후 8:47:28] ---S:\SPI Job\SPI_Unclassified Data\BSM-J410F$16DS_BM_QH1812OFA237-238_REV0.2.mdb_Job Load in C-Editor Completed!---
[2020-11-16 오후 8:48:44] ---S:\SPI Job\SPI_Unclassified Data\BSM-J410F$16DS_TM_QH1812OFA257-260_REV0.2.mdb_Job Load in C-Editor Completed!---
[2020-11-16 오후 8:49:59] ---S:\SPI Job\SPI_Unclassified Data\D241_RS.mdb_Job Load in C-Editor Completed!---
[2020-11-16 오후 8:51:15] ---S:\SPI Job\SPI_Unclassified Data\OFF1652-F04305SD19090018.mdb_Job Load in C-Editor Completed!---
[2020-11-16 오후 8:52:30] ---S:\SPI Job\SPI_Unclassified Data\OJP1155-B-A0.mdb_Job Load in C-Editor Completed!---
[2020-11-16 오후 8:53:46] ---S:\SPI Job\SPI_Unclassified Data\SWB-E43 R03A TOP _201810-024 L1.mdb_Job Load in C-Editor Completed!---
[2020-11-16 오후 8:54:09] ---S:\SPI Job\SPI_Unclassified Data\SWB-E43 R03A TOP _201810-024 L1.mdb_ Job Convert Success!---
[2020-11-16 오후 8:55:45] ---S:\SPI Job\SPI_Unclassified Data\SWB-E43 R03A TOP _201810-024 L2.mdb_Job Load in C-Editor Completed!---
[2020-11-16 오후 8:56:30] ---S:\SPI Job\SPI_Unclassified Data\SWB-E43 R03A TOP _201810-024 L2.mdb_ Job Convert Success!---
[2020-11-16 오후 8:57:45] ---S:\SPI Job\SPI_Unclassified Data\SWB-E43 R03A TOP _201810-024 L2_Test.mdb_Job Load in C-Editor Completed!---
[2020-11-16 오후 8:59:00] ---S:\SPI Job\SPI_Unclassified Data\TW61-D725-001.mdb_Job Load in C-Editor Completed!---
[2020-11-16 오후 9:00:16] ---S:\SPI Job\SPI_Unclassified Data\TW61-D725-001_2 pad only_20191205.mdb_Job Load in C-Editor Completed!---
[2020-11-16 오후 9:01:31] ---S:\SPI Job\SPI_Unclassified Data\TW61-D725-001_20PERCENT.mdb_Job Load in C-Editor Completed!---
[2020-11-16 오후 9:02:47] ---S:\SPI Job\SPI_Unclassified Data\VIPER 2L #10-J63545.mdb_Job Load in C-Editor Completed!---
[2020-11-16 오후 9:04:02] ---S:\SPI Job\SPI_Unclassified Data\VIPER 2XL #23-J64132_1.mdb_Job Load in C-Editor Completed!---
[2020-11-16 오후 9:05:18] ---S:\SPI Job\SPI_Unclassified Data\XK06560_another_120um 90_v1.mdb_Job Load in C-Editor Completed!---
[2020-11-16 오후 9:05:52] ---S:\SPI Job\SPI_Unclassified Data\XK06560_another_120um 90_v1.mdb_ Job Convert Success!---
[2020-11-16 오후 9:05:52] ----SPI GUI Job Loading Start!!!----
[2020-11-16 오후 9:05:52] ----SPIGUI ON----
[2020-11-16 오후 9:06:41] ---User Login Completed---
[2020-11-16 오후 9:06:48] --Job File Loading Start-- 0859586GBA_2
[2020-11-16 오후 9:10:05] Save Vision Error Image Completed!
[2020-11-16 오후 9:13:17] ---0859586GBA_2_Job Loading Succcess!!!---
[2020-11-16 오후 9:13:20] ----SPI GUI Job Loading Start!!!----
[2020-11-16 오후 9:13:26] --Job File Loading Start-- 1T11SBCB-C-B
[2020-11-16 오후 9:18:50] ---1T11SBCB-C-B_Job Loading Succcess!!!---
[2020-11-16 오후 9:18:53] ----SPI GUI Job Loading Start!!!----
[2020-11-16 오후 9:18:59] --Job File Loading Start-- 3332A10012_R2
[2020-11-16 오후 9:22:03] ---3332A10012_R2_Job Loading Succcess!!!---
[2020-11-16 오후 9:22:06] ----SPI GUI Job Loading Start!!!----
[2020-11-16 오후 9:22:12] --Job File Loading Start-- 3332A10048_R2
[2020-11-16 오후 9:23:41] ---3332A10048_R2_Job Loading Succcess!!!---
[2020-11-16 오후 9:23:44] ----SPI GUI Job Loading Start!!!----
[2020-11-16 오후 9:23:50] --Job File Loading Start-- 3332A10121_R2
[2020-11-16 오후 9:25:25] ---3332A10121_R2_Job Loading Succcess!!!---
[2020-11-16 오후 9:25:28] ----SPI GUI Job Loading Start!!!----
[2020-11-16 오후 9:25:34] --Job File Loading Start-- 3332AJ0030_R2
[2020-11-16 오후 9:27:03] ---3332AJ0030_R2_Job Loading Succcess!!!---
[2020-11-16 오후 9:27:06] ----SPI GUI Job Loading Start!!!----
[2020-11-16 오후 9:27:12] --Job File Loading Start-- 3332AJ0031_R2
[2020-11-16 오후 9:28:50] ---3332AJ0031_R2_Job Loading Succcess!!!---
[2020-11-16 오후 9:28:53] ----SPI GUI Job Loading Start!!!----
[2020-11-16 오후 9:28:59] --Job File Loading Start-- 3332AJ0035_R2
[2020-11-16 오후 9:30:27] ---3332AJ0035_R2_Job Loading Succcess!!!---
[2020-11-16 오후 9:30:30] ----SPI GUI Job Loading Start!!!----
[2020-11-16 오후 9:30:36] --Job File Loading Start-- 3332AJ0038_R2
[2020-11-16 오후 9:32:09] ---3332AJ0038_R2_Job Loading Succcess!!!---
[2020-11-16 오후 9:32:12] ----SPI GUI Job Loading Start!!!----
[2020-11-16 오후 9:32:18] --Job File Loading Start-- 3332AJ0040_R2
[2020-11-16 오후 9:33:46] ---3332AJ0040_R2_Job Loading Succcess!!!---
[2020-11-16 오후 9:33:49] ----SPI GUI Job Loading Start!!!----
[2020-11-16 오후 9:33:55] --Job File Loading Start-- 3332AJ0041_R2
[2020-11-16 오후 9:35:17] ---3332AJ0041_R2_Job Loading Succcess!!!---
[2020-11-16 오후 9:35:20] ----SPI GUI Job Loading Start!!!----
[2020-11-16 오후 9:35:26] --Job File Loading Start-- 3332AJ0042_R2
[2020-11-16 오후 9:36:54] ---3332AJ0042_R2_Job Loading Succcess!!!---
[2020-11-16 오후 9:36:57] ----SPI GUI Job Loading Start!!!----
[2020-11-16 오후 9:37:03] --Job File Loading Start-- 3332AJ0043_R2
[2020-11-16 오후 9:38:32] ---3332AJ0043_R2_Job Loading Succcess!!!---
[2020-11-16 오후 9:38:35] ----SPI GUI Job Loading Start!!!----
[2020-11-16 오후 9:38:41] --Job File Loading Start-- 3332AJ0044_R2
[2020-11-16 오후 9:40:18] ---3332AJ0044_R2_Job Loading Succcess!!!---
[2020-11-16 오후 9:40:21] ----SPI GUI Job Loading Start!!!----
[2020-11-16 오후 9:40:27] --Job File Loading Start-- 3332AJ0049_R2
[2020-11-16 오후 9:41:58] ---3332AJ0049_R2_Job Loading Succcess!!!---
[2020-11-16 오후 9:42:01] ----SPI GUI Job Loading Start!!!----
[2020-11-16 오후 9:42:06] --Job File Loading Start-- 3332AJ0052_R2
[2020-11-16 오후 9:43:40] ---3332AJ0052_R2_Job Loading Succcess!!!---
[2020-11-16 오후 9:43:43] ----SPI GUI Job Loading Start!!!----
[2020-11-16 오후 9:43:49] --Job File Loading Start-- 3332AJ0053_R2
[2020-11-16 오후 9:45:23] ---3332AJ0053_R2_Job Loading Succcess!!!---
[2020-11-16 오후 9:45:26] ----SPI GUI Job Loading Start!!!----
[2020-11-16 오후 9:45:32] --Job File Loading Start-- 3338311239_R2
[2020-11-16 오후 9:47:05] ---3338311239_R2_Job Loading Succcess!!!---
[2020-11-16 오후 9:47:08] ----SPI GUI Job Loading Start!!!----
[2020-11-16 오후 9:47:13] --Job File Loading Start-- 3338311284_R2
[2020-11-16 오후 9:48:41] ---3338311284_R2_Job Loading Succcess!!!---
[2020-11-16 오후 9:48:44] ----SPI GUI Job Loading Start!!!----
[2020-11-16 오후 9:48:50] --Job File Loading Start-- 3338311285_R2
[2020-11-16 오후 9:50:19] ---3338311285_R2_Job Loading Succcess!!!---
[2020-11-16 오후 9:50:22] ----SPI GUI Job Loading Start!!!----
[2020-11-16 오후 9:50:28] --Job File Loading Start-- 3338311291_R2
[2020-11-16 오후 9:52:00] ---3338311291_R2_Job Loading Succcess!!!---
[2020-11-16 오후 9:52:03] ----SPI GUI Job Loading Start!!!----
[2020-11-16 오후 9:52:09] --Job File Loading Start-- 3338311301_R2
[2020-11-16 오후 9:53:42] ---3338311301_R2_Job Loading Succcess!!!---
[2020-11-16 오후 9:53:45] ----SPI GUI Job Loading Start!!!----
[2020-11-16 오후 9:53:51] --Job File Loading Start-- 3338311323_R2
[2020-11-16 오후 9:55:18] ---3338311323_R2_Job Loading Succcess!!!---
[2020-11-16 오후 9:55:21] ----SPI GUI Job Loading Start!!!----
[2020-11-16 오후 9:55:27] --Job File Loading Start-- 3338311324_R2
[2020-11-16 오후 9:56:50] ---3338311324_R2_Job Loading Succcess!!!---
[2020-11-16 오후 9:56:53] ----SPI GUI Job Loading Start!!!----
[2020-11-16 오후 9:56:59] --Job File Loading Start-- 3338311326_R2
[2020-11-16 오후 9:58:28] ---3338311326_R2_Job Loading Succcess!!!---
[2020-11-16 오후 9:58:31] ----SPI GUI Job Loading Start!!!----
[2020-11-16 오후 9:58:37] --Job File Loading Start-- 3338311327_R2
[2020-11-16 오후 10:00:12] ---3338311327_R2_Job Loading Succcess!!!---
[2020-11-16 오후 10:00:15] ----SPI GUI Job Loading Start!!!----
[2020-11-16 오후 10:00:21] --Job File Loading Start-- 3338312040_R2
[2020-11-16 오후 10:01:52] ---3338312040_R2_Job Loading Succcess!!!---
[2020-11-16 오후 10:01:55] ----SPI GUI Job Loading Start!!!----
[2020-11-16 오후 10:02:01] --Job File Loading Start-- 3338312112_R2
[2020-11-16 오후 10:03:34] ---3338312112_R2_Job Loading Succcess!!!---
[2020-11-16 오후 10:03:37] ----SPI GUI Job Loading Start!!!----
[2020-11-16 오후 10:03:43] --Job File Loading Start-- 3338312255_R2
[2020-11-16 오후 10:05:10] ---3338312255_R2_Job Loading Succcess!!!---
[2020-11-16 오후 10:05:13] ----SPI GUI Job Loading Start!!!----
[2020-11-16 오후 10:05:19] --Job File Loading Start-- 3338313034_R2
[2020-11-16 오후 10:06:46] ---3338313034_R2_Job Loading Succcess!!!---
[2020-11-16 오후 10:06:49] ----SPI GUI Job Loading Start!!!----
[2020-11-16 오후 10:06:55] --Job File Loading Start-- 3338313076_R2
[2020-11-16 오후 10:08:23] ---3338313076_R2_Job Loading Succcess!!!---
[2020-11-16 오후 10:08:26] ----SPI GUI Job Loading Start!!!----
[2020-11-16 오후 10:08:31] --Job File Loading Start-- 3338313192_R2
[2020-11-16 오후 10:10:00] ---3338313192_R2_Job Loading Succcess!!!---
[2020-11-16 오후 10:10:03] ----SPI GUI Job Loading Start!!!----
[2020-11-16 오후 10:10:09] --Job File Loading Start-- 3338313251_R2
[2020-11-16 오후 10:11:42] ---3338313251_R2_Job Loading Succcess!!!---
[2020-11-16 오후 10:11:45] ----SPI GUI Job Loading Start!!!----
[2020-11-16 오후 10:11:51] --Job File Loading Start-- 3338315080_R2
[2020-11-16 오후 10:13:27] ---3338315080_R2_Job Loading Succcess!!!---
[2020-11-16 오후 10:13:30] ----SPI GUI Job Loading Start!!!----
[2020-11-16 오후 10:13:36] --Job File Loading Start-- 3338316080_R2
[2020-11-16 오후 10:14:59] ---3338316080_R2_Job Loading Succcess!!!---
[2020-11-16 오후 10:15:02] ----SPI GUI Job Loading Start!!!----
[2020-11-16 오후 10:15:08] --Job File Loading Start-- AT_S-ZFX50-LAB141P-01
[2020-11-16 오후 10:16:35] ---AT_S-ZFX50-LAB141P-01_Job Loading Succcess!!!---
[2020-11-16 오후 10:16:38] ----SPI GUI Job Loading Start!!!----
[2020-11-16 오후 10:16:44] --Job File Loading Start-- VW MIB 9 in A2C13005801 Bottom
[2020-11-16 오후 10:18:10] ---VW MIB 9 in A2C13005801 Bottom_Job Loading Succcess!!!---
[2020-11-16 오후 10:18:13] ----SPI GUI Job Loading Start!!!----
[2020-11-16 오후 10:18:19] --Job File Loading Start-- VW MIB 9 in A2C13005801 Top
[2020-11-16 오후 10:19:44] ---VW MIB 9 in A2C13005801 Top_Job Loading Succcess!!!---
[2020-11-16 오후 10:19:47] ----SPI GUI Job Loading Start!!!----
[2020-11-16 오후 10:19:53] --Job File Loading Start-- 4525796_0501 TEST
[2020-11-16 오후 10:21:17] ---4525796_0501 TEST_Job Loading Succcess!!!---
[2020-11-16 오후 10:21:20] ----SPI GUI Job Loading Start!!!----
[2020-11-16 오후 10:21:26] --Job File Loading Start-- AG-1504041-A1
[2020-11-16 오후 10:22:48] ---AG-1504041-A1_Job Loading Succcess!!!---
[2020-11-16 오후 10:22:51] ----SPI GUI Job Loading Start!!!----
[2020-11-16 오후 10:22:57] --Job File Loading Start-- SVL430A30-V0.1-WP
[2020-11-16 오후 10:24:21] ---SVL430A30-V0.1-WP_Job Loading Succcess!!!---
[2020-11-16 오후 10:24:24] ----SPI GUI Job Loading Start!!!----
[2020-11-16 오후 10:24:30] --Job File Loading Start-- SVL490A43-SH705-V0.2
[2020-11-16 오후 10:25:54] ---SVL490A43-SH705-V0.2_Job Loading Succcess!!!---
[2020-11-16 오후 10:25:57] ----SPI GUI Job Loading Start!!!----
[2020-11-16 오후 10:26:03] --Job File Loading Start-- SVL490A43-V0.1-WS
[2020-11-16 오후 10:27:26] ---SVL490A43-V0.1-WS_Job Loading Succcess!!!---
[2020-11-16 오후 10:27:29] ----SPI GUI Job Loading Start!!!----
[2020-11-16 오후 10:27:34] --Job File Loading Start-- H07 MLB BOT
[2020-11-16 오후 10:29:08] ---H07 MLB BOT_Job Loading Succcess!!!---
[2020-11-16 오후 10:29:11] ----SPI GUI Job Loading Start!!!----
[2020-11-16 오후 10:29:17] --Job File Loading Start-- 180823 Alpha_Bottom_Test
[2020-11-16 오후 10:31:04] ---180823 Alpha_Bottom_Test_Job Loading Succcess!!!---
[2020-11-16 오후 10:31:07] ----SPI GUI Job Loading Start!!!----
[2020-11-16 오후 10:31:13] --Job File Loading Start-- 180823 Alpha_Bottom_Test_Ver 1.0
[2020-11-16 오후 10:32:36] ---180823 Alpha_Bottom_Test_Ver 1.0_Job Loading Succcess!!!---
[2020-11-16 오후 10:32:39] ----SPI GUI Job Loading Start!!!----
[2020-11-16 오후 10:32:45] --Job File Loading Start-- 180823 Alpha_TOP_Test
[2020-11-16 오후 10:34:06] ---180823 Alpha_TOP_Test_Job Loading Succcess!!!---
[2020-11-16 오후 10:34:09] ----SPI GUI Job Loading Start!!!----
[2020-11-16 오후 10:34:15] --Job File Loading Start-- 180823 Beta_Bottom_Test
[2020-11-16 오후 10:35:37] ---180823 Beta_Bottom_Test_Job Loading Succcess!!!---
[2020-11-16 오후 10:35:40] ----SPI GUI Job Loading Start!!!----
[2020-11-16 오후 10:35:46] --Job File Loading Start-- 180823 Beta_TOP_Test
[2020-11-16 오후 10:37:08] ---180823 Beta_TOP_Test_Job Loading Succcess!!!---
[2020-11-16 오후 10:37:11] ----SPI GUI Job Loading Start!!!----
[2020-11-16 오후 10:37:16] --Job File Loading Start-- 180823 Gamma_Bottom_Test
[2020-11-16 오후 10:38:39] ---180823 Gamma_Bottom_Test_Job Loading Succcess!!!---
[2020-11-16 오후 10:38:42] ----SPI GUI Job Loading Start!!!----
[2020-11-16 오후 10:38:48] --Job File Loading Start-- 180823 Gamma_TOP_Test
[2020-11-16 오후 10:40:09] ---180823 Gamma_TOP_Test_Job Loading Succcess!!!---
[2020-11-16 오후 10:40:12] ----SPI GUI Job Loading Start!!!----
[2020-11-16 오후 10:40:18] --Job File Loading Start-- Samsung_SPI_test02
[2020-11-16 오후 10:42:23] ---Samsung_SPI_test02_Job Loading Succcess!!!---
[2020-11-16 오후 10:42:26] ----SPI GUI Job Loading Start!!!----
[2020-11-16 오후 10:42:32] --Job File Loading Start-- 741987SD0A_SKYWORKS
[2020-11-16 오후 10:45:04] ---741987SD0A_SKYWORKS_Job Loading Succcess!!!---
[2020-11-16 오후 10:45:07] ----SPI GUI Job Loading Start!!!----
[2020-11-16 오후 10:45:13] --Job File Loading Start-- 742223SD0A_SKYWORKS
[2020-11-16 오후 10:47:26] ---742223SD0A_SKYWORKS_Job Loading Succcess!!!---
[2020-11-16 오후 10:47:29] ----SPI GUI Job Loading Start!!!----
[2020-11-16 오후 10:47:35] --Job File Loading Start-- 800756SD0A_SKYWORKS
[2020-11-16 오후 10:49:41] ---800756SD0A_SKYWORKS_Job Loading Succcess!!!---
[2020-11-16 오후 10:49:44] ----SPI GUI Job Loading Start!!!----
[2020-11-16 오후 10:49:50] --Job File Loading Start-- 0851305SD0A_JEJU4
[2020-11-16 오후 10:52:36] ---0851305SD0A_JEJU4_Job Loading Succcess!!!---
[2020-11-16 오후 10:52:39] ----SPI GUI Job Loading Start!!!----
[2020-11-16 오후 10:52:45] --Job File Loading Start-- 309000120764B3 MOON-MLB
[2020-11-16 오후 10:55:13] ---309000120764B3 MOON-MLB_Job Loading Succcess!!!---
[2020-11-16 오후 10:55:16] ----SPI GUI Job Loading Start!!!----
[2020-11-16 오후 10:55:22] --Job File Loading Start-- 309000120766T5-7-MOON-MLB
[2020-11-16 오후 10:57:01] ---309000120766T5-7-MOON-MLB_Job Loading Succcess!!!---
[2020-11-16 오후 10:57:04] ----SPI GUI Job Loading Start!!!----
[2020-11-16 오후 10:57:10] --Job File Loading Start-- 309000319296R1T0  Greedo-R-FLEX - 짼창쩍쨘횏짰 - 쨌횜쩔챵짼창횎횚
[2020-11-16 오후 10:59:07] ---309000319296R1T0  Greedo-R-FLEX - 짼창쩍쨘횏짰 - 쨌횜쩔챵짼창횎횚_Job Loading Succcess!!!---
[2020-11-16 오후 10:59:10] ----SPI GUI Job Loading Start!!!----
[2020-11-16 오후 10:59:16] --Job File Loading Start-- 309000319296R1T0  Greedo-R-FLEX - 짼창쩍쨘횏짰
[2020-11-16 오후 11:00:36] ---309000319296R1T0  Greedo-R-FLEX - 짼창쩍쨘횏짰_Job Loading Succcess!!!---
[2020-11-16 오후 11:00:39] ----SPI GUI Job Loading Start!!!----
[2020-11-16 오후 11:00:45] --Job File Loading Start-- 309000500379B7-Jupiter-R
[2020-11-16 오후 11:02:05] ---309000500379B7-Jupiter-R_Job Loading Succcess!!!---
[2020-11-16 오후 11:02:08] ----SPI GUI Job Loading Start!!!----
[2020-11-16 오후 11:02:14] --Job File Loading Start-- 309000500379T10 Jupiter-R
[2020-11-16 오후 11:03:36] ---309000500379T10 Jupiter-R_Job Loading Succcess!!!---
[2020-11-16 오후 11:03:39] ----SPI GUI Job Loading Start!!!----
[2020-11-16 오후 11:03:45] --Job File Loading Start-- 309000500379T11 Jupiter-Right
[2020-11-16 오후 11:05:06] ---309000500379T11 Jupiter-Right_Job Loading Succcess!!!---
[2020-11-16 오후 11:05:09] ----SPI GUI Job Loading Start!!!----
[2020-11-16 오후 11:05:15] --Job File Loading Start-- 742223GB0B_
[2020-11-16 오후 11:06:42] ---742223GB0B__Job Loading Succcess!!!---
[2020-11-16 오후 11:06:45] ----SPI GUI Job Loading Start!!!----
[2020-11-17 오전 9:32:23] --Job File Loading Start-- 780514GB0A
[2020-11-17 오전 9:34:41] ---780514GB0A_Job Loading Succcess!!!---
[2020-11-17 오전 9:34:44] ----SPI GUI Job Loading Start!!!----
[2020-11-17 오전 9:34:50] --Job File Loading Start-- 800689GB0A_F+_final_segmentation
[2020-11-17 오전 9:38:16] ---800689GB0A_F+_final_segmentation_Job Loading Succcess!!!---
[2020-11-17 오전 9:38:19] ----SPI GUI Job Loading Start!!!----
[2020-11-17 오전 9:38:24] --Job File Loading Start-- 808508SD0A_JEDI_F
[2020-11-17 오전 9:41:46] ---808508SD0A_JEDI_F_Job Loading Succcess!!!---
[2020-11-17 오전 9:41:49] ----SPI GUI Job Loading Start!!!----
[2020-11-17 오전 9:41:55] --Job File Loading Start-- ACFM-W223-AK_SL
[2020-11-17 오전 9:46:54] ---ACFM-W223-AK_SL_Job Loading Succcess!!!---
[2020-11-17 오전 9:46:57] ----SPI GUI Job Loading Start!!!----
[2020-11-17 오전 9:47:03] --Job File Loading Start-- AFEM-8086-A
[2020-11-17 오전 9:51:46] ---AFEM-8086-A_Job Loading Succcess!!!---
[2020-11-17 오전 9:51:49] ----SPI GUI Job Loading Start!!!----
[2020-11-17 오전 9:51:55] --Job File Loading Start-- BG_107_R_140
[2020-11-17 오전 9:56:12] Save Vision Error Image Completed!
[2020-11-17 오전 9:56:31] Save Vision Error Image Completed!
[2020-11-17 오전 9:56:54] Save Vision Error Image Completed!
[2020-11-17 오전 9:57:54] --crash true--
[2020-11-17 오전 9:57:54] System.Exception: Crash BG_107_R_140
   at Automation_JobLoading.MainForm.SPIGUI_JobLoading(StreamWriter sw)
[2020-11-17 오전 9:57:54] ---BG_107_R_140_Job Loading Fail---
[2020-11-17 오전 9:57:59] ----Exception 끝----
[2020-11-17 오전 9:57:59] ----SPI GUI Job Loading Start!!!----
[2020-11-17 오전 9:57:59] ----SPIGUI ON----
[2020-11-17 오전 9:58:04] Save Error(Crash) Image Completed!
[2020-11-17 오전 9:58:38] ---User Login Completed---
[2020-11-17 오전 9:58:48] --Job File Loading Start-- BG_107_R_140_original
[2020-11-17 오전 10:05:29] Save Vision Error Image Completed!
[2020-11-17 오전 10:05:48] Save Vision Error Image Completed!
[2020-11-17 오전 10:06:09] Save Vision Error Image Completed!
[2020-11-17 오전 10:08:36] Save Vision Error Image Completed!
[2020-11-17 오전 10:08:53] Save Vision Error Image Completed!
[2020-11-17 오전 10:09:11] Save Vision Error Image Completed!
[2020-11-17 오전 10:10:56] ---BG_107_R_140_original_Job Loading Succcess!!!---
[2020-11-17 오전 10:10:59] ----SPI GUI Job Loading Start!!!----
[2020-11-17 오전 10:11:05] --Job File Loading Start-- BSM-J260F$8DS_BM_QE1808OFA014-018_REV0.5
[2020-11-17 오전 10:43:44] Save Vision Error Image Completed!
[2020-11-17 오전 10:45:07] ---BSM-J260F$8DS_BM_QE1808OFA014-018_REV0.5_Job Loading Succcess!!!---
[2020-11-17 오전 10:45:10] ----SPI GUI Job Loading Start!!!----
[2020-11-17 오전 10:45:16] --Job File Loading Start-- BSM-J260F$8DS_TM_QE1808OFA077-081_REV0.5
[2020-11-17 오전 10:46:54] ---BSM-J260F$8DS_TM_QE1808OFA077-081_REV0.5_Job Loading Succcess!!!---
[2020-11-17 오전 10:46:57] ----SPI GUI Job Loading Start!!!----
[2020-11-17 오전 10:47:03] --Job File Loading Start-- BSM-J410F$16DS_BM_QH1812OFA237-238_REV0.2
[2020-11-17 오전 10:48:50] ---BSM-J410F$16DS_BM_QH1812OFA237-238_REV0.2_Job Loading Succcess!!!---
[2020-11-17 오전 10:48:53] ----SPI GUI Job Loading Start!!!----
[2020-11-17 오전 10:48:59] --Job File Loading Start-- BSM-J410F$16DS_TM_QH1812OFA257-260_REV0.2
[2020-11-17 오전 10:50:45] ---BSM-J410F$16DS_TM_QH1812OFA257-260_REV0.2_Job Loading Succcess!!!---
[2020-11-17 오전 10:50:48] ----SPI GUI Job Loading Start!!!----
[2020-11-17 오전 10:50:54] --Job File Loading Start-- D241_RS
[2020-11-17 오전 10:52:43] ---D241_RS_Job Loading Succcess!!!---
[2020-11-17 오전 10:52:46] ----SPI GUI Job Loading Start!!!----
[2020-11-17 오전 10:52:51] --Job File Loading Start-- OFF1652-F04305SD19090018
[2020-11-17 오전 10:54:41] ---OFF1652-F04305SD19090018_Job Loading Succcess!!!---
[2020-11-17 오전 10:54:44] ----SPI GUI Job Loading Start!!!----
[2020-11-17 오전 10:54:50] --Job File Loading Start-- OJP1155-B-A0
[2020-11-17 오전 10:57:00] ---OJP1155-B-A0_Job Loading Succcess!!!---
[2020-11-17 오전 10:57:03] ----SPI GUI Job Loading Start!!!----
[2020-11-17 오전 10:57:09] --Job File Loading Start-- SWB-E43 R03A TOP _201810-024 L1
[2020-11-17 오전 10:58:17] Save Vision Error Image Completed!
[2020-11-17 오전 10:58:39] Save Vision Error Image Completed!
[2020-11-17 오전 10:58:57] Save Vision Error Image Completed!
[2020-11-17 오전 11:00:26] ---SWB-E43 R03A TOP _201810-024 L1_Job Loading Succcess!!!---
[2020-11-17 오전 11:00:29] ----SPI GUI Job Loading Start!!!----
[2020-11-17 오전 11:00:35] --Job File Loading Start-- SWB-E43 R03A TOP _201810-024 L2
[2020-11-17 오전 11:01:33] Save Vision Error Image Completed!
[2020-11-17 오전 11:01:53] Save Vision Error Image Completed!
[2020-11-17 오전 11:02:13] Save Vision Error Image Completed!
[2020-11-17 오전 11:03:40] ---SWB-E43 R03A TOP _201810-024 L2_Job Loading Succcess!!!---
[2020-11-17 오전 11:03:43] ----SPI GUI Job Loading Start!!!----
[2020-11-17 오전 11:03:49] --Job File Loading Start-- SWB-E43 R03A TOP _201810-024 L2_Test
[2020-11-17 오전 11:05:18] Save Vision Error Image Completed!
[2020-11-17 오전 11:05:39] Save Vision Error Image Completed!
[2020-11-17 오전 11:05:59] Save Vision Error Image Completed!
[2020-11-17 오전 11:07:46] ---SWB-E43 R03A TOP _201810-024 L2_Test_Job Loading Succcess!!!---
[2020-11-17 오전 11:07:49] ----SPI GUI Job Loading Start!!!----
[2020-11-17 오전 11:07:55] --Job File Loading Start-- TW61-D725-001
