[2021-01-13 오후 8:38:54] ---Automation Program Load---
[2021-01-13 오후 8:39:46] Job List Display Completed!
[2021-01-13 오후 8:40:25] ---SPI Job Loading Automation Run Start!!!!!---
[2021-01-13 오후 8:40:25] ---SPI Job Convert Start!!!!!---
[2021-01-13 오후 8:40:58] ---D:\SPI Job_Test_410.2.3_H01\SPI Job\Amkor\0859586GBA_2.mdb_Job Load in C-Editor Completed!---
[2021-01-13 오후 8:45:48] ---Automation Program Load---
[2021-01-13 오후 8:45:59] Job List Display Completed!
[2021-01-13 오후 8:46:05] ---SPI Job Loading Automation Run Start!!!!!---
[2021-01-13 오후 8:46:05] ---SPI Job Convert Start!!!!!---
[2021-01-13 오후 8:46:41] ---D:\SPI Job_Test_410.2.3_H01\SPI Job\Amkor\0859586GBA_2.mdb_Job Load in C-Editor Completed!---
[2021-01-13 오후 8:47:41] ---D:\SPI Job_Test_410.2.3_H01\SPI Job\huawei job\1T11SBCB-C-B.mdb_Job Load in C-Editor Completed!---
[2021-01-13 오후 8:48:01] ---D:\SPI Job_Test_410.2.3_H01\SPI Job\SPI_bosch_Suzhou\3332A10012_R2.mdb_Job Load in C-Editor Completed!---
[2021-01-13 오후 8:48:07] ---D:\SPI Job_Test_410.2.3_H01\SPI Job\SPI_bosch_Suzhou\3332A10012_R2.mdb_ Job Convert Success!---
[2021-01-13 오후 8:48:27] ---D:\SPI Job_Test_410.2.3_H01\SPI Job\SPI_bosch_Suzhou\3332A10048_R2.mdb_Job Load in C-Editor Completed!---
[2021-01-13 오후 8:49:01] ---D:\SPI Job_Test_410.2.3_H01\SPI Job\SPI_bosch_Suzhou\3332A10048_R2.mdb_ Job Convert Success!---
[2021-01-13 오후 8:49:23] ---D:\SPI Job_Test_410.2.3_H01\SPI Job\SPI_bosch_Suzhou\3332A10121_R2.mdb_Job Load in C-Editor Completed!---
[2021-01-13 오후 8:49:57] ---D:\SPI Job_Test_410.2.3_H01\SPI Job\SPI_bosch_Suzhou\3332A10121_R2.mdb_ Job Convert Success!---
[2021-01-13 오후 8:50:18] ---D:\SPI Job_Test_410.2.3_H01\SPI Job\SPI_bosch_Suzhou\3332AJ0030_R2.mdb_Job Load in C-Editor Completed!---
[2021-01-13 오후 8:50:52] ---D:\SPI Job_Test_410.2.3_H01\SPI Job\SPI_bosch_Suzhou\3332AJ0030_R2.mdb_ Job Convert Success!---
[2021-01-13 오후 8:51:15] ---D:\SPI Job_Test_410.2.3_H01\SPI Job\SPI_bosch_Suzhou\3332AJ0031_R2.mdb_Job Load in C-Editor Completed!---
[2021-01-13 오후 8:51:35] ---D:\SPI Job_Test_410.2.3_H01\SPI Job\SPI_bosch_Suzhou\3332AJ0035_R2.mdb_Job Load in C-Editor Completed!---
[2021-01-13 오후 8:52:09] ---D:\SPI Job_Test_410.2.3_H01\SPI Job\SPI_bosch_Suzhou\3332AJ0035_R2.mdb_ Job Convert Success!---
[2021-01-13 오후 8:52:30] ---D:\SPI Job_Test_410.2.3_H01\SPI Job\SPI_bosch_Suzhou\3332AJ0038_R2.mdb_Job Load in C-Editor Completed!---
[2021-01-13 오후 8:52:50] ---D:\SPI Job_Test_410.2.3_H01\SPI Job\SPI_bosch_Suzhou\3332AJ0040_R2.mdb_Job Load in C-Editor Completed!---
[2021-01-13 오후 8:53:25] ---D:\SPI Job_Test_410.2.3_H01\SPI Job\SPI_bosch_Suzhou\3332AJ0040_R2.mdb_ Job Convert Success!---
[2021-01-13 오후 8:53:45] ---D:\SPI Job_Test_410.2.3_H01\SPI Job\SPI_bosch_Suzhou\3332AJ0041_R2.mdb_Job Load in C-Editor Completed!---
[2021-01-13 오후 8:54:19] ---D:\SPI Job_Test_410.2.3_H01\SPI Job\SPI_bosch_Suzhou\3332AJ0041_R2.mdb_ Job Convert Success!---
[2021-01-13 오후 8:54:40] ---D:\SPI Job_Test_410.2.3_H01\SPI Job\SPI_bosch_Suzhou\3332AJ0042_R2.mdb_Job Load in C-Editor Completed!---
[2021-01-13 오후 8:55:15] ---D:\SPI Job_Test_410.2.3_H01\SPI Job\SPI_bosch_Suzhou\3332AJ0042_R2.mdb_ Job Convert Success!---
[2021-01-13 오후 8:55:35] ---D:\SPI Job_Test_410.2.3_H01\SPI Job\SPI_bosch_Suzhou\3332AJ0043_R2.mdb_Job Load in C-Editor Completed!---
[2021-01-13 오후 8:56:09] ---D:\SPI Job_Test_410.2.3_H01\SPI Job\SPI_bosch_Suzhou\3332AJ0043_R2.mdb_ Job Convert Success!---
[2021-01-13 오후 8:56:30] ---D:\SPI Job_Test_410.2.3_H01\SPI Job\SPI_bosch_Suzhou\3332AJ0044_R2.mdb_Job Load in C-Editor Completed!---
[2021-01-13 오후 8:57:04] ---D:\SPI Job_Test_410.2.3_H01\SPI Job\SPI_bosch_Suzhou\3332AJ0044_R2.mdb_ Job Convert Success!---
[2021-01-13 오후 8:57:25] ---D:\SPI Job_Test_410.2.3_H01\SPI Job\SPI_bosch_Suzhou\3332AJ0049_R2.mdb_Job Load in C-Editor Completed!---
[2021-01-13 오후 8:57:59] ---D:\SPI Job_Test_410.2.3_H01\SPI Job\SPI_bosch_Suzhou\3332AJ0049_R2.mdb_ Job Convert Success!---
[2021-01-13 오후 8:58:21] ---D:\SPI Job_Test_410.2.3_H01\SPI Job\SPI_bosch_Suzhou\3332AJ0052_R2.mdb_Job Load in C-Editor Completed!---
[2021-01-13 오후 8:58:55] ---D:\SPI Job_Test_410.2.3_H01\SPI Job\SPI_bosch_Suzhou\3332AJ0052_R2.mdb_ Job Convert Success!---
[2021-01-13 오후 8:59:17] ---D:\SPI Job_Test_410.2.3_H01\SPI Job\SPI_bosch_Suzhou\3332AJ0053_R2.mdb_Job Load in C-Editor Completed!---
[2021-01-13 오후 8:59:38] ---D:\SPI Job_Test_410.2.3_H01\SPI Job\SPI_bosch_Suzhou\3338311239_R2.mdb_Job Load in C-Editor Completed!---
[2021-01-13 오후 8:59:44] ---D:\SPI Job_Test_410.2.3_H01\SPI Job\SPI_bosch_Suzhou\3338311239_R2.mdb_ Job Convert Success!---
[2021-01-13 오후 9:00:05] ---D:\SPI Job_Test_410.2.3_H01\SPI Job\SPI_bosch_Suzhou\3338311284_R2.mdb_Job Load in C-Editor Completed!---
[2021-01-13 오후 9:00:11] ---D:\SPI Job_Test_410.2.3_H01\SPI Job\SPI_bosch_Suzhou\3338311284_R2.mdb_ Job Convert Success!---
[2021-01-13 오후 9:00:31] ---D:\SPI Job_Test_410.2.3_H01\SPI Job\SPI_bosch_Suzhou\3338311285_R2.mdb_Job Load in C-Editor Completed!---
[2021-01-13 오후 9:00:38] ---D:\SPI Job_Test_410.2.3_H01\SPI Job\SPI_bosch_Suzhou\3338311285_R2.mdb_ Job Convert Success!---
[2021-01-13 오후 9:00:59] ---D:\SPI Job_Test_410.2.3_H01\SPI Job\SPI_bosch_Suzhou\3338311291_R2.mdb_Job Load in C-Editor Completed!---
[2021-01-13 오후 9:01:07] ---D:\SPI Job_Test_410.2.3_H01\SPI Job\SPI_bosch_Suzhou\3338311291_R2.mdb_ Job Convert Success!---
[2021-01-13 오후 9:01:28] ---D:\SPI Job_Test_410.2.3_H01\SPI Job\SPI_bosch_Suzhou\3338311301_R2.mdb_Job Load in C-Editor Completed!---
[2021-01-13 오후 9:01:34] ---D:\SPI Job_Test_410.2.3_H01\SPI Job\SPI_bosch_Suzhou\3338311301_R2.mdb_ Job Convert Success!---
[2021-01-13 오후 9:01:55] ---D:\SPI Job_Test_410.2.3_H01\SPI Job\SPI_bosch_Suzhou\3338311323_R2.mdb_Job Load in C-Editor Completed!---
[2021-01-13 오후 9:02:01] ---D:\SPI Job_Test_410.2.3_H01\SPI Job\SPI_bosch_Suzhou\3338311323_R2.mdb_ Job Convert Success!---
[2021-01-13 오후 9:02:21] ---D:\SPI Job_Test_410.2.3_H01\SPI Job\SPI_bosch_Suzhou\3338311324_R2.mdb_Job Load in C-Editor Completed!---
[2021-01-13 오후 9:02:27] ---D:\SPI Job_Test_410.2.3_H01\SPI Job\SPI_bosch_Suzhou\3338311324_R2.mdb_ Job Convert Success!---
[2021-01-13 오후 9:02:48] ---D:\SPI Job_Test_410.2.3_H01\SPI Job\SPI_bosch_Suzhou\3338311326_R2.mdb_Job Load in C-Editor Completed!---
[2021-01-13 오후 9:02:55] ---D:\SPI Job_Test_410.2.3_H01\SPI Job\SPI_bosch_Suzhou\3338311326_R2.mdb_ Job Convert Success!---
[2021-01-13 오후 9:03:16] ---D:\SPI Job_Test_410.2.3_H01\SPI Job\SPI_bosch_Suzhou\3338311327_R2.mdb_Job Load in C-Editor Completed!---
[2021-01-13 오후 9:03:36] ---D:\SPI Job_Test_410.2.3_H01\SPI Job\SPI_bosch_Suzhou\3338312040_R2.mdb_Job Load in C-Editor Completed!---
[2021-01-13 오후 9:03:43] ---D:\SPI Job_Test_410.2.3_H01\SPI Job\SPI_bosch_Suzhou\3338312040_R2.mdb_ Job Convert Success!---
[2021-01-13 오후 9:04:04] ---D:\SPI Job_Test_410.2.3_H01\SPI Job\SPI_bosch_Suzhou\3338312112_R2.mdb_Job Load in C-Editor Completed!---
[2021-01-13 오후 9:04:11] ---D:\SPI Job_Test_410.2.3_H01\SPI Job\SPI_bosch_Suzhou\3338312112_R2.mdb_ Job Convert Success!---
[2021-01-13 오후 9:04:31] ---D:\SPI Job_Test_410.2.3_H01\SPI Job\SPI_bosch_Suzhou\3338312255_R2.mdb_Job Load in C-Editor Completed!---
[2021-01-13 오후 9:04:38] ---D:\SPI Job_Test_410.2.3_H01\SPI Job\SPI_bosch_Suzhou\3338312255_R2.mdb_ Job Convert Success!---
[2021-01-13 오후 9:04:58] ---D:\SPI Job_Test_410.2.3_H01\SPI Job\SPI_bosch_Suzhou\3338313034_R2.mdb_Job Load in C-Editor Completed!---
[2021-01-13 오후 9:05:04] ---D:\SPI Job_Test_410.2.3_H01\SPI Job\SPI_bosch_Suzhou\3338313034_R2.mdb_ Job Convert Success!---
[2021-01-13 오후 9:05:25] ---D:\SPI Job_Test_410.2.3_H01\SPI Job\SPI_bosch_Suzhou\3338313076_R2.mdb_Job Load in C-Editor Completed!---
[2021-01-13 오후 9:05:31] ---D:\SPI Job_Test_410.2.3_H01\SPI Job\SPI_bosch_Suzhou\3338313076_R2.mdb_ Job Convert Success!---
[2021-01-13 오후 9:05:52] ---D:\SPI Job_Test_410.2.3_H01\SPI Job\SPI_bosch_Suzhou\3338313192_R2.mdb_Job Load in C-Editor Completed!---
[2021-01-13 오후 9:05:58] ---D:\SPI Job_Test_410.2.3_H01\SPI Job\SPI_bosch_Suzhou\3338313192_R2.mdb_ Job Convert Success!---
[2021-01-13 오후 9:06:19] ---D:\SPI Job_Test_410.2.3_H01\SPI Job\SPI_bosch_Suzhou\3338313251_R2.mdb_Job Load in C-Editor Completed!---
[2021-01-13 오후 9:06:28] ---D:\SPI Job_Test_410.2.3_H01\SPI Job\SPI_bosch_Suzhou\3338313251_R2.mdb_ Job Convert Success!---
[2021-01-13 오후 9:06:48] ---D:\SPI Job_Test_410.2.3_H01\SPI Job\SPI_bosch_Suzhou\3338315080_R2.mdb_Job Load in C-Editor Completed!---
[2021-01-13 오후 9:06:55] ---D:\SPI Job_Test_410.2.3_H01\SPI Job\SPI_bosch_Suzhou\3338315080_R2.mdb_ Job Convert Success!---
[2021-01-13 오후 9:07:16] ---D:\SPI Job_Test_410.2.3_H01\SPI Job\SPI_bosch_Suzhou\3338316080_R2.mdb_Job Load in C-Editor Completed!---
[2021-01-13 오후 9:07:22] ---D:\SPI Job_Test_410.2.3_H01\SPI Job\SPI_bosch_Suzhou\3338316080_R2.mdb_ Job Convert Success!---
[2021-01-13 오후 9:07:43] ---D:\SPI Job_Test_410.2.3_H01\SPI Job\SPI_Compal Kunshan\AT_S-ZFX50-LAB141P-01.mdb_Job Load in C-Editor Completed!---
[2021-01-13 오후 9:08:03] ---D:\SPI Job_Test_410.2.3_H01\SPI Job\SPI_Continental_periferico_VW MIB 9 in A2C13005801\Bottom\VW MIB 9 in A2C13005801 Bottom.mdb_Job Load in C-Editor Completed!---
[2021-01-13 오후 9:08:24] ---D:\SPI Job_Test_410.2.3_H01\SPI Job\SPI_Continental_periferico_VW MIB 9 in A2C13005801\Top\VW MIB 9 in A2C13005801 Top.mdb_Job Load in C-Editor Completed!---
[2021-01-13 오후 9:08:41] ---D:\SPI Job_Test_410.2.3_H01\SPI Job\SPI_Jabil_GDL\4525796_0501 TEST\4525796_0501 TEST.mdb_Job Load in C-Editor Completed!---
[2021-01-13 오후 9:09:02] ---D:\SPI Job_Test_410.2.3_H01\SPI Job\SPI_jinnan_guangzhou\AG-1504041-A1.mdb_Job Load in C-Editor Completed!---
[2021-01-13 오후 9:09:23] ---D:\SPI Job_Test_410.2.3_H01\SPI Job\SPI_jinnan_guangzhou\SVL430A30-V0.1-WP.mdb_Job Load in C-Editor Completed!---
[2021-01-13 오후 9:09:43] ---D:\SPI Job_Test_410.2.3_H01\SPI Job\SPI_jinnan_guangzhou\SVL490A43-SH705-V0.2.mdb_Job Load in C-Editor Completed!---
[2021-01-13 오후 9:10:04] ---D:\SPI Job_Test_410.2.3_H01\SPI Job\SPI_jinnan_guangzhou\SVL490A43-V0.1-WS.mdb_Job Load in C-Editor Completed!---
[2021-01-13 오후 9:10:24] ---D:\SPI Job_Test_410.2.3_H01\SPI Job\SPI_Luxshare_Kunshan\H07 MLB BOT.mdb_Job Load in C-Editor Completed!---
[2021-01-13 오후 9:10:45] ---D:\SPI Job_Test_410.2.3_H01\SPI Job\SPI_S&T Motiv_Yangsan\180823 Alpha_Bottom_Test.mdb_Job Load in C-Editor Completed!---
[2021-01-13 오후 9:10:52] ---D:\SPI Job_Test_410.2.3_H01\SPI Job\SPI_S&T Motiv_Yangsan\180823 Alpha_Bottom_Test.mdb_ Job Convert Success!---
[2021-01-13 오후 9:11:13] ---D:\SPI Job_Test_410.2.3_H01\SPI Job\SPI_S&T Motiv_Yangsan\180823 Alpha_Bottom_Test_Ver 1.0.mdb_Job Load in C-Editor Completed!---
[2021-01-13 오후 9:11:19] ---D:\SPI Job_Test_410.2.3_H01\SPI Job\SPI_S&T Motiv_Yangsan\180823 Alpha_Bottom_Test_Ver 1.0.mdb_ Job Convert Success!---
[2021-01-13 오후 9:11:40] ---D:\SPI Job_Test_410.2.3_H01\SPI Job\SPI_S&T Motiv_Yangsan\180823 Alpha_TOP_Test.mdb_Job Load in C-Editor Completed!---
[2021-01-13 오후 9:12:01] ---D:\SPI Job_Test_410.2.3_H01\SPI Job\SPI_S&T Motiv_Yangsan\180823 Beta_Bottom_Test.mdb_Job Load in C-Editor Completed!---
[2021-01-13 오후 9:12:22] ---D:\SPI Job_Test_410.2.3_H01\SPI Job\SPI_S&T Motiv_Yangsan\180823 Beta_TOP_Test.mdb_Job Load in C-Editor Completed!---
[2021-01-13 오후 9:12:42] ---D:\SPI Job_Test_410.2.3_H01\SPI Job\SPI_S&T Motiv_Yangsan\180823 Gamma_Bottom_Test.mdb_Job Load in C-Editor Completed!---
[2021-01-13 오후 9:13:03] ---D:\SPI Job_Test_410.2.3_H01\SPI Job\SPI_S&T Motiv_Yangsan\180823 Gamma_TOP_Test.mdb_Job Load in C-Editor Completed!---
[2021-01-13 오후 9:13:23] ---D:\SPI Job_Test_410.2.3_H01\SPI Job\SPI_Samsung\Samsung_SPI_test02.mdb_Job Load in C-Editor Completed!---
[2021-01-13 오후 9:13:44] ---D:\SPI Job_Test_410.2.3_H01\SPI Job\SPI_Skyworks\741987SD0A_SKYWORKS.mdb_Job Load in C-Editor Completed!---
[2021-01-13 오후 9:14:04] ---D:\SPI Job_Test_410.2.3_H01\SPI Job\SPI_Skyworks\742223SD0A_SKYWORKS.mdb_Job Load in C-Editor Completed!---
[2021-01-13 오후 9:14:25] ---D:\SPI Job_Test_410.2.3_H01\SPI Job\SPI_Skyworks\800756SD0A_SKYWORKS.mdb_Job Load in C-Editor Completed!---
[2021-01-13 오후 9:14:55] ---D:\SPI Job_Test_410.2.3_H01\SPI Job\SPI_Unclassified Data\0851305SD0A_JEJU4.mdb_Job Load in C-Editor Completed!---
[2021-01-13 오후 9:15:15] ---D:\SPI Job_Test_410.2.3_H01\SPI Job\SPI_Unclassified Data\309000120764B3 MOON-MLB.mdb_Job Load in C-Editor Completed!---
[2021-01-13 오후 9:15:36] ---D:\SPI Job_Test_410.2.3_H01\SPI Job\SPI_Unclassified Data\309000120766T5-7-MOON-MLB.mdb_Job Load in C-Editor Completed!---
[2021-01-13 오후 9:15:56] ---D:\SPI Job_Test_410.2.3_H01\SPI Job\SPI_Unclassified Data\309000319296R1T0  Greedo-R-FLEX - 짼창쩍쨘횏짰 - 쨌횜쩔챵짼창횎횚.mdb_Job Load in C-Editor Completed!---
[2021-01-13 오후 9:16:17] ---D:\SPI Job_Test_410.2.3_H01\SPI Job\SPI_Unclassified Data\309000319296R1T0  Greedo-R-FLEX - 짼창쩍쨘횏짰.mdb_Job Load in C-Editor Completed!---
[2021-01-13 오후 9:16:37] ---D:\SPI Job_Test_410.2.3_H01\SPI Job\SPI_Unclassified Data\309000500379B7-Jupiter-R.mdb_Job Load in C-Editor Completed!---
[2021-01-13 오후 9:16:58] ---D:\SPI Job_Test_410.2.3_H01\SPI Job\SPI_Unclassified Data\309000500379T10 Jupiter-R.mdb_Job Load in C-Editor Completed!---
[2021-01-13 오후 9:17:19] ---D:\SPI Job_Test_410.2.3_H01\SPI Job\SPI_Unclassified Data\309000500379T11 Jupiter-Right.mdb_Job Load in C-Editor Completed!---
[2021-01-13 오후 9:17:39] ---D:\SPI Job_Test_410.2.3_H01\SPI Job\SPI_Unclassified Data\742223GB0B_.mdb_Job Load in C-Editor Completed!---
[2021-01-13 오후 9:18:22] ---D:\SPI Job_Test_410.2.3_H01\SPI Job\SPI_Unclassified Data\780514GB0A.mdb_Job Load in C-Editor Completed!---
[2021-01-13 오후 9:18:55] ---D:\SPI Job_Test_410.2.3_H01\SPI Job\SPI_Unclassified Data\800689GB0A_F+_final_segmentation.mdb_Job Load in C-Editor Completed!---
[2021-01-13 오후 9:19:32] ---D:\SPI Job_Test_410.2.3_H01\SPI Job\SPI_Unclassified Data\808508SD0A_JEDI_F.mdb_Job Load in C-Editor Completed!---
[2021-01-13 오후 9:20:31] ---D:\SPI Job_Test_410.2.3_H01\SPI Job\SPI_Unclassified Data\ACFM-W223-AK_SL.mdb_Job Load in C-Editor Completed!---
[2021-01-13 오후 9:21:33] ---D:\SPI Job_Test_410.2.3_H01\SPI Job\SPI_Unclassified Data\AFEM-8086-A.mdb_Job Load in C-Editor Completed!---
[2021-01-13 오후 9:23:39] ---D:\SPI Job_Test_410.2.3_H01\SPI Job\SPI_Unclassified Data\BG_107_R_140.mdb_Job Load in C-Editor Completed!---
[2021-01-13 오후 11:05:44] ---D:\SPI Job_Test_410.2.3_H01\SPI Job\SPI_Unclassified Data\BG_107_R_140_original.mdb_Job Load in C-Editor Completed!---
[2021-01-13 오후 11:08:43] ---D:\SPI Job_Test_410.2.3_H01\SPI Job\SPI_Unclassified Data\BSM-J260F$8DS_BM_QE1808OFA014-018_REV0.5.mdb_Job Load in C-Editor Completed!---
[2021-01-13 오후 11:09:05] ---D:\SPI Job_Test_410.2.3_H01\SPI Job\SPI_Unclassified Data\BSM-J260F$8DS_TM_QE1808OFA077-081_REV0.5.mdb_Job Load in C-Editor Completed!---
[2021-01-13 오후 11:09:27] ---D:\SPI Job_Test_410.2.3_H01\SPI Job\SPI_Unclassified Data\BSM-J410F$16DS_BM_QH1812OFA237-238_REV0.2.mdb_Job Load in C-Editor Completed!---
[2021-01-13 오후 11:09:48] ---D:\SPI Job_Test_410.2.3_H01\SPI Job\SPI_Unclassified Data\BSM-J410F$16DS_TM_QH1812OFA257-260_REV0.2.mdb_Job Load in C-Editor Completed!---
[2021-01-13 오후 11:10:10] ---D:\SPI Job_Test_410.2.3_H01\SPI Job\SPI_Unclassified Data\D241_RS.mdb_Job Load in C-Editor Completed!---
[2021-01-13 오후 11:10:32] ---D:\SPI Job_Test_410.2.3_H01\SPI Job\SPI_Unclassified Data\OFF1652-F04305SD19090018.mdb_Job Load in C-Editor Completed!---
[2021-01-13 오후 11:10:54] ---D:\SPI Job_Test_410.2.3_H01\SPI Job\SPI_Unclassified Data\OJP1155-B-A0.mdb_Job Load in C-Editor Completed!---
[2021-01-13 오후 11:11:16] ---D:\SPI Job_Test_410.2.3_H01\SPI Job\SPI_Unclassified Data\SWB-E43 R03A TOP _201810-024 L1.mdb_Job Load in C-Editor Completed!---
[2021-01-13 오후 11:11:35] ---D:\SPI Job_Test_410.2.3_H01\SPI Job\SPI_Unclassified Data\SWB-E43 R03A TOP _201810-024 L1.mdb_ Job Convert Success!---
[2021-01-13 오후 11:12:28] ---D:\SPI Job_Test_410.2.3_H01\SPI Job\SPI_Unclassified Data\SWB-E43 R03A TOP _201810-024 L2.mdb_Job Load in C-Editor Completed!---
[2021-01-13 오후 11:12:48] ---D:\SPI Job_Test_410.2.3_H01\SPI Job\SPI_Unclassified Data\SWB-E43 R03A TOP _201810-024 L2.mdb_ Job Convert Success!---
[2021-01-13 오후 11:13:45] ---D:\SPI Job_Test_410.2.3_H01\SPI Job\SPI_Unclassified Data\SWB-E43 R03A TOP _201810-024 L2_Test.mdb_Job Load in C-Editor Completed!---
[2021-01-13 오후 11:14:13] ---D:\SPI Job_Test_410.2.3_H01\SPI Job\SPI_Unclassified Data\TW61-D725-001.mdb_Job Load in C-Editor Completed!---
[2021-01-13 오후 11:14:33] ---D:\SPI Job_Test_410.2.3_H01\SPI Job\SPI_Unclassified Data\TW61-D725-001_2 pad only_20191205.mdb_Job Load in C-Editor Completed!---
[2021-01-13 오후 11:14:54] ---D:\SPI Job_Test_410.2.3_H01\SPI Job\SPI_Unclassified Data\TW61-D725-001_20PERCENT.mdb_Job Load in C-Editor Completed!---
[2021-01-13 오후 11:15:15] ---D:\SPI Job_Test_410.2.3_H01\SPI Job\SPI_Unclassified Data\VIPER 2L #10-J63545.mdb_Job Load in C-Editor Completed!---
[2021-01-13 오후 11:15:35] ---D:\SPI Job_Test_410.2.3_H01\SPI Job\SPI_Unclassified Data\VIPER 2XL #23-J64132_1.mdb_Job Load in C-Editor Completed!---
[2021-01-13 오후 11:15:56] ---D:\SPI Job_Test_410.2.3_H01\SPI Job\SPI_Unclassified Data\XK06560_another_120um 90_v1.mdb_Job Load in C-Editor Completed!---
[2021-01-13 오후 11:16:02] ---D:\SPI Job_Test_410.2.3_H01\SPI Job\SPI_Unclassified Data\XK06560_another_120um 90_v1.mdb_ Job Convert Success!---
[2021-01-13 오후 11:16:02] ----SPI GUI Job Loading Start!!!----
[2021-01-13 오후 11:16:02] ----SPIGUI ON----
[2021-01-13 오후 11:16:36] ---User Login Completed---
[2021-01-13 오후 11:16:43] --Job File Loading Start-- 0859586GBA_2
[2021-01-13 오후 11:19:05] Save Vision Error Image Completed!
[2021-01-13 오후 11:23:32] ---0859586GBA_2_Job Loading Succcess!!!---
[2021-01-13 오후 11:23:35] ----SPI GUI Job Loading Start!!!----
[2021-01-13 오후 11:23:41] --Job File Loading Start-- 1T11SBCB-C-B
[2021-01-13 오후 11:29:35] ---1T11SBCB-C-B_Job Loading Succcess!!!---
[2021-01-13 오후 11:29:38] ----SPI GUI Job Loading Start!!!----
[2021-01-13 오후 11:29:44] --Job File Loading Start-- 3332A10012_R2
[2021-01-13 오후 11:32:47] ---3332A10012_R2_Job Loading Succcess!!!---
[2021-01-13 오후 11:32:50] ----SPI GUI Job Loading Start!!!----
[2021-01-13 오후 11:32:56] --Job File Loading Start-- 3332A10048_R2
[2021-01-13 오후 11:34:21] ---3332A10048_R2_Job Loading Succcess!!!---
[2021-01-13 오후 11:34:24] ----SPI GUI Job Loading Start!!!----
[2021-01-13 오후 11:34:30] --Job File Loading Start-- 3332A10121_R2
[2021-01-13 오후 11:36:00] ---3332A10121_R2_Job Loading Succcess!!!---
[2021-01-13 오후 11:36:03] ----SPI GUI Job Loading Start!!!----
[2021-01-13 오후 11:36:09] --Job File Loading Start-- 3332AJ0030_R2
[2021-01-13 오후 11:37:33] ---3332AJ0030_R2_Job Loading Succcess!!!---
[2021-01-13 오후 11:37:36] ----SPI GUI Job Loading Start!!!----
[2021-01-13 오후 11:37:42] --Job File Loading Start-- 3332AJ0031_R2
[2021-01-13 오후 11:39:16] ---3332AJ0031_R2_Job Loading Succcess!!!---
[2021-01-13 오후 11:39:19] ----SPI GUI Job Loading Start!!!----
[2021-01-13 오후 11:39:25] --Job File Loading Start-- 3332AJ0035_R2
[2021-01-13 오후 11:40:50] ---3332AJ0035_R2_Job Loading Succcess!!!---
[2021-01-13 오후 11:40:53] ----SPI GUI Job Loading Start!!!----
[2021-01-13 오후 11:40:59] --Job File Loading Start-- 3332AJ0038_R2
[2021-01-13 오후 11:42:30] ---3332AJ0038_R2_Job Loading Succcess!!!---
[2021-01-13 오후 11:42:33] ----SPI GUI Job Loading Start!!!----
[2021-01-13 오후 11:42:38] --Job File Loading Start-- 3332AJ0040_R2
[2021-01-13 오후 11:44:03] ---3332AJ0040_R2_Job Loading Succcess!!!---
[2021-01-13 오후 11:44:06] ----SPI GUI Job Loading Start!!!----
[2021-01-13 오후 11:44:12] --Job File Loading Start-- 3332AJ0041_R2
[2021-01-13 오후 11:45:32] ---3332AJ0041_R2_Job Loading Succcess!!!---
[2021-01-13 오후 11:45:35] ----SPI GUI Job Loading Start!!!----
[2021-01-13 오후 11:45:41] --Job File Loading Start-- 3332AJ0042_R2
[2021-01-13 오후 11:47:05] ---3332AJ0042_R2_Job Loading Succcess!!!---
[2021-01-13 오후 11:47:08] ----SPI GUI Job Loading Start!!!----
[2021-01-13 오후 11:47:14] --Job File Loading Start-- 3332AJ0043_R2
[2021-01-13 오후 11:48:41] ---3332AJ0043_R2_Job Loading Succcess!!!---
[2021-01-13 오후 11:48:44] ----SPI GUI Job Loading Start!!!----
[2021-01-13 오후 11:48:50] --Job File Loading Start-- 3332AJ0044_R2
[2021-01-13 오후 11:50:15] ---3332AJ0044_R2_Job Loading Succcess!!!---
[2021-01-13 오후 11:50:18] ----SPI GUI Job Loading Start!!!----
[2021-01-13 오후 11:50:24] --Job File Loading Start-- 3332AJ0049_R2
[2021-01-13 오후 11:51:52] ---3332AJ0049_R2_Job Loading Succcess!!!---
[2021-01-13 오후 11:51:55] ----SPI GUI Job Loading Start!!!----
[2021-01-13 오후 11:52:01] --Job File Loading Start-- 3332AJ0052_R2
[2021-01-13 오후 11:53:30] ---3332AJ0052_R2_Job Loading Succcess!!!---
[2021-01-13 오후 11:53:33] ----SPI GUI Job Loading Start!!!----
[2021-01-13 오후 11:53:39] --Job File Loading Start-- 3332AJ0053_R2
[2021-01-13 오후 11:55:09] ---3332AJ0053_R2_Job Loading Succcess!!!---
[2021-01-13 오후 11:55:12] ----SPI GUI Job Loading Start!!!----
[2021-01-13 오후 11:55:18] --Job File Loading Start-- 3338311239_R2
[2021-01-13 오후 11:56:49] ---3338311239_R2_Job Loading Succcess!!!---
[2021-01-13 오후 11:56:52] ----SPI GUI Job Loading Start!!!----
[2021-01-13 오후 11:56:58] --Job File Loading Start-- 3338311284_R2
[2021-01-13 오후 11:58:23] ---3338311284_R2_Job Loading Succcess!!!---
[2021-01-13 오후 11:58:26] ----SPI GUI Job Loading Start!!!----
[2021-01-13 오후 11:58:32] --Job File Loading Start-- 3338311285_R2
[2021-01-13 오후 11:59:58] ---3338311285_R2_Job Loading Succcess!!!---
[2021-01-14 오전 12:00:01] ----SPI GUI Job Loading Start!!!----
[2021-01-14 오전 12:00:07] --Job File Loading Start-- 3338311291_R2
[2021-01-14 오전 12:01:33] ---3338311291_R2_Job Loading Succcess!!!---
[2021-01-14 오전 12:01:36] ----SPI GUI Job Loading Start!!!----
[2021-01-14 오전 12:01:42] --Job File Loading Start-- 3338311301_R2
[2021-01-14 오전 12:03:13] ---3338311301_R2_Job Loading Succcess!!!---
[2021-01-14 오전 12:03:16] ----SPI GUI Job Loading Start!!!----
[2021-01-14 오전 12:03:22] --Job File Loading Start-- 3338311323_R2
[2021-01-14 오전 12:04:47] ---3338311323_R2_Job Loading Succcess!!!---
[2021-01-14 오전 12:04:50] ----SPI GUI Job Loading Start!!!----
[2021-01-14 오전 12:04:56] --Job File Loading Start-- 3338311324_R2
[2021-01-14 오전 12:06:16] ---3338311324_R2_Job Loading Succcess!!!---
[2021-01-14 오전 12:06:19] ----SPI GUI Job Loading Start!!!----
[2021-01-14 오전 12:06:25] --Job File Loading Start-- 3338311326_R2
[2021-01-14 오전 12:07:51] ---3338311326_R2_Job Loading Succcess!!!---
[2021-01-14 오전 12:07:54] ----SPI GUI Job Loading Start!!!----
[2021-01-14 오전 12:08:00] --Job File Loading Start-- 3338311327_R2
[2021-01-14 오전 12:09:33] ---3338311327_R2_Job Loading Succcess!!!---
[2021-01-14 오전 12:09:36] ----SPI GUI Job Loading Start!!!----
[2021-01-14 오전 12:09:42] --Job File Loading Start-- 3338312040_R2
[2021-01-14 오전 12:11:10] ---3338312040_R2_Job Loading Succcess!!!---
[2021-01-14 오전 12:11:13] ----SPI GUI Job Loading Start!!!----
[2021-01-14 오전 12:11:19] --Job File Loading Start-- 3338312112_R2
[2021-01-14 오전 12:12:48] ---3338312112_R2_Job Loading Succcess!!!---
[2021-01-14 오전 12:12:51] ----SPI GUI Job Loading Start!!!----
[2021-01-14 오전 12:12:57] --Job File Loading Start-- 3338312255_R2
[2021-01-14 오전 12:14:22] ---3338312255_R2_Job Loading Succcess!!!---
[2021-01-14 오전 12:14:25] ----SPI GUI Job Loading Start!!!----
[2021-01-14 오전 12:14:31] --Job File Loading Start-- 3338313034_R2
[2021-01-14 오전 12:15:55] ---3338313034_R2_Job Loading Succcess!!!---
[2021-01-14 오전 12:15:58] ----SPI GUI Job Loading Start!!!----
[2021-01-14 오전 12:16:04] --Job File Loading Start-- 3338313076_R2
[2021-01-14 오전 12:17:29] ---3338313076_R2_Job Loading Succcess!!!---
[2021-01-14 오전 12:17:32] ----SPI GUI Job Loading Start!!!----
[2021-01-14 오전 12:17:38] --Job File Loading Start-- 3338313192_R2
[2021-01-14 오전 12:19:03] ---3338313192_R2_Job Loading Succcess!!!---
[2021-01-14 오전 12:19:06] ----SPI GUI Job Loading Start!!!----
[2021-01-14 오전 12:19:12] --Job File Loading Start-- 3338313251_R2
[2021-01-14 오전 12:20:40] ---3338313251_R2_Job Loading Succcess!!!---
[2021-01-14 오전 12:20:43] ----SPI GUI Job Loading Start!!!----
[2021-01-14 오전 12:20:49] --Job File Loading Start-- 3338315080_R2
[2021-01-14 오전 12:22:22] ---3338315080_R2_Job Loading Succcess!!!---
[2021-01-14 오전 12:22:25] ----SPI GUI Job Loading Start!!!----
[2021-01-14 오전 12:22:31] --Job File Loading Start-- 3338316080_R2
[2021-01-14 오전 12:23:51] ---3338316080_R2_Job Loading Succcess!!!---
[2021-01-14 오전 12:23:54] ----SPI GUI Job Loading Start!!!----
[2021-01-14 오전 12:24:00] --Job File Loading Start-- AT_S-ZFX50-LAB141P-01
[2021-01-14 오전 12:25:26] ---AT_S-ZFX50-LAB141P-01_Job Loading Succcess!!!---
[2021-01-14 오전 12:25:29] ----SPI GUI Job Loading Start!!!----
[2021-01-14 오전 12:25:35] --Job File Loading Start-- VW MIB 9 in A2C13005801 Bottom
[2021-01-14 오전 12:26:58] ---VW MIB 9 in A2C13005801 Bottom_Job Loading Succcess!!!---
[2021-01-14 오전 12:27:01] ----SPI GUI Job Loading Start!!!----
[2021-01-14 오전 12:27:07] --Job File Loading Start-- VW MIB 9 in A2C13005801 Top
[2021-01-14 오전 12:28:31] ---VW MIB 9 in A2C13005801 Top_Job Loading Succcess!!!---
[2021-01-14 오전 12:28:34] ----SPI GUI Job Loading Start!!!----
[2021-01-14 오전 12:28:40] --Job File Loading Start-- 4525796_0501 TEST
[2021-01-14 오전 12:30:02] ---4525796_0501 TEST_Job Loading Succcess!!!---
[2021-01-14 오전 12:30:05] ----SPI GUI Job Loading Start!!!----
[2021-01-14 오전 12:30:11] --Job File Loading Start-- AG-1504041-A1
[2021-01-14 오전 12:31:29] ---AG-1504041-A1_Job Loading Succcess!!!---
[2021-01-14 오전 12:31:32] ----SPI GUI Job Loading Start!!!----
[2021-01-14 오전 12:31:39] --Job File Loading Start-- SVL430A30-V0.1-WP
[2021-01-14 오전 12:33:00] ---SVL430A30-V0.1-WP_Job Loading Succcess!!!---
[2021-01-14 오전 12:33:03] ----SPI GUI Job Loading Start!!!----
[2021-01-14 오전 12:33:09] --Job File Loading Start-- SVL490A43-SH705-V0.2
[2021-01-14 오전 12:34:29] ---SVL490A43-SH705-V0.2_Job Loading Succcess!!!---
[2021-01-14 오전 12:34:32] ----SPI GUI Job Loading Start!!!----
[2021-01-14 오전 12:34:38] --Job File Loading Start-- SVL490A43-V0.1-WS
[2021-01-14 오전 12:35:57] ---SVL490A43-V0.1-WS_Job Loading Succcess!!!---
[2021-01-14 오전 12:36:00] ----SPI GUI Job Loading Start!!!----
[2021-01-14 오전 12:36:06] --Job File Loading Start-- H07 MLB BOT
[2021-01-14 오전 12:37:38] ---H07 MLB BOT_Job Loading Succcess!!!---
[2021-01-14 오전 12:37:41] ----SPI GUI Job Loading Start!!!----
[2021-01-14 오전 12:37:47] --Job File Loading Start-- 180823 Alpha_Bottom_Test
[2021-01-14 오전 12:39:33] ---180823 Alpha_Bottom_Test_Job Loading Succcess!!!---
[2021-01-14 오전 12:39:36] ----SPI GUI Job Loading Start!!!----
[2021-01-14 오전 12:39:42] --Job File Loading Start-- 180823 Alpha_Bottom_Test_Ver 1.0
[2021-01-14 오전 12:41:03] ---180823 Alpha_Bottom_Test_Ver 1.0_Job Loading Succcess!!!---
[2021-01-14 오전 12:41:06] ----SPI GUI Job Loading Start!!!----
[2021-01-14 오전 12:41:13] --Job File Loading Start-- 180823 Alpha_TOP_Test
[2021-01-14 오전 12:42:33] ---180823 Alpha_TOP_Test_Job Loading Succcess!!!---
[2021-01-14 오전 12:42:36] ----SPI GUI Job Loading Start!!!----
[2021-01-14 오전 12:42:43] --Job File Loading Start-- 180823 Beta_Bottom_Test
[2021-01-14 오전 12:44:03] ---180823 Beta_Bottom_Test_Job Loading Succcess!!!---
[2021-01-14 오전 12:44:06] ----SPI GUI Job Loading Start!!!----
[2021-01-14 오전 12:44:13] --Job File Loading Start-- 180823 Beta_TOP_Test
[2021-01-14 오전 12:45:33] ---180823 Beta_TOP_Test_Job Loading Succcess!!!---
[2021-01-14 오전 12:45:36] ----SPI GUI Job Loading Start!!!----
[2021-01-14 오전 12:45:43] --Job File Loading Start-- 180823 Gamma_Bottom_Test
[2021-01-14 오전 12:47:03] ---180823 Gamma_Bottom_Test_Job Loading Succcess!!!---
[2021-01-14 오전 12:47:06] ----SPI GUI Job Loading Start!!!----
[2021-01-14 오전 12:47:13] --Job File Loading Start-- 180823 Gamma_TOP_Test
[2021-01-14 오전 12:48:34] ---180823 Gamma_TOP_Test_Job Loading Succcess!!!---
[2021-01-14 오전 12:48:37] ----SPI GUI Job Loading Start!!!----
[2021-01-14 오전 12:48:43] --Job File Loading Start-- Samsung_SPI_test02
[2021-01-14 오전 12:50:39] ---Samsung_SPI_test02_Job Loading Succcess!!!---
[2021-01-14 오전 12:50:42] ----SPI GUI Job Loading Start!!!----
[2021-01-14 오전 12:50:49] --Job File Loading Start-- 741987SD0A_SKYWORKS
[2021-01-14 오전 12:53:17] ---741987SD0A_SKYWORKS_Job Loading Succcess!!!---
[2021-01-14 오전 12:53:20] ----SPI GUI Job Loading Start!!!----
[2021-01-14 오전 12:53:27] --Job File Loading Start-- 742223SD0A_SKYWORKS
[2021-01-14 오전 12:55:28] ---742223SD0A_SKYWORKS_Job Loading Succcess!!!---
[2021-01-14 오전 12:55:31] ----SPI GUI Job Loading Start!!!----
[2021-01-14 오전 12:55:37] --Job File Loading Start-- 800756SD0A_SKYWORKS
[2021-01-14 오전 12:57:40] ---800756SD0A_SKYWORKS_Job Loading Succcess!!!---
[2021-01-14 오전 12:57:43] ----SPI GUI Job Loading Start!!!----
[2021-01-14 오전 12:57:49] --Job File Loading Start-- 0851305SD0A_JEJU4
[2021-01-14 오전 1:00:18] ---0851305SD0A_JEJU4_Job Loading Succcess!!!---
[2021-01-14 오전 1:00:21] ----SPI GUI Job Loading Start!!!----
[2021-01-14 오전 1:00:28] --Job File Loading Start-- 309000120764B3 MOON-MLB
[2021-01-14 오전 1:02:54] ---309000120764B3 MOON-MLB_Job Loading Succcess!!!---
[2021-01-14 오전 1:02:57] ----SPI GUI Job Loading Start!!!----
[2021-01-14 오전 1:03:04] --Job File Loading Start-- 309000120766T5-7-MOON-MLB
[2021-01-14 오전 1:04:39] ---309000120766T5-7-MOON-MLB_Job Loading Succcess!!!---
[2021-01-14 오전 1:04:42] ----SPI GUI Job Loading Start!!!----
[2021-01-14 오전 1:04:49] --Job File Loading Start-- 309000319296R1T0  Greedo-R-FLEX - 짼창쩍쨘횏짰 - 쨌횜쩔챵짼창횎횚
[2021-01-14 오전 1:06:34] ---309000319296R1T0  Greedo-R-FLEX - 짼창쩍쨘횏짰 - 쨌횜쩔챵짼창횎횚_Job Loading Succcess!!!---
[2021-01-14 오전 1:06:37] ----SPI GUI Job Loading Start!!!----
[2021-01-14 오전 1:06:44] --Job File Loading Start-- 309000319296R1T0  Greedo-R-FLEX - 짼창쩍쨘횏짰
[2021-01-14 오전 1:08:03] ---309000319296R1T0  Greedo-R-FLEX - 짼창쩍쨘횏짰_Job Loading Succcess!!!---
[2021-01-14 오전 1:08:06] ----SPI GUI Job Loading Start!!!----
[2021-01-14 오전 1:08:12] --Job File Loading Start-- 309000500379B7-Jupiter-R
[2021-01-14 오전 1:09:31] ---309000500379B7-Jupiter-R_Job Loading Succcess!!!---
[2021-01-14 오전 1:09:34] ----SPI GUI Job Loading Start!!!----
[2021-01-14 오전 1:09:40] --Job File Loading Start-- 309000500379T10 Jupiter-R
[2021-01-14 오전 1:11:00] ---309000500379T10 Jupiter-R_Job Loading Succcess!!!---
[2021-01-14 오전 1:11:03] ----SPI GUI Job Loading Start!!!----
[2021-01-14 오전 1:11:09] --Job File Loading Start-- 309000500379T11 Jupiter-Right
[2021-01-14 오전 1:12:28] ---309000500379T11 Jupiter-Right_Job Loading Succcess!!!---
[2021-01-14 오전 1:12:31] ----SPI GUI Job Loading Start!!!----
[2021-01-14 오전 1:12:38] --Job File Loading Start-- 742223GB0B_
[2021-01-14 오전 1:14:02] ---742223GB0B__Job Loading Succcess!!!---
[2021-01-14 오전 1:14:05] ----SPI GUI Job Loading Start!!!----
[2021-01-14 오전 1:14:11] --Job File Loading Start-- 780514GB0A
[2021-01-14 오전 1:15:56] ---780514GB0A_Job Loading Succcess!!!---
[2021-01-14 오전 1:15:59] ----SPI GUI Job Loading Start!!!----
[2021-01-14 오전 1:16:05] --Job File Loading Start-- 800689GB0A_F+_final_segmentation
[2021-01-14 오전 1:18:56] ---800689GB0A_F+_final_segmentation_Job Loading Succcess!!!---
[2021-01-14 오전 1:18:59] ----SPI GUI Job Loading Start!!!----
[2021-01-14 오전 1:19:05] --Job File Loading Start-- 808508SD0A_JEDI_F
[2021-01-14 오전 1:22:05] ---808508SD0A_JEDI_F_Job Loading Succcess!!!---
[2021-01-14 오전 1:22:08] ----SPI GUI Job Loading Start!!!----
[2021-01-14 오전 1:22:15] --Job File Loading Start-- ACFM-W223-AK_SL
[2021-01-14 오전 1:26:31] ---ACFM-W223-AK_SL_Job Loading Succcess!!!---
[2021-01-14 오전 1:26:34] ----SPI GUI Job Loading Start!!!----
[2021-01-14 오전 1:26:41] --Job File Loading Start-- AFEM-8086-A
[2021-01-14 오전 1:30:50] ---AFEM-8086-A_Job Loading Succcess!!!---
[2021-01-14 오전 1:30:53] ----SPI GUI Job Loading Start!!!----
[2021-01-14 오전 1:31:00] --Job File Loading Start-- BG_107_R_140
[2021-01-14 오전 1:38:05] ---BG_107_R_140_Job Loading Succcess!!!---
[2021-01-14 오전 1:38:08] ----SPI GUI Job Loading Start!!!----
[2021-01-14 오전 1:38:16] --Job File Loading Start-- BG_107_R_140_original
[2021-01-14 오전 1:47:31] ---BG_107_R_140_original_Job Loading Succcess!!!---
[2021-01-14 오전 1:47:34] ----SPI GUI Job Loading Start!!!----
[2021-01-14 오전 1:47:45] --Job File Loading Start-- BSM-J260F$8DS_BM_QE1808OFA014-018_REV0.5
[2021-01-14 오전 2:06:38] ---BSM-J260F$8DS_BM_QE1808OFA014-018_REV0.5_Job Loading Succcess!!!---
[2021-01-14 오전 2:06:41] ----SPI GUI Job Loading Start!!!----
[2021-01-14 오전 2:06:54] --Job File Loading Start-- BSM-J260F$8DS_TM_QE1808OFA077-081_REV0.5
[2021-01-14 오전 2:08:17] ---BSM-J260F$8DS_TM_QE1808OFA077-081_REV0.5_Job Loading Succcess!!!---
[2021-01-14 오전 2:08:20] ----SPI GUI Job Loading Start!!!----
[2021-01-14 오전 2:08:33] --Job File Loading Start-- BSM-J410F$16DS_BM_QH1812OFA237-238_REV0.2
[2021-01-14 오전 2:09:58] ---BSM-J410F$16DS_BM_QH1812OFA237-238_REV0.2_Job Loading Succcess!!!---
[2021-01-14 오전 2:10:01] ----SPI GUI Job Loading Start!!!----
[2021-01-14 오전 2:10:15] --Job File Loading Start-- BSM-J410F$16DS_TM_QH1812OFA257-260_REV0.2
[2021-01-14 오전 2:11:41] ---BSM-J410F$16DS_TM_QH1812OFA257-260_REV0.2_Job Loading Succcess!!!---
[2021-01-14 오전 2:11:44] ----SPI GUI Job Loading Start!!!----
[2021-01-14 오전 2:11:58] --Job File Loading Start-- D241_RS
[2021-01-14 오전 2:13:21] ---D241_RS_Job Loading Succcess!!!---
[2021-01-14 오전 2:13:24] ----SPI GUI Job Loading Start!!!----
[2021-01-14 오전 2:13:37] --Job File Loading Start-- OFF1652-F04305SD19090018
[2021-01-14 오전 2:15:03] ---OFF1652-F04305SD19090018_Job Loading Succcess!!!---
[2021-01-14 오전 2:15:06] ----SPI GUI Job Loading Start!!!----
[2021-01-14 오전 2:15:17] --Job File Loading Start-- OJP1155-B-A0
[2021-01-14 오전 2:16:48] ---OJP1155-B-A0_Job Loading Succcess!!!---
[2021-01-14 오전 2:16:51] ----SPI GUI Job Loading Start!!!----
[2021-01-14 오전 2:16:57] --Job File Loading Start-- SWB-E43 R03A TOP _201810-024 L1
[2021-01-14 오전 2:19:12] ---SWB-E43 R03A TOP _201810-024 L1_Job Loading Succcess!!!---
[2021-01-14 오전 2:19:15] ----SPI GUI Job Loading Start!!!----
[2021-01-14 오전 2:19:21] --Job File Loading Start-- SWB-E43 R03A TOP _201810-024 L2
[2021-01-14 오전 2:21:36] ---SWB-E43 R03A TOP _201810-024 L2_Job Loading Succcess!!!---
[2021-01-14 오전 2:21:39] ----SPI GUI Job Loading Start!!!----
[2021-01-14 오전 2:21:45] --Job File Loading Start-- SWB-E43 R03A TOP _201810-024 L2_Test
[2021-01-14 오전 2:24:00] ---SWB-E43 R03A TOP _201810-024 L2_Test_Job Loading Succcess!!!---
[2021-01-14 오전 2:24:03] ----SPI GUI Job Loading Start!!!----
[2021-01-14 오전 2:24:09] --Job File Loading Start-- TW61-D725-001
[2021-01-14 오전 2:27:23] ---TW61-D725-001_Job Loading Succcess!!!---
[2021-01-14 오전 2:27:26] ----SPI GUI Job Loading Start!!!----
[2021-01-14 오전 2:27:33] --Job File Loading Start-- TW61-D725-001_2 pad only_20191205
[2021-01-14 오전 2:30:03] ---TW61-D725-001_2 pad only_20191205_Job Loading Succcess!!!---
[2021-01-14 오전 2:30:06] ----SPI GUI Job Loading Start!!!----
[2021-01-14 오전 2:30:12] --Job File Loading Start-- TW61-D725-001_20PERCENT
[2021-01-14 오전 2:31:55] ---TW61-D725-001_20PERCENT_Job Loading Succcess!!!---
[2021-01-14 오전 2:31:58] ----SPI GUI Job Loading Start!!!----
[2021-01-14 오전 2:32:05] --Job File Loading Start-- VIPER 2L #10-J63545
[2021-01-14 오전 2:34:36] ---VIPER 2L #10-J63545_Job Loading Succcess!!!---
[2021-01-14 오전 2:34:39] ----SPI GUI Job Loading Start!!!----
[2021-01-14 오전 2:34:45] --Job File Loading Start-- VIPER 2XL #23-J64132_1
[2021-01-14 오전 2:36:07] ---VIPER 2XL #23-J64132_1_Job Loading Succcess!!!---
[2021-01-14 오전 2:36:10] ----SPI GUI Job Loading Start!!!----
[2021-01-14 오전 2:36:17] --Job File Loading Start-- XK06560_another_120um 90_v1
[2021-01-14 오전 2:37:36] ---XK06560_another_120um 90_v1_Job Loading Succcess!!!---
[2021-01-14 오전 9:20:07] Ranorex.ElementNotFoundException: Failed to find item 'JobLoading_Repository.SPIGUI.VisionErrorPopup.ButtonOK'. ---> Ranorex.ElementNotFoundException: No element found for path '?/?/container[@instance='1']' within 30s.
   --- 내부 예외 스택 추적의 끝 ---
   위치: Ranorex.Core.Repository.RepoItemInfo.FindInternal[T](Boolean findSingle, Boolean throwException, Duration effectiveTimeoutOverride)
   위치: Ranorex.Core.Repository.RepoItemInfo.<>c__DisplayClass75_0`1.<Find>b__0()
   위치: Ranorex.Core.Testing.Services.NoMaintenanceModeService.HandleElementNotFound[T](Func`1 action, RepoItemInfo entry)
   위치: Ranorex.Core.Repository.RepoItemInfo.Find[T](Boolean findSingle, Boolean throwException, Duration effectiveTimeoutOverride)
   위치: Automation_JobLoading.JobLoading_RepositoryFolders.VisionErrorPopupAppFolder.get_ButtonOK()
   위치: Automation_JobLoading.Module.VisionErrorWatch.Init(RxPath myPath)
[2021-01-14 오전 9:20:07] Save Vision Error Image Completed!
[2021-01-14 오전 9:20:42] Ranorex.ElementNotFoundException: Failed to find item 'JobLoading_Repository.SPIGUI.VisionErrorPopup.ButtonOK'. ---> Ranorex.ElementNotFoundException: No element found for path '?/?/container[@instance='1']' within 30s.
   --- 내부 예외 스택 추적의 끝 ---
   위치: Ranorex.Core.Repository.RepoItemInfo.FindInternal[T](Boolean findSingle, Boolean throwException, Duration effectiveTimeoutOverride)
   위치: Ranorex.Core.Repository.RepoItemInfo.<>c__DisplayClass75_0`1.<Find>b__0()
   위치: Ranorex.Core.Testing.Services.NoMaintenanceModeService.HandleElementNotFound[T](Func`1 action, RepoItemInfo entry)
   위치: Ranorex.Core.Repository.RepoItemInfo.Find[T](Boolean findSingle, Boolean throwException, Duration effectiveTimeoutOverride)
   위치: Automation_JobLoading.JobLoading_RepositoryFolders.VisionErrorPopupAppFolder.get_ButtonOK()
   위치: Automation_JobLoading.Module.VisionErrorWatch.Init(RxPath myPath)
[2021-01-14 오전 9:20:42] Save Vision Error Image Completed!
[2021-01-14 오전 9:21:16] Ranorex.ElementNotFoundException: Failed to find item 'JobLoading_Repository.SPIGUI.VisionErrorPopup.ButtonOK'. ---> Ranorex.ElementNotFoundException: No element found for path '?/?/container[@instance='1']' within 30s.
   --- 내부 예외 스택 추적의 끝 ---
   위치: Ranorex.Core.Repository.RepoItemInfo.FindInternal[T](Boolean findSingle, Boolean throwException, Duration effectiveTimeoutOverride)
   위치: Ranorex.Core.Repository.RepoItemInfo.<>c__DisplayClass75_0`1.<Find>b__0()
   위치: Ranorex.Core.Testing.Services.NoMaintenanceModeService.HandleElementNotFound[T](Func`1 action, RepoItemInfo entry)
   위치: Ranorex.Core.Repository.RepoItemInfo.Find[T](Boolean findSingle, Boolean throwException, Duration effectiveTimeoutOverride)
   위치: Automation_JobLoading.JobLoading_RepositoryFolders.VisionErrorPopupAppFolder.get_ButtonOK()
   위치: Automation_JobLoading.Module.VisionErrorWatch.Init(RxPath myPath)
[2021-01-14 오전 9:21:16] Save Vision Error Image Completed!
[2021-01-14 오전 9:21:50] Ranorex.ElementNotFoundException: Failed to find item 'JobLoading_Repository.SPIGUI.VisionErrorPopup.ButtonOK'. ---> Ranorex.ElementNotFoundException: No element found for path '?/?/container[@instance='1']' within 30s.
   --- 내부 예외 스택 추적의 끝 ---
   위치: Ranorex.Core.Repository.RepoItemInfo.FindInternal[T](Boolean findSingle, Boolean throwException, Duration effectiveTimeoutOverride)
   위치: Ranorex.Core.Repository.RepoItemInfo.<>c__DisplayClass75_0`1.<Find>b__0()
   위치: Ranorex.Core.Testing.Services.NoMaintenanceModeService.HandleElementNotFound[T](Func`1 action, RepoItemInfo entry)
   위치: Ranorex.Core.Repository.RepoItemInfo.Find[T](Boolean findSingle, Boolean throwException, Duration effectiveTimeoutOverride)
   위치: Automation_JobLoading.JobLoading_RepositoryFolders.VisionErrorPopupAppFolder.get_ButtonOK()
   위치: Automation_JobLoading.Module.VisionErrorWatch.Init(RxPath myPath)
[2021-01-14 오전 9:21:50] Save Vision Error Image Completed!
