[2020-11-11 오전 9:12:50] Program Load
[2020-11-11 오전 9:12:50] Job List Display Completed!
[2020-11-11 오전 9:13:58] ----시작----
[2020-11-11 오전 9:15:06] System.Diagnostics.Process[]
[2020-11-11 오전 9:15:14] --Job File Loading Start--AFEM-8086-A
[2020-11-11 오전 9:22:34] Program Load
[2020-11-11 오전 9:22:34] Job List Display Completed!
[2020-11-11 오전 9:22:42] ----시작----
[2020-11-11 오전 9:22:44] System.Diagnostics.Process (KY-3030)
[2020-11-11 오전 9:22:51] --Job File Loading Start--AFEM-8086-A
[2020-11-11 오전 9:23:34] --Quantity창 클릭1--
[2020-11-11 오전 9:23:37] --첫번째 크래시 체크 완료--
[2020-11-11 오전 9:23:38] --quantity창 종료버튼 클릭--
[2020-11-11 오전 9:23:48] --10초대기 완료--
[2020-11-11 오전 9:23:53] --While문 진입--
[2020-11-11 오전 9:23:56] --While문 진입--
[2020-11-11 오전 9:23:58] --While문 진입--
[2020-11-11 오전 9:24:59] --While문 빠져나옴--
[2020-11-11 오전 9:24:59] ----Open Icon Click2----
[2020-11-11 오전 9:24:59] AFEM-8086-A_Job Loading Succcess
[2020-11-11 오전 9:25:02] ----시작----
[2020-11-11 오전 9:35:57] System.Diagnostics.Process (KY-3030)
[2020-11-11 오전 9:36:04] --Job File Loading Start--BG_107_R_140
[2020-11-11 오전 9:39:33] Save Error Image Completed!
[2020-11-11 오전 9:39:38] Save Error Image Completed!
[2020-11-11 오전 9:39:42] Save Error Image Completed!
[2020-11-11 오전 9:39:45] --Quantity창 클릭1--
[2020-11-11 오전 9:39:48] --첫번째 크래시 체크 완료--
[2020-11-11 오전 9:39:48] --quantity창 종료버튼 클릭--
[2020-11-11 오전 9:39:58] --10초대기 완료--
[2020-11-11 오전 9:40:11] 1
[2020-11-11 오전 9:40:11] 2
[2020-11-11 오전 9:40:12] 3
[2020-11-11 오전 9:40:12] 4
[2020-11-11 오전 9:40:12] 5
[2020-11-11 오전 9:40:13] 6
[2020-11-11 오전 9:40:14] 7
[2020-11-11 오전 9:40:34] --While문 빠져나옴--
[2020-11-11 오전 9:40:34] System.Exception: Crash
   at Automation_JobLoading.MainForm.SPIGUI_JobLoading(StreamWriter sw)
[2020-11-11 오전 9:40:34] BG_107_R_140_Job Loading Fail
[2020-11-11 오전 9:40:34] ----Exception 끝----
[2020-11-11 오전 9:40:34] ----시작----
[2020-11-11 오전 9:40:35] Save Error Image Completed!
[2020-11-11 오전 10:04:12] System.Diagnostics.Process (KY-3030)
[2020-11-11 오전 10:04:38] Program Load
[2020-11-11 오전 10:04:38] Job List Display Completed!
[2020-11-11 오전 10:04:40] ----시작----
[2020-11-11 오전 10:04:40] ----SPIGUI ON----
[2020-11-11 오전 10:05:33] Program Load
[2020-11-11 오전 10:05:33] Job List Display Completed!
[2020-11-11 오전 10:05:34] ----시작----
[2020-11-11 오전 10:06:02] Program Load
[2020-11-11 오전 10:06:02] Job List Display Completed!
[2020-11-11 오전 10:06:03] ----시작----
[2020-11-11 오전 10:07:57] Program Load
[2020-11-11 오전 10:07:57] Job List Display Completed!
[2020-11-11 오전 10:08:04] ----시작----
[2020-11-11 오전 10:08:10] System.Diagnostics.Process (KY-3030)
[2020-11-11 오전 10:08:17] --Job File Loading Start--AFEM-8086-A
[2020-11-11 오전 10:09:10] Save Error Image Completed!
[2020-11-11 오전 10:09:10] --Quantity창 클릭1--
[2020-11-11 오전 10:09:13] --첫번째 크래시 체크 완료--
[2020-11-11 오전 10:09:14] --quantity창 종료버튼 클릭--
[2020-11-11 오전 10:09:24] --10초대기 완료--
[2020-11-11 오전 10:09:33] --While문 진입--
[2020-11-11 오전 10:09:36] --While문 진입--
[2020-11-11 오전 10:09:41] --While문 진입--
[2020-11-11 오전 10:09:58] --While문 진입--
[2020-11-11 오전 10:10:07] --While문 진입--
[2020-11-11 오전 10:10:08] --While문 진입--
[2020-11-11 오전 10:10:09] --While문 진입--
[2020-11-11 오전 10:10:10] --While문 진입--
[2020-11-11 오전 10:10:11] --While문 진입--
[2020-11-11 오전 10:10:12] --While문 진입--
[2020-11-11 오전 10:10:13] --While문 진입--
[2020-11-11 오전 10:10:14] --While문 진입--
[2020-11-11 오전 10:10:15] --While문 진입--
[2020-11-11 오전 10:10:16] --While문 진입--
[2020-11-11 오전 10:10:17] --While문 진입--
[2020-11-11 오전 10:10:18] --While문 진입--
[2020-11-11 오전 10:10:19] --While문 진입--
[2020-11-11 오전 10:10:20] --While문 진입--
[2020-11-11 오전 10:10:21] --While문 진입--
[2020-11-11 오전 10:10:22] --While문 진입--
[2020-11-11 오전 10:10:23] --While문 진입--
[2020-11-11 오전 10:10:24] --While문 진입--
[2020-11-11 오전 10:10:25] --While문 진입--
[2020-11-11 오전 10:10:26] --While문 진입--
[2020-11-11 오전 10:10:27] --While문 진입--
[2020-11-11 오전 10:10:28] --While문 진입--
[2020-11-11 오전 10:10:29] --While문 진입--
[2020-11-11 오전 10:10:30] --While문 진입--
[2020-11-11 오전 10:10:31] --While문 진입--
[2020-11-11 오전 10:10:32] --While문 진입--
[2020-11-11 오전 10:10:33] --While문 진입--
[2020-11-11 오전 10:10:34] --While문 진입--
[2020-11-11 오전 10:10:35] --While문 진입--
[2020-11-11 오전 10:10:36] --While문 진입--
[2020-11-11 오전 10:10:37] --While문 진입--
[2020-11-11 오전 10:10:38] --While문 진입--
[2020-11-11 오전 10:10:39] --While문 진입--
[2020-11-11 오전 10:10:40] --While문 진입--
[2020-11-11 오전 10:10:41] --While문 진입--
[2020-11-11 오전 10:10:42] --While문 진입--
[2020-11-11 오전 10:10:43] --While문 진입--
[2020-11-11 오전 10:10:44] --While문 진입--
[2020-11-11 오전 10:10:45] --While문 진입--
[2020-11-11 오전 10:10:46] --While문 진입--
[2020-11-11 오전 10:10:47] --While문 진입--
[2020-11-11 오전 10:10:48] --While문 진입--
[2020-11-11 오전 10:10:49] --While문 진입--
[2020-11-11 오전 10:10:50] --While문 진입--
[2020-11-11 오전 10:10:51] --While문 진입--
[2020-11-11 오전 10:10:52] --While문 진입--
[2020-11-11 오전 10:10:53] --While문 진입--
[2020-11-11 오전 10:10:54] --While문 진입--
[2020-11-11 오전 10:10:55] --While문 진입--
[2020-11-11 오전 10:10:56] --While문 진입--
[2020-11-11 오전 10:10:57] --While문 진입--
[2020-11-11 오전 10:10:58] --While문 진입--
[2020-11-11 오전 10:10:59] --While문 진입--
[2020-11-11 오전 10:11:00] --While문 진입--
[2020-11-11 오전 10:11:01] --While문 진입--
[2020-11-11 오전 10:11:02] --While문 진입--
[2020-11-11 오전 10:11:03] --While문 진입--
[2020-11-11 오전 10:11:04] --While문 진입--
[2020-11-11 오전 10:11:05] --While문 진입--
[2020-11-11 오전 10:11:06] --While문 진입--
[2020-11-11 오전 10:11:07] --While문 진입--
[2020-11-11 오전 10:11:08] --While문 진입--
[2020-11-11 오전 10:11:09] --While문 진입--
[2020-11-11 오전 10:11:10] --While문 진입--
[2020-11-11 오전 10:11:11] --While문 진입--
[2020-11-11 오전 10:11:12] --While문 진입--
[2020-11-11 오전 10:11:14] --While문 진입--
[2020-11-11 오전 10:11:15] --While문 진입--
[2020-11-11 오전 10:11:16] --While문 진입--
[2020-11-11 오전 10:11:17] --While문 진입--
[2020-11-11 오전 10:11:18] --While문 진입--
[2020-11-11 오전 10:11:19] --While문 진입--
[2020-11-11 오전 10:11:20] --While문 진입--
[2020-11-11 오전 10:11:21] --While문 진입--
[2020-11-11 오전 10:11:22] --While문 진입--
[2020-11-11 오전 10:11:23] --While문 진입--
[2020-11-11 오전 10:11:24] --While문 진입--
[2020-11-11 오전 10:11:25] --While문 진입--
[2020-11-11 오전 10:11:26] --While문 진입--
[2020-11-11 오전 10:11:27] --While문 진입--
[2020-11-11 오전 10:11:28] --While문 진입--
[2020-11-11 오전 10:11:29] --While문 진입--
[2020-11-11 오전 10:11:30] --While문 진입--
[2020-11-11 오전 10:11:31] --While문 진입--
[2020-11-11 오전 10:11:32] --While문 진입--
[2020-11-11 오전 10:11:33] --While문 진입--
[2020-11-11 오전 10:11:34] --While문 진입--
[2020-11-11 오전 10:11:35] --While문 진입--
[2020-11-11 오전 10:11:36] --While문 진입--
[2020-11-11 오전 10:11:37] --While문 진입--
[2020-11-11 오전 10:11:38] --While문 진입--
[2020-11-11 오전 10:11:39] --While문 진입--
[2020-11-11 오전 10:11:40] --While문 진입--
[2020-11-11 오전 10:11:41] --While문 진입--
[2020-11-11 오전 10:11:42] --While문 진입--
[2020-11-11 오전 10:11:43] --While문 진입--
[2020-11-11 오전 10:11:44] --While문 진입--
[2020-11-11 오전 10:11:45] --While문 진입--
[2020-11-11 오전 10:11:46] --While문 진입--
[2020-11-11 오전 10:11:47] --While문 진입--
[2020-11-11 오전 10:11:48] --While문 진입--
[2020-11-11 오전 10:11:49] --While문 진입--
[2020-11-11 오전 10:11:50] --While문 진입--
[2020-11-11 오전 10:11:51] --While문 진입--
[2020-11-11 오전 10:11:52] --While문 진입--
[2020-11-11 오전 10:11:53] --While문 진입--
[2020-11-11 오전 10:11:54] --While문 진입--
[2020-11-11 오전 10:11:55] --While문 진입--
[2020-11-11 오전 10:11:56] --While문 진입--
[2020-11-11 오전 10:11:57] --While문 진입--
[2020-11-11 오전 10:11:58] --While문 진입--
[2020-11-11 오전 10:11:59] --While문 진입--
[2020-11-11 오전 10:12:00] --While문 진입--
[2020-11-11 오전 10:12:01] --While문 진입--
[2020-11-11 오전 10:12:02] --While문 진입--
[2020-11-11 오전 10:12:03] --While문 진입--
[2020-11-11 오전 10:12:04] --While문 진입--
[2020-11-11 오전 10:12:05] --While문 진입--
[2020-11-11 오전 10:12:06] --While문 진입--
[2020-11-11 오전 10:12:07] --While문 진입--
[2020-11-11 오전 10:12:08] --While문 진입--
[2020-11-11 오전 10:12:09] --While문 진입--
[2020-11-11 오전 10:12:10] --While문 진입--
[2020-11-11 오전 10:12:11] --While문 진입--
[2020-11-11 오전 10:12:12] --While문 진입--
[2020-11-11 오전 10:12:13] --While문 진입--
[2020-11-11 오전 10:12:14] --While문 진입--
[2020-11-11 오전 10:12:15] --While문 진입--
[2020-11-11 오전 10:12:16] --While문 진입--
[2020-11-11 오전 10:12:17] --While문 진입--
[2020-11-11 오전 10:12:18] --While문 진입--
[2020-11-11 오전 10:12:19] --While문 진입--
[2020-11-11 오전 10:12:21] --While문 진입--
[2020-11-11 오전 10:12:22] --While문 진입--
[2020-11-11 오전 10:12:23] --While문 진입--
[2020-11-11 오전 10:12:24] --While문 진입--
[2020-11-11 오전 10:12:25] --While문 진입--
[2020-11-11 오전 10:12:26] --While문 진입--
[2020-11-11 오전 10:12:27] --While문 진입--
[2020-11-11 오전 10:12:28] --While문 진입--
[2020-11-11 오전 10:12:29] --While문 진입--
[2020-11-11 오전 10:12:30] --While문 진입--
[2020-11-11 오전 10:12:31] --While문 진입--
[2020-11-11 오전 10:12:32] --While문 진입--
[2020-11-11 오전 10:12:33] --While문 진입--
[2020-11-11 오전 10:12:34] --While문 진입--
[2020-11-11 오전 10:12:35] --While문 진입--
[2020-11-11 오전 10:12:36] --While문 진입--
[2020-11-11 오전 10:12:37] --While문 진입--
[2020-11-11 오전 10:12:38] --While문 진입--
[2020-11-11 오전 10:12:39] --While문 진입--
[2020-11-11 오전 10:12:40] --While문 진입--
[2020-11-11 오전 10:12:41] --While문 진입--
[2020-11-11 오전 10:12:42] --While문 진입--
[2020-11-11 오전 10:12:43] --While문 진입--
[2020-11-11 오전 10:12:44] --While문 진입--
[2020-11-11 오전 10:12:45] --While문 진입--
[2020-11-11 오전 10:12:46] --While문 진입--
[2020-11-11 오전 10:12:47] --While문 진입--
[2020-11-11 오전 10:12:48] --While문 진입--
[2020-11-11 오전 10:12:49] --While문 진입--
[2020-11-11 오전 10:12:50] --While문 진입--
[2020-11-11 오전 10:12:51] --While문 진입--
[2020-11-11 오전 10:12:52] --While문 진입--
[2020-11-11 오전 10:12:53] --While문 진입--
[2020-11-11 오전 10:12:54] --While문 진입--
[2020-11-11 오전 10:12:55] --While문 진입--
[2020-11-11 오전 10:12:56] --While문 진입--
[2020-11-11 오전 10:12:57] --While문 진입--
[2020-11-11 오전 10:12:58] --While문 진입--
[2020-11-11 오전 10:12:59] --While문 진입--
[2020-11-11 오전 10:13:00] --While문 진입--
[2020-11-11 오전 10:13:01] --While문 진입--
[2020-11-11 오전 10:13:02] --While문 진입--
[2020-11-11 오전 10:13:03] --While문 진입--
[2020-11-11 오전 10:13:04] --While문 진입--
[2020-11-11 오전 10:13:05] --While문 진입--
[2020-11-11 오전 10:13:06] --While문 진입--
[2020-11-11 오전 10:13:07] --While문 진입--
[2020-11-11 오전 10:13:08] --While문 진입--
[2020-11-11 오전 10:13:09] --While문 진입--
[2020-11-11 오전 10:13:10] --While문 진입--
[2020-11-11 오전 10:13:11] --While문 진입--
[2020-11-11 오전 10:13:12] --While문 진입--
[2020-11-11 오전 10:13:13] --While문 진입--
[2020-11-11 오전 10:13:14] --While문 진입--
[2020-11-11 오전 10:13:15] --While문 진입--
[2020-11-11 오전 10:13:16] --While문 진입--
[2020-11-11 오전 10:13:17] --While문 진입--
[2020-11-11 오전 10:13:18] --While문 진입--
[2020-11-11 오전 10:13:19] --While문 진입--
[2020-11-11 오전 10:13:20] --While문 진입--
[2020-11-11 오전 10:13:21] --While문 진입--
[2020-11-11 오전 10:13:22] --While문 진입--
[2020-11-11 오전 10:13:23] --While문 진입--
[2020-11-11 오전 10:13:24] --While문 진입--
[2020-11-11 오전 10:13:25] --While문 진입--
[2020-11-11 오전 10:13:26] --While문 진입--
[2020-11-11 오전 10:13:27] --While문 진입--
[2020-11-11 오전 10:13:28] --While문 진입--
[2020-11-11 오전 10:13:30] --While문 진입--
[2020-11-11 오전 10:13:31] --While문 진입--
[2020-11-11 오전 10:13:32] --While문 진입--
[2020-11-11 오전 10:13:33] --While문 진입--
[2020-11-11 오전 10:13:34] --While문 진입--
[2020-11-11 오전 10:13:35] --While문 진입--
[2020-11-11 오전 10:13:36] --While문 진입--
[2020-11-11 오전 10:13:37] --While문 진입--
[2020-11-11 오전 10:13:38] --While문 진입--
[2020-11-11 오전 10:13:39] --While문 진입--
[2020-11-11 오전 10:13:40] --While문 진입--
[2020-11-11 오전 10:13:41] --While문 진입--
[2020-11-11 오전 10:13:42] --While문 진입--
[2020-11-11 오전 10:13:43] --While문 진입--
[2020-11-11 오전 10:13:44] --While문 진입--
[2020-11-11 오전 10:13:45] --While문 진입--
[2020-11-11 오전 10:13:46] --While문 진입--
[2020-11-11 오전 10:13:47] --While문 진입--
[2020-11-11 오전 10:13:48] --While문 진입--
[2020-11-11 오전 10:13:49] --While문 진입--
[2020-11-11 오전 10:13:50] --While문 진입--
[2020-11-11 오전 10:13:51] --While문 진입--
[2020-11-11 오전 10:13:52] --While문 진입--
[2020-11-11 오전 10:13:53] --While문 진입--
[2020-11-11 오전 10:13:54] --While문 진입--
[2020-11-11 오전 10:13:55] --While문 진입--
[2020-11-11 오전 10:13:56] --While문 진입--
[2020-11-11 오전 10:13:57] --While문 진입--
[2020-11-11 오전 10:13:58] --While문 진입--
[2020-11-11 오전 10:13:59] --While문 진입--
[2020-11-11 오전 10:14:00] --While문 진입--
[2020-11-11 오전 10:14:01] --While문 진입--
[2020-11-11 오전 10:14:02] --While문 진입--
[2020-11-11 오전 10:14:03] --While문 진입--
[2020-11-11 오전 10:14:04] --While문 진입--
[2020-11-11 오전 10:14:05] --While문 진입--
[2020-11-11 오전 10:14:06] --While문 진입--
[2020-11-11 오전 10:14:07] --While문 진입--
[2020-11-11 오전 10:14:08] --While문 진입--
[2020-11-11 오전 10:14:09] --While문 진입--
[2020-11-11 오전 10:14:10] --While문 진입--
[2020-11-11 오전 10:14:11] --While문 진입--
[2020-11-11 오전 10:14:12] --While문 진입--
[2020-11-11 오전 10:14:13] --While문 진입--
[2020-11-11 오전 10:14:14] --While문 진입--
[2020-11-11 오전 10:14:15] --While문 진입--
[2020-11-11 오전 10:14:16] --While문 진입--
[2020-11-11 오전 10:14:17] --While문 진입--
[2020-11-11 오전 10:14:18] --While문 진입--
[2020-11-11 오전 10:14:19] --While문 진입--
[2020-11-11 오전 10:14:20] --While문 진입--
[2020-11-11 오전 10:14:21] --While문 진입--
[2020-11-11 오전 10:14:22] --While문 진입--
[2020-11-11 오전 10:14:23] --While문 진입--
[2020-11-11 오전 10:14:24] --While문 진입--
[2020-11-11 오전 10:14:25] --While문 진입--
[2020-11-11 오전 10:14:26] --While문 진입--
[2020-11-11 오전 10:14:27] --While문 진입--
[2020-11-11 오전 10:14:28] --While문 진입--
[2020-11-11 오전 10:14:29] --While문 진입--
[2020-11-11 오전 10:14:30] --While문 진입--
[2020-11-11 오전 10:14:31] --While문 진입--
[2020-11-11 오전 10:14:32] --While문 진입--
[2020-11-11 오전 10:14:33] --While문 진입--
[2020-11-11 오전 10:14:34] --While문 진입--
[2020-11-11 오전 10:14:35] --While문 진입--
[2020-11-11 오전 10:14:36] --While문 진입--
[2020-11-11 오전 10:14:38] --While문 진입--
[2020-11-11 오전 10:14:39] --While문 진입--
[2020-11-11 오전 10:14:40] --While문 진입--
[2020-11-11 오전 10:14:41] --While문 진입--
[2020-11-11 오전 10:14:42] --While문 진입--
[2020-11-11 오전 10:14:43] --While문 진입--
[2020-11-11 오전 10:14:44] --While문 진입--
[2020-11-11 오전 10:14:45] --While문 진입--
[2020-11-11 오전 10:14:46] --While문 진입--
[2020-11-11 오전 10:14:47] --While문 진입--
[2020-11-11 오전 10:14:48] --While문 진입--
[2020-11-11 오전 10:14:49] --While문 진입--
[2020-11-11 오전 10:14:50] --While문 진입--
[2020-11-11 오전 10:14:51] --While문 진입--
[2020-11-11 오전 10:14:52] --While문 진입--
[2020-11-11 오전 10:14:53] --While문 진입--
[2020-11-11 오전 10:14:54] --While문 진입--
[2020-11-11 오전 10:14:55] --While문 진입--
[2020-11-11 오전 10:14:59] --While문 진입--
[2020-11-11 오전 10:15:02] --While문 진입--
[2020-11-11 오전 10:16:02] --While문 빠져나옴--
[2020-11-11 오전 10:16:02] ----Open Icon Click2----
[2020-11-11 오전 10:16:15] Program Load
[2020-11-11 오전 10:16:15] Job List Display Completed!
[2020-11-11 오전 10:16:18] ----시작----
[2020-11-11 오전 10:16:22] System.Diagnostics.Process (KY-3030)
[2020-11-11 오전 10:16:29] --Job File Loading Start--AFEM-8086-A
[2020-11-11 오전 10:17:14] --Quantity창 클릭1--
[2020-11-11 오전 10:17:17] --첫번째 크래시 체크 완료--
[2020-11-11 오전 10:17:18] --quantity창 종료버튼 클릭--
[2020-11-11 오전 10:17:28] --10초대기 완료--
[2020-11-11 오전 10:18:28] --While문 빠져나옴--
[2020-11-11 오전 10:18:28] ----Open Icon Click2----
[2020-11-11 오전 10:18:29] AFEM-8086-A_Job Loading Succcess
[2020-11-11 오전 10:18:32] ----시작----
[2020-11-11 오전 10:19:33] System.Diagnostics.Process (KY-3030)
[2020-11-11 오전 10:19:40] --Job File Loading Start--BG_107_R_140
[2020-11-11 오전 10:23:10] Save Error Image Completed!
[2020-11-11 오전 10:23:14] Save Error Image Completed!
[2020-11-11 오전 10:23:19] Save Error Image Completed!
[2020-11-11 오전 10:23:21] --Quantity창 클릭1--
[2020-11-11 오전 10:23:24] --첫번째 크래시 체크 완료--
[2020-11-11 오전 10:23:25] --quantity창 종료버튼 클릭--
[2020-11-11 오전 10:23:35] --10초대기 완료--
[2020-11-11 오전 10:23:47] 1
[2020-11-11 오전 10:23:48] 2
[2020-11-11 오전 10:23:49] 3
[2020-11-11 오전 10:23:49] 4
[2020-11-11 오전 10:23:49] 5
[2020-11-11 오전 10:23:50] 6
[2020-11-11 오전 10:23:51] 7
[2020-11-11 오전 10:24:11] --While문 빠져나옴--
[2020-11-11 오전 10:24:11] System.Exception: Crash
   at Automation_JobLoading.MainForm.SPIGUI_JobLoading(StreamWriter sw)
[2020-11-11 오전 10:24:11] BG_107_R_140_Job Loading Fail
[2020-11-11 오전 10:24:11] Save Error Image Completed!
[2020-11-11 오전 10:24:28] System.Diagnostics.Process (KY-3030)
[2020-11-11 오전 10:24:28] ----Exception 끝----
[2020-11-11 오전 10:24:28] ----시작----
[2020-11-11 오전 10:24:30] ----SPIGUI ON----
[2020-11-11 오전 10:24:57] Latest Open Job창 Closed
[2020-11-11 오전 10:25:04] User Login 완료
[2020-11-11 오전 10:25:11] --Job File Loading Start--BG_107_R_140_original
[2020-11-11 오전 10:26:54] Save Error Image Completed!
[2020-11-11 오전 10:26:59] Save Error Image Completed!
[2020-11-11 오전 10:27:03] Save Error Image Completed!
[2020-11-11 오전 10:27:05] --Quantity창 클릭1--
[2020-11-11 오전 10:27:08] --첫번째 크래시 체크 완료--
[2020-11-11 오전 10:27:09] --quantity창 종료버튼 클릭--
[2020-11-11 오전 10:29:14] Save Error Image Completed!
[2020-11-11 오전 10:29:18] Save Error Image Completed!
[2020-11-11 오전 10:29:23] Save Error Image Completed!
[2020-11-11 오전 10:29:38] --10초대기 완료--
[2020-11-11 오전 10:29:45] --While문 진입--
[2020-11-11 오전 10:29:48] --While문 진입--
[2020-11-11 오전 10:30:48] --While문 빠져나옴--
[2020-11-11 오전 10:30:48] ----Open Icon Click2----
[2020-11-11 오전 10:30:49] BG_107_R_140_original_Job Loading Succcess
[2020-11-11 오전 10:30:52] ----시작----
[2020-11-11 오전 10:45:03] System.Diagnostics.Process (KY-3030)
[2020-11-11 오전 10:45:09] --Job File Loading Start--BSM-J260F$8DS_BM_QE1808OFA014-018_REV0.5
[2020-11-11 오전 11:18:34] Program Load
[2020-11-11 오전 11:18:34] Job List Display Completed!
[2020-11-11 오전 11:18:38] ----시작----
[2020-11-11 오전 11:18:45] --Job File Loading Start--AFEM-8086-A
[2020-11-11 오전 11:19:34] --Quantity창 클릭1--
[2020-11-11 오전 11:19:37] --첫번째 크래시 체크 완료--
[2020-11-11 오전 11:19:38] --quantity창 종료버튼 클릭--
[2020-11-11 오전 11:19:48] --10초대기 완료--
[2020-11-11 오전 11:20:48] --While문 빠져나옴--
[2020-11-11 오전 11:20:48] ----Open Icon Click2----
[2020-11-11 오전 11:20:49] AFEM-8086-A_Job Loading Succcess
[2020-11-11 오전 11:20:52] ----시작----
[2020-11-11 오전 11:20:59] --Job File Loading Start--BG_107_R_140
[2020-11-11 오전 11:26:05] Save Error Image Completed!
[2020-11-11 오전 11:26:10] Save Error Image Completed!
[2020-11-11 오전 11:26:14] Save Error Image Completed!
[2020-11-11 오전 11:26:17] --Quantity창 클릭1--
[2020-11-11 오전 11:26:20] --첫번째 크래시 체크 완료--
[2020-11-11 오전 11:26:20] --quantity창 종료버튼 클릭--
[2020-11-11 오전 11:26:30] --10초대기 완료--
[2020-11-11 오전 11:27:06] --While문 빠져나옴--
[2020-11-11 오전 11:27:06] System.Exception: Crash BG_107_R_140
   at Automation_JobLoading.MainForm.SPIGUI_JobLoading(StreamWriter sw)
[2020-11-11 오전 11:27:06] BG_107_R_140_Job Loading Fail
[2020-11-11 오전 11:27:11] ----Exception 끝----
[2020-11-11 오전 11:27:11] ----시작----
[2020-11-11 오전 11:27:11] ----SPIGUI ON----
[2020-11-11 오전 11:27:11] Save Error Image Completed!
[2020-11-11 오전 11:27:21] Save Error Image Completed!
[2020-11-11 오전 11:28:18] Ranorex.ElementNotFoundException: Failed to find item 'JobLoading_Repository.SPIGUI.LatestOpenJob.ButtonNo'. ---> Ranorex.ElementNotFoundException: No element found for path '/form[@title~'Open Job.*']/?/?/container[@instance='2']' within 1m.
   --- End of inner exception stack trace ---
   at Ranorex.Core.Repository.RepoItemInfo.FindInternal[T](Boolean findSingle, Boolean throwException, Duration effectiveTimeoutOverride)
   at Ranorex.Core.Repository.RepoItemInfo.<>c__DisplayClass75_0`1.<Find>b__0()
   at Ranorex.Core.Testing.Services.NoMaintenanceModeService.HandleElementNotFound[T](Func`1 action, RepoItemInfo entry)
   at Ranorex.Core.Repository.RepoItemInfo.Find[T](Boolean findSingle, Boolean throwException, Duration effectiveTimeoutOverride)
   at Automation_JobLoading.JobLoading_RepositoryFolders.LatestOpenJobAppFolder.get_ButtonNo()
   at Automation_JobLoading.Class.Common.SPIGUION()
[2020-11-11 오전 11:29:21] ----Open Icon Click1----
[2020-11-11 오전 11:30:21] Ranorex.ElementNotFoundException: Failed to find item 'JobLoading_Repository.SPIGUI.SPIGUI.OpenIcon'. ---> Ranorex.ElementNotFoundException: No element found for path '/form[@title~'^Solder\ Paste\ 3D\ Inspectio']/container[2]/container/picture[2]' within 1m.
   --- End of inner exception stack trace ---
   at Ranorex.Core.Repository.RepoItemInfo.FindInternal[T](Boolean findSingle, Boolean throwException, Duration effectiveTimeoutOverride)
   at Ranorex.Core.Repository.RepoItemInfo.<>c__DisplayClass75_0`1.<Find>b__0()
   at Ranorex.Core.Testing.Services.NoMaintenanceModeService.HandleElementNotFound[T](Func`1 action, RepoItemInfo entry)
   at Ranorex.Core.Repository.RepoItemInfo.Find[T](Boolean findSingle, Boolean throwException, Duration effectiveTimeoutOverride)
   at Automation_JobLoading.JobLoading_RepositoryFolders.SPIGUIAppFolder.get_OpenIcon()
   at Automation_JobLoading.MainForm.SPIGUI_JobLoading(StreamWriter sw)
[2020-11-11 오전 11:30:21] BG_107_R_140_original_Job Loading Fail
[2020-11-11 오전 11:30:21] ----Exception 끝----
[2020-11-11 오전 11:30:21] ----시작----
[2020-11-11 오전 11:30:21] ----SPIGUI ON----
[2020-11-11 오전 11:30:51] Latest Open Job창 Closed
[2020-11-11 오전 11:30:58] User Login 완료
[2020-11-11 오전 11:31:05] --Job File Loading Start--BSM-J260F$8DS_BM_QE1808OFA014-018_REV0.5
[2020-11-11 오전 11:31:20] Save Error Image Completed!
[2020-11-11 오전 11:31:20] --Quantity창 클릭1--
[2020-11-11 오전 11:31:23] System.Exception: Crash
   at Automation_JobLoading.MainForm.SPIGUI_JobLoading(StreamWriter sw)
[2020-11-11 오전 11:31:23] BSM-J260F$8DS_BM_QE1808OFA014-018_REV0.5_Job Loading Fail
[2020-11-11 오전 11:31:33] ----Exception 끝----
[2020-11-11 오전 11:31:33] ----시작----
[2020-11-11 오전 11:31:33] ----SPIGUI ON----
[2020-11-11 오전 11:32:03] Latest Open Job창 Closed
[2020-11-11 오전 11:32:11] User Login 완료
[2020-11-11 오전 11:32:17] --Job File Loading Start--BSM-J260F$8DS_TM_QE1808OFA077-081_REV0.5
[2020-11-11 오전 11:32:33] Save Error Image Completed!
[2020-11-11 오전 11:32:34] --Quantity창 클릭1--
[2020-11-11 오전 11:32:37] --첫번째 크래시 체크 완료--
[2020-11-11 오전 11:32:37] --quantity창 종료버튼 클릭--
[2020-11-11 오전 11:33:00] --10초대기 완료--
[2020-11-11 오전 11:34:00] --While문 빠져나옴--
[2020-11-11 오전 11:34:00] ----Open Icon Click2----
[2020-11-11 오전 11:34:01] BSM-J260F$8DS_TM_QE1808OFA077-081_REV0.5_Job Loading Succcess
[2020-11-11 오후 1:01:41] Program Load
[2020-11-11 오후 1:01:41] Job List Display Completed!
[2020-11-11 오후 1:01:47] ----시작----
[2020-11-11 오후 1:01:54] --Job File Loading Start--AFEM-8086-A
[2020-11-11 오후 1:02:46] Save Error Image Completed!
[2020-11-11 오후 1:02:46] --Quantity창 클릭1--
[2020-11-11 오후 1:02:49] --첫번째 크래시 체크 완료--
[2020-11-11 오후 1:02:50] --quantity창 종료버튼 클릭--
[2020-11-11 오후 1:03:00] --10초대기 완료--
[2020-11-11 오후 1:03:03] --While문 진입--
[2020-11-11 오후 1:03:10] --While문 진입--
[2020-11-11 오후 1:03:13] --While문 진입--
[2020-11-11 오후 1:03:17] --While문 진입--
[2020-11-11 오후 1:03:34] --While문 진입--
[2020-11-11 오후 1:03:42] --While문 진입--
[2020-11-11 오후 1:03:43] --While문 진입--
[2020-11-11 오후 1:03:44] --While문 진입--
[2020-11-11 오후 1:03:45] --While문 진입--
[2020-11-11 오후 1:03:46] --While문 진입--
[2020-11-11 오후 1:03:47] --While문 진입--
[2020-11-11 오후 1:03:48] --While문 진입--
[2020-11-11 오후 1:03:50] --While문 진입--
[2020-11-11 오후 1:03:51] --While문 진입--
[2020-11-11 오후 1:03:52] --While문 진입--
[2020-11-11 오후 1:03:53] --While문 진입--
[2020-11-11 오후 1:03:54] --While문 진입--
[2020-11-11 오후 1:03:55] --While문 진입--
[2020-11-11 오후 1:03:56] --While문 진입--
[2020-11-11 오후 1:03:57] --While문 진입--
[2020-11-11 오후 1:03:58] --While문 진입--
[2020-11-11 오후 1:03:59] --While문 진입--
[2020-11-11 오후 1:04:00] --While문 진입--
[2020-11-11 오후 1:04:01] --While문 진입--
[2020-11-11 오후 1:04:02] --While문 진입--
[2020-11-11 오후 1:04:03] --While문 진입--
[2020-11-11 오후 1:04:04] --While문 진입--
[2020-11-11 오후 1:04:05] --While문 진입--
[2020-11-11 오후 1:04:06] --While문 진입--
[2020-11-11 오후 1:04:07] --While문 진입--
[2020-11-11 오후 1:04:08] --While문 진입--
[2020-11-11 오후 1:04:09] --While문 진입--
[2020-11-11 오후 1:04:10] --While문 진입--
[2020-11-11 오후 1:04:11] --While문 진입--
[2020-11-11 오후 1:04:12] --While문 진입--
[2020-11-11 오후 1:04:13] --While문 진입--
[2020-11-11 오후 1:04:14] --While문 진입--
[2020-11-11 오후 1:04:15] --While문 진입--
[2020-11-11 오후 1:04:16] --While문 진입--
[2020-11-11 오후 1:04:17] --While문 진입--
[2020-11-11 오후 1:04:18] --While문 진입--
[2020-11-11 오후 1:04:19] --While문 진입--
[2020-11-11 오후 1:04:20] --While문 진입--
[2020-11-11 오후 1:04:21] --While문 진입--
[2020-11-11 오후 1:04:22] --While문 진입--
[2020-11-11 오후 1:04:23] --While문 진입--
[2020-11-11 오후 1:04:24] --While문 진입--
[2020-11-11 오후 1:04:25] --While문 진입--
[2020-11-11 오후 1:04:26] --While문 진입--
[2020-11-11 오후 1:04:27] --While문 진입--
[2020-11-11 오후 1:04:28] --While문 진입--
[2020-11-11 오후 1:04:29] --While문 진입--
[2020-11-11 오후 1:04:30] --While문 진입--
[2020-11-11 오후 1:04:31] --While문 진입--
[2020-11-11 오후 1:04:32] --While문 진입--
[2020-11-11 오후 1:04:35] --While문 진입--
[2020-11-11 오후 1:04:39] --While문 진입--
[2020-11-11 오후 1:05:44] Program Load
[2020-11-11 오후 1:05:44] Job List Display Completed!
[2020-11-11 오후 1:05:48] ----시작----
[2020-11-11 오후 1:05:55] --Job File Loading Start--AFEM-8086-A
[2020-11-11 오후 1:06:39] --Quantity창 클릭1--
[2020-11-11 오후 1:06:42] --첫번째 크래시 체크 완료--
[2020-11-11 오후 1:06:43] --quantity창 종료버튼 클릭--
[2020-11-11 오후 1:06:53] --10초대기 완료--
[2020-11-11 오후 1:07:53] --While문 빠져나옴--
[2020-11-11 오후 1:07:53] ----Open Icon Click2----
[2020-11-11 오후 1:07:54] AFEM-8086-A_Job Loading Succcess
[2020-11-11 오후 1:07:57] ----시작----
[2020-11-11 오후 1:08:04] --Job File Loading Start--BG_107_R_140
[2020-11-11 오후 1:11:34] Save Error Image Completed!
[2020-11-11 오후 1:11:38] Save Error Image Completed!
[2020-11-11 오후 1:11:43] Save Error Image Completed!
[2020-11-11 오후 1:11:45] --Quantity창 클릭1--
[2020-11-11 오후 1:11:48] --첫번째 크래시 체크 완료--
[2020-11-11 오후 1:11:49] --quantity창 종료버튼 클릭--
[2020-11-11 오후 1:11:59] --10초대기 완료--
[2020-11-11 오후 1:12:32] --While문 빠져나옴--
[2020-11-11 오후 1:12:32] System.Exception: Crash BG_107_R_140
   at Automation_JobLoading.MainForm.SPIGUI_JobLoading(StreamWriter sw)
[2020-11-11 오후 1:12:32] BG_107_R_140_Job Loading Fail
[2020-11-11 오후 1:12:37] ----Exception 끝----
[2020-11-11 오후 1:12:37] ----시작----
[2020-11-11 오후 1:12:37] ----SPIGUI ON----
[2020-11-11 오후 1:12:38] Save Error Image Completed!
[2020-11-11 오후 1:13:06] Latest Open Job창 Closed
[2020-11-11 오후 1:13:13] User Login 완료
[2020-11-11 오후 1:13:19] --Job File Loading Start--BG_107_R_140_original
[2020-11-11 오후 5:05:43] ---Automation Program Load---
[2020-11-11 오후 5:05:43] Job List Display Completed!
[2020-11-11 오후 5:05:58] ---SPI Job Loading Automation Run Start!!!!!---
[2020-11-11 오후 5:05:58] ---SPI Job Convert Start!!!!!---
[2020-11-11 오후 5:07:18] ---S:\Test\AFEM-8086-A.mdb_Job Load in C-Editor Completed!---
[2020-11-11 오후 5:09:35] ---S:\Test\BG_107_R_140.mdb_Job Load in C-Editor Completed!---
[2020-11-11 오후 5:12:37] ---S:\Test\BSM-J260F$8DS_BM_QE1808OFA014-018_REV0.5.mdb_Job Load in C-Editor Completed!---
[2020-11-11 오후 5:13:52] ---S:\Test\BSM-J260F$8DS_TM_QE1808OFA077-081_REV0.5.mdb_Job Load in C-Editor Completed!---
[2020-11-11 오후 5:15:08] ---S:\Test\D241_RS.mdb_Job Load in C-Editor Completed!---
[2020-11-11 오후 5:15:08] ----SPI GUI Job Loading Start!!!----
[2020-11-11 오후 5:15:08] ----SPIGUI ON----
[2020-11-11 오후 5:15:44] ---User Login Completed---
[2020-11-11 오후 5:15:51] --Job File Loading Start-- AFEM-8086-A
[2020-11-11 오후 5:16:45] Save Vision Error Image Completed!
[2020-11-11 오후 5:18:57] ---AFEM-8086-A_Job Loading Succcess!!!---
[2020-11-11 오후 5:19:00] ----SPI GUI Job Loading Start!!!----
[2020-11-11 오후 5:19:06] --Job File Loading Start-- BG_107_R_140
[2020-11-11 오후 5:22:39] Save Vision Error Image Completed!
[2020-11-11 오후 5:22:44] Save Vision Error Image Completed!
[2020-11-11 오후 5:22:48] Save Vision Error Image Completed!
[2020-11-11 오후 5:23:40] --crash true--
[2020-11-11 오후 5:23:40] System.Exception: Crash BG_107_R_140
   at Automation_JobLoading.MainForm.SPIGUI_JobLoading(StreamWriter sw)
[2020-11-11 오후 5:23:40] ---BG_107_R_140_Job Loading Fail---
[2020-11-11 오후 5:23:45] ----Exception 끝----
[2020-11-11 오후 5:23:45] ----SPI GUI Job Loading Start!!!----
[2020-11-11 오후 5:23:45] ----SPIGUI ON----
[2020-11-11 오후 5:23:50] Save Error(Crash) Image Completed!
[2020-11-11 오후 5:24:19] ---User Login Completed---
[2020-11-11 오후 5:24:26] --Job File Loading Start-- BSM-J260F$8DS_BM_QE1808OFA014-018_REV0.5
[2020-11-11 오후 5:24:40] Save Vision Error Image Completed!
[2020-11-11 오후 5:26:06] ---BSM-J260F$8DS_BM_QE1808OFA014-018_REV0.5_Job Loading Succcess!!!---
[2020-11-11 오후 5:26:09] ----SPI GUI Job Loading Start!!!----
[2020-11-11 오후 5:26:15] --Job File Loading Start-- BSM-J260F$8DS_TM_QE1808OFA077-081_REV0.5
[2020-11-11 오후 5:27:34] ---BSM-J260F$8DS_TM_QE1808OFA077-081_REV0.5_Job Loading Succcess!!!---
[2020-11-11 오후 5:27:37] ----SPI GUI Job Loading Start!!!----
[2020-11-11 오후 5:27:43] --Job File Loading Start-- D241_RS
[2020-11-11 오후 5:29:02] ---D241_RS_Job Loading Succcess!!!---
[2020-11-11 오후 5:52:23] ---Automation Program Load---
[2020-11-11 오후 5:52:23] Job List Display Completed!
[2020-11-11 오후 5:52:35] ---SPI Job Loading Automation Run Start!!!!!---
[2020-11-11 오후 5:52:35] ---SPI Job Convert Start!!!!!---
[2020-11-11 오후 5:53:55] ---S:\Test\AFEM-8086-A.mdb_Job Load in C-Editor Completed!---
[2020-11-11 오후 5:56:10] ---S:\Test\BG_107_R_140.mdb_Job Load in C-Editor Completed!---
[2020-11-11 오후 5:59:11] ---S:\Test\BSM-J260F$8DS_BM_QE1808OFA014-018_REV0.5.mdb_Job Load in C-Editor Completed!---
[2020-11-11 오후 5:59:21] ---S:\Test\BSM-J260F$8DS_BM_QE1808OFA014-018_REV0.5.mdb_ Job Convert Success!---
[2020-11-11 오후 6:00:37] ---S:\Test\BSM-J260F$8DS_TM_QE1808OFA077-081_REV0.5.mdb_Job Load in C-Editor Completed!---
[2020-11-11 오후 6:03:45] ---S:\Test\BSM-J260F$8DS_TM_QE1808OFA077-081_REV0.5.mdb_ Job Convert Success!---
[2020-11-11 오후 6:05:00] ---S:\Test\D241_RS.mdb_Job Load in C-Editor Completed!---
[2020-11-11 오후 6:05:00] ----SPI GUI Job Loading Start!!!----
[2020-11-11 오후 6:05:00] ----SPIGUI ON----
[2020-11-11 오후 6:05:36] ---User Login Completed---
[2020-11-11 오후 6:05:43] --Job File Loading Start-- AFEM-8086-A
[2020-11-11 오후 6:06:35] Save Vision Error Image Completed!
[2020-11-11 오후 6:08:45] ---AFEM-8086-A_Job Loading Succcess!!!---
[2020-11-11 오후 6:08:48] ----SPI GUI Job Loading Start!!!----
[2020-11-11 오후 6:08:55] --Job File Loading Start-- BG_107_R_140
[2020-11-11 오후 6:12:24] Save Vision Error Image Completed!
[2020-11-11 오후 6:12:29] Save Vision Error Image Completed!
[2020-11-11 오후 6:12:33] Save Vision Error Image Completed!
[2020-11-11 오후 6:13:25] --crash true--
[2020-11-11 오후 6:13:25] System.Exception: Crash BG_107_R_140
   at Automation_JobLoading.MainForm.SPIGUI_JobLoading(StreamWriter sw)
[2020-11-11 오후 6:13:25] ---BG_107_R_140_Job Loading Fail---
[2020-11-11 오후 6:13:30] ----Exception 끝----
[2020-11-11 오후 6:13:30] ----SPI GUI Job Loading Start!!!----
[2020-11-11 오후 6:13:30] ----SPIGUI ON----
[2020-11-11 오후 6:13:36] Save Error(Crash) Image Completed!
[2020-11-11 오후 6:14:05] ---User Login Completed---
[2020-11-11 오후 6:14:12] --Job File Loading Start-- BSM-J260F$8DS_BM_QE1808OFA014-018_REV0.5
[2020-11-11 오후 6:14:26] Save Vision Error Image Completed!
[2020-11-11 오후 6:15:52] ---BSM-J260F$8DS_BM_QE1808OFA014-018_REV0.5_Job Loading Succcess!!!---
[2020-11-11 오후 6:15:55] ----SPI GUI Job Loading Start!!!----
[2020-11-11 오후 6:16:01] --Job File Loading Start-- BSM-J260F$8DS_TM_QE1808OFA077-081_REV0.5
[2020-11-11 오후 6:17:20] ---BSM-J260F$8DS_TM_QE1808OFA077-081_REV0.5_Job Loading Succcess!!!---
[2020-11-11 오후 6:17:23] ----SPI GUI Job Loading Start!!!----
[2020-11-11 오후 6:17:29] --Job File Loading Start-- D241_RS
[2020-11-11 오후 6:18:48] ---D241_RS_Job Loading Succcess!!!---
[2020-11-11 오후 6:24:21] Ranorex.ElementNotFoundException: Failed to find item 'JobLoading_Repository.SPIGUI.VisionErrorPopup.ButtonOK'. ---> Ranorex.ElementNotFoundException: No element found for path '?/?/container[@instance='1']' within 30s.
   --- End of inner exception stack trace ---
   at Ranorex.Core.Repository.RepoItemInfo.FindInternal[T](Boolean findSingle, Boolean throwException, Duration effectiveTimeoutOverride)
   at Ranorex.Core.Repository.RepoItemInfo.<>c__DisplayClass75_0`1.<Find>b__0()
   at Ranorex.Core.Testing.Services.NoMaintenanceModeService.HandleElementNotFound[T](Func`1 action, RepoItemInfo entry)
   at Ranorex.Core.Repository.RepoItemInfo.Find[T](Boolean findSingle, Boolean throwException, Duration effectiveTimeoutOverride)
   at Automation_JobLoading.JobLoading_RepositoryFolders.VisionErrorPopupAppFolder.get_ButtonOK()
   at Automation_JobLoading.Module.VisionErrorWatch.Init(RxPath myPath)
[2020-11-11 오후 6:24:21] Save Vision Error Image Completed!
