[2020-11-16 오전 9:25:40] ---Automation Program Load---
[2020-11-16 오전 9:25:40] Job List Display Completed!
[2020-11-16 오전 9:25:50] ---SPI Job Loading Automation Run Start!!!!!---
[2020-11-16 오전 9:25:50] ---SPI Job Convert Start!!!!!---
[2020-11-16 오전 9:27:09] ---S:\Test\AFEM-8086-A.mdb_Job Load in C-Editor Completed!---
[2020-11-16 오전 9:29:23] ---S:\Test\BG_107_R_140.mdb_Job Load in C-Editor Completed!---
[2020-11-16 오전 9:32:24] ---S:\Test\BSM-J260F$8DS_BM_QE1808OFA014-018_REV0.5.mdb_Job Load in C-Editor Completed!---
[2020-11-16 오전 9:33:40] ---S:\Test\BSM-J260F$8DS_TM_QE1808OFA077-081_REV0.5.mdb_Job Load in C-Editor Completed!---
[2020-11-16 오전 9:34:55] ---S:\Test\D241_RS.mdb_Job Load in C-Editor Completed!---
[2020-11-16 오전 9:36:57] ---S:\Test\D241_RS.mdb_ Job Convert Success!---
[2020-11-16 오전 9:36:57] ----SPI GUI Job Loading Start!!!----
[2020-11-16 오전 9:36:57] ----SPIGUI ON----
[2020-11-16 오전 11:13:32] ---Automation Program Load---
[2020-11-16 오전 11:13:32] Job List Display Completed!
[2020-11-16 오전 11:13:37] ---SPI Job Loading Automation Run Start!!!!!---
[2020-11-16 오전 11:13:37] ---SPI Job Convert Start!!!!!---
[2020-11-16 오전 11:14:53] ---S:\Test\AFEM-8086-A.mdb_Job Load in C-Editor Completed!---
[2020-11-16 오전 11:17:11] ---S:\Test\BG_107_R_140.mdb_Job Load in C-Editor Completed!---
[2020-11-16 오전 11:20:16] ---S:\Test\BSM-J260F$8DS_BM_QE1808OFA014-018_REV0.5.mdb_Job Load in C-Editor Completed!---
[2020-11-16 오전 11:20:23] ---S:\Test\BSM-J260F$8DS_BM_QE1808OFA014-018_REV0.5.mdb_ Job Convert Success!---
[2020-11-16 오전 11:21:40] ---S:\Test\BSM-J260F$8DS_TM_QE1808OFA077-081_REV0.5.mdb_Job Load in C-Editor Completed!---
[2020-11-16 오전 11:22:15] ---S:\Test\BSM-J260F$8DS_TM_QE1808OFA077-081_REV0.5.mdb_ Job Convert Success!---
[2020-11-16 오전 11:23:32] ---S:\Test\D241_RS.mdb_Job Load in C-Editor Completed!---
[2020-11-16 오전 11:23:32] ----SPI GUI Job Loading Start!!!----
