[2020-11-06 오후 4:03:59] Program Load
[2020-11-06 오후 4:03:59] Job List Display Completed!
[2020-11-06 오후 4:04:41] Latest Open Job창 Closed
[2020-11-06 오후 4:04:48] User Login 완료
[2020-11-06 오후 4:04:55] --Job File Loading Start--
[2020-11-06 오후 4:06:42] Save Error Image Completed!
[2020-11-06 오후 4:06:43] 0859586GBA_2_Job Loading Succcess
[2020-11-06 오후 4:06:44] quantity창 종료버튼 클릭
[2020-11-06 오후 4:09:59] --Job File Loading Start--
[2020-11-06 오후 4:13:53] 5_Job Loading Succcess
[2020-11-06 오후 4:13:53] quantity창 종료버튼 클릭
[2020-11-06 오후 4:15:13] --Job File Loading Start--
[2020-11-06 오후 4:17:02] 3332A10012_R2_Job Loading Succcess
[2020-11-06 오후 4:17:03] quantity창 종료버튼 클릭
[2020-11-06 오후 4:18:21] --Job File Loading Start--
[2020-11-06 오후 4:18:38] 3332A10048_R2_Job Loading Succcess
[2020-11-06 오후 4:18:38] quantity창 종료버튼 클릭
[2020-11-06 오후 4:19:56] --Job File Loading Start--
[2020-11-06 오후 4:20:15] 3332A10121_R2_Job Loading Succcess
[2020-11-06 오후 4:20:16] quantity창 종료버튼 클릭
[2020-11-06 오후 4:21:34] --Job File Loading Start--
[2020-11-06 오후 4:21:51] 3332AJ0030_R2_Job Loading Succcess
[2020-11-06 오후 4:21:51] quantity창 종료버튼 클릭
[2020-11-06 오후 4:23:09] --Job File Loading Start--
[2020-11-06 오후 4:23:34] 3332AJ0031_R2_Job Loading Succcess
[2020-11-06 오후 4:23:34] quantity창 종료버튼 클릭
[2020-11-06 오후 4:24:52] --Job File Loading Start--
[2020-11-06 오후 4:25:06] 3332AJ0035_R2_Job Loading Succcess
[2020-11-06 오후 4:25:07] quantity창 종료버튼 클릭
[2020-11-06 오후 4:26:25] --Job File Loading Start--
[2020-11-06 오후 4:26:41] 3332AJ0038_R2_Job Loading Succcess
[2020-11-06 오후 4:26:41] quantity창 종료버튼 클릭
[2020-11-06 오후 4:27:59] --Job File Loading Start--
[2020-11-06 오후 4:28:15] 3332AJ0040_R2_Job Loading Succcess
[2020-11-06 오후 4:28:16] quantity창 종료버튼 클릭
[2020-11-06 오후 4:29:34] --Job File Loading Start--
[2020-11-06 오후 4:29:43] 3332AJ0041_R2_Job Loading Succcess
[2020-11-06 오후 4:29:44] quantity창 종료버튼 클릭
[2020-11-06 오후 4:31:01] --Job File Loading Start--
[2020-11-06 오후 4:31:15] 3332AJ0042_R2_Job Loading Succcess
[2020-11-06 오후 4:31:16] quantity창 종료버튼 클릭
[2020-11-06 오후 4:32:34] --Job File Loading Start--
[2020-11-06 오후 4:32:50] 3332AJ0043_R2_Job Loading Succcess
[2020-11-06 오후 4:32:50] quantity창 종료버튼 클릭
[2020-11-06 오후 4:34:08] --Job File Loading Start--
[2020-11-06 오후 4:34:23] 3332AJ0044_R2_Job Loading Succcess
[2020-11-06 오후 4:34:24] quantity창 종료버튼 클릭
[2020-11-06 오후 4:35:42] --Job File Loading Start--
[2020-11-06 오후 4:36:00] 3332AJ0049_R2_Job Loading Succcess
[2020-11-06 오후 4:36:00] quantity창 종료버튼 클릭
[2020-11-06 오후 4:37:18] --Job File Loading Start--
[2020-11-06 오후 4:37:38] 3332AJ0052_R2_Job Loading Succcess
[2020-11-06 오후 4:37:38] quantity창 종료버튼 클릭
[2020-11-06 오후 4:38:56] --Job File Loading Start--
[2020-11-06 오후 4:39:10] 3332AJ0053_R2_Job Loading Succcess
[2020-11-06 오후 4:39:11] quantity창 종료버튼 클릭
[2020-11-06 오후 4:40:29] --Job File Loading Start--
[2020-11-06 오후 4:40:49] 3338311239_R2_Job Loading Succcess
[2020-11-06 오후 4:40:50] quantity창 종료버튼 클릭
[2020-11-06 오후 4:42:08] --Job File Loading Start--
[2020-11-06 오후 4:42:24] 3338311284_R2_Job Loading Succcess
[2020-11-06 오후 4:42:24] quantity창 종료버튼 클릭
[2020-11-06 오후 4:43:42] --Job File Loading Start--
[2020-11-06 오후 4:43:59] 3338311285_R2_Job Loading Succcess
[2020-11-06 오후 4:43:59] quantity창 종료버튼 클릭
[2020-11-06 오후 4:45:18] --Job File Loading Start--
[2020-11-06 오후 4:45:38] 3338311291_R2_Job Loading Succcess
[2020-11-06 오후 4:45:39] quantity창 종료버튼 클릭
[2020-11-06 오후 4:46:57] --Job File Loading Start--
[2020-11-06 오후 4:47:19] 3338311301_R2_Job Loading Succcess
[2020-11-06 오후 4:47:19] quantity창 종료버튼 클릭
[2020-11-06 오후 4:48:37] --Job File Loading Start--
[2020-11-06 오후 4:48:52] 3338311323_R2_Job Loading Succcess
[2020-11-06 오후 4:48:52] quantity창 종료버튼 클릭
[2020-11-06 오후 4:50:10] --Job File Loading Start--
[2020-11-06 오후 4:50:21] 3338311324_R2_Job Loading Succcess
[2020-11-06 오후 4:50:21] quantity창 종료버튼 클릭
[2020-11-06 오후 4:51:53] --Job File Loading Start--
[2020-11-06 오후 4:52:09] 3338311326_R2_Job Loading Succcess
[2020-11-06 오후 4:52:09] quantity창 종료버튼 클릭
[2020-11-06 오후 4:53:27] --Job File Loading Start--
[2020-11-06 오후 4:53:43] 3338311327_R2_Job Loading Succcess
[2020-11-06 오후 4:53:44] quantity창 종료버튼 클릭
[2020-11-06 오후 4:55:01] --Job File Loading Start--
[2020-11-06 오후 4:55:19] 3338312040_R2_Job Loading Succcess
[2020-11-06 오후 4:55:19] quantity창 종료버튼 클릭
[2020-11-06 오후 4:56:37] --Job File Loading Start--
[2020-11-06 오후 4:56:56] 3338312112_R2_Job Loading Succcess
[2020-11-06 오후 4:56:56] quantity창 종료버튼 클릭
[2020-11-06 오후 4:58:14] --Job File Loading Start--
[2020-11-06 오후 4:58:29] 3338312255_R2_Job Loading Succcess
[2020-11-06 오후 4:58:30] quantity창 종료버튼 클릭
[2020-11-06 오후 4:59:47] --Job File Loading Start--
[2020-11-06 오후 5:00:02] 3338313034_R2_Job Loading Succcess
[2020-11-06 오후 5:00:02] quantity창 종료버튼 클릭
[2020-11-06 오후 5:01:20] --Job File Loading Start--
[2020-11-06 오후 5:01:35] 3338313076_R2_Job Loading Succcess
[2020-11-06 오후 5:01:35] quantity창 종료버튼 클릭
[2020-11-06 오후 5:02:53] --Job File Loading Start--
[2020-11-06 오후 5:03:09] 3338313192_R2_Job Loading Succcess
[2020-11-06 오후 5:03:09] quantity창 종료버튼 클릭
[2020-11-06 오후 5:04:27] --Job File Loading Start--
[2020-11-06 오후 5:04:48] 3338313251_R2_Job Loading Succcess
[2020-11-06 오후 5:04:49] quantity창 종료버튼 클릭
[2020-11-06 오후 5:06:07] --Job File Loading Start--
[2020-11-06 오후 5:06:29] 3338315080_R2_Job Loading Succcess
[2020-11-06 오후 5:06:30] quantity창 종료버튼 클릭
[2020-11-06 오후 5:07:48] --Job File Loading Start--
[2020-11-06 오후 5:08:00] 3338316080_R2_Job Loading Succcess
[2020-11-06 오후 5:08:00] quantity창 종료버튼 클릭
[2020-11-06 오후 5:09:18] --Job File Loading Start--
[2020-11-06 오후 5:09:30] AT_S-ZFX50-LAB141P-01_Job Loading Succcess
[2020-11-06 오후 5:09:31] quantity창 종료버튼 클릭
[2020-11-06 오후 5:10:48] --Job File Loading Start--
[2020-11-06 오후 5:10:57] VW MIB 9 in A2C13005801 Bottom_Job Loading Succcess
[2020-11-06 오후 5:10:58] quantity창 종료버튼 클릭
[2020-11-06 오후 5:12:15] --Job File Loading Start--
[2020-11-06 오후 5:12:25] VW MIB 9 in A2C13005801 Top_Job Loading Succcess
[2020-11-06 오후 5:12:25] quantity창 종료버튼 클릭
[2020-11-06 오후 5:13:55] --Job File Loading Start--
[2020-11-06 오후 5:14:04] 4525796_0501 TEST_Job Loading Succcess
[2020-11-06 오후 5:14:05] quantity창 종료버튼 클릭
[2020-11-06 오후 5:15:21] --Job File Loading Start--
[2020-11-06 오후 5:15:29] AG-1504041-A1_Job Loading Succcess
[2020-11-06 오후 5:15:29] quantity창 종료버튼 클릭
[2020-11-06 오후 5:16:47] --Job File Loading Start--
[2020-11-06 오후 5:16:55] SVL430A30-V0.1-WP_Job Loading Succcess
[2020-11-06 오후 5:16:56] quantity창 종료버튼 클릭
[2020-11-06 오후 5:18:13] --Job File Loading Start--
[2020-11-06 오후 5:18:21] SVL490A43-SH705-V0.2_Job Loading Succcess
[2020-11-06 오후 5:18:22] quantity창 종료버튼 클릭
[2020-11-06 오후 5:19:39] --Job File Loading Start--
[2020-11-06 오후 5:19:47] SVL490A43-V0.1-WS_Job Loading Succcess
[2020-11-06 오후 5:19:48] quantity창 종료버튼 클릭
[2020-11-06 오후 5:21:06] --Job File Loading Start--
[2020-11-06 오후 5:21:21] H07 MLB BOT_Job Loading Succcess
[2020-11-06 오후 5:21:21] quantity창 종료버튼 클릭
[2020-11-06 오후 5:22:39] --Job File Loading Start--
[2020-11-06 오후 5:23:11] 180823 Alpha_Bottom_Test_Job Loading Succcess
[2020-11-06 오후 5:23:12] quantity창 종료버튼 클릭
[2020-11-06 오후 5:24:29] --Job File Loading Start--
[2020-11-06 오후 5:24:35] 180823 Alpha_Bottom_Test_Ver 1.0_Job Loading Succcess
[2020-11-06 오후 5:24:36] quantity창 종료버튼 클릭
[2020-11-06 오후 5:25:53] --Job File Loading Start--
[2020-11-06 오후 5:25:59] 180823 Alpha_TOP_Test_Job Loading Succcess
[2020-11-06 오후 5:26:00] quantity창 종료버튼 클릭
[2020-11-06 오후 5:27:17] --Job File Loading Start--
[2020-11-06 오후 5:27:24] 180823 Beta_Bottom_Test_Job Loading Succcess
[2020-11-06 오후 5:27:25] quantity창 종료버튼 클릭
[2020-11-06 오후 5:28:42] --Job File Loading Start--
[2020-11-06 오후 5:28:49] 180823 Beta_TOP_Test_Job Loading Succcess
[2020-11-06 오후 5:28:50] quantity창 종료버튼 클릭
[2020-11-06 오후 5:30:07] --Job File Loading Start--
[2020-11-06 오후 5:30:14] 180823 Gamma_Bottom_Test_Job Loading Succcess
[2020-11-06 오후 5:30:15] quantity창 종료버튼 클릭
[2020-11-06 오후 5:31:32] --Job File Loading Start--
[2020-11-06 오후 5:31:40] 180823 Gamma_TOP_Test_Job Loading Succcess
[2020-11-06 오후 5:31:41] quantity창 종료버튼 클릭
[2020-11-06 오후 5:32:58] --Job File Loading Start--
[2020-11-06 오후 5:33:34] Samsung_SPI_test02_Job Loading Succcess
[2020-11-06 오후 5:33:34] quantity창 종료버튼 클릭
[2020-11-06 오후 5:34:54] --Job File Loading Start--
[2020-11-06 오후 5:36:00] 741987SD0A_SKYWORKS_Job Loading Succcess
[2020-11-06 오후 5:36:01] quantity창 종료버튼 클릭
[2020-11-06 오후 5:37:20] --Job File Loading Start--
[2020-11-06 오후 5:38:13] 742223SD0A_SKYWORKS_Job Loading Succcess
[2020-11-06 오후 5:38:14] quantity창 종료버튼 클릭
[2020-11-06 오후 5:39:33] --Job File Loading Start--
[2020-11-06 오후 5:40:14] 800756SD0A_SKYWORKS_Job Loading Succcess
[2020-11-06 오후 5:40:14] quantity창 종료버튼 클릭
[2020-11-06 오후 5:41:33] --Job File Loading Start--
[2020-11-06 오후 5:42:41] Save Error Image Completed!
[2020-11-06 오후 5:42:46] Save Error Image Completed!
[2020-11-06 오후 5:42:46] SWB-E43 R03A TOP _201810-024 L1_Job Loading Succcess
[2020-11-06 오후 5:42:47] quantity창 종료버튼 클릭
[2020-11-06 오후 5:44:07] --Job File Loading Start--
[2020-11-06 오후 5:44:56] Save Error Image Completed!
[2020-11-06 오후 5:45:01] Save Error Image Completed!
[2020-11-06 오후 5:45:02] SWB-E43 R03A TOP _201810-024 L2_Test_Job Loading Succcess
[2020-11-06 오후 5:45:02] quantity창 종료버튼 클릭
[2020-11-06 오후 5:46:24] --Job File Loading Start--
[2020-11-06 오후 5:48:13] TW61-D725-001_Job Loading Succcess
[2020-11-06 오후 5:48:13] quantity창 종료버튼 클릭
[2020-11-06 오후 5:49:33] --Job File Loading Start--
[2020-11-06 오후 5:50:47] TW61-D725-001_2 pad only_20191205_Job Loading Succcess
[2020-11-06 오후 5:50:48] quantity창 종료버튼 클릭
[2020-11-06 오후 5:52:07] --Job File Loading Start--
[2020-11-06 오후 5:52:30] TW61-D725-001_20PERCENT_Job Loading Succcess
[2020-11-06 오후 5:52:31] quantity창 종료버튼 클릭
[2020-11-06 오후 5:53:50] --Job File Loading Start--
[2020-11-06 오후 5:55:03] VIPER 2L #10-J63545_Job Loading Succcess
[2020-11-06 오후 5:55:04] quantity창 종료버튼 클릭
[2020-11-06 오후 5:56:26] --Job File Loading Start--
[2020-11-06 오후 5:56:36] VIPER 2XL #23-J64132_1_Job Loading Succcess
[2020-11-06 오후 5:56:36] quantity창 종료버튼 클릭
[2020-11-06 오후 5:58:01] --Job File Loading Start--
[2020-11-06 오후 5:58:10] XK06560_another_120um 90_v1_Job Loading Succcess
[2020-11-06 오후 5:58:10] quantity창 종료버튼 클릭
