[2020-11-09 오전 9:21:45] Program Load
[2020-11-09 오전 9:21:45] Job List Display Completed!
[2020-11-09 오후 12:55:45] Program Load
[2020-11-09 오후 12:55:45] Job List Display Completed!
[2020-11-09 오후 3:38:27] Program Load
[2020-11-09 오후 3:38:27] Job List Display Completed!
[2020-11-09 오후 3:38:32] Program Load
[2020-11-09 오후 3:38:32] Job List Display Completed!
[2020-11-09 오후 3:39:50] S:\SPI Job\Amkor\0859586GBA_2.mdb_Job Load in C-Editor Completed!
[2020-11-09 오후 3:41:06] S:\SPI Job\huawei job\1T11SBCB-C-B.mdb_Job Load in C-Editor Completed!
[2020-11-09 오후 3:42:21] S:\SPI Job\SPI_bosch_Suzhou\3332A10012_R2.mdb_Job Load in C-Editor Completed!
[2020-11-09 오후 3:42:23] OK버튼찾기 시작
[2020-11-09 오후 3:45:23] OK버튼찾기 완료
[2020-11-09 오후 3:45:29] S:\SPI Job\SPI_bosch_Suzhou\3332A10012_R2.mdb_ Job Convert Success
[2020-11-09 오후 3:46:45] S:\SPI Job\SPI_bosch_Suzhou\3332A10048_R2.mdb_Job Load in C-Editor Completed!
[2020-11-09 오후 3:46:47] OK버튼찾기 시작
[2020-11-09 오후 3:49:47] OK버튼찾기 완료
[2020-11-09 오후 3:49:53] S:\SPI Job\SPI_bosch_Suzhou\3332A10048_R2.mdb_ Job Convert Success
[2020-11-09 오후 3:51:08] S:\SPI Job\SPI_bosch_Suzhou\3332A10121_R2.mdb_Job Load in C-Editor Completed!
[2020-11-09 오후 3:51:10] OK버튼찾기 시작
[2020-11-09 오후 3:51:14] OK버튼찾기 완료
[2020-11-09 오후 3:51:19] S:\SPI Job\SPI_bosch_Suzhou\3332A10121_R2.mdb_ Job Convert Success
[2020-11-09 오후 3:52:35] S:\SPI Job\SPI_bosch_Suzhou\3332AJ0030_R2.mdb_Job Load in C-Editor Completed!
[2020-11-09 오후 3:52:37] OK버튼찾기 시작
[2020-11-09 오후 3:55:37] OK버튼찾기 완료
[2020-11-09 오후 3:55:43] S:\SPI Job\SPI_bosch_Suzhou\3332AJ0030_R2.mdb_ Job Convert Success
[2020-11-09 오후 3:56:58] S:\SPI Job\SPI_bosch_Suzhou\3332AJ0031_R2.mdb_Job Load in C-Editor Completed!
[2020-11-09 오후 3:58:14] S:\SPI Job\SPI_bosch_Suzhou\3332AJ0035_R2.mdb_Job Load in C-Editor Completed!
[2020-11-09 오후 3:58:16] OK버튼찾기 시작
[2020-11-09 오후 4:01:16] OK버튼찾기 완료
[2020-11-09 오후 4:01:22] S:\SPI Job\SPI_bosch_Suzhou\3332AJ0035_R2.mdb_ Job Convert Success
[2020-11-09 오후 4:02:37] S:\SPI Job\SPI_bosch_Suzhou\3332AJ0038_R2.mdb_Job Load in C-Editor Completed!
[2020-11-09 오후 4:03:53] S:\SPI Job\SPI_bosch_Suzhou\3332AJ0040_R2.mdb_Job Load in C-Editor Completed!
[2020-11-09 오후 4:03:55] OK버튼찾기 시작
[2020-11-09 오후 4:06:55] OK버튼찾기 완료
[2020-11-09 오후 4:07:01] S:\SPI Job\SPI_bosch_Suzhou\3332AJ0040_R2.mdb_ Job Convert Success
[2020-11-09 오후 4:08:16] S:\SPI Job\SPI_bosch_Suzhou\3332AJ0041_R2.mdb_Job Load in C-Editor Completed!
[2020-11-09 오후 4:08:19] OK버튼찾기 시작
[2020-11-09 오후 4:11:19] OK버튼찾기 완료
[2020-11-09 오후 4:11:24] S:\SPI Job\SPI_bosch_Suzhou\3332AJ0041_R2.mdb_ Job Convert Success
[2020-11-09 오후 4:12:40] S:\SPI Job\SPI_bosch_Suzhou\3332AJ0042_R2.mdb_Job Load in C-Editor Completed!
[2020-11-09 오후 4:12:42] OK버튼찾기 시작
[2020-11-09 오후 4:15:42] OK버튼찾기 완료
[2020-11-09 오후 4:15:48] S:\SPI Job\SPI_bosch_Suzhou\3332AJ0042_R2.mdb_ Job Convert Success
[2020-11-09 오후 4:17:03] S:\SPI Job\SPI_bosch_Suzhou\3332AJ0043_R2.mdb_Job Load in C-Editor Completed!
[2020-11-09 오후 4:17:05] OK버튼찾기 시작
[2020-11-09 오후 4:20:06] OK버튼찾기 완료
[2020-11-09 오후 4:20:11] S:\SPI Job\SPI_bosch_Suzhou\3332AJ0043_R2.mdb_ Job Convert Success
[2020-11-09 오후 4:21:27] S:\SPI Job\SPI_bosch_Suzhou\3332AJ0044_R2.mdb_Job Load in C-Editor Completed!
[2020-11-09 오후 4:21:29] OK버튼찾기 시작
[2020-11-09 오후 4:24:29] OK버튼찾기 완료
[2020-11-09 오후 4:24:35] S:\SPI Job\SPI_bosch_Suzhou\3332AJ0044_R2.mdb_ Job Convert Success
[2020-11-09 오후 4:25:50] S:\SPI Job\SPI_bosch_Suzhou\3332AJ0049_R2.mdb_Job Load in C-Editor Completed!
[2020-11-09 오후 4:25:52] OK버튼찾기 시작
[2020-11-09 오후 4:25:56] OK버튼찾기 완료
[2020-11-09 오후 4:26:02] S:\SPI Job\SPI_bosch_Suzhou\3332AJ0049_R2.mdb_ Job Convert Success
[2020-11-09 오후 4:27:17] S:\SPI Job\SPI_bosch_Suzhou\3332AJ0052_R2.mdb_Job Load in C-Editor Completed!
[2020-11-09 오후 4:27:19] OK버튼찾기 시작
[2020-11-09 오후 4:30:19] OK버튼찾기 완료
[2020-11-09 오후 4:30:25] S:\SPI Job\SPI_bosch_Suzhou\3332AJ0052_R2.mdb_ Job Convert Success
[2020-11-09 오후 4:31:41] S:\SPI Job\SPI_bosch_Suzhou\3332AJ0053_R2.mdb_Job Load in C-Editor Completed!
[2020-11-09 오후 4:32:56] S:\SPI Job\SPI_bosch_Suzhou\3338311239_R2.mdb_Job Load in C-Editor Completed!
[2020-11-09 오후 4:32:58] OK버튼찾기 시작
[2020-11-09 오후 4:35:58] OK버튼찾기 완료
[2020-11-09 오후 4:36:04] S:\SPI Job\SPI_bosch_Suzhou\3338311239_R2.mdb_ Job Convert Success
[2020-11-09 오후 4:37:20] S:\SPI Job\SPI_bosch_Suzhou\3338311284_R2.mdb_Job Load in C-Editor Completed!
[2020-11-09 오후 4:37:22] OK버튼찾기 시작
[2020-11-09 오후 4:37:24] OK버튼찾기 완료
[2020-11-09 오후 4:37:30] S:\SPI Job\SPI_bosch_Suzhou\3338311284_R2.mdb_ Job Convert Success
[2020-11-09 오후 4:38:46] S:\SPI Job\SPI_bosch_Suzhou\3338311285_R2.mdb_Job Load in C-Editor Completed!
[2020-11-09 오후 4:38:48] OK버튼찾기 시작
[2020-11-09 오후 4:38:50] OK버튼찾기 완료
[2020-11-09 오후 4:38:56] S:\SPI Job\SPI_bosch_Suzhou\3338311285_R2.mdb_ Job Convert Success
[2020-11-09 오후 4:40:12] S:\SPI Job\SPI_bosch_Suzhou\3338311291_R2.mdb_Job Load in C-Editor Completed!
[2020-11-09 오후 4:40:14] OK버튼찾기 시작
[2020-11-09 오후 4:43:14] OK버튼찾기 완료
[2020-11-09 오후 4:43:19] S:\SPI Job\SPI_bosch_Suzhou\3338311291_R2.mdb_ Job Convert Success
[2020-11-09 오후 4:44:35] S:\SPI Job\SPI_bosch_Suzhou\3338311301_R2.mdb_Job Load in C-Editor Completed!
[2020-11-09 오후 4:44:37] OK버튼찾기 시작
[2020-11-09 오후 4:47:37] OK버튼찾기 완료
[2020-11-09 오후 4:47:43] S:\SPI Job\SPI_bosch_Suzhou\3338311301_R2.mdb_ Job Convert Success
[2020-11-09 오후 4:48:59] S:\SPI Job\SPI_bosch_Suzhou\3338311323_R2.mdb_Job Load in C-Editor Completed!
[2020-11-09 오후 4:49:01] OK버튼찾기 시작
[2020-11-09 오후 4:52:01] OK버튼찾기 완료
[2020-11-09 오후 4:52:06] S:\SPI Job\SPI_bosch_Suzhou\3338311323_R2.mdb_ Job Convert Success
[2020-11-09 오후 4:53:22] S:\SPI Job\SPI_bosch_Suzhou\3338311324_R2.mdb_Job Load in C-Editor Completed!
[2020-11-09 오후 4:53:24] OK버튼찾기 시작
[2020-11-09 오후 4:56:24] OK버튼찾기 완료
[2020-11-09 오후 4:56:30] S:\SPI Job\SPI_bosch_Suzhou\3338311324_R2.mdb_ Job Convert Success
[2020-11-09 오후 4:57:46] S:\SPI Job\SPI_bosch_Suzhou\3338311326_R2.mdb_Job Load in C-Editor Completed!
[2020-11-09 오후 4:57:48] OK버튼찾기 시작
[2020-11-09 오후 4:57:50] OK버튼찾기 완료
[2020-11-09 오후 4:57:56] S:\SPI Job\SPI_bosch_Suzhou\3338311326_R2.mdb_ Job Convert Success
[2020-11-09 오후 4:59:12] S:\SPI Job\SPI_bosch_Suzhou\3338311327_R2.mdb_Job Load in C-Editor Completed!
[2020-11-09 오후 5:00:27] S:\SPI Job\SPI_bosch_Suzhou\3338312040_R2.mdb_Job Load in C-Editor Completed!
[2020-11-09 오후 5:00:29] OK버튼찾기 시작
[2020-11-09 오후 5:00:32] OK버튼찾기 완료
[2020-11-09 오후 5:00:38] S:\SPI Job\SPI_bosch_Suzhou\3338312040_R2.mdb_ Job Convert Success
[2020-11-09 오후 5:01:54] S:\SPI Job\SPI_bosch_Suzhou\3338312112_R2.mdb_Job Load in C-Editor Completed!
[2020-11-09 오후 5:01:56] OK버튼찾기 시작
[2020-11-09 오후 5:04:56] OK버튼찾기 완료
[2020-11-09 오후 5:05:01] S:\SPI Job\SPI_bosch_Suzhou\3338312112_R2.mdb_ Job Convert Success
[2020-11-09 오후 5:06:17] S:\SPI Job\SPI_bosch_Suzhou\3338312255_R2.mdb_Job Load in C-Editor Completed!
[2020-11-09 오후 5:06:19] OK버튼찾기 시작
[2020-11-09 오후 5:09:19] OK버튼찾기 완료
[2020-11-09 오후 5:09:25] S:\SPI Job\SPI_bosch_Suzhou\3338312255_R2.mdb_ Job Convert Success
[2020-11-09 오후 5:10:41] S:\SPI Job\SPI_bosch_Suzhou\3338313034_R2.mdb_Job Load in C-Editor Completed!
[2020-11-09 오후 5:10:43] OK버튼찾기 시작
[2020-11-09 오후 5:10:45] OK버튼찾기 완료
[2020-11-09 오후 5:10:51] S:\SPI Job\SPI_bosch_Suzhou\3338313034_R2.mdb_ Job Convert Success
[2020-11-09 오후 5:12:06] S:\SPI Job\SPI_bosch_Suzhou\3338313076_R2.mdb_Job Load in C-Editor Completed!
[2020-11-09 오후 5:12:08] OK버튼찾기 시작
[2020-11-09 오후 5:15:09] OK버튼찾기 완료
[2020-11-09 오후 5:15:14] S:\SPI Job\SPI_bosch_Suzhou\3338313076_R2.mdb_ Job Convert Success
[2020-11-09 오후 5:16:30] S:\SPI Job\SPI_bosch_Suzhou\3338313192_R2.mdb_Job Load in C-Editor Completed!
[2020-11-09 오후 5:16:32] OK버튼찾기 시작
[2020-11-09 오후 5:16:34] OK버튼찾기 완료
[2020-11-09 오후 5:16:40] S:\SPI Job\SPI_bosch_Suzhou\3338313192_R2.mdb_ Job Convert Success
[2020-11-09 오후 5:17:56] S:\SPI Job\SPI_bosch_Suzhou\3338313251_R2.mdb_Job Load in C-Editor Completed!
[2020-11-09 오후 5:17:58] OK버튼찾기 시작
[2020-11-09 오후 5:20:58] OK버튼찾기 완료
[2020-11-09 오후 5:21:04] S:\SPI Job\SPI_bosch_Suzhou\3338313251_R2.mdb_ Job Convert Success
[2020-11-09 오후 5:22:19] S:\SPI Job\SPI_bosch_Suzhou\3338315080_R2.mdb_Job Load in C-Editor Completed!
[2020-11-09 오후 5:22:21] OK버튼찾기 시작
[2020-11-09 오후 5:25:22] OK버튼찾기 완료
[2020-11-09 오후 5:25:27] S:\SPI Job\SPI_bosch_Suzhou\3338315080_R2.mdb_ Job Convert Success
[2020-11-09 오후 5:26:43] S:\SPI Job\SPI_bosch_Suzhou\3338316080_R2.mdb_Job Load in C-Editor Completed!
[2020-11-09 오후 5:26:45] OK버튼찾기 시작
[2020-11-09 오후 5:29:45] OK버튼찾기 완료
[2020-11-09 오후 5:29:51] S:\SPI Job\SPI_bosch_Suzhou\3338316080_R2.mdb_ Job Convert Success
[2020-11-09 오후 5:31:06] S:\SPI Job\SPI_Compal Kunshan\AT_S-ZFX50-LAB141P-01.mdb_Job Load in C-Editor Completed!
[2020-11-09 오후 5:32:22] S:\SPI Job\SPI_Continental_periferico_VW MIB 9 in A2C13005801\Bottom\VW MIB 9 in A2C13005801 Bottom.mdb_Job Load in C-Editor Completed!
[2020-11-09 오후 5:33:38] S:\SPI Job\SPI_Continental_periferico_VW MIB 9 in A2C13005801\Top\VW MIB 9 in A2C13005801 Top.mdb_Job Load in C-Editor Completed!
[2020-11-09 오후 5:34:50] S:\SPI Job\SPI_Jabil_GDL\4525796_0501 TEST\4525796_0501 TEST.mdb_Job Load in C-Editor Completed!
[2020-11-09 오후 5:36:06] S:\SPI Job\SPI_jinnan_guangzhou\AG-1504041-A1.mdb_Job Load in C-Editor Completed!
[2020-11-09 오후 5:37:22] S:\SPI Job\SPI_jinnan_guangzhou\SVL430A30-V0.1-WP.mdb_Job Load in C-Editor Completed!
[2020-11-09 오후 5:38:37] S:\SPI Job\SPI_jinnan_guangzhou\SVL490A43-SH705-V0.2.mdb_Job Load in C-Editor Completed!
[2020-11-09 오후 5:39:53] S:\SPI Job\SPI_jinnan_guangzhou\SVL490A43-V0.1-WS.mdb_Job Load in C-Editor Completed!
[2020-11-09 오후 5:41:09] S:\SPI Job\SPI_Luxshare_Kunshan\H07 MLB BOT.mdb_Job Load in C-Editor Completed!
[2020-11-09 오후 5:42:24] S:\SPI Job\SPI_S&T Motiv_Yangsan\180823 Alpha_Bottom_Test.mdb_Job Load in C-Editor Completed!
[2020-11-09 오후 5:42:27] OK버튼찾기 시작
[2020-11-09 오후 5:45:27] OK버튼찾기 완료
[2020-11-09 오후 5:45:32] S:\SPI Job\SPI_S&T Motiv_Yangsan\180823 Alpha_Bottom_Test.mdb_ Job Convert Success
[2020-11-09 오후 5:46:48] S:\SPI Job\SPI_S&T Motiv_Yangsan\180823 Alpha_Bottom_Test_Ver 1.0.mdb_Job Load in C-Editor Completed!
[2020-11-09 오후 5:46:50] OK버튼찾기 시작
[2020-11-09 오후 5:49:50] OK버튼찾기 완료
[2020-11-09 오후 5:49:56] S:\SPI Job\SPI_S&T Motiv_Yangsan\180823 Alpha_Bottom_Test_Ver 1.0.mdb_ Job Convert Success
[2020-11-09 오후 5:51:11] S:\SPI Job\SPI_S&T Motiv_Yangsan\180823 Alpha_TOP_Test.mdb_Job Load in C-Editor Completed!
[2020-11-09 오후 5:52:27] S:\SPI Job\SPI_S&T Motiv_Yangsan\180823 Beta_Bottom_Test.mdb_Job Load in C-Editor Completed!
[2020-11-09 오후 5:53:43] S:\SPI Job\SPI_S&T Motiv_Yangsan\180823 Beta_TOP_Test.mdb_Job Load in C-Editor Completed!
[2020-11-09 오후 5:54:58] S:\SPI Job\SPI_S&T Motiv_Yangsan\180823 Gamma_Bottom_Test.mdb_Job Load in C-Editor Completed!
[2020-11-09 오후 5:56:14] S:\SPI Job\SPI_S&T Motiv_Yangsan\180823 Gamma_TOP_Test.mdb_Job Load in C-Editor Completed!
[2020-11-09 오후 5:57:30] S:\SPI Job\SPI_Samsung\Samsung_SPI_test02.mdb_Job Load in C-Editor Completed!
[2020-11-09 오후 5:58:46] S:\SPI Job\SPI_Skyworks\741987SD0A_SKYWORKS.mdb_Job Load in C-Editor Completed!
[2020-11-09 오후 6:00:01] S:\SPI Job\SPI_Skyworks\742223SD0A_SKYWORKS.mdb_Job Load in C-Editor Completed!
[2020-11-09 오후 6:01:17] S:\SPI Job\SPI_Skyworks\800756SD0A_SKYWORKS.mdb_Job Load in C-Editor Completed!
[2020-11-09 오후 6:02:32] S:\SPI Job\SPI_Unclassified Data\0851305SD0A_JEJU4.mdb_Job Load in C-Editor Completed!
[2020-11-09 오후 6:03:48] S:\SPI Job\SPI_Unclassified Data\309000120764B3 MOON-MLB.mdb_Job Load in C-Editor Completed!
[2020-11-09 오후 6:05:04] S:\SPI Job\SPI_Unclassified Data\309000120766T5-7-MOON-MLB.mdb_Job Load in C-Editor Completed!
[2020-11-09 오후 6:06:19] S:\SPI Job\SPI_Unclassified Data\309000319296R1T0  Greedo-R-FLEX - 짼창쩍쨘횏짰 - 쨌횜쩔챵짼창횎횚.mdb_Job Load in C-Editor Completed!
[2020-11-09 오후 6:07:35] S:\SPI Job\SPI_Unclassified Data\309000319296R1T0  Greedo-R-FLEX - 짼창쩍쨘횏짰.mdb_Job Load in C-Editor Completed!
[2020-11-09 오후 6:08:51] S:\SPI Job\SPI_Unclassified Data\309000500379B7-Jupiter-R.mdb_Job Load in C-Editor Completed!
[2020-11-09 오후 6:10:06] S:\SPI Job\SPI_Unclassified Data\309000500379T10 Jupiter-R.mdb_Job Load in C-Editor Completed!
[2020-11-09 오후 6:11:22] S:\SPI Job\SPI_Unclassified Data\309000500379T11 Jupiter-Right.mdb_Job Load in C-Editor Completed!
[2020-11-09 오후 6:12:38] S:\SPI Job\SPI_Unclassified Data\742223GB0B_.mdb_Job Load in C-Editor Completed!
[2020-11-09 오후 6:13:53] S:\SPI Job\SPI_Unclassified Data\780514GB0A.mdb_Job Load in C-Editor Completed!
[2020-11-09 오후 6:15:09] S:\SPI Job\SPI_Unclassified Data\800689GB0A_F+_final_segmentation.mdb_Job Load in C-Editor Completed!
[2020-11-09 오후 6:16:25] S:\SPI Job\SPI_Unclassified Data\808508SD0A_JEDI_F.mdb_Job Load in C-Editor Completed!
[2020-11-09 오후 6:17:38] S:\SPI Job\SPI_Unclassified Data\ACFM-W223-AK_SL.mdb_Job Load in C-Editor Completed!
[2020-11-09 오후 6:18:54] S:\SPI Job\SPI_Unclassified Data\AFEM-8086-A.mdb_Job Load in C-Editor Completed!
[2020-11-09 오후 6:21:10] S:\SPI Job\SPI_Unclassified Data\BG_107_R_140.mdb_Job Load in C-Editor Completed!
[2020-11-09 오후 6:46:06] S:\SPI Job\SPI_Unclassified Data\BG_107_R_140_original.mdb_Job Load in C-Editor Completed!
[2020-11-09 오후 6:49:09] S:\SPI Job\SPI_Unclassified Data\BSM-J260F$8DS_BM_QE1808OFA014-018_REV0.5.mdb_Job Load in C-Editor Completed!
[2020-11-09 오후 6:50:25] S:\SPI Job\SPI_Unclassified Data\BSM-J260F$8DS_TM_QE1808OFA077-081_REV0.5.mdb_Job Load in C-Editor Completed!
[2020-11-09 오후 6:51:40] S:\SPI Job\SPI_Unclassified Data\BSM-J410F$16DS_BM_QH1812OFA237-238_REV0.2.mdb_Job Load in C-Editor Completed!
[2020-11-09 오후 6:52:56] S:\SPI Job\SPI_Unclassified Data\BSM-J410F$16DS_TM_QH1812OFA257-260_REV0.2.mdb_Job Load in C-Editor Completed!
[2020-11-09 오후 6:54:12] S:\SPI Job\SPI_Unclassified Data\D241_RS.mdb_Job Load in C-Editor Completed!
[2020-11-09 오후 6:55:27] S:\SPI Job\SPI_Unclassified Data\OFF1652-F04305SD19090018.mdb_Job Load in C-Editor Completed!
[2020-11-09 오후 6:56:43] S:\SPI Job\SPI_Unclassified Data\OJP1155-B-A0.mdb_Job Load in C-Editor Completed!
[2020-11-09 오후 6:57:59] S:\SPI Job\SPI_Unclassified Data\SWB-E43 R03A TOP _201810-024 L1.mdb_Job Load in C-Editor Completed!
[2020-11-09 오후 6:58:01] OK버튼찾기 시작
[2020-11-09 오후 7:01:01] OK버튼찾기 완료
[2020-11-09 오후 7:01:28] S:\SPI Job\SPI_Unclassified Data\SWB-E43 R03A TOP _201810-024 L1.mdb_ Job Convert Success
[2020-11-09 오후 7:02:44] S:\SPI Job\SPI_Unclassified Data\SWB-E43 R03A TOP _201810-024 L2.mdb_Job Load in C-Editor Completed!
[2020-11-09 오후 7:02:46] OK버튼찾기 시작
[2020-11-09 오후 7:05:46] OK버튼찾기 완료
[2020-11-09 오후 7:06:14] S:\SPI Job\SPI_Unclassified Data\SWB-E43 R03A TOP _201810-024 L2.mdb_ Job Convert Success
[2020-11-09 오후 7:07:30] S:\SPI Job\SPI_Unclassified Data\SWB-E43 R03A TOP _201810-024 L2_Test.mdb_Job Load in C-Editor Completed!
[2020-11-09 오후 7:08:46] S:\SPI Job\SPI_Unclassified Data\TW61-D725-001.mdb_Job Load in C-Editor Completed!
[2020-11-09 오후 7:10:01] S:\SPI Job\SPI_Unclassified Data\TW61-D725-001_2 pad only_20191205.mdb_Job Load in C-Editor Completed!
[2020-11-09 오후 7:11:17] S:\SPI Job\SPI_Unclassified Data\TW61-D725-001_20PERCENT.mdb_Job Load in C-Editor Completed!
[2020-11-09 오후 7:12:33] S:\SPI Job\SPI_Unclassified Data\VIPER 2L #10-J63545.mdb_Job Load in C-Editor Completed!
[2020-11-09 오후 7:13:49] S:\SPI Job\SPI_Unclassified Data\VIPER 2XL #23-J64132_1.mdb_Job Load in C-Editor Completed!
[2020-11-09 오후 7:15:04] S:\SPI Job\SPI_Unclassified Data\XK06560_another_120um 90_v1.mdb_Job Load in C-Editor Completed!
[2020-11-09 오후 7:15:07] OK버튼찾기 시작
[2020-11-09 오후 7:15:09] OK버튼찾기 완료
[2020-11-09 오후 7:15:14] S:\SPI Job\SPI_Unclassified Data\XK06560_another_120um 90_v1.mdb_ Job Convert Success
[2020-11-09 오후 7:15:57] Latest Open Job창 Closed
[2020-11-09 오후 7:16:05] User Login 완료
[2020-11-09 오후 7:16:13] --Job File Loading Start--
[2020-11-09 오후 7:19:18] Save Error Image Completed!
[2020-11-09 오후 7:19:19] 0859586GBA_2_Job Loading Succcess
[2020-11-09 오후 7:22:36] --Job File Loading Start--
[2020-11-09 오후 7:26:27] 1T11SBCB-C-B_Job Loading Succcess
[2020-11-09 오후 7:27:46] --Job File Loading Start--
[2020-11-09 오후 7:29:33] 3332A10012_R2_Job Loading Succcess
[2020-11-09 오후 7:30:48] --Job File Loading Start--
[2020-11-09 오후 7:31:03] 3332A10048_R2_Job Loading Succcess
[2020-11-09 오후 7:32:20] --Job File Loading Start--
[2020-11-09 오후 7:32:39] 3332A10121_R2_Job Loading Succcess
[2020-11-09 오후 7:33:56] --Job File Loading Start--
[2020-11-09 오후 7:34:11] 3332AJ0030_R2_Job Loading Succcess
[2020-11-09 오후 7:35:28] --Job File Loading Start--
[2020-11-09 오후 7:35:51] 3332AJ0031_R2_Job Loading Succcess
[2020-11-09 오후 7:37:07] --Job File Loading Start--
[2020-11-09 오후 7:37:20] 3332AJ0035_R2_Job Loading Succcess
[2020-11-09 오후 7:38:37] --Job File Loading Start--
[2020-11-09 오후 7:38:55] 3332AJ0038_R2_Job Loading Succcess
[2020-11-09 오후 7:40:11] --Job File Loading Start--
[2020-11-09 오후 7:40:24] 3332AJ0040_R2_Job Loading Succcess
[2020-11-09 오후 7:41:39] --Job File Loading Start--
[2020-11-09 오후 7:41:48] 3332AJ0041_R2_Job Loading Succcess
[2020-11-09 오후 7:43:05] --Job File Loading Start--
[2020-11-09 오후 7:43:18] 3332AJ0042_R2_Job Loading Succcess
[2020-11-09 오후 7:44:35] --Job File Loading Start--
[2020-11-09 오후 7:44:50] 3332AJ0043_R2_Job Loading Succcess
[2020-11-09 오후 7:46:06] --Job File Loading Start--
[2020-11-09 오후 7:46:19] 3332AJ0044_R2_Job Loading Succcess
[2020-11-09 오후 7:47:35] --Job File Loading Start--
[2020-11-09 오후 7:47:51] 3332AJ0049_R2_Job Loading Succcess
[2020-11-09 오후 7:49:21] --Job File Loading Start--
[2020-11-09 오후 7:49:39] 3332AJ0052_R2_Job Loading Succcess
[2020-11-09 오후 7:50:56] --Job File Loading Start--
[2020-11-09 오후 7:51:16] 3332AJ0053_R2_Job Loading Succcess
[2020-11-09 오후 7:52:33] --Job File Loading Start--
[2020-11-09 오후 7:52:51] 3338311239_R2_Job Loading Succcess
[2020-11-09 오후 7:54:08] --Job File Loading Start--
[2020-11-09 오후 7:54:21] 3338311284_R2_Job Loading Succcess
[2020-11-09 오후 7:55:37] --Job File Loading Start--
[2020-11-09 오후 7:55:51] 3338311285_R2_Job Loading Succcess
[2020-11-09 오후 7:57:08] --Job File Loading Start--
[2020-11-09 오후 7:57:26] 3338311291_R2_Job Loading Succcess
[2020-11-09 오후 7:58:43] --Job File Loading Start--
[2020-11-09 오후 7:59:01] 3338311301_R2_Job Loading Succcess
[2020-11-09 오후 8:00:18] --Job File Loading Start--
[2020-11-09 오후 8:00:32] 3338311323_R2_Job Loading Succcess
[2020-11-09 오후 8:01:49] --Job File Loading Start--
[2020-11-09 오후 8:01:58] 3338311324_R2_Job Loading Succcess
[2020-11-09 오후 8:03:15] --Job File Loading Start--
[2020-11-09 오후 8:03:29] 3338311326_R2_Job Loading Succcess
[2020-11-09 오후 8:04:46] --Job File Loading Start--
[2020-11-09 오후 8:05:07] 3338311327_R2_Job Loading Succcess
[2020-11-09 오후 8:06:23] --Job File Loading Start--
[2020-11-09 오후 8:06:39] 3338312040_R2_Job Loading Succcess
[2020-11-09 오후 8:07:56] --Job File Loading Start--
[2020-11-09 오후 8:08:14] 3338312112_R2_Job Loading Succcess
[2020-11-09 오후 8:09:29] --Job File Loading Start--
[2020-11-09 오후 8:09:43] 3338312255_R2_Job Loading Succcess
[2020-11-09 오후 8:10:59] --Job File Loading Start--
[2020-11-09 오후 8:11:12] 3338313034_R2_Job Loading Succcess
[2020-11-09 오후 8:12:29] --Job File Loading Start--
[2020-11-09 오후 8:12:42] 3338313076_R2_Job Loading Succcess
[2020-11-09 오후 8:14:00] --Job File Loading Start--
[2020-11-09 오후 8:14:13] 3338313192_R2_Job Loading Succcess
[2020-11-09 오후 8:15:30] --Job File Loading Start--
[2020-11-09 오후 8:15:48] 3338313251_R2_Job Loading Succcess
[2020-11-09 오후 8:17:06] --Job File Loading Start--
[2020-11-09 오후 8:17:27] 3338315080_R2_Job Loading Succcess
[2020-11-09 오후 8:18:44] --Job File Loading Start--
[2020-11-09 오후 8:18:53] 3338316080_R2_Job Loading Succcess
[2020-11-09 오후 8:20:10] --Job File Loading Start--
[2020-11-09 오후 8:20:23] AT_S-ZFX50-LAB141P-01_Job Loading Succcess
[2020-11-09 오후 8:21:38] --Job File Loading Start--
[2020-11-09 오후 8:21:49] VW MIB 9 in A2C13005801 Bottom_Job Loading Succcess
[2020-11-09 오후 8:23:05] --Job File Loading Start--
[2020-11-09 오후 8:23:16] VW MIB 9 in A2C13005801 Top_Job Loading Succcess
[2020-11-09 오후 8:24:32] --Job File Loading Start--
[2020-11-09 오후 8:24:42] 4525796_0501 TEST_Job Loading Succcess
[2020-11-09 오후 8:25:57] --Job File Loading Start--
[2020-11-09 오후 8:26:06] AG-1504041-A1_Job Loading Succcess
[2020-11-09 오후 8:27:22] --Job File Loading Start--
[2020-11-09 오후 8:27:32] SVL430A30-V0.1-WP_Job Loading Succcess
[2020-11-09 오후 8:28:47] --Job File Loading Start--
[2020-11-09 오후 8:28:56] SVL490A43-SH705-V0.2_Job Loading Succcess
[2020-11-09 오후 8:30:12] --Job File Loading Start--
[2020-11-09 오후 8:30:21] SVL490A43-V0.1-WS_Job Loading Succcess
[2020-11-09 오후 8:31:37] --Job File Loading Start--
[2020-11-09 오후 8:31:56] H07 MLB BOT_Job Loading Succcess
[2020-11-09 오후 8:33:13] --Job File Loading Start--
[2020-11-09 오후 8:33:45] 180823 Alpha_Bottom_Test_Job Loading Succcess
[2020-11-09 오후 8:35:01] --Job File Loading Start--
[2020-11-09 오후 8:35:09] 180823 Alpha_Bottom_Test_Ver 1.0_Job Loading Succcess
[2020-11-09 오후 8:36:26] --Job File Loading Start--
[2020-11-09 오후 8:36:33] 180823 Alpha_TOP_Test_Job Loading Succcess
[2020-11-09 오후 8:37:49] --Job File Loading Start--
[2020-11-09 오후 8:37:56] 180823 Beta_Bottom_Test_Job Loading Succcess
[2020-11-09 오후 8:39:12] --Job File Loading Start--
[2020-11-09 오후 8:39:19] 180823 Beta_TOP_Test_Job Loading Succcess
[2020-11-09 오후 8:40:35] --Job File Loading Start--
[2020-11-09 오후 8:40:42] 180823 Gamma_Bottom_Test_Job Loading Succcess
[2020-11-09 오후 8:41:58] --Job File Loading Start--
[2020-11-09 오후 8:42:05] 180823 Gamma_TOP_Test_Job Loading Succcess
[2020-11-09 오후 8:43:21] --Job File Loading Start--
[2020-11-09 오후 8:44:07] Samsung_SPI_test02_Job Loading Succcess
[2020-11-09 오후 8:45:25] --Job File Loading Start--
[2020-11-09 오후 8:46:39] 741987SD0A_SKYWORKS_Job Loading Succcess
[2020-11-09 오후 8:47:57] --Job File Loading Start--
[2020-11-09 오후 8:48:47] 742223SD0A_SKYWORKS_Job Loading Succcess
[2020-11-09 오후 8:50:05] --Job File Loading Start--
[2020-11-09 오후 8:50:55] 800756SD0A_SKYWORKS_Job Loading Succcess
[2020-11-09 오후 8:52:12] --Job File Loading Start--
[2020-11-09 오후 8:53:36] 0851305SD0A_JEJU4_Job Loading Succcess
[2020-11-09 오후 8:55:01] --Job File Loading Start--
[2020-11-09 오후 8:56:13] 309000120764B3 MOON-MLB_Job Loading Succcess
[2020-11-09 오후 8:57:28] --Job File Loading Start--
[2020-11-09 오후 8:57:53] 309000120766T5-7-MOON-MLB_Job Loading Succcess
[2020-11-09 오후 8:59:11] --Job File Loading Start--
[2020-11-09 오후 8:59:44] 309000319296R1T0  Greedo-R-FLEX - 짼창쩍쨘횏짰 - 쨌횜쩔챵짼창횎횚_Job Loading Succcess
[2020-11-09 오후 9:00:59] --Job File Loading Start--
[2020-11-09 오후 9:01:05] 309000319296R1T0  Greedo-R-FLEX - 짼창쩍쨘횏짰_Job Loading Succcess
[2020-11-09 오후 9:02:20] --Job File Loading Start--
[2020-11-09 오후 9:02:26] 309000500379B7-Jupiter-R_Job Loading Succcess
[2020-11-09 오후 9:03:41] --Job File Loading Start--
[2020-11-09 오후 9:03:49] 309000500379T10 Jupiter-R_Job Loading Succcess
[2020-11-09 오후 9:05:05] --Job File Loading Start--
[2020-11-09 오후 9:05:12] 309000500379T11 Jupiter-Right_Job Loading Succcess
[2020-11-09 오후 9:06:27] --Job File Loading Start--
[2020-11-09 오후 9:06:39] 742223GB0B__Job Loading Succcess
[2020-11-09 오후 9:07:54] --Job File Loading Start--
[2020-11-09 오후 9:08:29] 780514GB0A_Job Loading Succcess
[2020-11-09 오후 9:09:53] --Job File Loading Start--
[2020-11-09 오후 9:11:46] 800689GB0A_F+_final_segmentation_Job Loading Succcess
[2020-11-09 오후 9:13:06] --Job File Loading Start--
[2020-11-09 오후 9:15:03] 808508SD0A_JEDI_F_Job Loading Succcess
[2020-11-09 오후 9:16:22] --Job File Loading Start--
[2020-11-09 오후 9:19:53] ACFM-W223-AK_SL_Job Loading Succcess
[2020-11-09 오후 9:21:18] --Job File Loading Start--
[2020-11-09 오후 9:24:31] AFEM-8086-A_Job Loading Succcess
[2020-11-09 오후 9:25:51] --Job File Loading Start--
[2020-11-09 오후 9:29:35] Save Error Image Completed!
[2020-11-09 오후 9:29:39] Save Error Image Completed!
[2020-11-09 오후 9:29:44] Save Error Image Completed!
[2020-11-09 오후 9:29:46] BG_107_R_140_Job Loading Succcess
[2020-11-09 오후 9:31:14] Ranorex.ElementNotFoundException: Failed to find item 'JobLoading_Repository.SPIGUI.SPIGUI.OpenIcon'. ---> Ranorex.ElementNotFoundException: No element found for path 'container[2]/container/picture[2]' within 30s.
   --- End of inner exception stack trace ---
   at Ranorex.Core.Repository.RepoItemInfo.FindInternal[T](Boolean findSingle, Boolean throwException, Duration effectiveTimeoutOverride)
   at Ranorex.Core.Repository.RepoItemInfo.<>c__DisplayClass75_0`1.<Find>b__0()
   at Ranorex.Core.Testing.Services.NoMaintenanceModeService.HandleElementNotFound[T](Func`1 action, RepoItemInfo entry)
   at Ranorex.Core.Repository.RepoItemInfo.Find[T](Boolean findSingle, Boolean throwException, Duration effectiveTimeoutOverride)
   at Automation_JobLoading.JobLoading_RepositoryFolders.SPIGUIAppFolder.get_OpenIcon()
   at Automation_JobLoading.MainForm.SPIGUI_JobLoading(StreamWriter sw)
[2020-11-09 오후 9:31:14] BG_107_R_140_Job Loading Fail
[2020-11-09 오후 9:31:29] Latest Open Job창 Closed
[2020-11-09 오후 9:31:34] --Job File Loading Start--
[2020-11-09 오후 9:31:36] User Login 완료
[2020-11-09 오후 9:31:36] Save Error Image Completed!
[2020-11-10 오전 12:18:17] Ranorex.RanorexException: Failed to wait for item to exist. ---> Ranorex.ElementNotFoundException: Failed to find item 'JobLoading_Repository.SPIGUI.InputProductionQuantity.ProductionQuantityTitle'. ---> Ranorex.ElementNotFoundException: No element found for path '/form[@title~'Input Production Quantity']/titlebar[@accessiblerole='TitleBar']' within 2.8h.
   --- End of inner exception stack trace ---
   at Ranorex.Core.Repository.RepoItemInfo.FindInternal[T](Boolean findSingle, Boolean throwException, Duration effectiveTimeoutOverride)
   at Ranorex.Core.Repository.RepoItemInfo.<>c__DisplayClass75_0`1.<Find>b__0()
   at Ranorex.Core.Testing.Services.NoMaintenanceModeService.HandleElementNotFound[T](Func`1 action, RepoItemInfo entry)
   at Ranorex.Core.Repository.RepoItemInfo.Find[T](Boolean findSingle, Boolean throwException, Duration effectiveTimeoutOverride)
   at Ranorex.Core.Repository.RepoItemInfo.WaitForExists(Duration waitTimeout)
   --- End of inner exception stack trace ---
   at Ranorex.Core.Repository.RepoItemInfo.WaitForExists(Duration waitTimeout)
   at Automation_JobLoading.MainForm.SPIGUI_JobLoading(StreamWriter sw)
[2020-11-10 오전 12:18:17] BG_107_R_140_original_Job Loading Fail
[2020-11-10 오전 12:18:23] --Job File Loading Start--
[2020-11-10 오전 3:05:06] Ranorex.RanorexException: Failed to wait for item to exist. ---> Ranorex.ElementNotFoundException: Failed to find item 'JobLoading_Repository.SPIGUI.InputProductionQuantity.ProductionQuantityTitle'. ---> Ranorex.ElementNotFoundException: No element found for path '/form[@title~'Input Production Quantity']/titlebar[@accessiblerole='TitleBar']' within 2.8h.
   --- End of inner exception stack trace ---
   at Ranorex.Core.Repository.RepoItemInfo.FindInternal[T](Boolean findSingle, Boolean throwException, Duration effectiveTimeoutOverride)
   at Ranorex.Core.Repository.RepoItemInfo.<>c__DisplayClass75_0`1.<Find>b__0()
   at Ranorex.Core.Testing.Services.NoMaintenanceModeService.HandleElementNotFound[T](Func`1 action, RepoItemInfo entry)
   at Ranorex.Core.Repository.RepoItemInfo.Find[T](Boolean findSingle, Boolean throwException, Duration effectiveTimeoutOverride)
   at Ranorex.Core.Repository.RepoItemInfo.WaitForExists(Duration waitTimeout)
   --- End of inner exception stack trace ---
   at Ranorex.Core.Repository.RepoItemInfo.WaitForExists(Duration waitTimeout)
   at Automation_JobLoading.MainForm.SPIGUI_JobLoading(StreamWriter sw)
[2020-11-10 오전 3:05:06] BSM-J260F$8DS_BM_QE1808OFA014-018_REV0.5_Job Loading Fail
[2020-11-10 오전 3:05:12] --Job File Loading Start--
[2020-11-10 오전 5:51:55] Ranorex.RanorexException: Failed to wait for item to exist. ---> Ranorex.ElementNotFoundException: Failed to find item 'JobLoading_Repository.SPIGUI.InputProductionQuantity.ProductionQuantityTitle'. ---> Ranorex.ElementNotFoundException: No element found for path '/form[@title~'Input Production Quantity']/titlebar[@accessiblerole='TitleBar']' within 2.8h.
   --- End of inner exception stack trace ---
   at Ranorex.Core.Repository.RepoItemInfo.FindInternal[T](Boolean findSingle, Boolean throwException, Duration effectiveTimeoutOverride)
   at Ranorex.Core.Repository.RepoItemInfo.<>c__DisplayClass75_0`1.<Find>b__0()
   at Ranorex.Core.Testing.Services.NoMaintenanceModeService.HandleElementNotFound[T](Func`1 action, RepoItemInfo entry)
   at Ranorex.Core.Repository.RepoItemInfo.Find[T](Boolean findSingle, Boolean throwException, Duration effectiveTimeoutOverride)
   at Ranorex.Core.Repository.RepoItemInfo.WaitForExists(Duration waitTimeout)
   --- End of inner exception stack trace ---
   at Ranorex.Core.Repository.RepoItemInfo.WaitForExists(Duration waitTimeout)
   at Automation_JobLoading.MainForm.SPIGUI_JobLoading(StreamWriter sw)
[2020-11-10 오전 5:51:55] BSM-J260F$8DS_TM_QE1808OFA077-081_REV0.5_Job Loading Fail
[2020-11-10 오전 5:52:02] --Job File Loading Start--
[2020-11-10 오전 8:38:45] Ranorex.RanorexException: Failed to wait for item to exist. ---> Ranorex.ElementNotFoundException: Failed to find item 'JobLoading_Repository.SPIGUI.InputProductionQuantity.ProductionQuantityTitle'. ---> Ranorex.ElementNotFoundException: No element found for path '/form[@title~'Input Production Quantity']/titlebar[@accessiblerole='TitleBar']' within 2.8h.
   --- End of inner exception stack trace ---
   at Ranorex.Core.Repository.RepoItemInfo.FindInternal[T](Boolean findSingle, Boolean throwException, Duration effectiveTimeoutOverride)
   at Ranorex.Core.Repository.RepoItemInfo.<>c__DisplayClass75_0`1.<Find>b__0()
   at Ranorex.Core.Testing.Services.NoMaintenanceModeService.HandleElementNotFound[T](Func`1 action, RepoItemInfo entry)
   at Ranorex.Core.Repository.RepoItemInfo.Find[T](Boolean findSingle, Boolean throwException, Duration effectiveTimeoutOverride)
   at Ranorex.Core.Repository.RepoItemInfo.WaitForExists(Duration waitTimeout)
   --- End of inner exception stack trace ---
   at Ranorex.Core.Repository.RepoItemInfo.WaitForExists(Duration waitTimeout)
   at Automation_JobLoading.MainForm.SPIGUI_JobLoading(StreamWriter sw)
[2020-11-10 오전 8:38:45] BSM-J410F$16DS_BM_QH1812OFA237-238_REV0.2_Job Loading Fail
[2020-11-10 오전 8:38:51] --Job File Loading Start--
